<?xml version="1.0" encoding="UTF-8"?>
<TestRun id="59f9304d-1fc6-442e-8070-8324369fcf15" name="Bruno@BRUNO-PC 2012-02-15 13:58:27" runUser="Bruno-PC\Bruno" xmlns="http://microsoft.com/schemas/VisualStudio/TeamTest/2010">
  <TestSettings name="Local" id="ca88e069-f008-4408-aa18-24caa99d89f1">
    <Description>These are default test settings for a local test run.</Description>
    <Deployment enabled="false" runDeploymentRoot="Bruno_BRUNO-PC 2012-02-15 13_58_27">
      <DeploymentItem filename="C:\Program Files\Moq.4.0.10827\NET40\Moq.dll" />
      <DeploymentItem filename="C:\projetos\ta\TA\Source\TA.Domain\bin\Debug\TA.Domain.dll" />
    </Deployment>
    <Execution>
      <TestTypeSpecific />
      <AgentRule name="Execution Agents">
      </AgentRule>
    </Execution>
  </TestSettings>
  <Times creation="2012-02-15T13:58:27.4815503-02:00" queuing="2012-02-15T13:58:33.8155623-02:00" start="2012-02-15T13:58:33.8467623-02:00" finish="2012-02-15T13:58:34.7203639-02:00" />
  <ResultSummary outcome="Completed">
    <Counters total="5" executed="5" passed="5" error="0" failed="0" timeout="0" aborted="0" inconclusive="0" passedButRunAborted="0" notRunnable="0" notExecuted="0" disconnected="0" warning="0" completed="0" inProgress="0" pending="0" />
  </ResultSummary>
  <TestDefinitions>
    <UnitTest name="Incluir_Anunciante_Valido_Data_Cadastro_DataAtual_Chama_Repositorio_Incluir" storage="c:\projetos\ta\ta\source\ta.domain.test\bin\debug\ta.domain.test.dll" id="b5487651-4790-9196-b8df-7de47bfd8e27">
      <Execution id="9f28aa97-7198-4643-8383-a05b16fbb899" />
      <TestMethod codeBase="C:/projetos/ta/TA/Source/TA.Domain.Test/bin/Debug/TA.Domain.Test.DLL" adapterTypeName="Microsoft.VisualStudio.TestTools.TestTypes.Unit.UnitTestAdapter, Microsoft.VisualStudio.QualityTools.Tips.UnitTest.Adapter, Version=10.0.0.0, Culture=neutral, PublicKeyToken=b03f5f7f11d50a3a" className="TA.Domain.Test.Service.ServicoAnuncianteTest, TA.Domain.Test, Version=1.0.0.0, Culture=neutral, PublicKeyToken=null" name="Incluir_Anunciante_Valido_Data_Cadastro_DataAtual_Chama_Repositorio_Incluir" />
    </UnitTest>
    <UnitTest name="Incluir_Anunciante_Valido_Menor_18_Anos_Retorna_Exception_1_Erro" storage="c:\projetos\ta\ta\source\ta.domain.test\bin\debug\ta.domain.test.dll" id="aa19f774-f82e-53f4-aefb-820d671f9973">
      <Execution id="c687a8e3-b5cd-4ae7-a4d6-6e57d1fae3ec" />
      <TestMethod codeBase="C:/projetos/ta/TA/Source/TA.Domain.Test/bin/Debug/TA.Domain.Test.DLL" adapterTypeName="Microsoft.VisualStudio.TestTools.TestTypes.Unit.UnitTestAdapter, Microsoft.VisualStudio.QualityTools.Tips.UnitTest.Adapter, Version=10.0.0.0, Culture=neutral, PublicKeyToken=b03f5f7f11d50a3a" className="TA.Domain.Test.Service.ServicoAnuncianteTest, TA.Domain.Test, Version=1.0.0.0, Culture=neutral, PublicKeyToken=null" name="Incluir_Anunciante_Valido_Menor_18_Anos_Retorna_Exception_1_Erro" />
    </UnitTest>
    <UnitTest name="Incluir_Anunciante_Nulo_Retorna_ArgumentNullException" storage="c:\projetos\ta\ta\source\ta.domain.test\bin\debug\ta.domain.test.dll" id="32767917-b2d1-8158-2e2a-2c68786b263a">
      <Execution id="eafdef59-0bee-40e7-a237-177ba7a20723" />
      <TestMethod codeBase="C:/projetos/ta/TA/Source/TA.Domain.Test/bin/Debug/TA.Domain.Test.DLL" adapterTypeName="Microsoft.VisualStudio.TestTools.TestTypes.Unit.UnitTestAdapter, Microsoft.VisualStudio.QualityTools.Tips.UnitTest.Adapter, Version=10.0.0.0, Culture=neutral, PublicKeyToken=b03f5f7f11d50a3a" className="TA.Domain.Test.Service.ServicoAnuncianteTest, TA.Domain.Test, Version=1.0.0.0, Culture=neutral, PublicKeyToken=null" name="Incluir_Anunciante_Nulo_Retorna_ArgumentNullException" />
    </UnitTest>
    <UnitTest name="Incluir_Anunciante_Valido_Email_Ja_Existente_Chamar_Repositorio_ObterObterAnuncianteDeEmail_Retorna_Exception" storage="c:\projetos\ta\ta\source\ta.domain.test\bin\debug\ta.domain.test.dll" id="1de5f58b-d416-77a6-db25-0b36f970845c">
      <Execution id="c083f7e0-9130-45a0-b18c-9c22c420c385" />
      <TestMethod codeBase="C:/projetos/ta/TA/Source/TA.Domain.Test/bin/Debug/TA.Domain.Test.DLL" adapterTypeName="Microsoft.VisualStudio.TestTools.TestTypes.Unit.UnitTestAdapter, Microsoft.VisualStudio.QualityTools.Tips.UnitTest.Adapter, Version=10.0.0.0, Culture=neutral, PublicKeyToken=b03f5f7f11d50a3a" className="TA.Domain.Test.Service.ServicoAnuncianteTest, TA.Domain.Test, Version=1.0.0.0, Culture=neutral, PublicKeyToken=null" name="Incluir_Anunciante_Valido_Email_Ja_Existente_Chamar_Repositorio_ObterObterAnuncianteDeEmail_Retorna_Exception" />
    </UnitTest>
    <UnitTest name="Incluir_Anunciante_Invalido_Retorna_Exception_5_Erros" storage="c:\projetos\ta\ta\source\ta.domain.test\bin\debug\ta.domain.test.dll" id="545fe080-d106-5011-7889-9699ff26684d">
      <Execution id="8bea512e-cef1-43bf-bd61-08d8439e9668" />
      <TestMethod codeBase="C:/projetos/ta/TA/Source/TA.Domain.Test/bin/Debug/TA.Domain.Test.DLL" adapterTypeName="Microsoft.VisualStudio.TestTools.TestTypes.Unit.UnitTestAdapter, Microsoft.VisualStudio.QualityTools.Tips.UnitTest.Adapter, Version=10.0.0.0, Culture=neutral, PublicKeyToken=b03f5f7f11d50a3a" className="TA.Domain.Test.Service.ServicoAnuncianteTest, TA.Domain.Test, Version=1.0.0.0, Culture=neutral, PublicKeyToken=null" name="Incluir_Anunciante_Invalido_Retorna_Exception_5_Erros" />
    </UnitTest>
  </TestDefinitions>
  <TestLists>
    <TestList name="Results Not in a List" id="8c84fa94-04c1-424b-9868-57a2d4851a1d" />
    <TestList name="All Loaded Results" id="19431567-8539-422a-85d7-44ee4e166bda" />
  </TestLists>
  <TestEntries>
    <TestEntry testId="1de5f58b-d416-77a6-db25-0b36f970845c" executionId="c083f7e0-9130-45a0-b18c-9c22c420c385" testListId="8c84fa94-04c1-424b-9868-57a2d4851a1d" />
    <TestEntry testId="32767917-b2d1-8158-2e2a-2c68786b263a" executionId="eafdef59-0bee-40e7-a237-177ba7a20723" testListId="8c84fa94-04c1-424b-9868-57a2d4851a1d" />
    <TestEntry testId="545fe080-d106-5011-7889-9699ff26684d" executionId="8bea512e-cef1-43bf-bd61-08d8439e9668" testListId="8c84fa94-04c1-424b-9868-57a2d4851a1d" />
    <TestEntry testId="aa19f774-f82e-53f4-aefb-820d671f9973" executionId="c687a8e3-b5cd-4ae7-a4d6-6e57d1fae3ec" testListId="8c84fa94-04c1-424b-9868-57a2d4851a1d" />
    <TestEntry testId="b5487651-4790-9196-b8df-7de47bfd8e27" executionId="9f28aa97-7198-4643-8383-a05b16fbb899" testListId="8c84fa94-04c1-424b-9868-57a2d4851a1d" />
  </TestEntries>
  <Results>
    <UnitTestResult executionId="c083f7e0-9130-45a0-b18c-9c22c420c385" testId="1de5f58b-d416-77a6-db25-0b36f970845c" testName="Incluir_Anunciante_Valido_Email_Ja_Existente_Chamar_Repositorio_ObterObterAnuncianteDeEmail_Retorna_Exception" computerName="BRUNO-PC" duration="00:00:00.3362334" startTime="2012-02-15T13:58:33.8779624-02:00" endTime="2012-02-15T13:58:34.5175635-02:00" testType="13cdc9d9-ddb5-4fa4-a97d-d965ccfc6d4b" outcome="Passed" testListId="8c84fa94-04c1-424b-9868-57a2d4851a1d" relativeResultsDirectory="c083f7e0-9130-45a0-b18c-9c22c420c385">
    </UnitTestResult>
    <UnitTestResult executionId="eafdef59-0bee-40e7-a237-177ba7a20723" testId="32767917-b2d1-8158-2e2a-2c68786b263a" testName="Incluir_Anunciante_Nulo_Retorna_ArgumentNullException" computerName="BRUNO-PC" duration="00:00:00.0060775" startTime="2012-02-15T13:58:34.5331635-02:00" endTime="2012-02-15T13:58:34.5487636-02:00" testType="13cdc9d9-ddb5-4fa4-a97d-d965ccfc6d4b" outcome="Passed" testListId="8c84fa94-04c1-424b-9868-57a2d4851a1d" relativeResultsDirectory="eafdef59-0bee-40e7-a237-177ba7a20723">
    </UnitTestResult>
    <UnitTestResult executionId="8bea512e-cef1-43bf-bd61-08d8439e9668" testId="545fe080-d106-5011-7889-9699ff26684d" testName="Incluir_Anunciante_Invalido_Retorna_Exception_5_Erros" computerName="BRUNO-PC" duration="00:00:00.0088676" startTime="2012-02-15T13:58:34.5487636-02:00" endTime="2012-02-15T13:58:34.5799636-02:00" testType="13cdc9d9-ddb5-4fa4-a97d-d965ccfc6d4b" outcome="Passed" testListId="8c84fa94-04c1-424b-9868-57a2d4851a1d" relativeResultsDirectory="8bea512e-cef1-43bf-bd61-08d8439e9668">
    </UnitTestResult>
    <UnitTestResult executionId="c687a8e3-b5cd-4ae7-a4d6-6e57d1fae3ec" testId="aa19f774-f82e-53f4-aefb-820d671f9973" testName="Incluir_Anunciante_Valido_Menor_18_Anos_Retorna_Exception_1_Erro" computerName="BRUNO-PC" duration="00:00:00.0096278" startTime="2012-02-15T13:58:34.5799636-02:00" endTime="2012-02-15T13:58:34.6111637-02:00" testType="13cdc9d9-ddb5-4fa4-a97d-d965ccfc6d4b" outcome="Passed" testListId="8c84fa94-04c1-424b-9868-57a2d4851a1d" relativeResultsDirectory="c687a8e3-b5cd-4ae7-a4d6-6e57d1fae3ec">
    </UnitTestResult>
    <UnitTestResult executionId="9f28aa97-7198-4643-8383-a05b16fbb899" testId="b5487651-4790-9196-b8df-7de47bfd8e27" testName="Incluir_Anunciante_Valido_Data_Cadastro_DataAtual_Chama_Repositorio_Incluir" computerName="BRUNO-PC" duration="00:00:00.0339545" startTime="2012-02-15T13:58:34.6267637-02:00" endTime="2012-02-15T13:58:34.6735638-02:00" testType="13cdc9d9-ddb5-4fa4-a97d-d965ccfc6d4b" outcome="Passed" testListId="8c84fa94-04c1-424b-9868-57a2d4851a1d" relativeResultsDirectory="9f28aa97-7198-4643-8383-a05b16fbb899">
    </UnitTestResult>
  </Results>
</TestRun>