<?xml version="1.0" encoding="UTF-8"?>
<TestRun id="b6963c9d-ff4e-419c-951f-8a5a13cb14f4" name="Bruno@BRUNO-PC 2012-02-15 14:39:52" runUser="Bruno-PC\Bruno" xmlns="http://microsoft.com/schemas/VisualStudio/TeamTest/2010">
  <TestSettings name="Local" id="ca88e069-f008-4408-aa18-24caa99d89f1">
    <Description>These are default test settings for a local test run.</Description>
    <Deployment enabled="false" runDeploymentRoot="Bruno_BRUNO-PC 2012-02-15 14_39_52">
      <DeploymentItem filename="C:\Program Files\Moq.4.0.10827\NET40\Moq.dll" />
      <DeploymentItem filename="C:\projetos\ta\TA\Source\TA.Domain\bin\Debug\TA.Domain.dll" />
    </Deployment>
    <Execution>
      <TestTypeSpecific />
      <AgentRule name="Execution Agents">
      </AgentRule>
    </Execution>
  </TestSettings>
  <Times creation="2012-02-15T14:39:52.6376771-02:00" queuing="2012-02-15T14:39:55.3520818-02:00" start="2012-02-15T14:39:55.6172823-02:00" finish="2012-02-15T14:40:29.4977615-02:00" />
  <ResultSummary outcome="Error">
    <Counters total="1" executed="1" error="0" failed="0" timeout="0" aborted="1" inconclusive="0" passedButRunAborted="0" notRunnable="0" notExecuted="0" disconnected="0" warning="0" passed="0" completed="0" inProgress="0" pending="0" />
    <RunInfos>
      <RunInfo computerName="BRUNO-PC" outcome="Error" timestamp="2012-02-15T14:40:29.4897611-02:00">
        <Text>Test host process exited unexpectedly.</Text>
      </RunInfo>
    </RunInfos>
  </ResultSummary>
  <TestDefinitions>
    <UnitTest name="ObterEstatisticaDoAnuncio_Anuncio_Valido_Chama_Repositorio_ObterEstatisticaDoAnuncio_Retorna_Estatistica" storage="c:\projetos\ta\ta\source\ta.domain.test\bin\debug\ta.domain.test.dll" id="97e72701-6ec0-80c6-26a0-437460ef934c">
      <Execution id="f2e34fc3-1fc5-427b-b10d-aaa22f11ba2e" />
      <TestMethod codeBase="C:/projetos/ta/TA/Source/TA.Domain.Test/bin/Debug/TA.Domain.Test.DLL" adapterTypeName="Microsoft.VisualStudio.TestTools.TestTypes.Unit.UnitTestAdapter, Microsoft.VisualStudio.QualityTools.Tips.UnitTest.Adapter, Version=10.0.0.0, Culture=neutral, PublicKeyToken=b03f5f7f11d50a3a" className="TA.Domain.Test.Service.ServicoEstatisticaAnuncioTest, TA.Domain.Test, Version=1.0.0.0, Culture=neutral, PublicKeyToken=null" name="ObterEstatisticaDoAnuncio_Anuncio_Valido_Chama_Repositorio_ObterEstatisticaDoAnuncio_Retorna_Estatistica" />
    </UnitTest>
  </TestDefinitions>
  <TestLists>
    <TestList name="Results Not in a List" id="8c84fa94-04c1-424b-9868-57a2d4851a1d" />
    <TestList name="All Loaded Results" id="19431567-8539-422a-85d7-44ee4e166bda" />
  </TestLists>
  <TestEntries>
    <TestEntry testId="97e72701-6ec0-80c6-26a0-437460ef934c" executionId="f2e34fc3-1fc5-427b-b10d-aaa22f11ba2e" testListId="8c84fa94-04c1-424b-9868-57a2d4851a1d" />
  </TestEntries>
  <Results>
    <UnitTestResult executionId="f2e34fc3-1fc5-427b-b10d-aaa22f11ba2e" testId="97e72701-6ec0-80c6-26a0-437460ef934c" testName="ObterEstatisticaDoAnuncio_Anuncio_Valido_Chama_Repositorio_ObterEstatisticaDoAnuncio_Retorna_Estatistica" computerName="BRUNO-PC" duration="00:00:33.6464788" startTime="2012-02-15T14:39:55.8512827-02:00" endTime="2012-02-15T14:40:29.4977615-02:00" testType="13cdc9d9-ddb5-4fa4-a97d-d965ccfc6d4b" outcome="Aborted" testListId="8c84fa94-04c1-424b-9868-57a2d4851a1d" relativeResultsDirectory="f2e34fc3-1fc5-427b-b10d-aaa22f11ba2e">
    </UnitTestResult>
  </Results>
</TestRun>