<?xml version="1.0" encoding="UTF-8"?>
<TestRun id="aa44850d-3239-441f-ae0a-709af1f3a5be" name="Bruno@BRUNO-PC 2012-02-12 00:01:24" runUser="Bruno-PC\Bruno" xmlns="http://microsoft.com/schemas/VisualStudio/TeamTest/2010">
  <TestSettings name="Local" id="ca88e069-f008-4408-aa18-24caa99d89f1">
    <Description>These are default test settings for a local test run.</Description>
    <Deployment enabled="false" runDeploymentRoot="Bruno_BRUNO-PC 2012-02-12 00_01_24">
      <DeploymentItem filename="C:\Program Files\Moq.4.0.10827\NET40\Moq.dll" />
      <DeploymentItem filename="C:\projetos\ta\TA\Source\TA.Domain\bin\Debug\TA.Domain.dll" />
    </Deployment>
    <Execution>
      <TestTypeSpecific />
      <AgentRule name="Execution Agents">
      </AgentRule>
    </Execution>
  </TestSettings>
  <Times creation="2012-02-12T00:01:24.6159926-02:00" queuing="2012-02-12T00:01:25.9107949-02:00" start="2012-02-12T00:01:25.9419949-02:00" finish="2012-02-12T00:01:26.6439961-02:00" />
  <ResultSummary outcome="Completed">
    <Counters total="1" executed="1" passed="1" error="0" failed="0" timeout="0" aborted="0" inconclusive="0" passedButRunAborted="0" notRunnable="0" notExecuted="0" disconnected="0" warning="0" completed="0" inProgress="0" pending="0" />
  </ResultSummary>
  <TestDefinitions>
    <UnitTest name="ReprovarAnuncios_Anuncio_Valido_Chama_Atualizar_Automovel" storage="c:\projetos\ta\ta\source\ta.domain.test\bin\debug\ta.domain.test.dll" id="c67f2cf3-55f5-6a4b-26e7-8d72136d0e91">
      <Execution id="dc7eddd7-7438-4b7d-ab36-7e91e8e17f93" />
      <TestMethod codeBase="C:/projetos/ta/TA/Source/TA.Domain.Test/bin/Debug/TA.Domain.Test.DLL" adapterTypeName="Microsoft.VisualStudio.TestTools.TestTypes.Unit.UnitTestAdapter, Microsoft.VisualStudio.QualityTools.Tips.UnitTest.Adapter, Version=10.0.0.0, Culture=neutral, PublicKeyToken=b03f5f7f11d50a3a" className="TA.Domain.Test.Service.ServicoAnuncioTest, TA.Domain.Test, Version=1.0.0.0, Culture=neutral, PublicKeyToken=null" name="ReprovarAnuncios_Anuncio_Valido_Chama_Atualizar_Automovel" />
    </UnitTest>
  </TestDefinitions>
  <TestLists>
    <TestList name="Results Not in a List" id="8c84fa94-04c1-424b-9868-57a2d4851a1d" />
    <TestList name="All Loaded Results" id="19431567-8539-422a-85d7-44ee4e166bda" />
  </TestLists>
  <TestEntries>
    <TestEntry testId="c67f2cf3-55f5-6a4b-26e7-8d72136d0e91" executionId="dc7eddd7-7438-4b7d-ab36-7e91e8e17f93" testListId="8c84fa94-04c1-424b-9868-57a2d4851a1d" />
  </TestEntries>
  <Results>
    <UnitTestResult executionId="dc7eddd7-7438-4b7d-ab36-7e91e8e17f93" testId="c67f2cf3-55f5-6a4b-26e7-8d72136d0e91" testName="ReprovarAnuncios_Anuncio_Valido_Chama_Atualizar_Automovel" computerName="BRUNO-PC" duration="00:00:00.2894600" startTime="2012-02-12T00:01:25.9575949-02:00" endTime="2012-02-12T00:01:26.5503960-02:00" testType="13cdc9d9-ddb5-4fa4-a97d-d965ccfc6d4b" outcome="Passed" testListId="8c84fa94-04c1-424b-9868-57a2d4851a1d" relativeResultsDirectory="dc7eddd7-7438-4b7d-ab36-7e91e8e17f93">
    </UnitTestResult>
  </Results>
</TestRun>