<?xml version="1.0" encoding="UTF-8"?>
<TestRun id="868d96e6-2d25-4a90-a970-8cfc5d6e0564" name="Bruno@BRUNO-PC 2012-02-13 21:55:59" runUser="Bruno-PC\Bruno" xmlns="http://microsoft.com/schemas/VisualStudio/TeamTest/2010">
  <TestSettings name="Local" id="ca88e069-f008-4408-aa18-24caa99d89f1">
    <Description>These are default test settings for a local test run.</Description>
    <Deployment enabled="false" runDeploymentRoot="Bruno_BRUNO-PC 2012-02-13 21_55_59">
      <DeploymentItem filename="C:\Program Files\Moq.4.0.10827\NET40\Moq.dll" />
      <DeploymentItem filename="C:\projetos\ta\TA\Source\TA.Domain\bin\Debug\TA.Domain.dll" />
    </Deployment>
    <Execution>
      <TestTypeSpecific />
      <AgentRule name="Execution Agents">
      </AgentRule>
    </Execution>
  </TestSettings>
  <Times creation="2012-02-13T21:55:59.3952451-02:00" queuing="2012-02-13T21:56:00.7836475-02:00" start="2012-02-13T21:56:00.8304476-02:00" finish="2012-02-13T21:56:01.4232487-02:00" />
  <ResultSummary outcome="Completed">
    <Counters total="1" executed="1" passed="1" error="0" failed="0" timeout="0" aborted="0" inconclusive="0" passedButRunAborted="0" notRunnable="0" notExecuted="0" disconnected="0" warning="0" completed="0" inProgress="0" pending="0" />
  </ResultSummary>
  <TestDefinitions>
    <UnitTest name="Anunciar_Anuncio_Invalido_Dispara_Exception_4_Erros" storage="c:\projetos\ta\ta\source\ta.domain.test\bin\debug\ta.domain.test.dll" id="c13275dc-57fc-17ff-ff62-230946f7fbb0">
      <Execution id="16e42288-8b2f-4fec-80b1-69a285d2f260" />
      <TestMethod codeBase="C:/projetos/ta/TA/Source/TA.Domain.Test/bin/Debug/TA.Domain.Test.DLL" adapterTypeName="Microsoft.VisualStudio.TestTools.TestTypes.Unit.UnitTestAdapter, Microsoft.VisualStudio.QualityTools.Tips.UnitTest.Adapter, Version=10.0.0.0, Culture=neutral, PublicKeyToken=b03f5f7f11d50a3a" className="TA.Domain.Test.Service.ServicoAnuncioTest, TA.Domain.Test, Version=1.0.0.0, Culture=neutral, PublicKeyToken=null" name="Anunciar_Anuncio_Invalido_Dispara_Exception_4_Erros" />
    </UnitTest>
  </TestDefinitions>
  <TestLists>
    <TestList name="Results Not in a List" id="8c84fa94-04c1-424b-9868-57a2d4851a1d" />
    <TestList name="All Loaded Results" id="19431567-8539-422a-85d7-44ee4e166bda" />
  </TestLists>
  <TestEntries>
    <TestEntry testId="c13275dc-57fc-17ff-ff62-230946f7fbb0" executionId="16e42288-8b2f-4fec-80b1-69a285d2f260" testListId="8c84fa94-04c1-424b-9868-57a2d4851a1d" />
  </TestEntries>
  <Results>
    <UnitTestResult executionId="16e42288-8b2f-4fec-80b1-69a285d2f260" testId="c13275dc-57fc-17ff-ff62-230946f7fbb0" testName="Anunciar_Anuncio_Invalido_Dispara_Exception_4_Erros" computerName="BRUNO-PC" duration="00:00:00.2284056" startTime="2012-02-13T21:56:00.8616477-02:00" endTime="2012-02-13T21:56:01.3920486-02:00" testType="13cdc9d9-ddb5-4fa4-a97d-d965ccfc6d4b" outcome="Passed" testListId="8c84fa94-04c1-424b-9868-57a2d4851a1d" relativeResultsDirectory="16e42288-8b2f-4fec-80b1-69a285d2f260">
    </UnitTestResult>
  </Results>
</TestRun>