<?xml version="1.0" encoding="UTF-8"?>
<TestRun id="882d4799-9607-4c66-8d81-3c8046b75f45" name="Bruno@BRUNO-PC 2012-01-31 12:00:31" runUser="Bruno-PC\Bruno" xmlns="http://microsoft.com/schemas/VisualStudio/TeamTest/2010">
  <TestSettings name="Local" id="ca88e069-f008-4408-aa18-24caa99d89f1">
    <Description>These are default test settings for a local test run.</Description>
    <Deployment enabled="false" runDeploymentRoot="Bruno_BRUNO-PC 2012-01-31 12_00_31">
      <DeploymentItem filename="C:\Program Files\Moq.4.0.10827\NET40\Moq.dll" />
      <DeploymentItem filename="C:\projetos\ta\TA\Source\TA.Domain\bin\Debug\TA.Domain.dll" />
    </Deployment>
    <Execution>
      <TestTypeSpecific />
      <AgentRule name="Execution Agents">
      </AgentRule>
    </Execution>
  </TestSettings>
  <Times creation="2012-01-31T12:00:31.1112812-02:00" queuing="2012-01-31T12:00:32.8989480-02:00" start="2012-01-31T12:00:33.1939649-02:00" finish="2012-01-31T12:01:14.2455691-02:00" />
  <ResultSummary outcome="Error">
    <Counters total="1" executed="1" error="0" failed="0" timeout="0" aborted="1" inconclusive="0" passedButRunAborted="0" notRunnable="0" notExecuted="0" disconnected="0" warning="0" passed="0" completed="0" inProgress="0" pending="0" />
    <RunInfos>
      <RunInfo computerName="BRUNO-PC" outcome="Error" timestamp="2012-01-31T12:01:14.2405688-02:00">
        <Text>Test host process exited unexpectedly.</Text>
      </RunInfo>
    </RunInfos>
  </ResultSummary>
  <TestDefinitions>
    <UnitTest name="Anuciar_Deve_Chamar_Anunciar_Do_Repositorio" storage="c:\projetos\ta\ta\source\ta.domain.test\bin\debug\ta.domain.test.dll" id="5da67bbd-f769-8769-97c1-7356d234ece4">
      <Execution id="ae3370b4-9588-4a02-a096-de830ee33601" />
      <TestMethod codeBase="C:/projetos/ta/TA/Source/TA.Domain.Test/bin/Debug/TA.Domain.Test.DLL" adapterTypeName="Microsoft.VisualStudio.TestTools.TestTypes.Unit.UnitTestAdapter, Microsoft.VisualStudio.QualityTools.Tips.UnitTest.Adapter, Version=10.0.0.0, Culture=neutral, PublicKeyToken=b03f5f7f11d50a3a" className="TA.Domain.Test.Service.ServicoAnuncioTest, TA.Domain.Test, Version=1.0.0.0, Culture=neutral, PublicKeyToken=null" name="Anuciar_Deve_Chamar_Anunciar_Do_Repositorio" />
    </UnitTest>
  </TestDefinitions>
  <TestLists>
    <TestList name="Results Not in a List" id="8c84fa94-04c1-424b-9868-57a2d4851a1d" />
    <TestList name="All Loaded Results" id="19431567-8539-422a-85d7-44ee4e166bda" />
  </TestLists>
  <TestEntries>
    <TestEntry testId="5da67bbd-f769-8769-97c1-7356d234ece4" executionId="ae3370b4-9588-4a02-a096-de830ee33601" testListId="8c84fa94-04c1-424b-9868-57a2d4851a1d" />
  </TestEntries>
  <Results>
    <UnitTestResult executionId="ae3370b4-9588-4a02-a096-de830ee33601" testId="5da67bbd-f769-8769-97c1-7356d234ece4" testName="Anuciar_Deve_Chamar_Anunciar_Do_Repositorio" computerName="BRUNO-PC" duration="00:00:40.8335918" startTime="2012-01-31T12:00:33.4119773-02:00" endTime="2012-01-31T12:01:14.2455691-02:00" testType="13cdc9d9-ddb5-4fa4-a97d-d965ccfc6d4b" outcome="Aborted" testListId="8c84fa94-04c1-424b-9868-57a2d4851a1d" relativeResultsDirectory="ae3370b4-9588-4a02-a096-de830ee33601">
    </UnitTestResult>
  </Results>
</TestRun>