<?xml version="1.0" encoding="UTF-8"?>
<TestRun id="5dd97a23-e83e-4160-9b3c-ff1e949f86b6" name="Bruno@BRUNO-PC 2012-02-12 00:24:51" runUser="Bruno-PC\Bruno" xmlns="http://microsoft.com/schemas/VisualStudio/TeamTest/2010">
  <TestSettings name="Local" id="ca88e069-f008-4408-aa18-24caa99d89f1">
    <Description>These are default test settings for a local test run.</Description>
    <Deployment enabled="false" runDeploymentRoot="Bruno_BRUNO-PC 2012-02-12 00_24_51">
      <DeploymentItem filename="C:\Program Files\Moq.4.0.10827\NET40\Moq.dll" />
      <DeploymentItem filename="C:\projetos\ta\TA\Source\TA.Domain\bin\Debug\TA.Domain.dll" />
    </Deployment>
    <Execution>
      <TestTypeSpecific />
      <AgentRule name="Execution Agents">
      </AgentRule>
    </Execution>
  </TestSettings>
  <Times creation="2012-02-12T00:24:51.4412962-02:00" queuing="2012-02-12T00:24:53.0168990-02:00" start="2012-02-12T00:24:53.0480990-02:00" finish="2012-02-12T00:24:53.5160999-02:00" />
  <ResultSummary outcome="Completed">
    <Counters total="5" executed="5" passed="5" error="0" failed="0" timeout="0" aborted="0" inconclusive="0" passedButRunAborted="0" notRunnable="0" notExecuted="0" disconnected="0" warning="0" completed="0" inProgress="0" pending="0" />
  </ResultSummary>
  <TestDefinitions>
    <UnitTest name="EntidadeBase_GetHashCode" storage="c:\projetos\ta\ta\source\ta.domain.test\bin\debug\ta.domain.test.dll" id="75e70564-4cca-c887-d143-2c7ba827d467">
      <Execution id="befbd58a-2a27-437b-b030-7fd0b316f550" />
      <TestMethod codeBase="C:/projetos/ta/TA/Source/TA.Domain.Test/bin/Debug/TA.Domain.Test.DLL" adapterTypeName="Microsoft.VisualStudio.TestTools.TestTypes.Unit.UnitTestAdapter, Microsoft.VisualStudio.QualityTools.Tips.UnitTest.Adapter, Version=10.0.0.0, Culture=neutral, PublicKeyToken=b03f5f7f11d50a3a" className="TA.Domain.Test.Entity.EntidadeBaseTest, TA.Domain.Test, Version=1.0.0.0, Culture=neutral, PublicKeyToken=null" name="EntidadeBase_GetHashCode" />
    </UnitTest>
    <UnitTest name="EntidadeBase_ToString" storage="c:\projetos\ta\ta\source\ta.domain.test\bin\debug\ta.domain.test.dll" id="833bc96c-1bee-8187-11aa-45546ec93852">
      <Execution id="49d909cd-97af-4564-98a9-562e974dbecf" />
      <TestMethod codeBase="C:/projetos/ta/TA/Source/TA.Domain.Test/bin/Debug/TA.Domain.Test.DLL" adapterTypeName="Microsoft.VisualStudio.TestTools.TestTypes.Unit.UnitTestAdapter, Microsoft.VisualStudio.QualityTools.Tips.UnitTest.Adapter, Version=10.0.0.0, Culture=neutral, PublicKeyToken=b03f5f7f11d50a3a" className="TA.Domain.Test.Entity.EntidadeBaseTest, TA.Domain.Test, Version=1.0.0.0, Culture=neutral, PublicKeyToken=null" name="EntidadeBase_ToString" />
    </UnitTest>
    <UnitTest name="Equals_Object" storage="c:\projetos\ta\ta\source\ta.domain.test\bin\debug\ta.domain.test.dll" id="e5bab2dd-bd5d-15fa-c77b-e3326ef3c0bb">
      <Execution id="6577359a-ff32-40e0-9883-47d436218fd5" />
      <TestMethod codeBase="C:/projetos/ta/TA/Source/TA.Domain.Test/bin/Debug/TA.Domain.Test.DLL" adapterTypeName="Microsoft.VisualStudio.TestTools.TestTypes.Unit.UnitTestAdapter, Microsoft.VisualStudio.QualityTools.Tips.UnitTest.Adapter, Version=10.0.0.0, Culture=neutral, PublicKeyToken=b03f5f7f11d50a3a" className="TA.Domain.Test.Entity.EntidadeBaseTest, TA.Domain.Test, Version=1.0.0.0, Culture=neutral, PublicKeyToken=null" name="Equals_Object" />
    </UnitTest>
    <UnitTest name="CompareTo_IEntidade" storage="c:\projetos\ta\ta\source\ta.domain.test\bin\debug\ta.domain.test.dll" id="bc34b4ea-b829-9040-ba44-b2ff98a49058">
      <Execution id="581a6e7c-6a49-4912-a45b-1e6cc09aecf3" />
      <TestMethod codeBase="C:/projetos/ta/TA/Source/TA.Domain.Test/bin/Debug/TA.Domain.Test.DLL" adapterTypeName="Microsoft.VisualStudio.TestTools.TestTypes.Unit.UnitTestAdapter, Microsoft.VisualStudio.QualityTools.Tips.UnitTest.Adapter, Version=10.0.0.0, Culture=neutral, PublicKeyToken=b03f5f7f11d50a3a" className="TA.Domain.Test.Entity.EntidadeBaseTest, TA.Domain.Test, Version=1.0.0.0, Culture=neutral, PublicKeyToken=null" name="CompareTo_IEntidade" />
    </UnitTest>
    <UnitTest name="Equals_IEntidade" storage="c:\projetos\ta\ta\source\ta.domain.test\bin\debug\ta.domain.test.dll" id="969da023-8c9f-b875-16db-6921604ffba7">
      <Execution id="5d9a9a2f-3793-4275-b9cf-92dc9d1ed5a4" />
      <TestMethod codeBase="C:/projetos/ta/TA/Source/TA.Domain.Test/bin/Debug/TA.Domain.Test.DLL" adapterTypeName="Microsoft.VisualStudio.TestTools.TestTypes.Unit.UnitTestAdapter, Microsoft.VisualStudio.QualityTools.Tips.UnitTest.Adapter, Version=10.0.0.0, Culture=neutral, PublicKeyToken=b03f5f7f11d50a3a" className="TA.Domain.Test.Entity.EntidadeBaseTest, TA.Domain.Test, Version=1.0.0.0, Culture=neutral, PublicKeyToken=null" name="Equals_IEntidade" />
    </UnitTest>
  </TestDefinitions>
  <TestLists>
    <TestList name="Results Not in a List" id="8c84fa94-04c1-424b-9868-57a2d4851a1d" />
    <TestList name="All Loaded Results" id="19431567-8539-422a-85d7-44ee4e166bda" />
  </TestLists>
  <TestEntries>
    <TestEntry testId="75e70564-4cca-c887-d143-2c7ba827d467" executionId="befbd58a-2a27-437b-b030-7fd0b316f550" testListId="8c84fa94-04c1-424b-9868-57a2d4851a1d" />
    <TestEntry testId="833bc96c-1bee-8187-11aa-45546ec93852" executionId="49d909cd-97af-4564-98a9-562e974dbecf" testListId="8c84fa94-04c1-424b-9868-57a2d4851a1d" />
    <TestEntry testId="969da023-8c9f-b875-16db-6921604ffba7" executionId="5d9a9a2f-3793-4275-b9cf-92dc9d1ed5a4" testListId="8c84fa94-04c1-424b-9868-57a2d4851a1d" />
    <TestEntry testId="bc34b4ea-b829-9040-ba44-b2ff98a49058" executionId="581a6e7c-6a49-4912-a45b-1e6cc09aecf3" testListId="8c84fa94-04c1-424b-9868-57a2d4851a1d" />
    <TestEntry testId="e5bab2dd-bd5d-15fa-c77b-e3326ef3c0bb" executionId="6577359a-ff32-40e0-9883-47d436218fd5" testListId="8c84fa94-04c1-424b-9868-57a2d4851a1d" />
  </TestEntries>
  <Results>
    <UnitTestResult executionId="befbd58a-2a27-437b-b030-7fd0b316f550" testId="75e70564-4cca-c887-d143-2c7ba827d467" testName="EntidadeBase_GetHashCode" computerName="BRUNO-PC" duration="00:00:00.0170871" startTime="2012-02-12T00:24:53.0792991-02:00" endTime="2012-02-12T00:24:53.3756996-02:00" testType="13cdc9d9-ddb5-4fa4-a97d-d965ccfc6d4b" outcome="Passed" testListId="8c84fa94-04c1-424b-9868-57a2d4851a1d" relativeResultsDirectory="befbd58a-2a27-437b-b030-7fd0b316f550">
    </UnitTestResult>
    <UnitTestResult executionId="49d909cd-97af-4564-98a9-562e974dbecf" testId="833bc96c-1bee-8187-11aa-45546ec93852" testName="EntidadeBase_ToString" computerName="BRUNO-PC" duration="00:00:00.0051193" startTime="2012-02-12T00:24:53.3912996-02:00" endTime="2012-02-12T00:24:53.4068997-02:00" testType="13cdc9d9-ddb5-4fa4-a97d-d965ccfc6d4b" outcome="Passed" testListId="8c84fa94-04c1-424b-9868-57a2d4851a1d" relativeResultsDirectory="49d909cd-97af-4564-98a9-562e974dbecf">
    </UnitTestResult>
    <UnitTestResult executionId="5d9a9a2f-3793-4275-b9cf-92dc9d1ed5a4" testId="969da023-8c9f-b875-16db-6921604ffba7" testName="Equals_IEntidade" computerName="BRUNO-PC" duration="00:00:00.0042980" startTime="2012-02-12T00:24:53.4068997-02:00" endTime="2012-02-12T00:24:53.4224997-02:00" testType="13cdc9d9-ddb5-4fa4-a97d-d965ccfc6d4b" outcome="Passed" testListId="8c84fa94-04c1-424b-9868-57a2d4851a1d" relativeResultsDirectory="5d9a9a2f-3793-4275-b9cf-92dc9d1ed5a4">
    </UnitTestResult>
    <UnitTestResult executionId="581a6e7c-6a49-4912-a45b-1e6cc09aecf3" testId="bc34b4ea-b829-9040-ba44-b2ff98a49058" testName="CompareTo_IEntidade" computerName="BRUNO-PC" duration="00:00:00.0053292" startTime="2012-02-12T00:24:53.4224997-02:00" endTime="2012-02-12T00:24:53.4536997-02:00" testType="13cdc9d9-ddb5-4fa4-a97d-d965ccfc6d4b" outcome="Passed" testListId="8c84fa94-04c1-424b-9868-57a2d4851a1d" relativeResultsDirectory="581a6e7c-6a49-4912-a45b-1e6cc09aecf3">
    </UnitTestResult>
    <UnitTestResult executionId="6577359a-ff32-40e0-9883-47d436218fd5" testId="e5bab2dd-bd5d-15fa-c77b-e3326ef3c0bb" testName="Equals_Object" computerName="BRUNO-PC" duration="00:00:00.0026936" startTime="2012-02-12T00:24:53.4536997-02:00" endTime="2012-02-12T00:24:53.4848998-02:00" testType="13cdc9d9-ddb5-4fa4-a97d-d965ccfc6d4b" outcome="Passed" testListId="8c84fa94-04c1-424b-9868-57a2d4851a1d" relativeResultsDirectory="6577359a-ff32-40e0-9883-47d436218fd5">
    </UnitTestResult>
  </Results>
</TestRun>