<?xml version="1.0" encoding="UTF-8"?>
<TestRun id="64af5951-db81-40ab-8801-31a4543372ae" name="Bruno@BRUNO-PC 2012-02-13 22:02:28" runUser="Bruno-PC\Bruno" xmlns="http://microsoft.com/schemas/VisualStudio/TeamTest/2010">
  <TestSettings name="Local" id="ca88e069-f008-4408-aa18-24caa99d89f1">
    <Description>These are default test settings for a local test run.</Description>
    <Deployment enabled="false" runDeploymentRoot="Bruno_BRUNO-PC 2012-02-13 22_02_28">
      <DeploymentItem filename="C:\Program Files\Moq.4.0.10827\NET40\Moq.dll" />
      <DeploymentItem filename="C:\projetos\ta\TA\Source\TA.Domain\bin\Debug\TA.Domain.dll" />
    </Deployment>
    <Execution>
      <TestTypeSpecific />
      <AgentRule name="Execution Agents">
      </AgentRule>
    </Execution>
  </TestSettings>
  <Times creation="2012-02-13T22:02:28.8895364-02:00" queuing="2012-02-13T22:02:30.1687386-02:00" start="2012-02-13T22:02:30.2155387-02:00" finish="2012-02-13T22:02:31.3075406-02:00" />
  <ResultSummary outcome="Completed">
    <Counters total="28" executed="28" passed="28" error="0" failed="0" timeout="0" aborted="0" inconclusive="0" passedButRunAborted="0" notRunnable="0" notExecuted="0" disconnected="0" warning="0" completed="0" inProgress="0" pending="0" />
  </ResultSummary>
  <TestDefinitions>
    <UnitTest name="Anunciar_Anuncio_Invalido_Dispara_Exception_4_Erros" storage="c:\projetos\ta\ta\source\ta.domain.test\bin\debug\ta.domain.test.dll" id="c13275dc-57fc-17ff-ff62-230946f7fbb0">
      <Execution id="af283ed4-02a0-46ed-bc54-efdf4d8529df" />
      <TestMethod codeBase="C:/projetos/ta/TA/Source/TA.Domain.Test/bin/Debug/TA.Domain.Test.DLL" adapterTypeName="Microsoft.VisualStudio.TestTools.TestTypes.Unit.UnitTestAdapter, Microsoft.VisualStudio.QualityTools.Tips.UnitTest.Adapter, Version=10.0.0.0, Culture=neutral, PublicKeyToken=b03f5f7f11d50a3a" className="TA.Domain.Test.Service.ServicoAnuncioTest, TA.Domain.Test, Version=1.0.0.0, Culture=neutral, PublicKeyToken=null" name="Anunciar_Anuncio_Invalido_Dispara_Exception_4_Erros" />
    </UnitTest>
    <UnitTest name="ReprovarAnuncios_Anuncios_Nulo_Dispara_ArgumentNullException" storage="c:\projetos\ta\ta\source\ta.domain.test\bin\debug\ta.domain.test.dll" id="76e6d2ab-ab65-20c9-3112-22a9f7a90c63">
      <Execution id="b706663d-d6de-481f-8a64-fb8faa886260" />
      <TestMethod codeBase="C:/projetos/ta/TA/Source/TA.Domain.Test/bin/Debug/TA.Domain.Test.DLL" adapterTypeName="Microsoft.VisualStudio.TestTools.TestTypes.Unit.UnitTestAdapter, Microsoft.VisualStudio.QualityTools.Tips.UnitTest.Adapter, Version=10.0.0.0, Culture=neutral, PublicKeyToken=b03f5f7f11d50a3a" className="TA.Domain.Test.Service.ServicoAnuncioTest, TA.Domain.Test, Version=1.0.0.0, Culture=neutral, PublicKeyToken=null" name="ReprovarAnuncios_Anuncios_Nulo_Dispara_ArgumentNullException" />
    </UnitTest>
    <UnitTest name="Atualizar_Plano_Do_Anuncio_Nulo_Dispara_ArgumentNullException" storage="c:\projetos\ta\ta\source\ta.domain.test\bin\debug\ta.domain.test.dll" id="6e7b0f4f-2497-cd94-9f27-6094ab263fc2">
      <Execution id="9837095f-bc72-4b2a-8b4b-0ec66fc12c6d" />
      <TestMethod codeBase="C:/projetos/ta/TA/Source/TA.Domain.Test/bin/Debug/TA.Domain.Test.DLL" adapterTypeName="Microsoft.VisualStudio.TestTools.TestTypes.Unit.UnitTestAdapter, Microsoft.VisualStudio.QualityTools.Tips.UnitTest.Adapter, Version=10.0.0.0, Culture=neutral, PublicKeyToken=b03f5f7f11d50a3a" className="TA.Domain.Test.Service.ServicoAnuncioTest, TA.Domain.Test, Version=1.0.0.0, Culture=neutral, PublicKeyToken=null" name="Atualizar_Plano_Do_Anuncio_Nulo_Dispara_ArgumentNullException" />
    </UnitTest>
    <UnitTest name="ObterAnunciosDoAnunciante_Anunciante_Nulo_Dispara_AgumentNullException" storage="c:\projetos\ta\ta\source\ta.domain.test\bin\debug\ta.domain.test.dll" id="035f9c4d-73ce-6334-978c-a1b53f569549">
      <Execution id="f18a0e11-0d65-40a3-857c-5f6904f38796" />
      <TestMethod codeBase="C:/projetos/ta/TA/Source/TA.Domain.Test/bin/Debug/TA.Domain.Test.DLL" adapterTypeName="Microsoft.VisualStudio.TestTools.TestTypes.Unit.UnitTestAdapter, Microsoft.VisualStudio.QualityTools.Tips.UnitTest.Adapter, Version=10.0.0.0, Culture=neutral, PublicKeyToken=b03f5f7f11d50a3a" className="TA.Domain.Test.Service.ServicoAnuncioTest, TA.Domain.Test, Version=1.0.0.0, Culture=neutral, PublicKeyToken=null" name="ObterAnunciosDoAnunciante_Anunciante_Nulo_Dispara_AgumentNullException" />
    </UnitTest>
    <UnitTest name="ReprovarAnuncio_Anuncio_Valido_Chama_Atualizar_Automovel_Chama_Repositorio" storage="c:\projetos\ta\ta\source\ta.domain.test\bin\debug\ta.domain.test.dll" id="97229911-b796-dad0-d98d-d029c5aeaddb">
      <Execution id="2e4a24f4-55f3-4157-8f60-d1c2fe69a3ab" />
      <TestMethod codeBase="C:/projetos/ta/TA/Source/TA.Domain.Test/bin/Debug/TA.Domain.Test.DLL" adapterTypeName="Microsoft.VisualStudio.TestTools.TestTypes.Unit.UnitTestAdapter, Microsoft.VisualStudio.QualityTools.Tips.UnitTest.Adapter, Version=10.0.0.0, Culture=neutral, PublicKeyToken=b03f5f7f11d50a3a" className="TA.Domain.Test.Service.ServicoAnuncioTest, TA.Domain.Test, Version=1.0.0.0, Culture=neutral, PublicKeyToken=null" name="ReprovarAnuncio_Anuncio_Valido_Chama_Atualizar_Automovel_Chama_Repositorio" />
    </UnitTest>
    <UnitTest name="Anunciar_Plano_Do_Anuncio_Nulo_Dispara_ArgumentNullException" storage="c:\projetos\ta\ta\source\ta.domain.test\bin\debug\ta.domain.test.dll" id="2035db37-84cf-1aa6-fac6-f9b8dcd4dbbc">
      <Execution id="34271eb7-6f54-45ae-8237-388b6e25ddca" />
      <TestMethod codeBase="C:/projetos/ta/TA/Source/TA.Domain.Test/bin/Debug/TA.Domain.Test.DLL" adapterTypeName="Microsoft.VisualStudio.TestTools.TestTypes.Unit.UnitTestAdapter, Microsoft.VisualStudio.QualityTools.Tips.UnitTest.Adapter, Version=10.0.0.0, Culture=neutral, PublicKeyToken=b03f5f7f11d50a3a" className="TA.Domain.Test.Service.ServicoAnuncioTest, TA.Domain.Test, Version=1.0.0.0, Culture=neutral, PublicKeyToken=null" name="Anunciar_Plano_Do_Anuncio_Nulo_Dispara_ArgumentNullException" />
    </UnitTest>
    <UnitTest name="Atualizar_Anuncio_Nulo_Dispara_ArgumentNullException" storage="c:\projetos\ta\ta\source\ta.domain.test\bin\debug\ta.domain.test.dll" id="1f672b39-1806-9c26-6eda-a31d7ae11955">
      <Execution id="a1918a06-f2d3-4ecf-9afe-eb1d6daade48" />
      <TestMethod codeBase="C:/projetos/ta/TA/Source/TA.Domain.Test/bin/Debug/TA.Domain.Test.DLL" adapterTypeName="Microsoft.VisualStudio.TestTools.TestTypes.Unit.UnitTestAdapter, Microsoft.VisualStudio.QualityTools.Tips.UnitTest.Adapter, Version=10.0.0.0, Culture=neutral, PublicKeyToken=b03f5f7f11d50a3a" className="TA.Domain.Test.Service.ServicoAnuncioTest, TA.Domain.Test, Version=1.0.0.0, Culture=neutral, PublicKeyToken=null" name="Atualizar_Anuncio_Nulo_Dispara_ArgumentNullException" />
    </UnitTest>
    <UnitTest name="AprovarAnuncio_Anuncio_Valido_Chama_Atualizar_Automovel_Chama_Repositorio" storage="c:\projetos\ta\ta\source\ta.domain.test\bin\debug\ta.domain.test.dll" id="f521203a-e787-a35b-6759-279fbed2b725">
      <Execution id="0a17896a-0cbd-4c13-b866-3fb707a0d6b0" />
      <TestMethod codeBase="C:/projetos/ta/TA/Source/TA.Domain.Test/bin/Debug/TA.Domain.Test.DLL" adapterTypeName="Microsoft.VisualStudio.TestTools.TestTypes.Unit.UnitTestAdapter, Microsoft.VisualStudio.QualityTools.Tips.UnitTest.Adapter, Version=10.0.0.0, Culture=neutral, PublicKeyToken=b03f5f7f11d50a3a" className="TA.Domain.Test.Service.ServicoAnuncioTest, TA.Domain.Test, Version=1.0.0.0, Culture=neutral, PublicKeyToken=null" name="AprovarAnuncio_Anuncio_Valido_Chama_Atualizar_Automovel_Chama_Repositorio" />
    </UnitTest>
    <UnitTest name="Anunciar_Anuncio_Nulo_Dispara_ArgumentNullException" storage="c:\projetos\ta\ta\source\ta.domain.test\bin\debug\ta.domain.test.dll" id="79d547cc-b0ed-3488-80d5-1657c757509c">
      <Execution id="59c4912a-f371-409e-b791-6080b6608754" />
      <TestMethod codeBase="C:/projetos/ta/TA/Source/TA.Domain.Test/bin/Debug/TA.Domain.Test.DLL" adapterTypeName="Microsoft.VisualStudio.TestTools.TestTypes.Unit.UnitTestAdapter, Microsoft.VisualStudio.QualityTools.Tips.UnitTest.Adapter, Version=10.0.0.0, Culture=neutral, PublicKeyToken=b03f5f7f11d50a3a" className="TA.Domain.Test.Service.ServicoAnuncioTest, TA.Domain.Test, Version=1.0.0.0, Culture=neutral, PublicKeyToken=null" name="Anunciar_Anuncio_Nulo_Dispara_ArgumentNullException" />
    </UnitTest>
    <UnitTest name="ObterAnuncioPorId_IdAnuncio_Valido_Retorna_Anuncio_Chama_Repositorio_ObterAnuncioPorId" storage="c:\projetos\ta\ta\source\ta.domain.test\bin\debug\ta.domain.test.dll" id="558c8582-095e-bfb9-2f53-2062c3289000">
      <Execution id="b3774104-852e-47b1-b44f-e1fb929ea465" />
      <TestMethod codeBase="C:/projetos/ta/TA/Source/TA.Domain.Test/bin/Debug/TA.Domain.Test.DLL" adapterTypeName="Microsoft.VisualStudio.TestTools.TestTypes.Unit.UnitTestAdapter, Microsoft.VisualStudio.QualityTools.Tips.UnitTest.Adapter, Version=10.0.0.0, Culture=neutral, PublicKeyToken=b03f5f7f11d50a3a" className="TA.Domain.Test.Service.ServicoAnuncioTest, TA.Domain.Test, Version=1.0.0.0, Culture=neutral, PublicKeyToken=null" name="ObterAnuncioPorId_IdAnuncio_Valido_Retorna_Anuncio_Chama_Repositorio_ObterAnuncioPorId" />
    </UnitTest>
    <UnitTest name="ReprovarAnuncios_Anuncio_Valido_Chama_Atualizar_Automovel_Chama_Repositorio" storage="c:\projetos\ta\ta\source\ta.domain.test\bin\debug\ta.domain.test.dll" id="1050d318-6269-40d8-a181-09fce85cf5fd">
      <Execution id="15b4a057-9fdd-47c7-ae0a-97cfe7397a86" />
      <TestMethod codeBase="C:/projetos/ta/TA/Source/TA.Domain.Test/bin/Debug/TA.Domain.Test.DLL" adapterTypeName="Microsoft.VisualStudio.TestTools.TestTypes.Unit.UnitTestAdapter, Microsoft.VisualStudio.QualityTools.Tips.UnitTest.Adapter, Version=10.0.0.0, Culture=neutral, PublicKeyToken=b03f5f7f11d50a3a" className="TA.Domain.Test.Service.ServicoAnuncioTest, TA.Domain.Test, Version=1.0.0.0, Culture=neutral, PublicKeyToken=null" name="ReprovarAnuncios_Anuncio_Valido_Chama_Atualizar_Automovel_Chama_Repositorio" />
    </UnitTest>
    <UnitTest name="AprovarAnuncio_Anuncio_Nulo_Dispara_ArgumentNullException" storage="c:\projetos\ta\ta\source\ta.domain.test\bin\debug\ta.domain.test.dll" id="1e22ce60-591d-b987-2540-678ed78d9983">
      <Execution id="e12e0404-c2b4-4a5f-80c5-ba928d8ff5dd" />
      <TestMethod codeBase="C:/projetos/ta/TA/Source/TA.Domain.Test/bin/Debug/TA.Domain.Test.DLL" adapterTypeName="Microsoft.VisualStudio.TestTools.TestTypes.Unit.UnitTestAdapter, Microsoft.VisualStudio.QualityTools.Tips.UnitTest.Adapter, Version=10.0.0.0, Culture=neutral, PublicKeyToken=b03f5f7f11d50a3a" className="TA.Domain.Test.Service.ServicoAnuncioTest, TA.Domain.Test, Version=1.0.0.0, Culture=neutral, PublicKeyToken=null" name="AprovarAnuncio_Anuncio_Nulo_Dispara_ArgumentNullException" />
    </UnitTest>
    <UnitTest name="ObterAnunciosPagosEmDestaque_Chama_Repositorio" storage="c:\projetos\ta\ta\source\ta.domain.test\bin\debug\ta.domain.test.dll" id="f7ada927-d569-b846-f404-de99ea993981">
      <Execution id="475ff86b-e77e-4af4-a86f-ebf8e1ed207d" />
      <TestMethod codeBase="C:/projetos/ta/TA/Source/TA.Domain.Test/bin/Debug/TA.Domain.Test.DLL" adapterTypeName="Microsoft.VisualStudio.TestTools.TestTypes.Unit.UnitTestAdapter, Microsoft.VisualStudio.QualityTools.Tips.UnitTest.Adapter, Version=10.0.0.0, Culture=neutral, PublicKeyToken=b03f5f7f11d50a3a" className="TA.Domain.Test.Service.ServicoAnuncioTest, TA.Domain.Test, Version=1.0.0.0, Culture=neutral, PublicKeyToken=null" name="ObterAnunciosPagosEmDestaque_Chama_Repositorio" />
    </UnitTest>
    <UnitTest name="Excluir_Anuncio_Nulo_Dispara_ArgumentNullException" storage="c:\projetos\ta\ta\source\ta.domain.test\bin\debug\ta.domain.test.dll" id="507bc400-aa75-5aaa-316e-b37eb9fc39ea">
      <Execution id="3a356414-61ba-44c8-a2d0-fb9f47aad8c3" />
      <TestMethod codeBase="C:/projetos/ta/TA/Source/TA.Domain.Test/bin/Debug/TA.Domain.Test.DLL" adapterTypeName="Microsoft.VisualStudio.TestTools.TestTypes.Unit.UnitTestAdapter, Microsoft.VisualStudio.QualityTools.Tips.UnitTest.Adapter, Version=10.0.0.0, Culture=neutral, PublicKeyToken=b03f5f7f11d50a3a" className="TA.Domain.Test.Service.ServicoAnuncioTest, TA.Domain.Test, Version=1.0.0.0, Culture=neutral, PublicKeyToken=null" name="Excluir_Anuncio_Nulo_Dispara_ArgumentNullException" />
    </UnitTest>
    <UnitTest name="Excluir_Anuncio_Valido_Chama_Servico_Excluir_Automovel_Repositorio_Excluir" storage="c:\projetos\ta\ta\source\ta.domain.test\bin\debug\ta.domain.test.dll" id="cad04694-1e02-8d29-bfd2-6e0aeb9a106a">
      <Execution id="ed9528b1-ce85-4c2a-b7de-61eed8a547ed" />
      <TestMethod codeBase="C:/projetos/ta/TA/Source/TA.Domain.Test/bin/Debug/TA.Domain.Test.DLL" adapterTypeName="Microsoft.VisualStudio.TestTools.TestTypes.Unit.UnitTestAdapter, Microsoft.VisualStudio.QualityTools.Tips.UnitTest.Adapter, Version=10.0.0.0, Culture=neutral, PublicKeyToken=b03f5f7f11d50a3a" className="TA.Domain.Test.Service.ServicoAnuncioTest, TA.Domain.Test, Version=1.0.0.0, Culture=neutral, PublicKeyToken=null" name="Excluir_Anuncio_Valido_Chama_Servico_Excluir_Automovel_Repositorio_Excluir" />
    </UnitTest>
    <UnitTest name="ObterAnunciosAguardandoAprovacao_Chama_Repositorio" storage="c:\projetos\ta\ta\source\ta.domain.test\bin\debug\ta.domain.test.dll" id="9c6a0f53-2c17-8b82-a405-7f606c6cb3c7">
      <Execution id="675cf8f2-82c3-42ac-a434-3837eaf04b06" />
      <TestMethod codeBase="C:/projetos/ta/TA/Source/TA.Domain.Test/bin/Debug/TA.Domain.Test.DLL" adapterTypeName="Microsoft.VisualStudio.TestTools.TestTypes.Unit.UnitTestAdapter, Microsoft.VisualStudio.QualityTools.Tips.UnitTest.Adapter, Version=10.0.0.0, Culture=neutral, PublicKeyToken=b03f5f7f11d50a3a" className="TA.Domain.Test.Service.ServicoAnuncioTest, TA.Domain.Test, Version=1.0.0.0, Culture=neutral, PublicKeyToken=null" name="ObterAnunciosAguardandoAprovacao_Chama_Repositorio" />
    </UnitTest>
    <UnitTest name="AprovarAnuncios_Anuncio_Valido_Chama_Atualizar_Automovel_Chama_Repositorio" storage="c:\projetos\ta\ta\source\ta.domain.test\bin\debug\ta.domain.test.dll" id="ea9dfc70-6011-3821-52f7-17cda4c753fe">
      <Execution id="27b48394-d162-47d9-9006-da71861517ac" />
      <TestMethod codeBase="C:/projetos/ta/TA/Source/TA.Domain.Test/bin/Debug/TA.Domain.Test.DLL" adapterTypeName="Microsoft.VisualStudio.TestTools.TestTypes.Unit.UnitTestAdapter, Microsoft.VisualStudio.QualityTools.Tips.UnitTest.Adapter, Version=10.0.0.0, Culture=neutral, PublicKeyToken=b03f5f7f11d50a3a" className="TA.Domain.Test.Service.ServicoAnuncioTest, TA.Domain.Test, Version=1.0.0.0, Culture=neutral, PublicKeyToken=null" name="AprovarAnuncios_Anuncio_Valido_Chama_Atualizar_Automovel_Chama_Repositorio" />
    </UnitTest>
    <UnitTest name="ObterAnunciosDoAnunciante_Anunciante_Valido_Chama_Repositorio" storage="c:\projetos\ta\ta\source\ta.domain.test\bin\debug\ta.domain.test.dll" id="bfa89df2-b89a-55b8-01e4-8fdadba0ffbe">
      <Execution id="db3a8d15-bdee-460d-87a5-6271cba1b613" />
      <TestMethod codeBase="C:/projetos/ta/TA/Source/TA.Domain.Test/bin/Debug/TA.Domain.Test.DLL" adapterTypeName="Microsoft.VisualStudio.TestTools.TestTypes.Unit.UnitTestAdapter, Microsoft.VisualStudio.QualityTools.Tips.UnitTest.Adapter, Version=10.0.0.0, Culture=neutral, PublicKeyToken=b03f5f7f11d50a3a" className="TA.Domain.Test.Service.ServicoAnuncioTest, TA.Domain.Test, Version=1.0.0.0, Culture=neutral, PublicKeyToken=null" name="ObterAnunciosDoAnunciante_Anunciante_Valido_Chama_Repositorio" />
    </UnitTest>
    <UnitTest name="ObterAnunciosPagosMaisVisitados_Chama_Repositorio" storage="c:\projetos\ta\ta\source\ta.domain.test\bin\debug\ta.domain.test.dll" id="52ef7ad3-9970-2eb4-bb5a-9b5a886a91c8">
      <Execution id="cf04e624-8a55-4ef6-860d-22b7b027d0ef" />
      <TestMethod codeBase="C:/projetos/ta/TA/Source/TA.Domain.Test/bin/Debug/TA.Domain.Test.DLL" adapterTypeName="Microsoft.VisualStudio.TestTools.TestTypes.Unit.UnitTestAdapter, Microsoft.VisualStudio.QualityTools.Tips.UnitTest.Adapter, Version=10.0.0.0, Culture=neutral, PublicKeyToken=b03f5f7f11d50a3a" className="TA.Domain.Test.Service.ServicoAnuncioTest, TA.Domain.Test, Version=1.0.0.0, Culture=neutral, PublicKeyToken=null" name="ObterAnunciosPagosMaisVisitados_Chama_Repositorio" />
    </UnitTest>
    <UnitTest name="Atualizar_Anuncio_Valido_Chama_Servico_Atualizar_Automovel_Repositorio_Atualizar" storage="c:\projetos\ta\ta\source\ta.domain.test\bin\debug\ta.domain.test.dll" id="f132b02f-2c02-0d4a-f583-b0982ad3f9ed">
      <Execution id="52df1dcb-c4cc-435b-bc53-833a39491275" />
      <TestMethod codeBase="C:/projetos/ta/TA/Source/TA.Domain.Test/bin/Debug/TA.Domain.Test.DLL" adapterTypeName="Microsoft.VisualStudio.TestTools.TestTypes.Unit.UnitTestAdapter, Microsoft.VisualStudio.QualityTools.Tips.UnitTest.Adapter, Version=10.0.0.0, Culture=neutral, PublicKeyToken=b03f5f7f11d50a3a" className="TA.Domain.Test.Service.ServicoAnuncioTest, TA.Domain.Test, Version=1.0.0.0, Culture=neutral, PublicKeyToken=null" name="Atualizar_Anuncio_Valido_Chama_Servico_Atualizar_Automovel_Repositorio_Atualizar" />
    </UnitTest>
    <UnitTest name="ReprovarAnuncio_Anuncio_Nulo_Dispara_ArgumentNullException" storage="c:\projetos\ta\ta\source\ta.domain.test\bin\debug\ta.domain.test.dll" id="0837304d-2f65-a4ab-d7e4-9f233dfdfcd5">
      <Execution id="ee13eea1-6e35-45a0-965b-fbb22d86fd17" />
      <TestMethod codeBase="C:/projetos/ta/TA/Source/TA.Domain.Test/bin/Debug/TA.Domain.Test.DLL" adapterTypeName="Microsoft.VisualStudio.TestTools.TestTypes.Unit.UnitTestAdapter, Microsoft.VisualStudio.QualityTools.Tips.UnitTest.Adapter, Version=10.0.0.0, Culture=neutral, PublicKeyToken=b03f5f7f11d50a3a" className="TA.Domain.Test.Service.ServicoAnuncioTest, TA.Domain.Test, Version=1.0.0.0, Culture=neutral, PublicKeyToken=null" name="ReprovarAnuncio_Anuncio_Nulo_Dispara_ArgumentNullException" />
    </UnitTest>
    <UnitTest name="Anunciar_Automovel_Do_Anuncio_Nulo_Dispara_ArgumentNullException" storage="c:\projetos\ta\ta\source\ta.domain.test\bin\debug\ta.domain.test.dll" id="390bbc68-48f5-2f65-9c12-e0d36ebebd78">
      <Execution id="24524549-40dc-4cbd-b293-461803127ba9" />
      <TestMethod codeBase="C:/projetos/ta/TA/Source/TA.Domain.Test/bin/Debug/TA.Domain.Test.DLL" adapterTypeName="Microsoft.VisualStudio.TestTools.TestTypes.Unit.UnitTestAdapter, Microsoft.VisualStudio.QualityTools.Tips.UnitTest.Adapter, Version=10.0.0.0, Culture=neutral, PublicKeyToken=b03f5f7f11d50a3a" className="TA.Domain.Test.Service.ServicoAnuncioTest, TA.Domain.Test, Version=1.0.0.0, Culture=neutral, PublicKeyToken=null" name="Anunciar_Automovel_Do_Anuncio_Nulo_Dispara_ArgumentNullException" />
    </UnitTest>
    <UnitTest name="AprovarAnuncios_Anuncios_Nulo_Dispara_ArgumentNullException" storage="c:\projetos\ta\ta\source\ta.domain.test\bin\debug\ta.domain.test.dll" id="ed6c7bd4-5abf-1fa1-b6a1-d0821f49322b">
      <Execution id="11533368-0727-4535-ba50-2fc4d3433a2d" />
      <TestMethod codeBase="C:/projetos/ta/TA/Source/TA.Domain.Test/bin/Debug/TA.Domain.Test.DLL" adapterTypeName="Microsoft.VisualStudio.TestTools.TestTypes.Unit.UnitTestAdapter, Microsoft.VisualStudio.QualityTools.Tips.UnitTest.Adapter, Version=10.0.0.0, Culture=neutral, PublicKeyToken=b03f5f7f11d50a3a" className="TA.Domain.Test.Service.ServicoAnuncioTest, TA.Domain.Test, Version=1.0.0.0, Culture=neutral, PublicKeyToken=null" name="AprovarAnuncios_Anuncios_Nulo_Dispara_ArgumentNullException" />
    </UnitTest>
    <UnitTest name="Anunciar_Anuncio_Valido_Chama_Servico_Incluir_Anunciante_Automovel_DataAnuncio_Atual_Status_AguardandoAprovacao" storage="c:\projetos\ta\ta\source\ta.domain.test\bin\debug\ta.domain.test.dll" id="18397db8-d02f-301c-3828-e90c3b345068">
      <Execution id="35c4f105-487b-4275-8210-9514a88a55d4" />
      <TestMethod codeBase="C:/projetos/ta/TA/Source/TA.Domain.Test/bin/Debug/TA.Domain.Test.DLL" adapterTypeName="Microsoft.VisualStudio.TestTools.TestTypes.Unit.UnitTestAdapter, Microsoft.VisualStudio.QualityTools.Tips.UnitTest.Adapter, Version=10.0.0.0, Culture=neutral, PublicKeyToken=b03f5f7f11d50a3a" className="TA.Domain.Test.Service.ServicoAnuncioTest, TA.Domain.Test, Version=1.0.0.0, Culture=neutral, PublicKeyToken=null" name="Anunciar_Anuncio_Valido_Chama_Servico_Incluir_Anunciante_Automovel_DataAnuncio_Atual_Status_AguardandoAprovacao" />
    </UnitTest>
    <UnitTest name="Atualizar_Anuncio_Invalido_Dispara_Exception_4_Erros" storage="c:\projetos\ta\ta\source\ta.domain.test\bin\debug\ta.domain.test.dll" id="40efc9ba-5b03-79ea-19e2-a4099dd3d245">
      <Execution id="a07d7309-e023-4830-8b4e-cbfd47e2d578" />
      <TestMethod codeBase="C:/projetos/ta/TA/Source/TA.Domain.Test/bin/Debug/TA.Domain.Test.DLL" adapterTypeName="Microsoft.VisualStudio.TestTools.TestTypes.Unit.UnitTestAdapter, Microsoft.VisualStudio.QualityTools.Tips.UnitTest.Adapter, Version=10.0.0.0, Culture=neutral, PublicKeyToken=b03f5f7f11d50a3a" className="TA.Domain.Test.Service.ServicoAnuncioTest, TA.Domain.Test, Version=1.0.0.0, Culture=neutral, PublicKeyToken=null" name="Atualizar_Anuncio_Invalido_Dispara_Exception_4_Erros" />
    </UnitTest>
    <UnitTest name="ObterAnunciosPagosRecentes_Chama_Repositorio" storage="c:\projetos\ta\ta\source\ta.domain.test\bin\debug\ta.domain.test.dll" id="f63adf85-9dbb-ac1d-3feb-25c3b3f2dcbb">
      <Execution id="b8f4b64b-a4ab-4fe4-9fca-a9d94ebc6143" />
      <TestMethod codeBase="C:/projetos/ta/TA/Source/TA.Domain.Test/bin/Debug/TA.Domain.Test.DLL" adapterTypeName="Microsoft.VisualStudio.TestTools.TestTypes.Unit.UnitTestAdapter, Microsoft.VisualStudio.QualityTools.Tips.UnitTest.Adapter, Version=10.0.0.0, Culture=neutral, PublicKeyToken=b03f5f7f11d50a3a" className="TA.Domain.Test.Service.ServicoAnuncioTest, TA.Domain.Test, Version=1.0.0.0, Culture=neutral, PublicKeyToken=null" name="ObterAnunciosPagosRecentes_Chama_Repositorio" />
    </UnitTest>
    <UnitTest name="Atualizar_Automovel_Do_Anuncio_Nulo_Dispara_ArgumentNullException" storage="c:\projetos\ta\ta\source\ta.domain.test\bin\debug\ta.domain.test.dll" id="20cd389a-6553-d208-12b3-2bd9c2907e57">
      <Execution id="845989ed-fbcb-4b5d-ad96-f8234814ae79" />
      <TestMethod codeBase="C:/projetos/ta/TA/Source/TA.Domain.Test/bin/Debug/TA.Domain.Test.DLL" adapterTypeName="Microsoft.VisualStudio.TestTools.TestTypes.Unit.UnitTestAdapter, Microsoft.VisualStudio.QualityTools.Tips.UnitTest.Adapter, Version=10.0.0.0, Culture=neutral, PublicKeyToken=b03f5f7f11d50a3a" className="TA.Domain.Test.Service.ServicoAnuncioTest, TA.Domain.Test, Version=1.0.0.0, Culture=neutral, PublicKeyToken=null" name="Atualizar_Automovel_Do_Anuncio_Nulo_Dispara_ArgumentNullException" />
    </UnitTest>
    <UnitTest name="ObterAnuncioPorId_IdAnuncio_Invalido_Retorna_Nulo_Chama_Repositorio_ObterAnuncioPorId" storage="c:\projetos\ta\ta\source\ta.domain.test\bin\debug\ta.domain.test.dll" id="2c02e664-5ddb-cb9e-a810-363235a122e5">
      <Execution id="fca86d1a-fe66-4ea9-b4c4-781e996c4b22" />
      <TestMethod codeBase="C:/projetos/ta/TA/Source/TA.Domain.Test/bin/Debug/TA.Domain.Test.DLL" adapterTypeName="Microsoft.VisualStudio.TestTools.TestTypes.Unit.UnitTestAdapter, Microsoft.VisualStudio.QualityTools.Tips.UnitTest.Adapter, Version=10.0.0.0, Culture=neutral, PublicKeyToken=b03f5f7f11d50a3a" className="TA.Domain.Test.Service.ServicoAnuncioTest, TA.Domain.Test, Version=1.0.0.0, Culture=neutral, PublicKeyToken=null" name="ObterAnuncioPorId_IdAnuncio_Invalido_Retorna_Nulo_Chama_Repositorio_ObterAnuncioPorId" />
    </UnitTest>
  </TestDefinitions>
  <TestLists>
    <TestList name="Results Not in a List" id="8c84fa94-04c1-424b-9868-57a2d4851a1d" />
    <TestList name="All Loaded Results" id="19431567-8539-422a-85d7-44ee4e166bda" />
  </TestLists>
  <TestEntries>
    <TestEntry testId="035f9c4d-73ce-6334-978c-a1b53f569549" executionId="f18a0e11-0d65-40a3-857c-5f6904f38796" testListId="8c84fa94-04c1-424b-9868-57a2d4851a1d" />
    <TestEntry testId="0837304d-2f65-a4ab-d7e4-9f233dfdfcd5" executionId="ee13eea1-6e35-45a0-965b-fbb22d86fd17" testListId="8c84fa94-04c1-424b-9868-57a2d4851a1d" />
    <TestEntry testId="1050d318-6269-40d8-a181-09fce85cf5fd" executionId="15b4a057-9fdd-47c7-ae0a-97cfe7397a86" testListId="8c84fa94-04c1-424b-9868-57a2d4851a1d" />
    <TestEntry testId="18397db8-d02f-301c-3828-e90c3b345068" executionId="35c4f105-487b-4275-8210-9514a88a55d4" testListId="8c84fa94-04c1-424b-9868-57a2d4851a1d" />
    <TestEntry testId="1e22ce60-591d-b987-2540-678ed78d9983" executionId="e12e0404-c2b4-4a5f-80c5-ba928d8ff5dd" testListId="8c84fa94-04c1-424b-9868-57a2d4851a1d" />
    <TestEntry testId="1f672b39-1806-9c26-6eda-a31d7ae11955" executionId="a1918a06-f2d3-4ecf-9afe-eb1d6daade48" testListId="8c84fa94-04c1-424b-9868-57a2d4851a1d" />
    <TestEntry testId="2035db37-84cf-1aa6-fac6-f9b8dcd4dbbc" executionId="34271eb7-6f54-45ae-8237-388b6e25ddca" testListId="8c84fa94-04c1-424b-9868-57a2d4851a1d" />
    <TestEntry testId="20cd389a-6553-d208-12b3-2bd9c2907e57" executionId="845989ed-fbcb-4b5d-ad96-f8234814ae79" testListId="8c84fa94-04c1-424b-9868-57a2d4851a1d" />
    <TestEntry testId="2c02e664-5ddb-cb9e-a810-363235a122e5" executionId="fca86d1a-fe66-4ea9-b4c4-781e996c4b22" testListId="8c84fa94-04c1-424b-9868-57a2d4851a1d" />
    <TestEntry testId="390bbc68-48f5-2f65-9c12-e0d36ebebd78" executionId="24524549-40dc-4cbd-b293-461803127ba9" testListId="8c84fa94-04c1-424b-9868-57a2d4851a1d" />
    <TestEntry testId="40efc9ba-5b03-79ea-19e2-a4099dd3d245" executionId="a07d7309-e023-4830-8b4e-cbfd47e2d578" testListId="8c84fa94-04c1-424b-9868-57a2d4851a1d" />
    <TestEntry testId="507bc400-aa75-5aaa-316e-b37eb9fc39ea" executionId="3a356414-61ba-44c8-a2d0-fb9f47aad8c3" testListId="8c84fa94-04c1-424b-9868-57a2d4851a1d" />
    <TestEntry testId="52ef7ad3-9970-2eb4-bb5a-9b5a886a91c8" executionId="cf04e624-8a55-4ef6-860d-22b7b027d0ef" testListId="8c84fa94-04c1-424b-9868-57a2d4851a1d" />
    <TestEntry testId="558c8582-095e-bfb9-2f53-2062c3289000" executionId="b3774104-852e-47b1-b44f-e1fb929ea465" testListId="8c84fa94-04c1-424b-9868-57a2d4851a1d" />
    <TestEntry testId="6e7b0f4f-2497-cd94-9f27-6094ab263fc2" executionId="9837095f-bc72-4b2a-8b4b-0ec66fc12c6d" testListId="8c84fa94-04c1-424b-9868-57a2d4851a1d" />
    <TestEntry testId="76e6d2ab-ab65-20c9-3112-22a9f7a90c63" executionId="b706663d-d6de-481f-8a64-fb8faa886260" testListId="8c84fa94-04c1-424b-9868-57a2d4851a1d" />
    <TestEntry testId="79d547cc-b0ed-3488-80d5-1657c757509c" executionId="59c4912a-f371-409e-b791-6080b6608754" testListId="8c84fa94-04c1-424b-9868-57a2d4851a1d" />
    <TestEntry testId="97229911-b796-dad0-d98d-d029c5aeaddb" executionId="2e4a24f4-55f3-4157-8f60-d1c2fe69a3ab" testListId="8c84fa94-04c1-424b-9868-57a2d4851a1d" />
    <TestEntry testId="9c6a0f53-2c17-8b82-a405-7f606c6cb3c7" executionId="675cf8f2-82c3-42ac-a434-3837eaf04b06" testListId="8c84fa94-04c1-424b-9868-57a2d4851a1d" />
    <TestEntry testId="bfa89df2-b89a-55b8-01e4-8fdadba0ffbe" executionId="db3a8d15-bdee-460d-87a5-6271cba1b613" testListId="8c84fa94-04c1-424b-9868-57a2d4851a1d" />
    <TestEntry testId="c13275dc-57fc-17ff-ff62-230946f7fbb0" executionId="af283ed4-02a0-46ed-bc54-efdf4d8529df" testListId="8c84fa94-04c1-424b-9868-57a2d4851a1d" />
    <TestEntry testId="cad04694-1e02-8d29-bfd2-6e0aeb9a106a" executionId="ed9528b1-ce85-4c2a-b7de-61eed8a547ed" testListId="8c84fa94-04c1-424b-9868-57a2d4851a1d" />
    <TestEntry testId="ea9dfc70-6011-3821-52f7-17cda4c753fe" executionId="27b48394-d162-47d9-9006-da71861517ac" testListId="8c84fa94-04c1-424b-9868-57a2d4851a1d" />
    <TestEntry testId="ed6c7bd4-5abf-1fa1-b6a1-d0821f49322b" executionId="11533368-0727-4535-ba50-2fc4d3433a2d" testListId="8c84fa94-04c1-424b-9868-57a2d4851a1d" />
    <TestEntry testId="f132b02f-2c02-0d4a-f583-b0982ad3f9ed" executionId="52df1dcb-c4cc-435b-bc53-833a39491275" testListId="8c84fa94-04c1-424b-9868-57a2d4851a1d" />
    <TestEntry testId="f521203a-e787-a35b-6759-279fbed2b725" executionId="0a17896a-0cbd-4c13-b866-3fb707a0d6b0" testListId="8c84fa94-04c1-424b-9868-57a2d4851a1d" />
    <TestEntry testId="f63adf85-9dbb-ac1d-3feb-25c3b3f2dcbb" executionId="b8f4b64b-a4ab-4fe4-9fca-a9d94ebc6143" testListId="8c84fa94-04c1-424b-9868-57a2d4851a1d" />
    <TestEntry testId="f7ada927-d569-b846-f404-de99ea993981" executionId="475ff86b-e77e-4af4-a86f-ebf8e1ed207d" testListId="8c84fa94-04c1-424b-9868-57a2d4851a1d" />
  </TestEntries>
  <Results>
    <UnitTestResult executionId="f18a0e11-0d65-40a3-857c-5f6904f38796" testId="035f9c4d-73ce-6334-978c-a1b53f569549" testName="ObterAnunciosDoAnunciante_Anunciante_Nulo_Dispara_AgumentNullException" computerName="BRUNO-PC" duration="00:00:00.2407548" startTime="2012-02-13T22:02:30.2467388-02:00" endTime="2012-02-13T22:02:30.7771397-02:00" testType="13cdc9d9-ddb5-4fa4-a97d-d965ccfc6d4b" outcome="Passed" testListId="8c84fa94-04c1-424b-9868-57a2d4851a1d" relativeResultsDirectory="f18a0e11-0d65-40a3-857c-5f6904f38796">
    </UnitTestResult>
    <UnitTestResult executionId="ee13eea1-6e35-45a0-965b-fbb22d86fd17" testId="0837304d-2f65-a4ab-d7e4-9f233dfdfcd5" testName="ReprovarAnuncio_Anuncio_Nulo_Dispara_ArgumentNullException" computerName="BRUNO-PC" duration="00:00:00.0008176" startTime="2012-02-13T22:02:30.7927397-02:00" endTime="2012-02-13T22:02:30.8083398-02:00" testType="13cdc9d9-ddb5-4fa4-a97d-d965ccfc6d4b" outcome="Passed" testListId="8c84fa94-04c1-424b-9868-57a2d4851a1d" relativeResultsDirectory="ee13eea1-6e35-45a0-965b-fbb22d86fd17">
    </UnitTestResult>
    <UnitTestResult executionId="15b4a057-9fdd-47c7-ae0a-97cfe7397a86" testId="1050d318-6269-40d8-a181-09fce85cf5fd" testName="ReprovarAnuncios_Anuncio_Valido_Chama_Atualizar_Automovel_Chama_Repositorio" computerName="BRUNO-PC" duration="00:00:00.0468262" startTime="2012-02-13T22:02:30.8083398-02:00" endTime="2012-02-13T22:02:30.8551398-02:00" testType="13cdc9d9-ddb5-4fa4-a97d-d965ccfc6d4b" outcome="Passed" testListId="8c84fa94-04c1-424b-9868-57a2d4851a1d" relativeResultsDirectory="15b4a057-9fdd-47c7-ae0a-97cfe7397a86">
    </UnitTestResult>
    <UnitTestResult executionId="35c4f105-487b-4275-8210-9514a88a55d4" testId="18397db8-d02f-301c-3828-e90c3b345068" testName="Anunciar_Anuncio_Valido_Chama_Servico_Incluir_Anunciante_Automovel_DataAnuncio_Atual_Status_AguardandoAprovacao" computerName="BRUNO-PC" duration="00:00:00.0079309" startTime="2012-02-13T22:02:30.8707399-02:00" endTime="2012-02-13T22:02:30.8707399-02:00" testType="13cdc9d9-ddb5-4fa4-a97d-d965ccfc6d4b" outcome="Passed" testListId="8c84fa94-04c1-424b-9868-57a2d4851a1d" relativeResultsDirectory="35c4f105-487b-4275-8210-9514a88a55d4">
    </UnitTestResult>
    <UnitTestResult executionId="e12e0404-c2b4-4a5f-80c5-ba928d8ff5dd" testId="1e22ce60-591d-b987-2540-678ed78d9983" testName="AprovarAnuncio_Anuncio_Nulo_Dispara_ArgumentNullException" computerName="BRUNO-PC" duration="00:00:00.0007591" startTime="2012-02-13T22:02:30.8863399-02:00" endTime="2012-02-13T22:02:30.8863399-02:00" testType="13cdc9d9-ddb5-4fa4-a97d-d965ccfc6d4b" outcome="Passed" testListId="8c84fa94-04c1-424b-9868-57a2d4851a1d" relativeResultsDirectory="e12e0404-c2b4-4a5f-80c5-ba928d8ff5dd">
    </UnitTestResult>
    <UnitTestResult executionId="a1918a06-f2d3-4ecf-9afe-eb1d6daade48" testId="1f672b39-1806-9c26-6eda-a31d7ae11955" testName="Atualizar_Anuncio_Nulo_Dispara_ArgumentNullException" computerName="BRUNO-PC" duration="00:00:00.0006313" startTime="2012-02-13T22:02:30.8863399-02:00" endTime="2012-02-13T22:02:30.9019399-02:00" testType="13cdc9d9-ddb5-4fa4-a97d-d965ccfc6d4b" outcome="Passed" testListId="8c84fa94-04c1-424b-9868-57a2d4851a1d" relativeResultsDirectory="a1918a06-f2d3-4ecf-9afe-eb1d6daade48">
    </UnitTestResult>
    <UnitTestResult executionId="34271eb7-6f54-45ae-8237-388b6e25ddca" testId="2035db37-84cf-1aa6-fac6-f9b8dcd4dbbc" testName="Anunciar_Plano_Do_Anuncio_Nulo_Dispara_ArgumentNullException" computerName="BRUNO-PC" duration="00:00:00.0006436" startTime="2012-02-13T22:02:30.9019399-02:00" endTime="2012-02-13T22:02:30.9175400-02:00" testType="13cdc9d9-ddb5-4fa4-a97d-d965ccfc6d4b" outcome="Passed" testListId="8c84fa94-04c1-424b-9868-57a2d4851a1d" relativeResultsDirectory="34271eb7-6f54-45ae-8237-388b6e25ddca">
    </UnitTestResult>
    <UnitTestResult executionId="845989ed-fbcb-4b5d-ad96-f8234814ae79" testId="20cd389a-6553-d208-12b3-2bd9c2907e57" testName="Atualizar_Automovel_Do_Anuncio_Nulo_Dispara_ArgumentNullException" computerName="BRUNO-PC" duration="00:00:00.0006323" startTime="2012-02-13T22:02:30.9175400-02:00" endTime="2012-02-13T22:02:30.9175400-02:00" testType="13cdc9d9-ddb5-4fa4-a97d-d965ccfc6d4b" outcome="Passed" testListId="8c84fa94-04c1-424b-9868-57a2d4851a1d" relativeResultsDirectory="845989ed-fbcb-4b5d-ad96-f8234814ae79">
    </UnitTestResult>
    <UnitTestResult executionId="fca86d1a-fe66-4ea9-b4c4-781e996c4b22" testId="2c02e664-5ddb-cb9e-a810-363235a122e5" testName="ObterAnuncioPorId_IdAnuncio_Invalido_Retorna_Nulo_Chama_Repositorio_ObterAnuncioPorId" computerName="BRUNO-PC" duration="00:00:00.0423110" startTime="2012-02-13T22:02:30.9331400-02:00" endTime="2012-02-13T22:02:30.9799401-02:00" testType="13cdc9d9-ddb5-4fa4-a97d-d965ccfc6d4b" outcome="Passed" testListId="8c84fa94-04c1-424b-9868-57a2d4851a1d" relativeResultsDirectory="fca86d1a-fe66-4ea9-b4c4-781e996c4b22">
    </UnitTestResult>
    <UnitTestResult executionId="24524549-40dc-4cbd-b293-461803127ba9" testId="390bbc68-48f5-2f65-9c12-e0d36ebebd78" testName="Anunciar_Automovel_Do_Anuncio_Nulo_Dispara_ArgumentNullException" computerName="BRUNO-PC" duration="00:00:00.0006462" startTime="2012-02-13T22:02:30.9799401-02:00" endTime="2012-02-13T22:02:30.9799401-02:00" testType="13cdc9d9-ddb5-4fa4-a97d-d965ccfc6d4b" outcome="Passed" testListId="8c84fa94-04c1-424b-9868-57a2d4851a1d" relativeResultsDirectory="24524549-40dc-4cbd-b293-461803127ba9">
    </UnitTestResult>
    <UnitTestResult executionId="a07d7309-e023-4830-8b4e-cbfd47e2d578" testId="40efc9ba-5b03-79ea-19e2-a4099dd3d245" testName="Atualizar_Anuncio_Invalido_Dispara_Exception_4_Erros" computerName="BRUNO-PC" duration="00:00:00.0012020" startTime="2012-02-13T22:02:30.9955401-02:00" endTime="2012-02-13T22:02:30.9955401-02:00" testType="13cdc9d9-ddb5-4fa4-a97d-d965ccfc6d4b" outcome="Passed" testListId="8c84fa94-04c1-424b-9868-57a2d4851a1d" relativeResultsDirectory="a07d7309-e023-4830-8b4e-cbfd47e2d578">
    </UnitTestResult>
    <UnitTestResult executionId="3a356414-61ba-44c8-a2d0-fb9f47aad8c3" testId="507bc400-aa75-5aaa-316e-b37eb9fc39ea" testName="Excluir_Anuncio_Nulo_Dispara_ArgumentNullException" computerName="BRUNO-PC" duration="00:00:00.0007817" startTime="2012-02-13T22:02:30.9955401-02:00" endTime="2012-02-13T22:02:31.0111401-02:00" testType="13cdc9d9-ddb5-4fa4-a97d-d965ccfc6d4b" outcome="Passed" testListId="8c84fa94-04c1-424b-9868-57a2d4851a1d" relativeResultsDirectory="3a356414-61ba-44c8-a2d0-fb9f47aad8c3">
    </UnitTestResult>
    <UnitTestResult executionId="cf04e624-8a55-4ef6-860d-22b7b027d0ef" testId="52ef7ad3-9970-2eb4-bb5a-9b5a886a91c8" testName="ObterAnunciosPagosMaisVisitados_Chama_Repositorio" computerName="BRUNO-PC" duration="00:00:00.0027459" startTime="2012-02-13T22:02:31.0111401-02:00" endTime="2012-02-13T22:02:31.0267402-02:00" testType="13cdc9d9-ddb5-4fa4-a97d-d965ccfc6d4b" outcome="Passed" testListId="8c84fa94-04c1-424b-9868-57a2d4851a1d" relativeResultsDirectory="cf04e624-8a55-4ef6-860d-22b7b027d0ef">
    </UnitTestResult>
    <UnitTestResult executionId="b3774104-852e-47b1-b44f-e1fb929ea465" testId="558c8582-095e-bfb9-2f53-2062c3289000" testName="ObterAnuncioPorId_IdAnuncio_Valido_Retorna_Anuncio_Chama_Repositorio_ObterAnuncioPorId" computerName="BRUNO-PC" duration="00:00:00.0077328" startTime="2012-02-13T22:02:31.0267402-02:00" endTime="2012-02-13T22:02:31.0423402-02:00" testType="13cdc9d9-ddb5-4fa4-a97d-d965ccfc6d4b" outcome="Passed" testListId="8c84fa94-04c1-424b-9868-57a2d4851a1d" relativeResultsDirectory="b3774104-852e-47b1-b44f-e1fb929ea465">
    </UnitTestResult>
    <UnitTestResult executionId="9837095f-bc72-4b2a-8b4b-0ec66fc12c6d" testId="6e7b0f4f-2497-cd94-9f27-6094ab263fc2" testName="Atualizar_Plano_Do_Anuncio_Nulo_Dispara_ArgumentNullException" computerName="BRUNO-PC" duration="00:00:00.0006508" startTime="2012-02-13T22:02:31.0423402-02:00" endTime="2012-02-13T22:02:31.0423402-02:00" testType="13cdc9d9-ddb5-4fa4-a97d-d965ccfc6d4b" outcome="Passed" testListId="8c84fa94-04c1-424b-9868-57a2d4851a1d" relativeResultsDirectory="9837095f-bc72-4b2a-8b4b-0ec66fc12c6d">
    </UnitTestResult>
    <UnitTestResult executionId="b706663d-d6de-481f-8a64-fb8faa886260" testId="76e6d2ab-ab65-20c9-3112-22a9f7a90c63" testName="ReprovarAnuncios_Anuncios_Nulo_Dispara_ArgumentNullException" computerName="BRUNO-PC" duration="00:00:00.0006112" startTime="2012-02-13T22:02:31.0579402-02:00" endTime="2012-02-13T22:02:31.0579402-02:00" testType="13cdc9d9-ddb5-4fa4-a97d-d965ccfc6d4b" outcome="Passed" testListId="8c84fa94-04c1-424b-9868-57a2d4851a1d" relativeResultsDirectory="b706663d-d6de-481f-8a64-fb8faa886260">
    </UnitTestResult>
    <UnitTestResult executionId="59c4912a-f371-409e-b791-6080b6608754" testId="79d547cc-b0ed-3488-80d5-1657c757509c" testName="Anunciar_Anuncio_Nulo_Dispara_ArgumentNullException" computerName="BRUNO-PC" duration="00:00:00.0005923" startTime="2012-02-13T22:02:31.0579402-02:00" endTime="2012-02-13T22:02:31.0735402-02:00" testType="13cdc9d9-ddb5-4fa4-a97d-d965ccfc6d4b" outcome="Passed" testListId="8c84fa94-04c1-424b-9868-57a2d4851a1d" relativeResultsDirectory="59c4912a-f371-409e-b791-6080b6608754">
    </UnitTestResult>
    <UnitTestResult executionId="2e4a24f4-55f3-4157-8f60-d1c2fe69a3ab" testId="97229911-b796-dad0-d98d-d029c5aeaddb" testName="ReprovarAnuncio_Anuncio_Valido_Chama_Atualizar_Automovel_Chama_Repositorio" computerName="BRUNO-PC" duration="00:00:00.0035615" startTime="2012-02-13T22:02:31.0735402-02:00" endTime="2012-02-13T22:02:31.0891403-02:00" testType="13cdc9d9-ddb5-4fa4-a97d-d965ccfc6d4b" outcome="Passed" testListId="8c84fa94-04c1-424b-9868-57a2d4851a1d" relativeResultsDirectory="2e4a24f4-55f3-4157-8f60-d1c2fe69a3ab">
    </UnitTestResult>
    <UnitTestResult executionId="675cf8f2-82c3-42ac-a434-3837eaf04b06" testId="9c6a0f53-2c17-8b82-a405-7f606c6cb3c7" testName="ObterAnunciosAguardandoAprovacao_Chama_Repositorio" computerName="BRUNO-PC" duration="00:00:00.0015926" startTime="2012-02-13T22:02:31.0891403-02:00" endTime="2012-02-13T22:02:31.0891403-02:00" testType="13cdc9d9-ddb5-4fa4-a97d-d965ccfc6d4b" outcome="Passed" testListId="8c84fa94-04c1-424b-9868-57a2d4851a1d" relativeResultsDirectory="675cf8f2-82c3-42ac-a434-3837eaf04b06">
    </UnitTestResult>
    <UnitTestResult executionId="db3a8d15-bdee-460d-87a5-6271cba1b613" testId="bfa89df2-b89a-55b8-01e4-8fdadba0ffbe" testName="ObterAnunciosDoAnunciante_Anunciante_Valido_Chama_Repositorio" computerName="BRUNO-PC" duration="00:00:00.0037925" startTime="2012-02-13T22:02:31.1047403-02:00" endTime="2012-02-13T22:02:31.1203403-02:00" testType="13cdc9d9-ddb5-4fa4-a97d-d965ccfc6d4b" outcome="Passed" testListId="8c84fa94-04c1-424b-9868-57a2d4851a1d" relativeResultsDirectory="db3a8d15-bdee-460d-87a5-6271cba1b613">
    </UnitTestResult>
    <UnitTestResult executionId="af283ed4-02a0-46ed-bc54-efdf4d8529df" testId="c13275dc-57fc-17ff-ff62-230946f7fbb0" testName="Anunciar_Anuncio_Invalido_Dispara_Exception_4_Erros" computerName="BRUNO-PC" duration="00:00:00.0017076" startTime="2012-02-13T22:02:31.1203403-02:00" endTime="2012-02-13T22:02:31.1359403-02:00" testType="13cdc9d9-ddb5-4fa4-a97d-d965ccfc6d4b" outcome="Passed" testListId="8c84fa94-04c1-424b-9868-57a2d4851a1d" relativeResultsDirectory="af283ed4-02a0-46ed-bc54-efdf4d8529df">
    </UnitTestResult>
    <UnitTestResult executionId="ed9528b1-ce85-4c2a-b7de-61eed8a547ed" testId="cad04694-1e02-8d29-bfd2-6e0aeb9a106a" testName="Excluir_Anuncio_Valido_Chama_Servico_Excluir_Automovel_Repositorio_Excluir" computerName="BRUNO-PC" duration="00:00:00.0045254" startTime="2012-02-13T22:02:31.1359403-02:00" endTime="2012-02-13T22:02:31.1515404-02:00" testType="13cdc9d9-ddb5-4fa4-a97d-d965ccfc6d4b" outcome="Passed" testListId="8c84fa94-04c1-424b-9868-57a2d4851a1d" relativeResultsDirectory="ed9528b1-ce85-4c2a-b7de-61eed8a547ed">
    </UnitTestResult>
    <UnitTestResult executionId="27b48394-d162-47d9-9006-da71861517ac" testId="ea9dfc70-6011-3821-52f7-17cda4c753fe" testName="AprovarAnuncios_Anuncio_Valido_Chama_Atualizar_Automovel_Chama_Repositorio" computerName="BRUNO-PC" duration="00:00:00.0037853" startTime="2012-02-13T22:02:31.1671404-02:00" endTime="2012-02-13T22:02:31.1671404-02:00" testType="13cdc9d9-ddb5-4fa4-a97d-d965ccfc6d4b" outcome="Passed" testListId="8c84fa94-04c1-424b-9868-57a2d4851a1d" relativeResultsDirectory="27b48394-d162-47d9-9006-da71861517ac">
    </UnitTestResult>
    <UnitTestResult executionId="11533368-0727-4535-ba50-2fc4d3433a2d" testId="ed6c7bd4-5abf-1fa1-b6a1-d0821f49322b" testName="AprovarAnuncios_Anuncios_Nulo_Dispara_ArgumentNullException" computerName="BRUNO-PC" duration="00:00:00.0006359" startTime="2012-02-13T22:02:31.1827404-02:00" endTime="2012-02-13T22:02:31.1827404-02:00" testType="13cdc9d9-ddb5-4fa4-a97d-d965ccfc6d4b" outcome="Passed" testListId="8c84fa94-04c1-424b-9868-57a2d4851a1d" relativeResultsDirectory="11533368-0727-4535-ba50-2fc4d3433a2d">
    </UnitTestResult>
    <UnitTestResult executionId="52df1dcb-c4cc-435b-bc53-833a39491275" testId="f132b02f-2c02-0d4a-f583-b0982ad3f9ed" testName="Atualizar_Anuncio_Valido_Chama_Servico_Atualizar_Automovel_Repositorio_Atualizar" computerName="BRUNO-PC" duration="00:00:00.0034999" startTime="2012-02-13T22:02:31.1827404-02:00" endTime="2012-02-13T22:02:31.1983405-02:00" testType="13cdc9d9-ddb5-4fa4-a97d-d965ccfc6d4b" outcome="Passed" testListId="8c84fa94-04c1-424b-9868-57a2d4851a1d" relativeResultsDirectory="52df1dcb-c4cc-435b-bc53-833a39491275">
    </UnitTestResult>
    <UnitTestResult executionId="0a17896a-0cbd-4c13-b866-3fb707a0d6b0" testId="f521203a-e787-a35b-6759-279fbed2b725" testName="AprovarAnuncio_Anuncio_Valido_Chama_Atualizar_Automovel_Chama_Repositorio" computerName="BRUNO-PC" duration="00:00:00.0055057" startTime="2012-02-13T22:02:31.2451405-02:00" endTime="2012-02-13T22:02:31.2607406-02:00" testType="13cdc9d9-ddb5-4fa4-a97d-d965ccfc6d4b" outcome="Passed" testListId="8c84fa94-04c1-424b-9868-57a2d4851a1d" relativeResultsDirectory="0a17896a-0cbd-4c13-b866-3fb707a0d6b0">
    </UnitTestResult>
    <UnitTestResult executionId="b8f4b64b-a4ab-4fe4-9fca-a9d94ebc6143" testId="f63adf85-9dbb-ac1d-3feb-25c3b3f2dcbb" testName="ObterAnunciosPagosRecentes_Chama_Repositorio" computerName="BRUNO-PC" duration="00:00:00.0016203" startTime="2012-02-13T22:02:31.2607406-02:00" endTime="2012-02-13T22:02:31.2763406-02:00" testType="13cdc9d9-ddb5-4fa4-a97d-d965ccfc6d4b" outcome="Passed" testListId="8c84fa94-04c1-424b-9868-57a2d4851a1d" relativeResultsDirectory="b8f4b64b-a4ab-4fe4-9fca-a9d94ebc6143">
    </UnitTestResult>
    <UnitTestResult executionId="475ff86b-e77e-4af4-a86f-ebf8e1ed207d" testId="f7ada927-d569-b846-f404-de99ea993981" testName="ObterAnunciosPagosEmDestaque_Chama_Repositorio" computerName="BRUNO-PC" duration="00:00:00.0016029" startTime="2012-02-13T22:02:31.2763406-02:00" endTime="2012-02-13T22:02:31.2919406-02:00" testType="13cdc9d9-ddb5-4fa4-a97d-d965ccfc6d4b" outcome="Passed" testListId="8c84fa94-04c1-424b-9868-57a2d4851a1d" relativeResultsDirectory="475ff86b-e77e-4af4-a86f-ebf8e1ed207d">
    </UnitTestResult>
  </Results>
</TestRun>