<?xml version="1.0" encoding="UTF-8"?>
<TestRun id="60787f8d-cb54-410b-b70e-4618c5a9dafe" name="Bruno@BRUNO-PC 2012-01-31 12:58:29" runUser="Bruno-PC\Bruno" xmlns="http://microsoft.com/schemas/VisualStudio/TeamTest/2010">
  <TestSettings name="Local" id="ca88e069-f008-4408-aa18-24caa99d89f1">
    <Description>These are default test settings for a local test run.</Description>
    <Deployment enabled="false" runDeploymentRoot="Bruno_BRUNO-PC 2012-01-31 12_58_29">
      <DeploymentItem filename="C:\Program Files\Moq.4.0.10827\NET40\Moq.dll" />
      <DeploymentItem filename="C:\projetos\ta\TA\Source\TA.Domain\bin\Debug\TA.Domain.dll" />
    </Deployment>
    <Execution>
      <TestTypeSpecific />
      <AgentRule name="Execution Agents">
      </AgentRule>
    </Execution>
  </TestSettings>
  <Times creation="2012-01-31T12:58:29.3609944-02:00" queuing="2012-01-31T12:58:29.4079970-02:00" start="2012-01-31T12:58:29.4239980-02:00" finish="2012-01-31T12:58:30.0910361-02:00" />
  <ResultSummary outcome="Failed">
    <Counters total="1" executed="1" error="0" failed="1" timeout="0" aborted="0" inconclusive="0" passedButRunAborted="0" notRunnable="0" notExecuted="0" disconnected="0" warning="0" passed="0" completed="0" inProgress="0" pending="0" />
  </ResultSummary>
  <TestDefinitions>
    <UnitTest name="Anuciar_Deve_Chamar_Anunciar_Do_Repositorio" storage="c:\projetos\ta\ta\source\ta.domain.test\bin\debug\ta.domain.test.dll" id="5da67bbd-f769-8769-97c1-7356d234ece4">
      <Execution id="3e416b23-a310-4327-9c3f-fea227be7b59" />
      <TestMethod codeBase="C:/projetos/ta/TA/Source/TA.Domain.Test/bin/Debug/TA.Domain.Test.DLL" adapterTypeName="Microsoft.VisualStudio.TestTools.TestTypes.Unit.UnitTestAdapter, Microsoft.VisualStudio.QualityTools.Tips.UnitTest.Adapter, Version=10.0.0.0, Culture=neutral, PublicKeyToken=b03f5f7f11d50a3a" className="TA.Domain.Test.Service.ServicoAnuncioTest, TA.Domain.Test, Version=1.0.0.0, Culture=neutral, PublicKeyToken=null" name="Anuciar_Deve_Chamar_Anunciar_Do_Repositorio" />
    </UnitTest>
  </TestDefinitions>
  <TestLists>
    <TestList name="Results Not in a List" id="8c84fa94-04c1-424b-9868-57a2d4851a1d" />
    <TestList name="All Loaded Results" id="19431567-8539-422a-85d7-44ee4e166bda" />
  </TestLists>
  <TestEntries>
    <TestEntry testId="5da67bbd-f769-8769-97c1-7356d234ece4" executionId="3e416b23-a310-4327-9c3f-fea227be7b59" testListId="8c84fa94-04c1-424b-9868-57a2d4851a1d" />
  </TestEntries>
  <Results>
    <UnitTestResult executionId="3e416b23-a310-4327-9c3f-fea227be7b59" testId="5da67bbd-f769-8769-97c1-7356d234ece4" testName="Anuciar_Deve_Chamar_Anunciar_Do_Repositorio" computerName="BRUNO-PC" duration="00:00:00.3324833" startTime="2012-01-31T12:58:29.4419990-02:00" endTime="2012-01-31T12:58:30.0630345-02:00" testType="13cdc9d9-ddb5-4fa4-a97d-d965ccfc6d4b" outcome="Failed" testListId="8c84fa94-04c1-424b-9868-57a2d4851a1d" relativeResultsDirectory="3e416b23-a310-4327-9c3f-fea227be7b59">
      <Output>
        <ErrorInfo>
          <Message>Test method TA.Domain.Test.Service.ServicoAnuncioTest.Anuciar_Deve_Chamar_Anunciar_Do_Repositorio threw exception: 
Moq.MockException: teste
Expected invocation on the mock should never have been performed, but was 1 times: r =&gt; r.Anuciar(.anuncio)
No setups configured.

Performed invocations:
IRepositorioAnuncio.Anuciar(TA.Domain.Entity.Anuncio)</Message>
          <StackTrace>    at Moq.Mock.ThrowVerifyException(MethodCall expected, IEnumerable`1 setups, IEnumerable`1 actualCalls, Expression expression, Times times, Int32 callCount)
   at Moq.Mock.VerifyCalls(Interceptor targetInterceptor, MethodCall expected, Expression expression, Times times)
   at Moq.Mock.Verify[T](Mock mock, Expression`1 expression, Times times, String failMessage)
   at Moq.Mock`1.Verify(Expression`1 expression, Times times, String failMessage)
   at TA.Domain.Test.Service.ServicoAnuncioTest.Anuciar_Deve_Chamar_Anunciar_Do_Repositorio() in C:\projetos\ta\TA\Source\TA.Domain.Test\Service\ServicoAnuncioTest.cs:line 27
</StackTrace>
        </ErrorInfo>
      </Output>
    </UnitTestResult>
  </Results>
</TestRun>