<?xml version="1.0" encoding="UTF-8"?>
<TestRun id="d8ada8d3-08a1-4b12-9154-d7eeb2d010d0" name="Bruno@BRUNO-PC 2012-02-11 23:07:41" runUser="Bruno-PC\Bruno" xmlns="http://microsoft.com/schemas/VisualStudio/TeamTest/2010">
  <TestSettings name="Local" id="ca88e069-f008-4408-aa18-24caa99d89f1">
    <Description>These are default test settings for a local test run.</Description>
    <Deployment enabled="false" runDeploymentRoot="Bruno_BRUNO-PC 2012-02-11 23_07_41">
      <DeploymentItem filename="C:\Program Files\Moq.4.0.10827\NET40\Moq.dll" />
      <DeploymentItem filename="C:\projetos\ta\TA\Source\TA.Domain\bin\Debug\TA.Domain.dll" />
    </Deployment>
    <Execution>
      <TestTypeSpecific />
      <AgentRule name="Execution Agents">
      </AgentRule>
    </Execution>
  </TestSettings>
  <Times creation="2012-02-11T23:07:41.2360491-02:00" queuing="2012-02-11T23:07:59.6711126-02:00" start="2012-02-11T23:08:00.0811132-02:00" finish="2012-02-11T23:08:55.6553067-02:00" />
  <ResultSummary outcome="Error">
    <Counters total="1" executed="1" error="0" failed="0" timeout="0" aborted="1" inconclusive="0" passedButRunAborted="0" notRunnable="0" notExecuted="0" disconnected="0" warning="0" passed="0" completed="0" inProgress="0" pending="0" />
    <RunInfos>
      <RunInfo computerName="BRUNO-PC" outcome="Error" timestamp="2012-02-11T23:08:55.6453067-02:00">
        <Text>Test host process exited unexpectedly.</Text>
      </RunInfo>
    </RunInfos>
  </ResultSummary>
  <TestDefinitions>
    <UnitTest name="Anunciar_Valido_Chama_Incluir_AnuncianteAutomovel_DataAnuncio_Atual_Status_AguardandoAprovacao" storage="c:\projetos\ta\ta\source\ta.domain.test\bin\debug\ta.domain.test.dll" id="36858c45-f4ad-fdcf-c778-7078bfb62565">
      <Execution id="6a43b12c-c720-4a4a-aed0-0fdedacdebe3" />
      <TestMethod codeBase="C:/projetos/ta/TA/Source/TA.Domain.Test/bin/Debug/TA.Domain.Test.DLL" adapterTypeName="Microsoft.VisualStudio.TestTools.TestTypes.Unit.UnitTestAdapter, Microsoft.VisualStudio.QualityTools.Tips.UnitTest.Adapter, Version=10.0.0.0, Culture=neutral, PublicKeyToken=b03f5f7f11d50a3a" className="TA.Domain.Test.Service.ServicoAnuncioTest, TA.Domain.Test, Version=1.0.0.0, Culture=neutral, PublicKeyToken=null" name="Anunciar_Valido_Chama_Incluir_AnuncianteAutomovel_DataAnuncio_Atual_Status_AguardandoAprovacao" />
    </UnitTest>
  </TestDefinitions>
  <TestLists>
    <TestList name="Results Not in a List" id="8c84fa94-04c1-424b-9868-57a2d4851a1d" />
    <TestList name="All Loaded Results" id="19431567-8539-422a-85d7-44ee4e166bda" />
  </TestLists>
  <TestEntries>
    <TestEntry testId="36858c45-f4ad-fdcf-c778-7078bfb62565" executionId="6a43b12c-c720-4a4a-aed0-0fdedacdebe3" testListId="8c84fa94-04c1-424b-9868-57a2d4851a1d" />
  </TestEntries>
  <Results>
    <UnitTestResult executionId="6a43b12c-c720-4a4a-aed0-0fdedacdebe3" testId="36858c45-f4ad-fdcf-c778-7078bfb62565" testName="Anunciar_Valido_Chama_Incluir_AnuncianteAutomovel_DataAnuncio_Atual_Status_AguardandoAprovacao" computerName="BRUNO-PC" duration="00:00:55.3641932" startTime="2012-02-11T23:08:00.2911135-02:00" endTime="2012-02-11T23:08:55.6553067-02:00" testType="13cdc9d9-ddb5-4fa4-a97d-d965ccfc6d4b" outcome="Aborted" testListId="8c84fa94-04c1-424b-9868-57a2d4851a1d" relativeResultsDirectory="6a43b12c-c720-4a4a-aed0-0fdedacdebe3">
    </UnitTestResult>
  </Results>
</TestRun>