<?xml version="1.0" encoding="UTF-8"?>
<TestRun id="177898b1-281c-4e2f-a804-cdfa7161232f" name="Bruno@BRUNO-PC 2012-02-15 15:12:38" runUser="Bruno-PC\Bruno" xmlns="http://microsoft.com/schemas/VisualStudio/TeamTest/2010">
  <TestSettings name="Local" id="ca88e069-f008-4408-aa18-24caa99d89f1">
    <Description>These are default test settings for a local test run.</Description>
    <Deployment enabled="false" runDeploymentRoot="Bruno_BRUNO-PC 2012-02-15 15_12_38">
      <DeploymentItem filename="C:\Program Files\Moq.4.0.10827\NET40\Moq.dll" />
      <DeploymentItem filename="C:\projetos\ta\TA\Source\TA.Domain\bin\Debug\TA.Domain.dll" />
    </Deployment>
    <Execution>
      <TestTypeSpecific />
      <AgentRule name="Execution Agents">
      </AgentRule>
    </Execution>
  </TestSettings>
  <Times creation="2012-02-15T15:12:38.2317843-02:00" queuing="2012-02-15T15:12:39.4797865-02:00" start="2012-02-15T15:12:39.5265866-02:00" finish="2012-02-15T15:12:40.9494048-02:00" />
  <ResultSummary outcome="Completed">
    <Counters total="50" executed="50" passed="50" error="0" failed="0" timeout="0" aborted="0" inconclusive="0" passedButRunAborted="0" notRunnable="0" notExecuted="0" disconnected="0" warning="0" completed="0" inProgress="0" pending="0" />
  </ResultSummary>
  <TestDefinitions>
    <UnitTest name="Anunciar_Anuncio_Invalido_Dispara_Exception_4_Erros" storage="c:\projetos\ta\ta\source\ta.domain.test\bin\debug\ta.domain.test.dll" id="c13275dc-57fc-17ff-ff62-230946f7fbb0">
      <Execution id="62879618-c48b-465d-b0b0-8e40668e6299" />
      <TestMethod codeBase="C:/projetos/ta/TA/Source/TA.Domain.Test/bin/Debug/TA.Domain.Test.DLL" adapterTypeName="Microsoft.VisualStudio.TestTools.TestTypes.Unit.UnitTestAdapter, Microsoft.VisualStudio.QualityTools.Tips.UnitTest.Adapter, Version=10.0.0.0, Culture=neutral, PublicKeyToken=b03f5f7f11d50a3a" className="TA.Domain.Test.Service.ServicoAnuncioTest, TA.Domain.Test, Version=1.0.0.0, Culture=neutral, PublicKeyToken=null" name="Anunciar_Anuncio_Invalido_Dispara_Exception_4_Erros" />
    </UnitTest>
    <UnitTest name="VisualizarAnuncio_Anuncio_Com_Estatistica_Incrementa_VisualizacoesAnuncio_Chama_Repositorio_Incluir_Atualizar" storage="c:\projetos\ta\ta\source\ta.domain.test\bin\debug\ta.domain.test.dll" id="24cb0af8-b82d-486f-625c-642db0efd894">
      <Execution id="5b126f44-2c86-4d35-aad4-63f2d1ddb9f8" />
      <TestMethod codeBase="C:/projetos/ta/TA/Source/TA.Domain.Test/bin/Debug/TA.Domain.Test.DLL" adapterTypeName="Microsoft.VisualStudio.TestTools.TestTypes.Unit.UnitTestAdapter, Microsoft.VisualStudio.QualityTools.Tips.UnitTest.Adapter, Version=10.0.0.0, Culture=neutral, PublicKeyToken=b03f5f7f11d50a3a" className="TA.Domain.Test.Service.ServicoEstatisticaAnuncioTest, TA.Domain.Test, Version=1.0.0.0, Culture=neutral, PublicKeyToken=null" name="VisualizarAnuncio_Anuncio_Com_Estatistica_Incrementa_VisualizacoesAnuncio_Chama_Repositorio_Incluir_Atualizar" />
    </UnitTest>
    <UnitTest name="Atualizar_Anunciante_Nulo_Dispara_ArgumentNullException" storage="c:\projetos\ta\ta\source\ta.domain.test\bin\debug\ta.domain.test.dll" id="3994a0f8-e9a0-5654-df18-010984dd00cb">
      <Execution id="bf0b1af2-fe57-4344-a175-8714e55f98c8" />
      <TestMethod codeBase="C:/projetos/ta/TA/Source/TA.Domain.Test/bin/Debug/TA.Domain.Test.DLL" adapterTypeName="Microsoft.VisualStudio.TestTools.TestTypes.Unit.UnitTestAdapter, Microsoft.VisualStudio.QualityTools.Tips.UnitTest.Adapter, Version=10.0.0.0, Culture=neutral, PublicKeyToken=b03f5f7f11d50a3a" className="TA.Domain.Test.Service.ServicoAnuncianteTest, TA.Domain.Test, Version=1.0.0.0, Culture=neutral, PublicKeyToken=null" name="Atualizar_Anunciante_Nulo_Dispara_ArgumentNullException" />
    </UnitTest>
    <UnitTest name="ReprovarAnuncios_Anuncios_Nulo_Dispara_ArgumentNullException" storage="c:\projetos\ta\ta\source\ta.domain.test\bin\debug\ta.domain.test.dll" id="76e6d2ab-ab65-20c9-3112-22a9f7a90c63">
      <Execution id="eb1ad7c5-2ec1-476b-8afa-0c5159cf947b" />
      <TestMethod codeBase="C:/projetos/ta/TA/Source/TA.Domain.Test/bin/Debug/TA.Domain.Test.DLL" adapterTypeName="Microsoft.VisualStudio.TestTools.TestTypes.Unit.UnitTestAdapter, Microsoft.VisualStudio.QualityTools.Tips.UnitTest.Adapter, Version=10.0.0.0, Culture=neutral, PublicKeyToken=b03f5f7f11d50a3a" className="TA.Domain.Test.Service.ServicoAnuncioTest, TA.Domain.Test, Version=1.0.0.0, Culture=neutral, PublicKeyToken=null" name="ReprovarAnuncios_Anuncios_Nulo_Dispara_ArgumentNullException" />
    </UnitTest>
    <UnitTest name="Atualizar_Anuncio_Valido_Chama_Servico_Atualizar_Automovel_Repositorio_Atualizar" storage="c:\projetos\ta\ta\source\ta.domain.test\bin\debug\ta.domain.test.dll" id="f132b02f-2c02-0d4a-f583-b0982ad3f9ed">
      <Execution id="b372272a-956e-4a6f-b0b9-848e09eb6415" />
      <TestMethod codeBase="C:/projetos/ta/TA/Source/TA.Domain.Test/bin/Debug/TA.Domain.Test.DLL" adapterTypeName="Microsoft.VisualStudio.TestTools.TestTypes.Unit.UnitTestAdapter, Microsoft.VisualStudio.QualityTools.Tips.UnitTest.Adapter, Version=10.0.0.0, Culture=neutral, PublicKeyToken=b03f5f7f11d50a3a" className="TA.Domain.Test.Service.ServicoAnuncioTest, TA.Domain.Test, Version=1.0.0.0, Culture=neutral, PublicKeyToken=null" name="Atualizar_Anuncio_Valido_Chama_Servico_Atualizar_Automovel_Repositorio_Atualizar" />
    </UnitTest>
    <UnitTest name="Incluir_Anunciante_Valido_Data_Cadastro_DataAtual_Chama_Repositorio_ObterAnuncianteDeEmail_Incluir" storage="c:\projetos\ta\ta\source\ta.domain.test\bin\debug\ta.domain.test.dll" id="6805ab94-39dd-3cef-bd61-b466da305a09">
      <Execution id="9e94aba0-c6b9-437f-9ba9-5a667a6f0eae" />
      <TestMethod codeBase="C:/projetos/ta/TA/Source/TA.Domain.Test/bin/Debug/TA.Domain.Test.DLL" adapterTypeName="Microsoft.VisualStudio.TestTools.TestTypes.Unit.UnitTestAdapter, Microsoft.VisualStudio.QualityTools.Tips.UnitTest.Adapter, Version=10.0.0.0, Culture=neutral, PublicKeyToken=b03f5f7f11d50a3a" className="TA.Domain.Test.Service.ServicoAnuncianteTest, TA.Domain.Test, Version=1.0.0.0, Culture=neutral, PublicKeyToken=null" name="Incluir_Anunciante_Valido_Data_Cadastro_DataAtual_Chama_Repositorio_ObterAnuncianteDeEmail_Incluir" />
    </UnitTest>
    <UnitTest name="ObterAnunciosDoAnunciante_Anunciante_Nulo_Dispara_AgumentNullException" storage="c:\projetos\ta\ta\source\ta.domain.test\bin\debug\ta.domain.test.dll" id="035f9c4d-73ce-6334-978c-a1b53f569549">
      <Execution id="bfc78139-b084-45bf-a63a-a2b532bb2234" />
      <TestMethod codeBase="C:/projetos/ta/TA/Source/TA.Domain.Test/bin/Debug/TA.Domain.Test.DLL" adapterTypeName="Microsoft.VisualStudio.TestTools.TestTypes.Unit.UnitTestAdapter, Microsoft.VisualStudio.QualityTools.Tips.UnitTest.Adapter, Version=10.0.0.0, Culture=neutral, PublicKeyToken=b03f5f7f11d50a3a" className="TA.Domain.Test.Service.ServicoAnuncioTest, TA.Domain.Test, Version=1.0.0.0, Culture=neutral, PublicKeyToken=null" name="ObterAnunciosDoAnunciante_Anunciante_Nulo_Dispara_AgumentNullException" />
    </UnitTest>
    <UnitTest name="ReprovarAnuncio_Anuncio_Valido_Chama_Atualizar_Automovel_Chama_Repositorio" storage="c:\projetos\ta\ta\source\ta.domain.test\bin\debug\ta.domain.test.dll" id="97229911-b796-dad0-d98d-d029c5aeaddb">
      <Execution id="4faac96d-505d-4008-b7b3-dc4b4794768e" />
      <TestMethod codeBase="C:/projetos/ta/TA/Source/TA.Domain.Test/bin/Debug/TA.Domain.Test.DLL" adapterTypeName="Microsoft.VisualStudio.TestTools.TestTypes.Unit.UnitTestAdapter, Microsoft.VisualStudio.QualityTools.Tips.UnitTest.Adapter, Version=10.0.0.0, Culture=neutral, PublicKeyToken=b03f5f7f11d50a3a" className="TA.Domain.Test.Service.ServicoAnuncioTest, TA.Domain.Test, Version=1.0.0.0, Culture=neutral, PublicKeyToken=null" name="ReprovarAnuncio_Anuncio_Valido_Chama_Atualizar_Automovel_Chama_Repositorio" />
    </UnitTest>
    <UnitTest name="Anunciar_Plano_Do_Anuncio_Nulo_Dispara_ArgumentNullException" storage="c:\projetos\ta\ta\source\ta.domain.test\bin\debug\ta.domain.test.dll" id="2035db37-84cf-1aa6-fac6-f9b8dcd4dbbc">
      <Execution id="b56c2943-897b-4052-a0f8-540112a22d0b" />
      <TestMethod codeBase="C:/projetos/ta/TA/Source/TA.Domain.Test/bin/Debug/TA.Domain.Test.DLL" adapterTypeName="Microsoft.VisualStudio.TestTools.TestTypes.Unit.UnitTestAdapter, Microsoft.VisualStudio.QualityTools.Tips.UnitTest.Adapter, Version=10.0.0.0, Culture=neutral, PublicKeyToken=b03f5f7f11d50a3a" className="TA.Domain.Test.Service.ServicoAnuncioTest, TA.Domain.Test, Version=1.0.0.0, Culture=neutral, PublicKeyToken=null" name="Anunciar_Plano_Do_Anuncio_Nulo_Dispara_ArgumentNullException" />
    </UnitTest>
    <UnitTest name="Atualizar_Anunciante_Invalido_Dispara_Exception_5_Erros" storage="c:\projetos\ta\ta\source\ta.domain.test\bin\debug\ta.domain.test.dll" id="317078db-9691-9268-d4c5-016d2ecd56b1">
      <Execution id="8499d278-b147-441e-9c0c-7eec4487298e" />
      <TestMethod codeBase="C:/projetos/ta/TA/Source/TA.Domain.Test/bin/Debug/TA.Domain.Test.DLL" adapterTypeName="Microsoft.VisualStudio.TestTools.TestTypes.Unit.UnitTestAdapter, Microsoft.VisualStudio.QualityTools.Tips.UnitTest.Adapter, Version=10.0.0.0, Culture=neutral, PublicKeyToken=b03f5f7f11d50a3a" className="TA.Domain.Test.Service.ServicoAnuncianteTest, TA.Domain.Test, Version=1.0.0.0, Culture=neutral, PublicKeyToken=null" name="Atualizar_Anunciante_Invalido_Dispara_Exception_5_Erros" />
    </UnitTest>
    <UnitTest name="Incluir_Anunciante_Valido_Email_Ja_Existente_Chamar_Repositorio_ObterObterAnuncianteDeEmail_Dispara_Exception" storage="c:\projetos\ta\ta\source\ta.domain.test\bin\debug\ta.domain.test.dll" id="3018ed9d-8fd8-964d-c204-8a82e8357df9">
      <Execution id="f06968ff-73e1-45f1-978c-ac47b8feeff9" />
      <TestMethod codeBase="C:/projetos/ta/TA/Source/TA.Domain.Test/bin/Debug/TA.Domain.Test.DLL" adapterTypeName="Microsoft.VisualStudio.TestTools.TestTypes.Unit.UnitTestAdapter, Microsoft.VisualStudio.QualityTools.Tips.UnitTest.Adapter, Version=10.0.0.0, Culture=neutral, PublicKeyToken=b03f5f7f11d50a3a" className="TA.Domain.Test.Service.ServicoAnuncianteTest, TA.Domain.Test, Version=1.0.0.0, Culture=neutral, PublicKeyToken=null" name="Incluir_Anunciante_Valido_Email_Ja_Existente_Chamar_Repositorio_ObterObterAnuncianteDeEmail_Dispara_Exception" />
    </UnitTest>
    <UnitTest name="Atualizar_Anunciante_Valido_Email_Ja_Existente_Chamar_Repositorio_ObterObterAnuncianteDeEmail_Dispara_Exception" storage="c:\projetos\ta\ta\source\ta.domain.test\bin\debug\ta.domain.test.dll" id="6cfd783d-220b-e901-f190-5ccc7dfa74fb">
      <Execution id="a8c4a206-d8b0-4f26-aa79-4f7254f4d014" />
      <TestMethod codeBase="C:/projetos/ta/TA/Source/TA.Domain.Test/bin/Debug/TA.Domain.Test.DLL" adapterTypeName="Microsoft.VisualStudio.TestTools.TestTypes.Unit.UnitTestAdapter, Microsoft.VisualStudio.QualityTools.Tips.UnitTest.Adapter, Version=10.0.0.0, Culture=neutral, PublicKeyToken=b03f5f7f11d50a3a" className="TA.Domain.Test.Service.ServicoAnuncianteTest, TA.Domain.Test, Version=1.0.0.0, Culture=neutral, PublicKeyToken=null" name="Atualizar_Anunciante_Valido_Email_Ja_Existente_Chamar_Repositorio_ObterObterAnuncianteDeEmail_Dispara_Exception" />
    </UnitTest>
    <UnitTest name="ObterAnunciosAguardandoAprovacao_Chama_Repositorio" storage="c:\projetos\ta\ta\source\ta.domain.test\bin\debug\ta.domain.test.dll" id="9c6a0f53-2c17-8b82-a405-7f606c6cb3c7">
      <Execution id="a5024d55-ca54-4623-8bdf-ddd1af71cca5" />
      <TestMethod codeBase="C:/projetos/ta/TA/Source/TA.Domain.Test/bin/Debug/TA.Domain.Test.DLL" adapterTypeName="Microsoft.VisualStudio.TestTools.TestTypes.Unit.UnitTestAdapter, Microsoft.VisualStudio.QualityTools.Tips.UnitTest.Adapter, Version=10.0.0.0, Culture=neutral, PublicKeyToken=b03f5f7f11d50a3a" className="TA.Domain.Test.Service.ServicoAnuncioTest, TA.Domain.Test, Version=1.0.0.0, Culture=neutral, PublicKeyToken=null" name="ObterAnunciosAguardandoAprovacao_Chama_Repositorio" />
    </UnitTest>
    <UnitTest name="AprovarAnuncio_Anuncio_Valido_Chama_Atualizar_Automovel_Chama_Repositorio" storage="c:\projetos\ta\ta\source\ta.domain.test\bin\debug\ta.domain.test.dll" id="f521203a-e787-a35b-6759-279fbed2b725">
      <Execution id="599188e2-abf4-437b-be6c-3f1d0475bd23" />
      <TestMethod codeBase="C:/projetos/ta/TA/Source/TA.Domain.Test/bin/Debug/TA.Domain.Test.DLL" adapterTypeName="Microsoft.VisualStudio.TestTools.TestTypes.Unit.UnitTestAdapter, Microsoft.VisualStudio.QualityTools.Tips.UnitTest.Adapter, Version=10.0.0.0, Culture=neutral, PublicKeyToken=b03f5f7f11d50a3a" className="TA.Domain.Test.Service.ServicoAnuncioTest, TA.Domain.Test, Version=1.0.0.0, Culture=neutral, PublicKeyToken=null" name="AprovarAnuncio_Anuncio_Valido_Chama_Atualizar_Automovel_Chama_Repositorio" />
    </UnitTest>
    <UnitTest name="Equals_IEntidade" storage="c:\projetos\ta\ta\source\ta.domain.test\bin\debug\ta.domain.test.dll" id="969da023-8c9f-b875-16db-6921604ffba7">
      <Execution id="a2c9d7a4-9f25-4115-a7a7-a03b6cc7fa2c" />
      <TestMethod codeBase="C:/projetos/ta/TA/Source/TA.Domain.Test/bin/Debug/TA.Domain.Test.DLL" adapterTypeName="Microsoft.VisualStudio.TestTools.TestTypes.Unit.UnitTestAdapter, Microsoft.VisualStudio.QualityTools.Tips.UnitTest.Adapter, Version=10.0.0.0, Culture=neutral, PublicKeyToken=b03f5f7f11d50a3a" className="TA.Domain.Test.Entity.EntidadeBaseTest, TA.Domain.Test, Version=1.0.0.0, Culture=neutral, PublicKeyToken=null" name="Equals_IEntidade" />
    </UnitTest>
    <UnitTest name="Anunciar_Anuncio_Nulo_Dispara_ArgumentNullException" storage="c:\projetos\ta\ta\source\ta.domain.test\bin\debug\ta.domain.test.dll" id="79d547cc-b0ed-3488-80d5-1657c757509c">
      <Execution id="d15c499a-e781-44b2-98d8-43bed5673ef3" />
      <TestMethod codeBase="C:/projetos/ta/TA/Source/TA.Domain.Test/bin/Debug/TA.Domain.Test.DLL" adapterTypeName="Microsoft.VisualStudio.TestTools.TestTypes.Unit.UnitTestAdapter, Microsoft.VisualStudio.QualityTools.Tips.UnitTest.Adapter, Version=10.0.0.0, Culture=neutral, PublicKeyToken=b03f5f7f11d50a3a" className="TA.Domain.Test.Service.ServicoAnuncioTest, TA.Domain.Test, Version=1.0.0.0, Culture=neutral, PublicKeyToken=null" name="Anunciar_Anuncio_Nulo_Dispara_ArgumentNullException" />
    </UnitTest>
    <UnitTest name="Anunciar_Anuncio_Valido_Chama_Servico_Incluir_Anunciante_Automovel__Estatistica_DataAnuncio_Atual_Status_AguardandoAprovacao" storage="c:\projetos\ta\ta\source\ta.domain.test\bin\debug\ta.domain.test.dll" id="92912957-ce61-5b35-500c-dae18f1ba6ad">
      <Execution id="cb02930a-aca0-4ff8-8a45-37ce29cb17ad" />
      <TestMethod codeBase="C:/projetos/ta/TA/Source/TA.Domain.Test/bin/Debug/TA.Domain.Test.DLL" adapterTypeName="Microsoft.VisualStudio.TestTools.TestTypes.Unit.UnitTestAdapter, Microsoft.VisualStudio.QualityTools.Tips.UnitTest.Adapter, Version=10.0.0.0, Culture=neutral, PublicKeyToken=b03f5f7f11d50a3a" className="TA.Domain.Test.Service.ServicoAnuncioTest, TA.Domain.Test, Version=1.0.0.0, Culture=neutral, PublicKeyToken=null" name="Anunciar_Anuncio_Valido_Chama_Servico_Incluir_Anunciante_Automovel__Estatistica_DataAnuncio_Atual_Status_AguardandoAprovacao" />
    </UnitTest>
    <UnitTest name="ObterAnuncioPorId_IdAnuncio_Valido_Retorna_Anuncio_Chama_Repositorio_ObterAnuncioPorId" storage="c:\projetos\ta\ta\source\ta.domain.test\bin\debug\ta.domain.test.dll" id="558c8582-095e-bfb9-2f53-2062c3289000">
      <Execution id="e33d4ab4-9bf7-45c3-b7fc-4a18ba607bd1" />
      <TestMethod codeBase="C:/projetos/ta/TA/Source/TA.Domain.Test/bin/Debug/TA.Domain.Test.DLL" adapterTypeName="Microsoft.VisualStudio.TestTools.TestTypes.Unit.UnitTestAdapter, Microsoft.VisualStudio.QualityTools.Tips.UnitTest.Adapter, Version=10.0.0.0, Culture=neutral, PublicKeyToken=b03f5f7f11d50a3a" className="TA.Domain.Test.Service.ServicoAnuncioTest, TA.Domain.Test, Version=1.0.0.0, Culture=neutral, PublicKeyToken=null" name="ObterAnuncioPorId_IdAnuncio_Valido_Retorna_Anuncio_Chama_Repositorio_ObterAnuncioPorId" />
    </UnitTest>
    <UnitTest name="ObterEstatisticaDoAnuncio_Anuncio_Valido_Chama_Repositorio_ObterEstatisticaDoAnuncio_Retorna_Estatistica" storage="c:\projetos\ta\ta\source\ta.domain.test\bin\debug\ta.domain.test.dll" id="97e72701-6ec0-80c6-26a0-437460ef934c">
      <Execution id="4a915882-4c29-4efd-bb24-ed2d341ae2e2" />
      <TestMethod codeBase="C:/projetos/ta/TA/Source/TA.Domain.Test/bin/Debug/TA.Domain.Test.DLL" adapterTypeName="Microsoft.VisualStudio.TestTools.TestTypes.Unit.UnitTestAdapter, Microsoft.VisualStudio.QualityTools.Tips.UnitTest.Adapter, Version=10.0.0.0, Culture=neutral, PublicKeyToken=b03f5f7f11d50a3a" className="TA.Domain.Test.Service.ServicoEstatisticaAnuncioTest, TA.Domain.Test, Version=1.0.0.0, Culture=neutral, PublicKeyToken=null" name="ObterEstatisticaDoAnuncio_Anuncio_Valido_Chama_Repositorio_ObterEstatisticaDoAnuncio_Retorna_Estatistica" />
    </UnitTest>
    <UnitTest name="ReprovarAnuncios_Anuncio_Valido_Chama_Atualizar_Automovel_Chama_Repositorio" storage="c:\projetos\ta\ta\source\ta.domain.test\bin\debug\ta.domain.test.dll" id="1050d318-6269-40d8-a181-09fce85cf5fd">
      <Execution id="b31ff9f9-fcf5-4b36-8fbf-9d2f05017e30" />
      <TestMethod codeBase="C:/projetos/ta/TA/Source/TA.Domain.Test/bin/Debug/TA.Domain.Test.DLL" adapterTypeName="Microsoft.VisualStudio.TestTools.TestTypes.Unit.UnitTestAdapter, Microsoft.VisualStudio.QualityTools.Tips.UnitTest.Adapter, Version=10.0.0.0, Culture=neutral, PublicKeyToken=b03f5f7f11d50a3a" className="TA.Domain.Test.Service.ServicoAnuncioTest, TA.Domain.Test, Version=1.0.0.0, Culture=neutral, PublicKeyToken=null" name="ReprovarAnuncios_Anuncio_Valido_Chama_Atualizar_Automovel_Chama_Repositorio" />
    </UnitTest>
    <UnitTest name="VisualizarAnuncio_Anuncio_Sem_Estatistica_Dispara_Exception" storage="c:\projetos\ta\ta\source\ta.domain.test\bin\debug\ta.domain.test.dll" id="94fe36e2-ffc3-cb15-3d2e-0f7a84f3d624">
      <Execution id="9b4da206-aa48-460a-836c-03a52156be9e" />
      <TestMethod codeBase="C:/projetos/ta/TA/Source/TA.Domain.Test/bin/Debug/TA.Domain.Test.DLL" adapterTypeName="Microsoft.VisualStudio.TestTools.TestTypes.Unit.UnitTestAdapter, Microsoft.VisualStudio.QualityTools.Tips.UnitTest.Adapter, Version=10.0.0.0, Culture=neutral, PublicKeyToken=b03f5f7f11d50a3a" className="TA.Domain.Test.Service.ServicoEstatisticaAnuncioTest, TA.Domain.Test, Version=1.0.0.0, Culture=neutral, PublicKeyToken=null" name="VisualizarAnuncio_Anuncio_Sem_Estatistica_Dispara_Exception" />
    </UnitTest>
    <UnitTest name="AprovarAnuncio_Anuncio_Nulo_Dispara_ArgumentNullException" storage="c:\projetos\ta\ta\source\ta.domain.test\bin\debug\ta.domain.test.dll" id="1e22ce60-591d-b987-2540-678ed78d9983">
      <Execution id="584c183a-2d6a-4c0d-bf19-e7c869931cea" />
      <TestMethod codeBase="C:/projetos/ta/TA/Source/TA.Domain.Test/bin/Debug/TA.Domain.Test.DLL" adapterTypeName="Microsoft.VisualStudio.TestTools.TestTypes.Unit.UnitTestAdapter, Microsoft.VisualStudio.QualityTools.Tips.UnitTest.Adapter, Version=10.0.0.0, Culture=neutral, PublicKeyToken=b03f5f7f11d50a3a" className="TA.Domain.Test.Service.ServicoAnuncioTest, TA.Domain.Test, Version=1.0.0.0, Culture=neutral, PublicKeyToken=null" name="AprovarAnuncio_Anuncio_Nulo_Dispara_ArgumentNullException" />
    </UnitTest>
    <UnitTest name="ObterAnunciosPagosEmDestaque_Chama_Repositorio" storage="c:\projetos\ta\ta\source\ta.domain.test\bin\debug\ta.domain.test.dll" id="f7ada927-d569-b846-f404-de99ea993981">
      <Execution id="2ad55e6e-bbc9-4725-8eb1-e77726d1477d" />
      <TestMethod codeBase="C:/projetos/ta/TA/Source/TA.Domain.Test/bin/Debug/TA.Domain.Test.DLL" adapterTypeName="Microsoft.VisualStudio.TestTools.TestTypes.Unit.UnitTestAdapter, Microsoft.VisualStudio.QualityTools.Tips.UnitTest.Adapter, Version=10.0.0.0, Culture=neutral, PublicKeyToken=b03f5f7f11d50a3a" className="TA.Domain.Test.Service.ServicoAnuncioTest, TA.Domain.Test, Version=1.0.0.0, Culture=neutral, PublicKeyToken=null" name="ObterAnunciosPagosEmDestaque_Chama_Repositorio" />
    </UnitTest>
    <UnitTest name="Excluir_Anuncio_Nulo_Dispara_ArgumentNullException" storage="c:\projetos\ta\ta\source\ta.domain.test\bin\debug\ta.domain.test.dll" id="507bc400-aa75-5aaa-316e-b37eb9fc39ea">
      <Execution id="47748fff-0700-4fdf-9b99-2eb35b1ad61d" />
      <TestMethod codeBase="C:/projetos/ta/TA/Source/TA.Domain.Test/bin/Debug/TA.Domain.Test.DLL" adapterTypeName="Microsoft.VisualStudio.TestTools.TestTypes.Unit.UnitTestAdapter, Microsoft.VisualStudio.QualityTools.Tips.UnitTest.Adapter, Version=10.0.0.0, Culture=neutral, PublicKeyToken=b03f5f7f11d50a3a" className="TA.Domain.Test.Service.ServicoAnuncioTest, TA.Domain.Test, Version=1.0.0.0, Culture=neutral, PublicKeyToken=null" name="Excluir_Anuncio_Nulo_Dispara_ArgumentNullException" />
    </UnitTest>
    <UnitTest name="Excluir_Anuncio_Valido_Chama_Servico_Excluir_Automovel_Repositorio_Excluir" storage="c:\projetos\ta\ta\source\ta.domain.test\bin\debug\ta.domain.test.dll" id="cad04694-1e02-8d29-bfd2-6e0aeb9a106a">
      <Execution id="97e3ab94-087b-44fe-a6c5-05e961a7912b" />
      <TestMethod codeBase="C:/projetos/ta/TA/Source/TA.Domain.Test/bin/Debug/TA.Domain.Test.DLL" adapterTypeName="Microsoft.VisualStudio.TestTools.TestTypes.Unit.UnitTestAdapter, Microsoft.VisualStudio.QualityTools.Tips.UnitTest.Adapter, Version=10.0.0.0, Culture=neutral, PublicKeyToken=b03f5f7f11d50a3a" className="TA.Domain.Test.Service.ServicoAnuncioTest, TA.Domain.Test, Version=1.0.0.0, Culture=neutral, PublicKeyToken=null" name="Excluir_Anuncio_Valido_Chama_Servico_Excluir_Automovel_Repositorio_Excluir" />
    </UnitTest>
    <UnitTest name="Atualizar_Plano_Do_Anuncio_Nulo_Dispara_ArgumentNullException" storage="c:\projetos\ta\ta\source\ta.domain.test\bin\debug\ta.domain.test.dll" id="6e7b0f4f-2497-cd94-9f27-6094ab263fc2">
      <Execution id="cd2a271a-de23-4a8e-a9a3-dd6e3c8b6478" />
      <TestMethod codeBase="C:/projetos/ta/TA/Source/TA.Domain.Test/bin/Debug/TA.Domain.Test.DLL" adapterTypeName="Microsoft.VisualStudio.TestTools.TestTypes.Unit.UnitTestAdapter, Microsoft.VisualStudio.QualityTools.Tips.UnitTest.Adapter, Version=10.0.0.0, Culture=neutral, PublicKeyToken=b03f5f7f11d50a3a" className="TA.Domain.Test.Service.ServicoAnuncioTest, TA.Domain.Test, Version=1.0.0.0, Culture=neutral, PublicKeyToken=null" name="Atualizar_Plano_Do_Anuncio_Nulo_Dispara_ArgumentNullException" />
    </UnitTest>
    <UnitTest name="Incluir_Anunciante_Invalido_Dispara_Exception_5_Erros" storage="c:\projetos\ta\ta\source\ta.domain.test\bin\debug\ta.domain.test.dll" id="c52bfc8c-70c9-554f-96a6-b3fe4a1a3858">
      <Execution id="52042501-c37b-4a9d-b1e8-c87f374ee83b" />
      <TestMethod codeBase="C:/projetos/ta/TA/Source/TA.Domain.Test/bin/Debug/TA.Domain.Test.DLL" adapterTypeName="Microsoft.VisualStudio.TestTools.TestTypes.Unit.UnitTestAdapter, Microsoft.VisualStudio.QualityTools.Tips.UnitTest.Adapter, Version=10.0.0.0, Culture=neutral, PublicKeyToken=b03f5f7f11d50a3a" className="TA.Domain.Test.Service.ServicoAnuncianteTest, TA.Domain.Test, Version=1.0.0.0, Culture=neutral, PublicKeyToken=null" name="Incluir_Anunciante_Invalido_Dispara_Exception_5_Erros" />
    </UnitTest>
    <UnitTest name="ObterAnunciosDoAnunciante_Anunciante_Valido_Chama_Repositorio" storage="c:\projetos\ta\ta\source\ta.domain.test\bin\debug\ta.domain.test.dll" id="bfa89df2-b89a-55b8-01e4-8fdadba0ffbe">
      <Execution id="087d65c4-418d-4fed-ac54-042e6e348aa4" />
      <TestMethod codeBase="C:/projetos/ta/TA/Source/TA.Domain.Test/bin/Debug/TA.Domain.Test.DLL" adapterTypeName="Microsoft.VisualStudio.TestTools.TestTypes.Unit.UnitTestAdapter, Microsoft.VisualStudio.QualityTools.Tips.UnitTest.Adapter, Version=10.0.0.0, Culture=neutral, PublicKeyToken=b03f5f7f11d50a3a" className="TA.Domain.Test.Service.ServicoAnuncioTest, TA.Domain.Test, Version=1.0.0.0, Culture=neutral, PublicKeyToken=null" name="ObterAnunciosDoAnunciante_Anunciante_Valido_Chama_Repositorio" />
    </UnitTest>
    <UnitTest name="ObterAnunciosPagosMaisVisitados_Chama_Repositorio" storage="c:\projetos\ta\ta\source\ta.domain.test\bin\debug\ta.domain.test.dll" id="52ef7ad3-9970-2eb4-bb5a-9b5a886a91c8">
      <Execution id="672f5f0c-60c9-44b1-9451-6cc985643185" />
      <TestMethod codeBase="C:/projetos/ta/TA/Source/TA.Domain.Test/bin/Debug/TA.Domain.Test.DLL" adapterTypeName="Microsoft.VisualStudio.TestTools.TestTypes.Unit.UnitTestAdapter, Microsoft.VisualStudio.QualityTools.Tips.UnitTest.Adapter, Version=10.0.0.0, Culture=neutral, PublicKeyToken=b03f5f7f11d50a3a" className="TA.Domain.Test.Service.ServicoAnuncioTest, TA.Domain.Test, Version=1.0.0.0, Culture=neutral, PublicKeyToken=null" name="ObterAnunciosPagosMaisVisitados_Chama_Repositorio" />
    </UnitTest>
    <UnitTest name="Equals_Object" storage="c:\projetos\ta\ta\source\ta.domain.test\bin\debug\ta.domain.test.dll" id="e5bab2dd-bd5d-15fa-c77b-e3326ef3c0bb">
      <Execution id="a25b6f9e-4c93-4c37-baf0-aa18285b6852" />
      <TestMethod codeBase="C:/projetos/ta/TA/Source/TA.Domain.Test/bin/Debug/TA.Domain.Test.DLL" adapterTypeName="Microsoft.VisualStudio.TestTools.TestTypes.Unit.UnitTestAdapter, Microsoft.VisualStudio.QualityTools.Tips.UnitTest.Adapter, Version=10.0.0.0, Culture=neutral, PublicKeyToken=b03f5f7f11d50a3a" className="TA.Domain.Test.Entity.EntidadeBaseTest, TA.Domain.Test, Version=1.0.0.0, Culture=neutral, PublicKeyToken=null" name="Equals_Object" />
    </UnitTest>
    <UnitTest name="Incluir_Anunciante_Nulo_Dispara_ArgumentNullException" storage="c:\projetos\ta\ta\source\ta.domain.test\bin\debug\ta.domain.test.dll" id="119dda2e-9bf6-50fb-a1d4-1eba5642b966">
      <Execution id="8ca69566-7dd2-4157-854d-8e863fa07f10" />
      <TestMethod codeBase="C:/projetos/ta/TA/Source/TA.Domain.Test/bin/Debug/TA.Domain.Test.DLL" adapterTypeName="Microsoft.VisualStudio.TestTools.TestTypes.Unit.UnitTestAdapter, Microsoft.VisualStudio.QualityTools.Tips.UnitTest.Adapter, Version=10.0.0.0, Culture=neutral, PublicKeyToken=b03f5f7f11d50a3a" className="TA.Domain.Test.Service.ServicoAnuncianteTest, TA.Domain.Test, Version=1.0.0.0, Culture=neutral, PublicKeyToken=null" name="Incluir_Anunciante_Nulo_Dispara_ArgumentNullException" />
    </UnitTest>
    <UnitTest name="Atualizar_Anuncio_Nulo_Dispara_ArgumentNullException" storage="c:\projetos\ta\ta\source\ta.domain.test\bin\debug\ta.domain.test.dll" id="1f672b39-1806-9c26-6eda-a31d7ae11955">
      <Execution id="e0761d92-8d85-4a0f-bd7a-eb18e56d5a58" />
      <TestMethod codeBase="C:/projetos/ta/TA/Source/TA.Domain.Test/bin/Debug/TA.Domain.Test.DLL" adapterTypeName="Microsoft.VisualStudio.TestTools.TestTypes.Unit.UnitTestAdapter, Microsoft.VisualStudio.QualityTools.Tips.UnitTest.Adapter, Version=10.0.0.0, Culture=neutral, PublicKeyToken=b03f5f7f11d50a3a" className="TA.Domain.Test.Service.ServicoAnuncioTest, TA.Domain.Test, Version=1.0.0.0, Culture=neutral, PublicKeyToken=null" name="Atualizar_Anuncio_Nulo_Dispara_ArgumentNullException" />
    </UnitTest>
    <UnitTest name="ReprovarAnuncio_Anuncio_Nulo_Dispara_ArgumentNullException" storage="c:\projetos\ta\ta\source\ta.domain.test\bin\debug\ta.domain.test.dll" id="0837304d-2f65-a4ab-d7e4-9f233dfdfcd5">
      <Execution id="b0261a64-cd2a-48a6-893a-50961ce23c33" />
      <TestMethod codeBase="C:/projetos/ta/TA/Source/TA.Domain.Test/bin/Debug/TA.Domain.Test.DLL" adapterTypeName="Microsoft.VisualStudio.TestTools.TestTypes.Unit.UnitTestAdapter, Microsoft.VisualStudio.QualityTools.Tips.UnitTest.Adapter, Version=10.0.0.0, Culture=neutral, PublicKeyToken=b03f5f7f11d50a3a" className="TA.Domain.Test.Service.ServicoAnuncioTest, TA.Domain.Test, Version=1.0.0.0, Culture=neutral, PublicKeyToken=null" name="ReprovarAnuncio_Anuncio_Nulo_Dispara_ArgumentNullException" />
    </UnitTest>
    <UnitTest name="EntidadeBase_GetHashCode" storage="c:\projetos\ta\ta\source\ta.domain.test\bin\debug\ta.domain.test.dll" id="75e70564-4cca-c887-d143-2c7ba827d467">
      <Execution id="349a0343-34ef-42f5-94c7-dc600a8a0fe4" />
      <TestMethod codeBase="C:/projetos/ta/TA/Source/TA.Domain.Test/bin/Debug/TA.Domain.Test.DLL" adapterTypeName="Microsoft.VisualStudio.TestTools.TestTypes.Unit.UnitTestAdapter, Microsoft.VisualStudio.QualityTools.Tips.UnitTest.Adapter, Version=10.0.0.0, Culture=neutral, PublicKeyToken=b03f5f7f11d50a3a" className="TA.Domain.Test.Entity.EntidadeBaseTest, TA.Domain.Test, Version=1.0.0.0, Culture=neutral, PublicKeyToken=null" name="EntidadeBase_GetHashCode" />
    </UnitTest>
    <UnitTest name="Anunciar_Automovel_Do_Anuncio_Nulo_Dispara_ArgumentNullException" storage="c:\projetos\ta\ta\source\ta.domain.test\bin\debug\ta.domain.test.dll" id="390bbc68-48f5-2f65-9c12-e0d36ebebd78">
      <Execution id="66c48ec3-1fb9-46aa-a88f-3a7c8a194716" />
      <TestMethod codeBase="C:/projetos/ta/TA/Source/TA.Domain.Test/bin/Debug/TA.Domain.Test.DLL" adapterTypeName="Microsoft.VisualStudio.TestTools.TestTypes.Unit.UnitTestAdapter, Microsoft.VisualStudio.QualityTools.Tips.UnitTest.Adapter, Version=10.0.0.0, Culture=neutral, PublicKeyToken=b03f5f7f11d50a3a" className="TA.Domain.Test.Service.ServicoAnuncioTest, TA.Domain.Test, Version=1.0.0.0, Culture=neutral, PublicKeyToken=null" name="Anunciar_Automovel_Do_Anuncio_Nulo_Dispara_ArgumentNullException" />
    </UnitTest>
    <UnitTest name="Atualizar_Anunciante_Valido_Chama_Repositorio_ObterAnuncianteDeEmail_Atualizar" storage="c:\projetos\ta\ta\source\ta.domain.test\bin\debug\ta.domain.test.dll" id="a9e3d1b9-6113-4eed-6424-60b5e638432f">
      <Execution id="46057253-c46d-46e7-b98b-5f9e22eade0d" />
      <TestMethod codeBase="C:/projetos/ta/TA/Source/TA.Domain.Test/bin/Debug/TA.Domain.Test.DLL" adapterTypeName="Microsoft.VisualStudio.TestTools.TestTypes.Unit.UnitTestAdapter, Microsoft.VisualStudio.QualityTools.Tips.UnitTest.Adapter, Version=10.0.0.0, Culture=neutral, PublicKeyToken=b03f5f7f11d50a3a" className="TA.Domain.Test.Service.ServicoAnuncianteTest, TA.Domain.Test, Version=1.0.0.0, Culture=neutral, PublicKeyToken=null" name="Atualizar_Anunciante_Valido_Chama_Repositorio_ObterAnuncianteDeEmail_Atualizar" />
    </UnitTest>
    <UnitTest name="AprovarAnuncios_Anuncio_Valido_Chama_Atualizar_Automovel_Chama_Repositorio" storage="c:\projetos\ta\ta\source\ta.domain.test\bin\debug\ta.domain.test.dll" id="ea9dfc70-6011-3821-52f7-17cda4c753fe">
      <Execution id="8afd6fed-b4e9-4674-8252-543a24f8c12d" />
      <TestMethod codeBase="C:/projetos/ta/TA/Source/TA.Domain.Test/bin/Debug/TA.Domain.Test.DLL" adapterTypeName="Microsoft.VisualStudio.TestTools.TestTypes.Unit.UnitTestAdapter, Microsoft.VisualStudio.QualityTools.Tips.UnitTest.Adapter, Version=10.0.0.0, Culture=neutral, PublicKeyToken=b03f5f7f11d50a3a" className="TA.Domain.Test.Service.ServicoAnuncioTest, TA.Domain.Test, Version=1.0.0.0, Culture=neutral, PublicKeyToken=null" name="AprovarAnuncios_Anuncio_Valido_Chama_Atualizar_Automovel_Chama_Repositorio" />
    </UnitTest>
    <UnitTest name="Atualizar_Anuncio_Invalido_Dispara_Exception_4_Erros" storage="c:\projetos\ta\ta\source\ta.domain.test\bin\debug\ta.domain.test.dll" id="40efc9ba-5b03-79ea-19e2-a4099dd3d245">
      <Execution id="47260dc6-8244-4a7d-9e74-ba4b25c9d585" />
      <TestMethod codeBase="C:/projetos/ta/TA/Source/TA.Domain.Test/bin/Debug/TA.Domain.Test.DLL" adapterTypeName="Microsoft.VisualStudio.TestTools.TestTypes.Unit.UnitTestAdapter, Microsoft.VisualStudio.QualityTools.Tips.UnitTest.Adapter, Version=10.0.0.0, Culture=neutral, PublicKeyToken=b03f5f7f11d50a3a" className="TA.Domain.Test.Service.ServicoAnuncioTest, TA.Domain.Test, Version=1.0.0.0, Culture=neutral, PublicKeyToken=null" name="Atualizar_Anuncio_Invalido_Dispara_Exception_4_Erros" />
    </UnitTest>
    <UnitTest name="VisualizarTelefoneDoAnuncio_Anuncio_Com_Estatistica_Incrementa_VisualizacoesTelefone_Chama_Repositorio_Incluir_Atualizar" storage="c:\projetos\ta\ta\source\ta.domain.test\bin\debug\ta.domain.test.dll" id="b31beb67-37f4-28f3-bcb3-a2ab7248a710">
      <Execution id="2894c1a7-bc91-4223-b3ad-1662e9859e16" />
      <TestMethod codeBase="C:/projetos/ta/TA/Source/TA.Domain.Test/bin/Debug/TA.Domain.Test.DLL" adapterTypeName="Microsoft.VisualStudio.TestTools.TestTypes.Unit.UnitTestAdapter, Microsoft.VisualStudio.QualityTools.Tips.UnitTest.Adapter, Version=10.0.0.0, Culture=neutral, PublicKeyToken=b03f5f7f11d50a3a" className="TA.Domain.Test.Service.ServicoEstatisticaAnuncioTest, TA.Domain.Test, Version=1.0.0.0, Culture=neutral, PublicKeyToken=null" name="VisualizarTelefoneDoAnuncio_Anuncio_Com_Estatistica_Incrementa_VisualizacoesTelefone_Chama_Repositorio_Incluir_Atualizar" />
    </UnitTest>
    <UnitTest name="AprovarAnuncios_Anuncios_Nulo_Dispara_ArgumentNullException" storage="c:\projetos\ta\ta\source\ta.domain.test\bin\debug\ta.domain.test.dll" id="ed6c7bd4-5abf-1fa1-b6a1-d0821f49322b">
      <Execution id="a1e3d877-c73c-4156-b9f3-4fc16f473b75" />
      <TestMethod codeBase="C:/projetos/ta/TA/Source/TA.Domain.Test/bin/Debug/TA.Domain.Test.DLL" adapterTypeName="Microsoft.VisualStudio.TestTools.TestTypes.Unit.UnitTestAdapter, Microsoft.VisualStudio.QualityTools.Tips.UnitTest.Adapter, Version=10.0.0.0, Culture=neutral, PublicKeyToken=b03f5f7f11d50a3a" className="TA.Domain.Test.Service.ServicoAnuncioTest, TA.Domain.Test, Version=1.0.0.0, Culture=neutral, PublicKeyToken=null" name="AprovarAnuncios_Anuncios_Nulo_Dispara_ArgumentNullException" />
    </UnitTest>
    <UnitTest name="CompareTo_IEntidade" storage="c:\projetos\ta\ta\source\ta.domain.test\bin\debug\ta.domain.test.dll" id="bc34b4ea-b829-9040-ba44-b2ff98a49058">
      <Execution id="61e975b8-0bfd-469d-b43c-9f614224aa70" />
      <TestMethod codeBase="C:/projetos/ta/TA/Source/TA.Domain.Test/bin/Debug/TA.Domain.Test.DLL" adapterTypeName="Microsoft.VisualStudio.TestTools.TestTypes.Unit.UnitTestAdapter, Microsoft.VisualStudio.QualityTools.Tips.UnitTest.Adapter, Version=10.0.0.0, Culture=neutral, PublicKeyToken=b03f5f7f11d50a3a" className="TA.Domain.Test.Entity.EntidadeBaseTest, TA.Domain.Test, Version=1.0.0.0, Culture=neutral, PublicKeyToken=null" name="CompareTo_IEntidade" />
    </UnitTest>
    <UnitTest name="VisualizarAnuncio_Anuncio_Nulo_Dispara_ArgumentNullException" storage="c:\projetos\ta\ta\source\ta.domain.test\bin\debug\ta.domain.test.dll" id="29ef24f2-e529-a5e7-b714-462ba0a14230">
      <Execution id="b910cdca-9a4e-407b-acd6-f24d0d4702e1" />
      <TestMethod codeBase="C:/projetos/ta/TA/Source/TA.Domain.Test/bin/Debug/TA.Domain.Test.DLL" adapterTypeName="Microsoft.VisualStudio.TestTools.TestTypes.Unit.UnitTestAdapter, Microsoft.VisualStudio.QualityTools.Tips.UnitTest.Adapter, Version=10.0.0.0, Culture=neutral, PublicKeyToken=b03f5f7f11d50a3a" className="TA.Domain.Test.Service.ServicoEstatisticaAnuncioTest, TA.Domain.Test, Version=1.0.0.0, Culture=neutral, PublicKeyToken=null" name="VisualizarAnuncio_Anuncio_Nulo_Dispara_ArgumentNullException" />
    </UnitTest>
    <UnitTest name="VisualizarTelefoneDoAnuncio_Anuncio_Nulo_Dispara_ArgumentNullException" storage="c:\projetos\ta\ta\source\ta.domain.test\bin\debug\ta.domain.test.dll" id="1d736319-6bca-5716-23e3-8a08b40761d6">
      <Execution id="262df166-c7d1-4acc-bd91-880ad24903de" />
      <TestMethod codeBase="C:/projetos/ta/TA/Source/TA.Domain.Test/bin/Debug/TA.Domain.Test.DLL" adapterTypeName="Microsoft.VisualStudio.TestTools.TestTypes.Unit.UnitTestAdapter, Microsoft.VisualStudio.QualityTools.Tips.UnitTest.Adapter, Version=10.0.0.0, Culture=neutral, PublicKeyToken=b03f5f7f11d50a3a" className="TA.Domain.Test.Service.ServicoEstatisticaAnuncioTest, TA.Domain.Test, Version=1.0.0.0, Culture=neutral, PublicKeyToken=null" name="VisualizarTelefoneDoAnuncio_Anuncio_Nulo_Dispara_ArgumentNullException" />
    </UnitTest>
    <UnitTest name="Incluir_Anunciante_Valido_Menor_18_Anos_Dispara_Exception_1_Erro" storage="c:\projetos\ta\ta\source\ta.domain.test\bin\debug\ta.domain.test.dll" id="3a72f60a-007d-f1f2-9ee4-d1b5cdf2a20d">
      <Execution id="47dc971b-f7ee-4521-9ced-1119059c5c3b" />
      <TestMethod codeBase="C:/projetos/ta/TA/Source/TA.Domain.Test/bin/Debug/TA.Domain.Test.DLL" adapterTypeName="Microsoft.VisualStudio.TestTools.TestTypes.Unit.UnitTestAdapter, Microsoft.VisualStudio.QualityTools.Tips.UnitTest.Adapter, Version=10.0.0.0, Culture=neutral, PublicKeyToken=b03f5f7f11d50a3a" className="TA.Domain.Test.Service.ServicoAnuncianteTest, TA.Domain.Test, Version=1.0.0.0, Culture=neutral, PublicKeyToken=null" name="Incluir_Anunciante_Valido_Menor_18_Anos_Dispara_Exception_1_Erro" />
    </UnitTest>
    <UnitTest name="Atualizar_Anunciante_Valido_Menor_18_Anos_Dispara_Exception_1_Erro" storage="c:\projetos\ta\ta\source\ta.domain.test\bin\debug\ta.domain.test.dll" id="a874cf8f-134e-5e5d-928e-76ca64bcc9e8">
      <Execution id="910f0946-7d93-4906-92a4-ea6f760a8968" />
      <TestMethod codeBase="C:/projetos/ta/TA/Source/TA.Domain.Test/bin/Debug/TA.Domain.Test.DLL" adapterTypeName="Microsoft.VisualStudio.TestTools.TestTypes.Unit.UnitTestAdapter, Microsoft.VisualStudio.QualityTools.Tips.UnitTest.Adapter, Version=10.0.0.0, Culture=neutral, PublicKeyToken=b03f5f7f11d50a3a" className="TA.Domain.Test.Service.ServicoAnuncianteTest, TA.Domain.Test, Version=1.0.0.0, Culture=neutral, PublicKeyToken=null" name="Atualizar_Anunciante_Valido_Menor_18_Anos_Dispara_Exception_1_Erro" />
    </UnitTest>
    <UnitTest name="ObterAnunciosPagosRecentes_Chama_Repositorio" storage="c:\projetos\ta\ta\source\ta.domain.test\bin\debug\ta.domain.test.dll" id="f63adf85-9dbb-ac1d-3feb-25c3b3f2dcbb">
      <Execution id="1bb4c9a4-7e73-4e18-b479-9944a16835e2" />
      <TestMethod codeBase="C:/projetos/ta/TA/Source/TA.Domain.Test/bin/Debug/TA.Domain.Test.DLL" adapterTypeName="Microsoft.VisualStudio.TestTools.TestTypes.Unit.UnitTestAdapter, Microsoft.VisualStudio.QualityTools.Tips.UnitTest.Adapter, Version=10.0.0.0, Culture=neutral, PublicKeyToken=b03f5f7f11d50a3a" className="TA.Domain.Test.Service.ServicoAnuncioTest, TA.Domain.Test, Version=1.0.0.0, Culture=neutral, PublicKeyToken=null" name="ObterAnunciosPagosRecentes_Chama_Repositorio" />
    </UnitTest>
    <UnitTest name="Atualizar_Automovel_Do_Anuncio_Nulo_Dispara_ArgumentNullException" storage="c:\projetos\ta\ta\source\ta.domain.test\bin\debug\ta.domain.test.dll" id="20cd389a-6553-d208-12b3-2bd9c2907e57">
      <Execution id="1d138120-8ac0-4000-a509-2a934da3d9af" />
      <TestMethod codeBase="C:/projetos/ta/TA/Source/TA.Domain.Test/bin/Debug/TA.Domain.Test.DLL" adapterTypeName="Microsoft.VisualStudio.TestTools.TestTypes.Unit.UnitTestAdapter, Microsoft.VisualStudio.QualityTools.Tips.UnitTest.Adapter, Version=10.0.0.0, Culture=neutral, PublicKeyToken=b03f5f7f11d50a3a" className="TA.Domain.Test.Service.ServicoAnuncioTest, TA.Domain.Test, Version=1.0.0.0, Culture=neutral, PublicKeyToken=null" name="Atualizar_Automovel_Do_Anuncio_Nulo_Dispara_ArgumentNullException" />
    </UnitTest>
    <UnitTest name="VisualizarTelefoneDoAnuncio_Anuncio_Sem_Estatistica_Dispara_Exception" storage="c:\projetos\ta\ta\source\ta.domain.test\bin\debug\ta.domain.test.dll" id="6d23e57b-2288-52d8-b544-ecf2ccb57996">
      <Execution id="e73e80f7-76fe-412e-9291-0cfed5b7b2f3" />
      <TestMethod codeBase="C:/projetos/ta/TA/Source/TA.Domain.Test/bin/Debug/TA.Domain.Test.DLL" adapterTypeName="Microsoft.VisualStudio.TestTools.TestTypes.Unit.UnitTestAdapter, Microsoft.VisualStudio.QualityTools.Tips.UnitTest.Adapter, Version=10.0.0.0, Culture=neutral, PublicKeyToken=b03f5f7f11d50a3a" className="TA.Domain.Test.Service.ServicoEstatisticaAnuncioTest, TA.Domain.Test, Version=1.0.0.0, Culture=neutral, PublicKeyToken=null" name="VisualizarTelefoneDoAnuncio_Anuncio_Sem_Estatistica_Dispara_Exception" />
    </UnitTest>
    <UnitTest name="ObterEstatisticaDoAnuncio_Anuncio_Nulo_Dispara_ArgumentNullException" storage="c:\projetos\ta\ta\source\ta.domain.test\bin\debug\ta.domain.test.dll" id="a2a42f5b-40f4-79b8-5f7c-f93e8adb71f2">
      <Execution id="e450265a-1c73-4e38-a758-0956552b2416" />
      <TestMethod codeBase="C:/projetos/ta/TA/Source/TA.Domain.Test/bin/Debug/TA.Domain.Test.DLL" adapterTypeName="Microsoft.VisualStudio.TestTools.TestTypes.Unit.UnitTestAdapter, Microsoft.VisualStudio.QualityTools.Tips.UnitTest.Adapter, Version=10.0.0.0, Culture=neutral, PublicKeyToken=b03f5f7f11d50a3a" className="TA.Domain.Test.Service.ServicoEstatisticaAnuncioTest, TA.Domain.Test, Version=1.0.0.0, Culture=neutral, PublicKeyToken=null" name="ObterEstatisticaDoAnuncio_Anuncio_Nulo_Dispara_ArgumentNullException" />
    </UnitTest>
    <UnitTest name="ObterAnuncioPorId_IdAnuncio_Invalido_Retorna_Nulo_Chama_Repositorio_ObterAnuncioPorId" storage="c:\projetos\ta\ta\source\ta.domain.test\bin\debug\ta.domain.test.dll" id="2c02e664-5ddb-cb9e-a810-363235a122e5">
      <Execution id="a70e9e22-c002-4bb4-b36d-2af67a328bca" />
      <TestMethod codeBase="C:/projetos/ta/TA/Source/TA.Domain.Test/bin/Debug/TA.Domain.Test.DLL" adapterTypeName="Microsoft.VisualStudio.TestTools.TestTypes.Unit.UnitTestAdapter, Microsoft.VisualStudio.QualityTools.Tips.UnitTest.Adapter, Version=10.0.0.0, Culture=neutral, PublicKeyToken=b03f5f7f11d50a3a" className="TA.Domain.Test.Service.ServicoAnuncioTest, TA.Domain.Test, Version=1.0.0.0, Culture=neutral, PublicKeyToken=null" name="ObterAnuncioPorId_IdAnuncio_Invalido_Retorna_Nulo_Chama_Repositorio_ObterAnuncioPorId" />
    </UnitTest>
  </TestDefinitions>
  <TestLists>
    <TestList name="Results Not in a List" id="8c84fa94-04c1-424b-9868-57a2d4851a1d" />
    <TestList name="All Loaded Results" id="19431567-8539-422a-85d7-44ee4e166bda" />
  </TestLists>
  <TestEntries>
    <TestEntry testId="035f9c4d-73ce-6334-978c-a1b53f569549" executionId="bfc78139-b084-45bf-a63a-a2b532bb2234" testListId="8c84fa94-04c1-424b-9868-57a2d4851a1d" />
    <TestEntry testId="0837304d-2f65-a4ab-d7e4-9f233dfdfcd5" executionId="b0261a64-cd2a-48a6-893a-50961ce23c33" testListId="8c84fa94-04c1-424b-9868-57a2d4851a1d" />
    <TestEntry testId="1050d318-6269-40d8-a181-09fce85cf5fd" executionId="b31ff9f9-fcf5-4b36-8fbf-9d2f05017e30" testListId="8c84fa94-04c1-424b-9868-57a2d4851a1d" />
    <TestEntry testId="119dda2e-9bf6-50fb-a1d4-1eba5642b966" executionId="8ca69566-7dd2-4157-854d-8e863fa07f10" testListId="8c84fa94-04c1-424b-9868-57a2d4851a1d" />
    <TestEntry testId="1d736319-6bca-5716-23e3-8a08b40761d6" executionId="262df166-c7d1-4acc-bd91-880ad24903de" testListId="8c84fa94-04c1-424b-9868-57a2d4851a1d" />
    <TestEntry testId="1e22ce60-591d-b987-2540-678ed78d9983" executionId="584c183a-2d6a-4c0d-bf19-e7c869931cea" testListId="8c84fa94-04c1-424b-9868-57a2d4851a1d" />
    <TestEntry testId="1f672b39-1806-9c26-6eda-a31d7ae11955" executionId="e0761d92-8d85-4a0f-bd7a-eb18e56d5a58" testListId="8c84fa94-04c1-424b-9868-57a2d4851a1d" />
    <TestEntry testId="2035db37-84cf-1aa6-fac6-f9b8dcd4dbbc" executionId="b56c2943-897b-4052-a0f8-540112a22d0b" testListId="8c84fa94-04c1-424b-9868-57a2d4851a1d" />
    <TestEntry testId="20cd389a-6553-d208-12b3-2bd9c2907e57" executionId="1d138120-8ac0-4000-a509-2a934da3d9af" testListId="8c84fa94-04c1-424b-9868-57a2d4851a1d" />
    <TestEntry testId="24cb0af8-b82d-486f-625c-642db0efd894" executionId="5b126f44-2c86-4d35-aad4-63f2d1ddb9f8" testListId="8c84fa94-04c1-424b-9868-57a2d4851a1d" />
    <TestEntry testId="29ef24f2-e529-a5e7-b714-462ba0a14230" executionId="b910cdca-9a4e-407b-acd6-f24d0d4702e1" testListId="8c84fa94-04c1-424b-9868-57a2d4851a1d" />
    <TestEntry testId="2c02e664-5ddb-cb9e-a810-363235a122e5" executionId="a70e9e22-c002-4bb4-b36d-2af67a328bca" testListId="8c84fa94-04c1-424b-9868-57a2d4851a1d" />
    <TestEntry testId="3018ed9d-8fd8-964d-c204-8a82e8357df9" executionId="f06968ff-73e1-45f1-978c-ac47b8feeff9" testListId="8c84fa94-04c1-424b-9868-57a2d4851a1d" />
    <TestEntry testId="317078db-9691-9268-d4c5-016d2ecd56b1" executionId="8499d278-b147-441e-9c0c-7eec4487298e" testListId="8c84fa94-04c1-424b-9868-57a2d4851a1d" />
    <TestEntry testId="390bbc68-48f5-2f65-9c12-e0d36ebebd78" executionId="66c48ec3-1fb9-46aa-a88f-3a7c8a194716" testListId="8c84fa94-04c1-424b-9868-57a2d4851a1d" />
    <TestEntry testId="3994a0f8-e9a0-5654-df18-010984dd00cb" executionId="bf0b1af2-fe57-4344-a175-8714e55f98c8" testListId="8c84fa94-04c1-424b-9868-57a2d4851a1d" />
    <TestEntry testId="3a72f60a-007d-f1f2-9ee4-d1b5cdf2a20d" executionId="47dc971b-f7ee-4521-9ced-1119059c5c3b" testListId="8c84fa94-04c1-424b-9868-57a2d4851a1d" />
    <TestEntry testId="40efc9ba-5b03-79ea-19e2-a4099dd3d245" executionId="47260dc6-8244-4a7d-9e74-ba4b25c9d585" testListId="8c84fa94-04c1-424b-9868-57a2d4851a1d" />
    <TestEntry testId="507bc400-aa75-5aaa-316e-b37eb9fc39ea" executionId="47748fff-0700-4fdf-9b99-2eb35b1ad61d" testListId="8c84fa94-04c1-424b-9868-57a2d4851a1d" />
    <TestEntry testId="52ef7ad3-9970-2eb4-bb5a-9b5a886a91c8" executionId="672f5f0c-60c9-44b1-9451-6cc985643185" testListId="8c84fa94-04c1-424b-9868-57a2d4851a1d" />
    <TestEntry testId="558c8582-095e-bfb9-2f53-2062c3289000" executionId="e33d4ab4-9bf7-45c3-b7fc-4a18ba607bd1" testListId="8c84fa94-04c1-424b-9868-57a2d4851a1d" />
    <TestEntry testId="6805ab94-39dd-3cef-bd61-b466da305a09" executionId="9e94aba0-c6b9-437f-9ba9-5a667a6f0eae" testListId="8c84fa94-04c1-424b-9868-57a2d4851a1d" />
    <TestEntry testId="6cfd783d-220b-e901-f190-5ccc7dfa74fb" executionId="a8c4a206-d8b0-4f26-aa79-4f7254f4d014" testListId="8c84fa94-04c1-424b-9868-57a2d4851a1d" />
    <TestEntry testId="6d23e57b-2288-52d8-b544-ecf2ccb57996" executionId="e73e80f7-76fe-412e-9291-0cfed5b7b2f3" testListId="8c84fa94-04c1-424b-9868-57a2d4851a1d" />
    <TestEntry testId="6e7b0f4f-2497-cd94-9f27-6094ab263fc2" executionId="cd2a271a-de23-4a8e-a9a3-dd6e3c8b6478" testListId="8c84fa94-04c1-424b-9868-57a2d4851a1d" />
    <TestEntry testId="75e70564-4cca-c887-d143-2c7ba827d467" executionId="349a0343-34ef-42f5-94c7-dc600a8a0fe4" testListId="8c84fa94-04c1-424b-9868-57a2d4851a1d" />
    <TestEntry testId="76e6d2ab-ab65-20c9-3112-22a9f7a90c63" executionId="eb1ad7c5-2ec1-476b-8afa-0c5159cf947b" testListId="8c84fa94-04c1-424b-9868-57a2d4851a1d" />
    <TestEntry testId="79d547cc-b0ed-3488-80d5-1657c757509c" executionId="d15c499a-e781-44b2-98d8-43bed5673ef3" testListId="8c84fa94-04c1-424b-9868-57a2d4851a1d" />
    <TestEntry testId="92912957-ce61-5b35-500c-dae18f1ba6ad" executionId="cb02930a-aca0-4ff8-8a45-37ce29cb17ad" testListId="8c84fa94-04c1-424b-9868-57a2d4851a1d" />
    <TestEntry testId="94fe36e2-ffc3-cb15-3d2e-0f7a84f3d624" executionId="9b4da206-aa48-460a-836c-03a52156be9e" testListId="8c84fa94-04c1-424b-9868-57a2d4851a1d" />
    <TestEntry testId="969da023-8c9f-b875-16db-6921604ffba7" executionId="a2c9d7a4-9f25-4115-a7a7-a03b6cc7fa2c" testListId="8c84fa94-04c1-424b-9868-57a2d4851a1d" />
    <TestEntry testId="97229911-b796-dad0-d98d-d029c5aeaddb" executionId="4faac96d-505d-4008-b7b3-dc4b4794768e" testListId="8c84fa94-04c1-424b-9868-57a2d4851a1d" />
    <TestEntry testId="97e72701-6ec0-80c6-26a0-437460ef934c" executionId="4a915882-4c29-4efd-bb24-ed2d341ae2e2" testListId="8c84fa94-04c1-424b-9868-57a2d4851a1d" />
    <TestEntry testId="9c6a0f53-2c17-8b82-a405-7f606c6cb3c7" executionId="a5024d55-ca54-4623-8bdf-ddd1af71cca5" testListId="8c84fa94-04c1-424b-9868-57a2d4851a1d" />
    <TestEntry testId="a2a42f5b-40f4-79b8-5f7c-f93e8adb71f2" executionId="e450265a-1c73-4e38-a758-0956552b2416" testListId="8c84fa94-04c1-424b-9868-57a2d4851a1d" />
    <TestEntry testId="a874cf8f-134e-5e5d-928e-76ca64bcc9e8" executionId="910f0946-7d93-4906-92a4-ea6f760a8968" testListId="8c84fa94-04c1-424b-9868-57a2d4851a1d" />
    <TestEntry testId="a9e3d1b9-6113-4eed-6424-60b5e638432f" executionId="46057253-c46d-46e7-b98b-5f9e22eade0d" testListId="8c84fa94-04c1-424b-9868-57a2d4851a1d" />
    <TestEntry testId="b31beb67-37f4-28f3-bcb3-a2ab7248a710" executionId="2894c1a7-bc91-4223-b3ad-1662e9859e16" testListId="8c84fa94-04c1-424b-9868-57a2d4851a1d" />
    <TestEntry testId="bc34b4ea-b829-9040-ba44-b2ff98a49058" executionId="61e975b8-0bfd-469d-b43c-9f614224aa70" testListId="8c84fa94-04c1-424b-9868-57a2d4851a1d" />
    <TestEntry testId="bfa89df2-b89a-55b8-01e4-8fdadba0ffbe" executionId="087d65c4-418d-4fed-ac54-042e6e348aa4" testListId="8c84fa94-04c1-424b-9868-57a2d4851a1d" />
    <TestEntry testId="c13275dc-57fc-17ff-ff62-230946f7fbb0" executionId="62879618-c48b-465d-b0b0-8e40668e6299" testListId="8c84fa94-04c1-424b-9868-57a2d4851a1d" />
    <TestEntry testId="c52bfc8c-70c9-554f-96a6-b3fe4a1a3858" executionId="52042501-c37b-4a9d-b1e8-c87f374ee83b" testListId="8c84fa94-04c1-424b-9868-57a2d4851a1d" />
    <TestEntry testId="cad04694-1e02-8d29-bfd2-6e0aeb9a106a" executionId="97e3ab94-087b-44fe-a6c5-05e961a7912b" testListId="8c84fa94-04c1-424b-9868-57a2d4851a1d" />
    <TestEntry testId="e5bab2dd-bd5d-15fa-c77b-e3326ef3c0bb" executionId="a25b6f9e-4c93-4c37-baf0-aa18285b6852" testListId="8c84fa94-04c1-424b-9868-57a2d4851a1d" />
    <TestEntry testId="ea9dfc70-6011-3821-52f7-17cda4c753fe" executionId="8afd6fed-b4e9-4674-8252-543a24f8c12d" testListId="8c84fa94-04c1-424b-9868-57a2d4851a1d" />
    <TestEntry testId="ed6c7bd4-5abf-1fa1-b6a1-d0821f49322b" executionId="a1e3d877-c73c-4156-b9f3-4fc16f473b75" testListId="8c84fa94-04c1-424b-9868-57a2d4851a1d" />
    <TestEntry testId="f132b02f-2c02-0d4a-f583-b0982ad3f9ed" executionId="b372272a-956e-4a6f-b0b9-848e09eb6415" testListId="8c84fa94-04c1-424b-9868-57a2d4851a1d" />
    <TestEntry testId="f521203a-e787-a35b-6759-279fbed2b725" executionId="599188e2-abf4-437b-be6c-3f1d0475bd23" testListId="8c84fa94-04c1-424b-9868-57a2d4851a1d" />
    <TestEntry testId="f63adf85-9dbb-ac1d-3feb-25c3b3f2dcbb" executionId="1bb4c9a4-7e73-4e18-b479-9944a16835e2" testListId="8c84fa94-04c1-424b-9868-57a2d4851a1d" />
    <TestEntry testId="f7ada927-d569-b846-f404-de99ea993981" executionId="2ad55e6e-bbc9-4725-8eb1-e77726d1477d" testListId="8c84fa94-04c1-424b-9868-57a2d4851a1d" />
  </TestEntries>
  <Results>
    <UnitTestResult executionId="bfc78139-b084-45bf-a63a-a2b532bb2234" testId="035f9c4d-73ce-6334-978c-a1b53f569549" testName="ObterAnunciosDoAnunciante_Anunciante_Nulo_Dispara_AgumentNullException" computerName="BRUNO-PC" duration="00:00:00.2508687" startTime="2012-02-15T15:12:39.5421866-02:00" endTime="2012-02-15T15:12:40.0881876-02:00" testType="13cdc9d9-ddb5-4fa4-a97d-d965ccfc6d4b" outcome="Passed" testListId="8c84fa94-04c1-424b-9868-57a2d4851a1d" relativeResultsDirectory="bfc78139-b084-45bf-a63a-a2b532bb2234">
    </UnitTestResult>
    <UnitTestResult executionId="b0261a64-cd2a-48a6-893a-50961ce23c33" testId="0837304d-2f65-a4ab-d7e4-9f233dfdfcd5" testName="ReprovarAnuncio_Anuncio_Nulo_Dispara_ArgumentNullException" computerName="BRUNO-PC" duration="00:00:00.0010029" startTime="2012-02-15T15:12:40.1037876-02:00" endTime="2012-02-15T15:12:40.1037876-02:00" testType="13cdc9d9-ddb5-4fa4-a97d-d965ccfc6d4b" outcome="Passed" testListId="8c84fa94-04c1-424b-9868-57a2d4851a1d" relativeResultsDirectory="b0261a64-cd2a-48a6-893a-50961ce23c33">
    </UnitTestResult>
    <UnitTestResult executionId="b31ff9f9-fcf5-4b36-8fbf-9d2f05017e30" testId="1050d318-6269-40d8-a181-09fce85cf5fd" testName="ReprovarAnuncios_Anuncio_Valido_Chama_Atualizar_Automovel_Chama_Repositorio" computerName="BRUNO-PC" duration="00:00:00.0445909" startTime="2012-02-15T15:12:40.1193876-02:00" endTime="2012-02-15T15:12:40.1817877-02:00" testType="13cdc9d9-ddb5-4fa4-a97d-d965ccfc6d4b" outcome="Passed" testListId="8c84fa94-04c1-424b-9868-57a2d4851a1d" relativeResultsDirectory="b31ff9f9-fcf5-4b36-8fbf-9d2f05017e30">
    </UnitTestResult>
    <UnitTestResult executionId="8ca69566-7dd2-4157-854d-8e863fa07f10" testId="119dda2e-9bf6-50fb-a1d4-1eba5642b966" testName="Incluir_Anunciante_Nulo_Dispara_ArgumentNullException" computerName="BRUNO-PC" duration="00:00:00.0150792" startTime="2012-02-15T15:12:40.1817877-02:00" endTime="2012-02-15T15:12:40.2285878-02:00" testType="13cdc9d9-ddb5-4fa4-a97d-d965ccfc6d4b" outcome="Passed" testListId="8c84fa94-04c1-424b-9868-57a2d4851a1d" relativeResultsDirectory="8ca69566-7dd2-4157-854d-8e863fa07f10">
    </UnitTestResult>
    <UnitTestResult executionId="262df166-c7d1-4acc-bd91-880ad24903de" testId="1d736319-6bca-5716-23e3-8a08b40761d6" testName="VisualizarTelefoneDoAnuncio_Anuncio_Nulo_Dispara_ArgumentNullException" computerName="BRUNO-PC" duration="00:00:00.0012020" startTime="2012-02-15T15:12:40.2285878-02:00" endTime="2012-02-15T15:12:40.2441878-02:00" testType="13cdc9d9-ddb5-4fa4-a97d-d965ccfc6d4b" outcome="Passed" testListId="8c84fa94-04c1-424b-9868-57a2d4851a1d" relativeResultsDirectory="262df166-c7d1-4acc-bd91-880ad24903de">
    </UnitTestResult>
    <UnitTestResult executionId="584c183a-2d6a-4c0d-bf19-e7c869931cea" testId="1e22ce60-591d-b987-2540-678ed78d9983" testName="AprovarAnuncio_Anuncio_Nulo_Dispara_ArgumentNullException" computerName="BRUNO-PC" duration="00:00:00.0008345" startTime="2012-02-15T15:12:40.2441878-02:00" endTime="2012-02-15T15:12:40.2597879-02:00" testType="13cdc9d9-ddb5-4fa4-a97d-d965ccfc6d4b" outcome="Passed" testListId="8c84fa94-04c1-424b-9868-57a2d4851a1d" relativeResultsDirectory="584c183a-2d6a-4c0d-bf19-e7c869931cea">
    </UnitTestResult>
    <UnitTestResult executionId="e0761d92-8d85-4a0f-bd7a-eb18e56d5a58" testId="1f672b39-1806-9c26-6eda-a31d7ae11955" testName="Atualizar_Anuncio_Nulo_Dispara_ArgumentNullException" computerName="BRUNO-PC" duration="00:00:00.0006775" startTime="2012-02-15T15:12:40.2597879-02:00" endTime="2012-02-15T15:12:40.2597879-02:00" testType="13cdc9d9-ddb5-4fa4-a97d-d965ccfc6d4b" outcome="Passed" testListId="8c84fa94-04c1-424b-9868-57a2d4851a1d" relativeResultsDirectory="e0761d92-8d85-4a0f-bd7a-eb18e56d5a58">
    </UnitTestResult>
    <UnitTestResult executionId="b56c2943-897b-4052-a0f8-540112a22d0b" testId="2035db37-84cf-1aa6-fac6-f9b8dcd4dbbc" testName="Anunciar_Plano_Do_Anuncio_Nulo_Dispara_ArgumentNullException" computerName="BRUNO-PC" duration="00:00:00.0010634" startTime="2012-02-15T15:12:40.2753879-02:00" endTime="2012-02-15T15:12:40.2909879-02:00" testType="13cdc9d9-ddb5-4fa4-a97d-d965ccfc6d4b" outcome="Passed" testListId="8c84fa94-04c1-424b-9868-57a2d4851a1d" relativeResultsDirectory="b56c2943-897b-4052-a0f8-540112a22d0b">
    </UnitTestResult>
    <UnitTestResult executionId="1d138120-8ac0-4000-a509-2a934da3d9af" testId="20cd389a-6553-d208-12b3-2bd9c2907e57" testName="Atualizar_Automovel_Do_Anuncio_Nulo_Dispara_ArgumentNullException" computerName="BRUNO-PC" duration="00:00:00.0006703" startTime="2012-02-15T15:12:40.2909879-02:00" endTime="2012-02-15T15:12:40.3065879-02:00" testType="13cdc9d9-ddb5-4fa4-a97d-d965ccfc6d4b" outcome="Passed" testListId="8c84fa94-04c1-424b-9868-57a2d4851a1d" relativeResultsDirectory="1d138120-8ac0-4000-a509-2a934da3d9af">
    </UnitTestResult>
    <UnitTestResult executionId="5b126f44-2c86-4d35-aad4-63f2d1ddb9f8" testId="24cb0af8-b82d-486f-625c-642db0efd894" testName="VisualizarAnuncio_Anuncio_Com_Estatistica_Incrementa_VisualizacoesAnuncio_Chama_Repositorio_Incluir_Atualizar" computerName="BRUNO-PC" duration="00:00:00.0469899" startTime="2012-02-15T15:12:40.3065879-02:00" endTime="2012-02-15T15:12:40.3689881-02:00" testType="13cdc9d9-ddb5-4fa4-a97d-d965ccfc6d4b" outcome="Passed" testListId="8c84fa94-04c1-424b-9868-57a2d4851a1d" relativeResultsDirectory="5b126f44-2c86-4d35-aad4-63f2d1ddb9f8">
    </UnitTestResult>
    <UnitTestResult executionId="b910cdca-9a4e-407b-acd6-f24d0d4702e1" testId="29ef24f2-e529-a5e7-b714-462ba0a14230" testName="VisualizarAnuncio_Anuncio_Nulo_Dispara_ArgumentNullException" computerName="BRUNO-PC" duration="00:00:00.0006164" startTime="2012-02-15T15:12:40.3689881-02:00" endTime="2012-02-15T15:12:40.3845881-02:00" testType="13cdc9d9-ddb5-4fa4-a97d-d965ccfc6d4b" outcome="Passed" testListId="8c84fa94-04c1-424b-9868-57a2d4851a1d" relativeResultsDirectory="b910cdca-9a4e-407b-acd6-f24d0d4702e1">
    </UnitTestResult>
    <UnitTestResult executionId="a70e9e22-c002-4bb4-b36d-2af67a328bca" testId="2c02e664-5ddb-cb9e-a810-363235a122e5" testName="ObterAnuncioPorId_IdAnuncio_Invalido_Retorna_Nulo_Chama_Repositorio_ObterAnuncioPorId" computerName="BRUNO-PC" duration="00:00:00.0085982" startTime="2012-02-15T15:12:40.3845881-02:00" endTime="2012-02-15T15:12:40.4071885-02:00" testType="13cdc9d9-ddb5-4fa4-a97d-d965ccfc6d4b" outcome="Passed" testListId="8c84fa94-04c1-424b-9868-57a2d4851a1d" relativeResultsDirectory="a70e9e22-c002-4bb4-b36d-2af67a328bca">
    </UnitTestResult>
    <UnitTestResult executionId="f06968ff-73e1-45f1-978c-ac47b8feeff9" testId="3018ed9d-8fd8-964d-c204-8a82e8357df9" testName="Incluir_Anunciante_Valido_Email_Ja_Existente_Chamar_Repositorio_ObterObterAnuncianteDeEmail_Dispara_Exception" computerName="BRUNO-PC" duration="00:00:00.0072406" startTime="2012-02-15T15:12:40.4111887-02:00" endTime="2012-02-15T15:12:40.4241895-02:00" testType="13cdc9d9-ddb5-4fa4-a97d-d965ccfc6d4b" outcome="Passed" testListId="8c84fa94-04c1-424b-9868-57a2d4851a1d" relativeResultsDirectory="f06968ff-73e1-45f1-978c-ac47b8feeff9">
    </UnitTestResult>
    <UnitTestResult executionId="8499d278-b147-441e-9c0c-7eec4487298e" testId="317078db-9691-9268-d4c5-016d2ecd56b1" testName="Atualizar_Anunciante_Invalido_Dispara_Exception_5_Erros" computerName="BRUNO-PC" duration="00:00:00.0012302" startTime="2012-02-15T15:12:40.4281897-02:00" endTime="2012-02-15T15:12:40.4371902-02:00" testType="13cdc9d9-ddb5-4fa4-a97d-d965ccfc6d4b" outcome="Passed" testListId="8c84fa94-04c1-424b-9868-57a2d4851a1d" relativeResultsDirectory="8499d278-b147-441e-9c0c-7eec4487298e">
    </UnitTestResult>
    <UnitTestResult executionId="66c48ec3-1fb9-46aa-a88f-3a7c8a194716" testId="390bbc68-48f5-2f65-9c12-e0d36ebebd78" testName="Anunciar_Automovel_Do_Anuncio_Nulo_Dispara_ArgumentNullException" computerName="BRUNO-PC" duration="00:00:00.0007334" startTime="2012-02-15T15:12:40.4411905-02:00" endTime="2012-02-15T15:12:40.4471908-02:00" testType="13cdc9d9-ddb5-4fa4-a97d-d965ccfc6d4b" outcome="Passed" testListId="8c84fa94-04c1-424b-9868-57a2d4851a1d" relativeResultsDirectory="66c48ec3-1fb9-46aa-a88f-3a7c8a194716">
    </UnitTestResult>
    <UnitTestResult executionId="bf0b1af2-fe57-4344-a175-8714e55f98c8" testId="3994a0f8-e9a0-5654-df18-010984dd00cb" testName="Atualizar_Anunciante_Nulo_Dispara_ArgumentNullException" computerName="BRUNO-PC" duration="00:00:00.0005307" startTime="2012-02-15T15:12:40.4521911-02:00" endTime="2012-02-15T15:12:40.4611916-02:00" testType="13cdc9d9-ddb5-4fa4-a97d-d965ccfc6d4b" outcome="Passed" testListId="8c84fa94-04c1-424b-9868-57a2d4851a1d" relativeResultsDirectory="bf0b1af2-fe57-4344-a175-8714e55f98c8">
    </UnitTestResult>
    <UnitTestResult executionId="47dc971b-f7ee-4521-9ced-1119059c5c3b" testId="3a72f60a-007d-f1f2-9ee4-d1b5cdf2a20d" testName="Incluir_Anunciante_Valido_Menor_18_Anos_Dispara_Exception_1_Erro" computerName="BRUNO-PC" duration="00:00:00.0012323" startTime="2012-02-15T15:12:40.4661919-02:00" endTime="2012-02-15T15:12:40.4741923-02:00" testType="13cdc9d9-ddb5-4fa4-a97d-d965ccfc6d4b" outcome="Passed" testListId="8c84fa94-04c1-424b-9868-57a2d4851a1d" relativeResultsDirectory="47dc971b-f7ee-4521-9ced-1119059c5c3b">
    </UnitTestResult>
    <UnitTestResult executionId="47260dc6-8244-4a7d-9e74-ba4b25c9d585" testId="40efc9ba-5b03-79ea-19e2-a4099dd3d245" testName="Atualizar_Anuncio_Invalido_Dispara_Exception_4_Erros" computerName="BRUNO-PC" duration="00:00:00.0012010" startTime="2012-02-15T15:12:40.4781926-02:00" endTime="2012-02-15T15:12:40.4851930-02:00" testType="13cdc9d9-ddb5-4fa4-a97d-d965ccfc6d4b" outcome="Passed" testListId="8c84fa94-04c1-424b-9868-57a2d4851a1d" relativeResultsDirectory="47260dc6-8244-4a7d-9e74-ba4b25c9d585">
    </UnitTestResult>
    <UnitTestResult executionId="47748fff-0700-4fdf-9b99-2eb35b1ad61d" testId="507bc400-aa75-5aaa-316e-b37eb9fc39ea" testName="Excluir_Anuncio_Nulo_Dispara_ArgumentNullException" computerName="BRUNO-PC" duration="00:00:00.0008422" startTime="2012-02-15T15:12:40.4881931-02:00" endTime="2012-02-15T15:12:40.4941935-02:00" testType="13cdc9d9-ddb5-4fa4-a97d-d965ccfc6d4b" outcome="Passed" testListId="8c84fa94-04c1-424b-9868-57a2d4851a1d" relativeResultsDirectory="47748fff-0700-4fdf-9b99-2eb35b1ad61d">
    </UnitTestResult>
    <UnitTestResult executionId="672f5f0c-60c9-44b1-9451-6cc985643185" testId="52ef7ad3-9970-2eb4-bb5a-9b5a886a91c8" testName="ObterAnunciosPagosMaisVisitados_Chama_Repositorio" computerName="BRUNO-PC" duration="00:00:00.0029677" startTime="2012-02-15T15:12:40.4961936-02:00" endTime="2012-02-15T15:12:40.5041941-02:00" testType="13cdc9d9-ddb5-4fa4-a97d-d965ccfc6d4b" outcome="Passed" testListId="8c84fa94-04c1-424b-9868-57a2d4851a1d" relativeResultsDirectory="672f5f0c-60c9-44b1-9451-6cc985643185">
    </UnitTestResult>
    <UnitTestResult executionId="e33d4ab4-9bf7-45c3-b7fc-4a18ba607bd1" testId="558c8582-095e-bfb9-2f53-2062c3289000" testName="ObterAnuncioPorId_IdAnuncio_Valido_Retorna_Anuncio_Chama_Repositorio_ObterAnuncioPorId" computerName="BRUNO-PC" duration="00:00:00.0041322" startTime="2012-02-15T15:12:40.5061942-02:00" endTime="2012-02-15T15:12:40.5151947-02:00" testType="13cdc9d9-ddb5-4fa4-a97d-d965ccfc6d4b" outcome="Passed" testListId="8c84fa94-04c1-424b-9868-57a2d4851a1d" relativeResultsDirectory="e33d4ab4-9bf7-45c3-b7fc-4a18ba607bd1">
    </UnitTestResult>
    <UnitTestResult executionId="9e94aba0-c6b9-437f-9ba9-5a667a6f0eae" testId="6805ab94-39dd-3cef-bd61-b466da305a09" testName="Incluir_Anunciante_Valido_Data_Cadastro_DataAtual_Chama_Repositorio_ObterAnuncianteDeEmail_Incluir" computerName="BRUNO-PC" duration="00:00:00.0055345" startTime="2012-02-15T15:12:40.5171948-02:00" endTime="2012-02-15T15:12:40.5281954-02:00" testType="13cdc9d9-ddb5-4fa4-a97d-d965ccfc6d4b" outcome="Passed" testListId="8c84fa94-04c1-424b-9868-57a2d4851a1d" relativeResultsDirectory="9e94aba0-c6b9-437f-9ba9-5a667a6f0eae">
    </UnitTestResult>
    <UnitTestResult executionId="a8c4a206-d8b0-4f26-aa79-4f7254f4d014" testId="6cfd783d-220b-e901-f190-5ccc7dfa74fb" testName="Atualizar_Anunciante_Valido_Email_Ja_Existente_Chamar_Repositorio_ObterObterAnuncianteDeEmail_Dispara_Exception" computerName="BRUNO-PC" duration="00:00:00.0032392" startTime="2012-02-15T15:12:40.5301955-02:00" endTime="2012-02-15T15:12:40.5381960-02:00" testType="13cdc9d9-ddb5-4fa4-a97d-d965ccfc6d4b" outcome="Passed" testListId="8c84fa94-04c1-424b-9868-57a2d4851a1d" relativeResultsDirectory="a8c4a206-d8b0-4f26-aa79-4f7254f4d014">
    </UnitTestResult>
    <UnitTestResult executionId="e73e80f7-76fe-412e-9291-0cfed5b7b2f3" testId="6d23e57b-2288-52d8-b544-ecf2ccb57996" testName="VisualizarTelefoneDoAnuncio_Anuncio_Sem_Estatistica_Dispara_Exception" computerName="BRUNO-PC" duration="00:00:00.0006985" startTime="2012-02-15T15:12:40.5411962-02:00" endTime="2012-02-15T15:12:40.5471965-02:00" testType="13cdc9d9-ddb5-4fa4-a97d-d965ccfc6d4b" outcome="Passed" testListId="8c84fa94-04c1-424b-9868-57a2d4851a1d" relativeResultsDirectory="e73e80f7-76fe-412e-9291-0cfed5b7b2f3">
    </UnitTestResult>
    <UnitTestResult executionId="cd2a271a-de23-4a8e-a9a3-dd6e3c8b6478" testId="6e7b0f4f-2497-cd94-9f27-6094ab263fc2" testName="Atualizar_Plano_Do_Anuncio_Nulo_Dispara_ArgumentNullException" computerName="BRUNO-PC" duration="00:00:00.0007483" startTime="2012-02-15T15:12:40.5501967-02:00" endTime="2012-02-15T15:12:40.5561970-02:00" testType="13cdc9d9-ddb5-4fa4-a97d-d965ccfc6d4b" outcome="Passed" testListId="8c84fa94-04c1-424b-9868-57a2d4851a1d" relativeResultsDirectory="cd2a271a-de23-4a8e-a9a3-dd6e3c8b6478">
    </UnitTestResult>
    <UnitTestResult executionId="349a0343-34ef-42f5-94c7-dc600a8a0fe4" testId="75e70564-4cca-c887-d143-2c7ba827d467" testName="EntidadeBase_GetHashCode" computerName="BRUNO-PC" duration="00:00:00.0004670" startTime="2012-02-15T15:12:40.5591972-02:00" endTime="2012-02-15T15:12:40.5641975-02:00" testType="13cdc9d9-ddb5-4fa4-a97d-d965ccfc6d4b" outcome="Passed" testListId="8c84fa94-04c1-424b-9868-57a2d4851a1d" relativeResultsDirectory="349a0343-34ef-42f5-94c7-dc600a8a0fe4">
    </UnitTestResult>
    <UnitTestResult executionId="eb1ad7c5-2ec1-476b-8afa-0c5159cf947b" testId="76e6d2ab-ab65-20c9-3112-22a9f7a90c63" testName="ReprovarAnuncios_Anuncios_Nulo_Dispara_ArgumentNullException" computerName="BRUNO-PC" duration="00:00:00.0006277" startTime="2012-02-15T15:12:40.5851987-02:00" endTime="2012-02-15T15:12:40.5911990-02:00" testType="13cdc9d9-ddb5-4fa4-a97d-d965ccfc6d4b" outcome="Passed" testListId="8c84fa94-04c1-424b-9868-57a2d4851a1d" relativeResultsDirectory="eb1ad7c5-2ec1-476b-8afa-0c5159cf947b">
    </UnitTestResult>
    <UnitTestResult executionId="d15c499a-e781-44b2-98d8-43bed5673ef3" testId="79d547cc-b0ed-3488-80d5-1657c757509c" testName="Anunciar_Anuncio_Nulo_Dispara_ArgumentNullException" computerName="BRUNO-PC" duration="00:00:00.0006205" startTime="2012-02-15T15:12:40.5931991-02:00" endTime="2012-02-15T15:12:40.5981994-02:00" testType="13cdc9d9-ddb5-4fa4-a97d-d965ccfc6d4b" outcome="Passed" testListId="8c84fa94-04c1-424b-9868-57a2d4851a1d" relativeResultsDirectory="d15c499a-e781-44b2-98d8-43bed5673ef3">
    </UnitTestResult>
    <UnitTestResult executionId="cb02930a-aca0-4ff8-8a45-37ce29cb17ad" testId="92912957-ce61-5b35-500c-dae18f1ba6ad" testName="Anunciar_Anuncio_Valido_Chama_Servico_Incluir_Anunciante_Automovel__Estatistica_DataAnuncio_Atual_Status_AguardandoAprovacao" computerName="BRUNO-PC" duration="00:00:00.0109294" startTime="2012-02-15T15:12:40.6011996-02:00" endTime="2012-02-15T15:12:40.6342015-02:00" testType="13cdc9d9-ddb5-4fa4-a97d-d965ccfc6d4b" outcome="Passed" testListId="8c84fa94-04c1-424b-9868-57a2d4851a1d" relativeResultsDirectory="cb02930a-aca0-4ff8-8a45-37ce29cb17ad">
    </UnitTestResult>
    <UnitTestResult executionId="9b4da206-aa48-460a-836c-03a52156be9e" testId="94fe36e2-ffc3-cb15-3d2e-0f7a84f3d624" testName="VisualizarAnuncio_Anuncio_Sem_Estatistica_Dispara_Exception" computerName="BRUNO-PC" duration="00:00:00.0008381" startTime="2012-02-15T15:12:40.6402018-02:00" endTime="2012-02-15T15:12:40.6512025-02:00" testType="13cdc9d9-ddb5-4fa4-a97d-d965ccfc6d4b" outcome="Passed" testListId="8c84fa94-04c1-424b-9868-57a2d4851a1d" relativeResultsDirectory="9b4da206-aa48-460a-836c-03a52156be9e">
    </UnitTestResult>
    <UnitTestResult executionId="a2c9d7a4-9f25-4115-a7a7-a03b6cc7fa2c" testId="969da023-8c9f-b875-16db-6921604ffba7" testName="Equals_IEntidade" computerName="BRUNO-PC" duration="00:00:00.0005615" startTime="2012-02-15T15:12:40.6572028-02:00" endTime="2012-02-15T15:12:40.6672034-02:00" testType="13cdc9d9-ddb5-4fa4-a97d-d965ccfc6d4b" outcome="Passed" testListId="8c84fa94-04c1-424b-9868-57a2d4851a1d" relativeResultsDirectory="a2c9d7a4-9f25-4115-a7a7-a03b6cc7fa2c">
    </UnitTestResult>
    <UnitTestResult executionId="4faac96d-505d-4008-b7b3-dc4b4794768e" testId="97229911-b796-dad0-d98d-d029c5aeaddb" testName="ReprovarAnuncio_Anuncio_Valido_Chama_Atualizar_Automovel_Chama_Repositorio" computerName="BRUNO-PC" duration="00:00:00.0037930" startTime="2012-02-15T15:12:40.6742038-02:00" endTime="2012-02-15T15:12:40.6842044-02:00" testType="13cdc9d9-ddb5-4fa4-a97d-d965ccfc6d4b" outcome="Passed" testListId="8c84fa94-04c1-424b-9868-57a2d4851a1d" relativeResultsDirectory="4faac96d-505d-4008-b7b3-dc4b4794768e">
    </UnitTestResult>
    <UnitTestResult executionId="4a915882-4c29-4efd-bb24-ed2d341ae2e2" testId="97e72701-6ec0-80c6-26a0-437460ef934c" testName="ObterEstatisticaDoAnuncio_Anuncio_Valido_Chama_Repositorio_ObterEstatisticaDoAnuncio_Retorna_Estatistica" computerName="BRUNO-PC" duration="00:00:00.0040168" startTime="2012-02-15T15:12:40.6842044-02:00" endTime="2012-02-15T15:12:40.6998044-02:00" testType="13cdc9d9-ddb5-4fa4-a97d-d965ccfc6d4b" outcome="Passed" testListId="8c84fa94-04c1-424b-9868-57a2d4851a1d" relativeResultsDirectory="4a915882-4c29-4efd-bb24-ed2d341ae2e2">
    </UnitTestResult>
    <UnitTestResult executionId="a5024d55-ca54-4623-8bdf-ddd1af71cca5" testId="9c6a0f53-2c17-8b82-a405-7f606c6cb3c7" testName="ObterAnunciosAguardandoAprovacao_Chama_Repositorio" computerName="BRUNO-PC" duration="00:00:00.0016460" startTime="2012-02-15T15:12:40.6998044-02:00" endTime="2012-02-15T15:12:40.7154044-02:00" testType="13cdc9d9-ddb5-4fa4-a97d-d965ccfc6d4b" outcome="Passed" testListId="8c84fa94-04c1-424b-9868-57a2d4851a1d" relativeResultsDirectory="a5024d55-ca54-4623-8bdf-ddd1af71cca5">
    </UnitTestResult>
    <UnitTestResult executionId="e450265a-1c73-4e38-a758-0956552b2416" testId="a2a42f5b-40f4-79b8-5f7c-f93e8adb71f2" testName="ObterEstatisticaDoAnuncio_Anuncio_Nulo_Dispara_ArgumentNullException" computerName="BRUNO-PC" duration="00:00:00.0005481" startTime="2012-02-15T15:12:40.7154044-02:00" endTime="2012-02-15T15:12:40.7154044-02:00" testType="13cdc9d9-ddb5-4fa4-a97d-d965ccfc6d4b" outcome="Passed" testListId="8c84fa94-04c1-424b-9868-57a2d4851a1d" relativeResultsDirectory="e450265a-1c73-4e38-a758-0956552b2416">
    </UnitTestResult>
    <UnitTestResult executionId="910f0946-7d93-4906-92a4-ea6f760a8968" testId="a874cf8f-134e-5e5d-928e-76ca64bcc9e8" testName="Atualizar_Anunciante_Valido_Menor_18_Anos_Dispara_Exception_1_Erro" computerName="BRUNO-PC" duration="00:00:00.0011338" startTime="2012-02-15T15:12:40.7310044-02:00" endTime="2012-02-15T15:12:40.7310044-02:00" testType="13cdc9d9-ddb5-4fa4-a97d-d965ccfc6d4b" outcome="Passed" testListId="8c84fa94-04c1-424b-9868-57a2d4851a1d" relativeResultsDirectory="910f0946-7d93-4906-92a4-ea6f760a8968">
    </UnitTestResult>
    <UnitTestResult executionId="46057253-c46d-46e7-b98b-5f9e22eade0d" testId="a9e3d1b9-6113-4eed-6424-60b5e638432f" testName="Atualizar_Anunciante_Valido_Chama_Repositorio_ObterAnuncianteDeEmail_Atualizar" computerName="BRUNO-PC" duration="00:00:00.0037211" startTime="2012-02-15T15:12:40.7310044-02:00" endTime="2012-02-15T15:12:40.7466045-02:00" testType="13cdc9d9-ddb5-4fa4-a97d-d965ccfc6d4b" outcome="Passed" testListId="8c84fa94-04c1-424b-9868-57a2d4851a1d" relativeResultsDirectory="46057253-c46d-46e7-b98b-5f9e22eade0d">
    </UnitTestResult>
    <UnitTestResult executionId="2894c1a7-bc91-4223-b3ad-1662e9859e16" testId="b31beb67-37f4-28f3-bcb3-a2ab7248a710" testName="VisualizarTelefoneDoAnuncio_Anuncio_Com_Estatistica_Incrementa_VisualizacoesTelefone_Chama_Repositorio_Incluir_Atualizar" computerName="BRUNO-PC" duration="00:00:00.0052312" startTime="2012-02-15T15:12:40.7466045-02:00" endTime="2012-02-15T15:12:40.7622045-02:00" testType="13cdc9d9-ddb5-4fa4-a97d-d965ccfc6d4b" outcome="Passed" testListId="8c84fa94-04c1-424b-9868-57a2d4851a1d" relativeResultsDirectory="2894c1a7-bc91-4223-b3ad-1662e9859e16">
    </UnitTestResult>
    <UnitTestResult executionId="61e975b8-0bfd-469d-b43c-9f614224aa70" testId="bc34b4ea-b829-9040-ba44-b2ff98a49058" testName="CompareTo_IEntidade" computerName="BRUNO-PC" duration="00:00:00.0005209" startTime="2012-02-15T15:12:40.7622045-02:00" endTime="2012-02-15T15:12:40.7778045-02:00" testType="13cdc9d9-ddb5-4fa4-a97d-d965ccfc6d4b" outcome="Passed" testListId="8c84fa94-04c1-424b-9868-57a2d4851a1d" relativeResultsDirectory="61e975b8-0bfd-469d-b43c-9f614224aa70">
    </UnitTestResult>
    <UnitTestResult executionId="087d65c4-418d-4fed-ac54-042e6e348aa4" testId="bfa89df2-b89a-55b8-01e4-8fdadba0ffbe" testName="ObterAnunciosDoAnunciante_Anunciante_Valido_Chama_Repositorio" computerName="BRUNO-PC" duration="00:00:00.0024303" startTime="2012-02-15T15:12:40.7778045-02:00" endTime="2012-02-15T15:12:40.7934045-02:00" testType="13cdc9d9-ddb5-4fa4-a97d-d965ccfc6d4b" outcome="Passed" testListId="8c84fa94-04c1-424b-9868-57a2d4851a1d" relativeResultsDirectory="087d65c4-418d-4fed-ac54-042e6e348aa4">
    </UnitTestResult>
    <UnitTestResult executionId="62879618-c48b-465d-b0b0-8e40668e6299" testId="c13275dc-57fc-17ff-ff62-230946f7fbb0" testName="Anunciar_Anuncio_Invalido_Dispara_Exception_4_Erros" computerName="BRUNO-PC" duration="00:00:00.0011717" startTime="2012-02-15T15:12:40.7934045-02:00" endTime="2012-02-15T15:12:40.7934045-02:00" testType="13cdc9d9-ddb5-4fa4-a97d-d965ccfc6d4b" outcome="Passed" testListId="8c84fa94-04c1-424b-9868-57a2d4851a1d" relativeResultsDirectory="62879618-c48b-465d-b0b0-8e40668e6299">
    </UnitTestResult>
    <UnitTestResult executionId="52042501-c37b-4a9d-b1e8-c87f374ee83b" testId="c52bfc8c-70c9-554f-96a6-b3fe4a1a3858" testName="Incluir_Anunciante_Invalido_Dispara_Exception_5_Erros" computerName="BRUNO-PC" duration="00:00:00.0010326" startTime="2012-02-15T15:12:40.8090046-02:00" endTime="2012-02-15T15:12:40.8090046-02:00" testType="13cdc9d9-ddb5-4fa4-a97d-d965ccfc6d4b" outcome="Passed" testListId="8c84fa94-04c1-424b-9868-57a2d4851a1d" relativeResultsDirectory="52042501-c37b-4a9d-b1e8-c87f374ee83b">
    </UnitTestResult>
    <UnitTestResult executionId="97e3ab94-087b-44fe-a6c5-05e961a7912b" testId="cad04694-1e02-8d29-bfd2-6e0aeb9a106a" testName="Excluir_Anuncio_Valido_Chama_Servico_Excluir_Automovel_Repositorio_Excluir" computerName="BRUNO-PC" duration="00:00:00.0079232" startTime="2012-02-15T15:12:40.8090046-02:00" endTime="2012-02-15T15:12:40.8246046-02:00" testType="13cdc9d9-ddb5-4fa4-a97d-d965ccfc6d4b" outcome="Passed" testListId="8c84fa94-04c1-424b-9868-57a2d4851a1d" relativeResultsDirectory="97e3ab94-087b-44fe-a6c5-05e961a7912b">
    </UnitTestResult>
    <UnitTestResult executionId="a25b6f9e-4c93-4c37-baf0-aa18285b6852" testId="e5bab2dd-bd5d-15fa-c77b-e3326ef3c0bb" testName="Equals_Object" computerName="BRUNO-PC" duration="00:00:00.0003300" startTime="2012-02-15T15:12:40.8402046-02:00" endTime="2012-02-15T15:12:40.8402046-02:00" testType="13cdc9d9-ddb5-4fa4-a97d-d965ccfc6d4b" outcome="Passed" testListId="8c84fa94-04c1-424b-9868-57a2d4851a1d" relativeResultsDirectory="a25b6f9e-4c93-4c37-baf0-aa18285b6852">
    </UnitTestResult>
    <UnitTestResult executionId="8afd6fed-b4e9-4674-8252-543a24f8c12d" testId="ea9dfc70-6011-3821-52f7-17cda4c753fe" testName="AprovarAnuncios_Anuncio_Valido_Chama_Atualizar_Automovel_Chama_Repositorio" computerName="BRUNO-PC" duration="00:00:00.0038002" startTime="2012-02-15T15:12:40.8402046-02:00" endTime="2012-02-15T15:12:40.8558047-02:00" testType="13cdc9d9-ddb5-4fa4-a97d-d965ccfc6d4b" outcome="Passed" testListId="8c84fa94-04c1-424b-9868-57a2d4851a1d" relativeResultsDirectory="8afd6fed-b4e9-4674-8252-543a24f8c12d">
    </UnitTestResult>
    <UnitTestResult executionId="a1e3d877-c73c-4156-b9f3-4fc16f473b75" testId="ed6c7bd4-5abf-1fa1-b6a1-d0821f49322b" testName="AprovarAnuncios_Anuncios_Nulo_Dispara_ArgumentNullException" computerName="BRUNO-PC" duration="00:00:00.0006349" startTime="2012-02-15T15:12:40.8558047-02:00" endTime="2012-02-15T15:12:40.8714047-02:00" testType="13cdc9d9-ddb5-4fa4-a97d-d965ccfc6d4b" outcome="Passed" testListId="8c84fa94-04c1-424b-9868-57a2d4851a1d" relativeResultsDirectory="a1e3d877-c73c-4156-b9f3-4fc16f473b75">
    </UnitTestResult>
    <UnitTestResult executionId="b372272a-956e-4a6f-b0b9-848e09eb6415" testId="f132b02f-2c02-0d4a-f583-b0982ad3f9ed" testName="Atualizar_Anuncio_Valido_Chama_Servico_Atualizar_Automovel_Repositorio_Atualizar" computerName="BRUNO-PC" duration="00:00:00.0033998" startTime="2012-02-15T15:12:40.8714047-02:00" endTime="2012-02-15T15:12:40.8714047-02:00" testType="13cdc9d9-ddb5-4fa4-a97d-d965ccfc6d4b" outcome="Passed" testListId="8c84fa94-04c1-424b-9868-57a2d4851a1d" relativeResultsDirectory="b372272a-956e-4a6f-b0b9-848e09eb6415">
    </UnitTestResult>
    <UnitTestResult executionId="599188e2-abf4-437b-be6c-3f1d0475bd23" testId="f521203a-e787-a35b-6759-279fbed2b725" testName="AprovarAnuncio_Anuncio_Valido_Chama_Atualizar_Automovel_Chama_Repositorio" computerName="BRUNO-PC" duration="00:00:00.0033931" startTime="2012-02-15T15:12:40.8870047-02:00" endTime="2012-02-15T15:12:40.8870047-02:00" testType="13cdc9d9-ddb5-4fa4-a97d-d965ccfc6d4b" outcome="Passed" testListId="8c84fa94-04c1-424b-9868-57a2d4851a1d" relativeResultsDirectory="599188e2-abf4-437b-be6c-3f1d0475bd23">
    </UnitTestResult>
    <UnitTestResult executionId="1bb4c9a4-7e73-4e18-b479-9944a16835e2" testId="f63adf85-9dbb-ac1d-3feb-25c3b3f2dcbb" testName="ObterAnunciosPagosRecentes_Chama_Repositorio" computerName="BRUNO-PC" duration="00:00:00.0016306" startTime="2012-02-15T15:12:40.9026047-02:00" endTime="2012-02-15T15:12:40.9026047-02:00" testType="13cdc9d9-ddb5-4fa4-a97d-d965ccfc6d4b" outcome="Passed" testListId="8c84fa94-04c1-424b-9868-57a2d4851a1d" relativeResultsDirectory="1bb4c9a4-7e73-4e18-b479-9944a16835e2">
    </UnitTestResult>
    <UnitTestResult executionId="2ad55e6e-bbc9-4725-8eb1-e77726d1477d" testId="f7ada927-d569-b846-f404-de99ea993981" testName="ObterAnunciosPagosEmDestaque_Chama_Repositorio" computerName="BRUNO-PC" duration="00:00:00.0017666" startTime="2012-02-15T15:12:40.9026047-02:00" endTime="2012-02-15T15:12:40.9182048-02:00" testType="13cdc9d9-ddb5-4fa4-a97d-d965ccfc6d4b" outcome="Passed" testListId="8c84fa94-04c1-424b-9868-57a2d4851a1d" relativeResultsDirectory="2ad55e6e-bbc9-4725-8eb1-e77726d1477d">
    </UnitTestResult>
  </Results>
</TestRun>