<?xml version="1.0" encoding="UTF-8"?>
<TestRun id="5ed27efd-b4d0-41c9-970a-9cbbbd80a3b2" name="Bruno@BRUNO-PC 2012-02-11 23:43:02" runUser="Bruno-PC\Bruno" xmlns="http://microsoft.com/schemas/VisualStudio/TeamTest/2010">
  <TestSettings name="Local" id="ca88e069-f008-4408-aa18-24caa99d89f1">
    <Description>These are default test settings for a local test run.</Description>
    <Deployment enabled="false" runDeploymentRoot="Bruno_BRUNO-PC 2012-02-11 23_43_02">
      <DeploymentItem filename="C:\Program Files\Moq.4.0.10827\NET40\Moq.dll" />
      <DeploymentItem filename="C:\projetos\ta\TA\Source\TA.Domain\bin\Debug\TA.Domain.dll" />
    </Deployment>
    <Execution>
      <TestTypeSpecific />
      <AgentRule name="Execution Agents">
      </AgentRule>
    </Execution>
  </TestSettings>
  <Times creation="2012-02-11T23:43:02.3314470-02:00" queuing="2012-02-11T23:43:03.8780611-02:00" start="2012-02-11T23:43:03.9030626-02:00" finish="2012-02-11T23:43:04.5350987-02:00" />
  <ResultSummary outcome="Completed">
    <Counters total="1" executed="1" passed="1" error="0" failed="0" timeout="0" aborted="0" inconclusive="0" passedButRunAborted="0" notRunnable="0" notExecuted="0" disconnected="0" warning="0" completed="0" inProgress="0" pending="0" />
  </ResultSummary>
  <TestDefinitions>
    <UnitTest name="IncrementarVisitasDoAnuncio_idAnuncio_Valido_Retorna_Anuncio_Com_Visitas_Incrementadas_E_Atualizado" storage="c:\projetos\ta\ta\source\ta.domain.test\bin\debug\ta.domain.test.dll" id="51a80586-3bac-2ca1-5627-80ae47d391c3">
      <Execution id="552f9469-45ae-4f7d-9091-a69b1880de17" />
      <TestMethod codeBase="C:/projetos/ta/TA/Source/TA.Domain.Test/bin/Debug/TA.Domain.Test.DLL" adapterTypeName="Microsoft.VisualStudio.TestTools.TestTypes.Unit.UnitTestAdapter, Microsoft.VisualStudio.QualityTools.Tips.UnitTest.Adapter, Version=10.0.0.0, Culture=neutral, PublicKeyToken=b03f5f7f11d50a3a" className="TA.Domain.Test.Service.ServicoAnuncioTest, TA.Domain.Test, Version=1.0.0.0, Culture=neutral, PublicKeyToken=null" name="IncrementarVisitasDoAnuncio_idAnuncio_Valido_Retorna_Anuncio_Com_Visitas_Incrementadas_E_Atualizado" />
    </UnitTest>
  </TestDefinitions>
  <TestLists>
    <TestList name="Results Not in a List" id="8c84fa94-04c1-424b-9868-57a2d4851a1d" />
    <TestList name="All Loaded Results" id="19431567-8539-422a-85d7-44ee4e166bda" />
  </TestLists>
  <TestEntries>
    <TestEntry testId="51a80586-3bac-2ca1-5627-80ae47d391c3" executionId="552f9469-45ae-4f7d-9091-a69b1880de17" testListId="8c84fa94-04c1-424b-9868-57a2d4851a1d" />
  </TestEntries>
  <Results>
    <UnitTestResult executionId="552f9469-45ae-4f7d-9091-a69b1880de17" testId="51a80586-3bac-2ca1-5627-80ae47d391c3" testName="IncrementarVisitasDoAnuncio_idAnuncio_Valido_Retorna_Anuncio_Com_Visitas_Incrementadas_E_Atualizado" computerName="BRUNO-PC" duration="00:00:00.3118815" startTime="2012-02-11T23:43:03.9070628-02:00" endTime="2012-02-11T23:43:04.5030969-02:00" testType="13cdc9d9-ddb5-4fa4-a97d-d965ccfc6d4b" outcome="Passed" testListId="8c84fa94-04c1-424b-9868-57a2d4851a1d" relativeResultsDirectory="552f9469-45ae-4f7d-9091-a69b1880de17">
    </UnitTestResult>
  </Results>
</TestRun>