<?xml version="1.0" encoding="UTF-8"?>
<TestRun id="0d855a7e-824e-4262-b834-24440c56074a" name="Bruno@BRUNO-PC 2012-02-15 14:05:29" runUser="Bruno-PC\Bruno" xmlns="http://microsoft.com/schemas/VisualStudio/TeamTest/2010">
  <TestSettings name="Local" id="ca88e069-f008-4408-aa18-24caa99d89f1">
    <Description>These are default test settings for a local test run.</Description>
    <Deployment enabled="false" runDeploymentRoot="Bruno_BRUNO-PC 2012-02-15 14_05_29">
      <DeploymentItem filename="C:\Program Files\Moq.4.0.10827\NET40\Moq.dll" />
      <DeploymentItem filename="C:\projetos\ta\TA\Source\TA.Domain\bin\Debug\TA.Domain.dll" />
    </Deployment>
    <Execution>
      <TestTypeSpecific />
      <AgentRule name="Execution Agents">
      </AgentRule>
    </Execution>
  </TestSettings>
  <Times creation="2012-02-15T14:05:29.0873498-02:00" queuing="2012-02-15T14:05:32.2853554-02:00" start="2012-02-15T14:05:32.5973559-02:00" finish="2012-02-15T14:05:58.5558015-02:00" />
  <ResultSummary outcome="Completed">
    <Counters total="1" executed="1" passed="1" error="0" failed="0" timeout="0" aborted="0" inconclusive="0" passedButRunAborted="0" notRunnable="0" notExecuted="0" disconnected="0" warning="0" completed="0" inProgress="0" pending="0" />
  </ResultSummary>
  <TestDefinitions>
    <UnitTest name="Incluir_Anunciante_Valido_Data_Cadastro_DataAtual_Chama_Repositorio_ObterAnuncianteDeEmail_Incluir" storage="c:\projetos\ta\ta\source\ta.domain.test\bin\debug\ta.domain.test.dll" id="6805ab94-39dd-3cef-bd61-b466da305a09">
      <Execution id="c2b361bd-74d5-4d6f-a184-39178b2fbe05" />
      <TestMethod codeBase="C:/projetos/ta/TA/Source/TA.Domain.Test/bin/Debug/TA.Domain.Test.DLL" adapterTypeName="Microsoft.VisualStudio.TestTools.TestTypes.Unit.UnitTestAdapter, Microsoft.VisualStudio.QualityTools.Tips.UnitTest.Adapter, Version=10.0.0.0, Culture=neutral, PublicKeyToken=b03f5f7f11d50a3a" className="TA.Domain.Test.Service.ServicoAnuncianteTest, TA.Domain.Test, Version=1.0.0.0, Culture=neutral, PublicKeyToken=null" name="Incluir_Anunciante_Valido_Data_Cadastro_DataAtual_Chama_Repositorio_ObterAnuncianteDeEmail_Incluir" />
    </UnitTest>
  </TestDefinitions>
  <TestLists>
    <TestList name="Results Not in a List" id="8c84fa94-04c1-424b-9868-57a2d4851a1d" />
    <TestList name="All Loaded Results" id="19431567-8539-422a-85d7-44ee4e166bda" />
  </TestLists>
  <TestEntries>
    <TestEntry testId="6805ab94-39dd-3cef-bd61-b466da305a09" executionId="c2b361bd-74d5-4d6f-a184-39178b2fbe05" testListId="8c84fa94-04c1-424b-9868-57a2d4851a1d" />
  </TestEntries>
  <Results>
    <UnitTestResult executionId="c2b361bd-74d5-4d6f-a184-39178b2fbe05" testId="6805ab94-39dd-3cef-bd61-b466da305a09" testName="Incluir_Anunciante_Valido_Data_Cadastro_DataAtual_Chama_Repositorio_ObterAnuncianteDeEmail_Incluir" computerName="BRUNO-PC" duration="00:00:24.0764637" startTime="2012-02-15T14:05:32.8001563-02:00" endTime="2012-02-15T14:05:58.4466013-02:00" testType="13cdc9d9-ddb5-4fa4-a97d-d965ccfc6d4b" outcome="Passed" testListId="8c84fa94-04c1-424b-9868-57a2d4851a1d" relativeResultsDirectory="c2b361bd-74d5-4d6f-a184-39178b2fbe05">
    </UnitTestResult>
  </Results>
</TestRun>