<?xml version="1.0" encoding="UTF-8"?>
<TestRun id="ba5c7c87-0db0-4bfa-b387-af35ec156821" name="Bruno@BRUNO-PC 2012-02-12 00:22:37" runUser="Bruno-PC\Bruno" xmlns="http://microsoft.com/schemas/VisualStudio/TeamTest/2010">
  <TestSettings name="Local" id="ca88e069-f008-4408-aa18-24caa99d89f1">
    <Description>These are default test settings for a local test run.</Description>
    <Deployment enabled="false" runDeploymentRoot="Bruno_BRUNO-PC 2012-02-12 00_22_37">
      <DeploymentItem filename="C:\Program Files\Moq.4.0.10827\NET40\Moq.dll" />
      <DeploymentItem filename="C:\projetos\ta\TA\Source\TA.Domain\bin\Debug\TA.Domain.dll" />
    </Deployment>
    <Execution>
      <TestTypeSpecific />
      <AgentRule name="Execution Agents">
      </AgentRule>
    </Execution>
  </TestSettings>
  <Times creation="2012-02-12T00:22:37.2295813-02:00" queuing="2012-02-12T00:22:38.4775835-02:00" start="2012-02-12T00:22:38.5087835-02:00" finish="2012-02-12T00:22:39.0391845-02:00" />
  <ResultSummary outcome="Failed">
    <Counters total="5" executed="5" passed="4" error="0" failed="1" timeout="0" aborted="0" inconclusive="0" passedButRunAborted="0" notRunnable="0" notExecuted="0" disconnected="0" warning="0" completed="0" inProgress="0" pending="0" />
  </ResultSummary>
  <TestDefinitions>
    <UnitTest name="EntidadeBase_GetHashCode" storage="c:\projetos\ta\ta\source\ta.domain.test\bin\debug\ta.domain.test.dll" id="75e70564-4cca-c887-d143-2c7ba827d467">
      <Execution id="48c817d8-8d2a-4660-9af5-0034ae2a0dbd" />
      <TestMethod codeBase="C:/projetos/ta/TA/Source/TA.Domain.Test/bin/Debug/TA.Domain.Test.DLL" adapterTypeName="Microsoft.VisualStudio.TestTools.TestTypes.Unit.UnitTestAdapter, Microsoft.VisualStudio.QualityTools.Tips.UnitTest.Adapter, Version=10.0.0.0, Culture=neutral, PublicKeyToken=b03f5f7f11d50a3a" className="TA.Domain.Test.Entity.EntidadeBaseTest, TA.Domain.Test, Version=1.0.0.0, Culture=neutral, PublicKeyToken=null" name="EntidadeBase_GetHashCode" />
    </UnitTest>
    <UnitTest name="Equals_Object" storage="c:\projetos\ta\ta\source\ta.domain.test\bin\debug\ta.domain.test.dll" id="e5bab2dd-bd5d-15fa-c77b-e3326ef3c0bb">
      <Execution id="92a3e698-0f60-4864-92fb-322e738371a7" />
      <TestMethod codeBase="C:/projetos/ta/TA/Source/TA.Domain.Test/bin/Debug/TA.Domain.Test.DLL" adapterTypeName="Microsoft.VisualStudio.TestTools.TestTypes.Unit.UnitTestAdapter, Microsoft.VisualStudio.QualityTools.Tips.UnitTest.Adapter, Version=10.0.0.0, Culture=neutral, PublicKeyToken=b03f5f7f11d50a3a" className="TA.Domain.Test.Entity.EntidadeBaseTest, TA.Domain.Test, Version=1.0.0.0, Culture=neutral, PublicKeyToken=null" name="Equals_Object" />
    </UnitTest>
    <UnitTest name="ToString" storage="c:\projetos\ta\ta\source\ta.domain.test\bin\debug\ta.domain.test.dll" id="b628293b-5ba5-b646-02db-08bcfff5aa31">
      <Execution id="8bbb1511-717e-4da0-aa85-48d54d26b9aa" />
      <TestMethod codeBase="C:/projetos/ta/TA/Source/TA.Domain.Test/bin/Debug/TA.Domain.Test.DLL" adapterTypeName="Microsoft.VisualStudio.TestTools.TestTypes.Unit.UnitTestAdapter, Microsoft.VisualStudio.QualityTools.Tips.UnitTest.Adapter, Version=10.0.0.0, Culture=neutral, PublicKeyToken=b03f5f7f11d50a3a" className="TA.Domain.Test.Entity.EntidadeBaseTest, TA.Domain.Test, Version=1.0.0.0, Culture=neutral, PublicKeyToken=null" name="ToString" />
    </UnitTest>
    <UnitTest name="CompareTo_IEntidade" storage="c:\projetos\ta\ta\source\ta.domain.test\bin\debug\ta.domain.test.dll" id="bc34b4ea-b829-9040-ba44-b2ff98a49058">
      <Execution id="d864ea59-e67c-4832-ae8b-2567d90f7a81" />
      <TestMethod codeBase="C:/projetos/ta/TA/Source/TA.Domain.Test/bin/Debug/TA.Domain.Test.DLL" adapterTypeName="Microsoft.VisualStudio.TestTools.TestTypes.Unit.UnitTestAdapter, Microsoft.VisualStudio.QualityTools.Tips.UnitTest.Adapter, Version=10.0.0.0, Culture=neutral, PublicKeyToken=b03f5f7f11d50a3a" className="TA.Domain.Test.Entity.EntidadeBaseTest, TA.Domain.Test, Version=1.0.0.0, Culture=neutral, PublicKeyToken=null" name="CompareTo_IEntidade" />
    </UnitTest>
    <UnitTest name="Equals_IEntidade" storage="c:\projetos\ta\ta\source\ta.domain.test\bin\debug\ta.domain.test.dll" id="969da023-8c9f-b875-16db-6921604ffba7">
      <Execution id="6cb4deca-4cfd-4590-8cd6-3665e64dccdc" />
      <TestMethod codeBase="C:/projetos/ta/TA/Source/TA.Domain.Test/bin/Debug/TA.Domain.Test.DLL" adapterTypeName="Microsoft.VisualStudio.TestTools.TestTypes.Unit.UnitTestAdapter, Microsoft.VisualStudio.QualityTools.Tips.UnitTest.Adapter, Version=10.0.0.0, Culture=neutral, PublicKeyToken=b03f5f7f11d50a3a" className="TA.Domain.Test.Entity.EntidadeBaseTest, TA.Domain.Test, Version=1.0.0.0, Culture=neutral, PublicKeyToken=null" name="Equals_IEntidade" />
    </UnitTest>
  </TestDefinitions>
  <TestLists>
    <TestList name="Results Not in a List" id="8c84fa94-04c1-424b-9868-57a2d4851a1d" />
    <TestList name="All Loaded Results" id="19431567-8539-422a-85d7-44ee4e166bda" />
  </TestLists>
  <TestEntries>
    <TestEntry testId="75e70564-4cca-c887-d143-2c7ba827d467" executionId="48c817d8-8d2a-4660-9af5-0034ae2a0dbd" testListId="8c84fa94-04c1-424b-9868-57a2d4851a1d" />
    <TestEntry testId="969da023-8c9f-b875-16db-6921604ffba7" executionId="6cb4deca-4cfd-4590-8cd6-3665e64dccdc" testListId="8c84fa94-04c1-424b-9868-57a2d4851a1d" />
    <TestEntry testId="b628293b-5ba5-b646-02db-08bcfff5aa31" executionId="8bbb1511-717e-4da0-aa85-48d54d26b9aa" testListId="8c84fa94-04c1-424b-9868-57a2d4851a1d" />
    <TestEntry testId="bc34b4ea-b829-9040-ba44-b2ff98a49058" executionId="d864ea59-e67c-4832-ae8b-2567d90f7a81" testListId="8c84fa94-04c1-424b-9868-57a2d4851a1d" />
    <TestEntry testId="e5bab2dd-bd5d-15fa-c77b-e3326ef3c0bb" executionId="92a3e698-0f60-4864-92fb-322e738371a7" testListId="8c84fa94-04c1-424b-9868-57a2d4851a1d" />
  </TestEntries>
  <Results>
    <UnitTestResult executionId="48c817d8-8d2a-4660-9af5-0034ae2a0dbd" testId="75e70564-4cca-c887-d143-2c7ba827d467" testName="EntidadeBase_GetHashCode" computerName="BRUNO-PC" duration="00:00:00.0169531" startTime="2012-02-12T00:22:38.5399836-02:00" endTime="2012-02-12T00:22:38.8675842-02:00" testType="13cdc9d9-ddb5-4fa4-a97d-d965ccfc6d4b" outcome="Passed" testListId="8c84fa94-04c1-424b-9868-57a2d4851a1d" relativeResultsDirectory="48c817d8-8d2a-4660-9af5-0034ae2a0dbd">
    </UnitTestResult>
    <UnitTestResult executionId="6cb4deca-4cfd-4590-8cd6-3665e64dccdc" testId="969da023-8c9f-b875-16db-6921604ffba7" testName="Equals_IEntidade" computerName="BRUNO-PC" duration="00:00:00.0020761" startTime="2012-02-12T00:22:38.8831842-02:00" endTime="2012-02-12T00:22:38.8831842-02:00" testType="13cdc9d9-ddb5-4fa4-a97d-d965ccfc6d4b" outcome="Passed" testListId="8c84fa94-04c1-424b-9868-57a2d4851a1d" relativeResultsDirectory="6cb4deca-4cfd-4590-8cd6-3665e64dccdc">
    </UnitTestResult>
    <UnitTestResult executionId="8bbb1511-717e-4da0-aa85-48d54d26b9aa" testId="b628293b-5ba5-b646-02db-08bcfff5aa31" testName="ToString" computerName="BRUNO-PC" duration="00:00:00.0007678" startTime="2012-02-12T00:22:38.8987842-02:00" endTime="2012-02-12T00:22:38.9143843-02:00" testType="13cdc9d9-ddb5-4fa4-a97d-d965ccfc6d4b" outcome="Passed" testListId="8c84fa94-04c1-424b-9868-57a2d4851a1d" relativeResultsDirectory="8bbb1511-717e-4da0-aa85-48d54d26b9aa">
    </UnitTestResult>
    <UnitTestResult executionId="d864ea59-e67c-4832-ae8b-2567d90f7a81" testId="bc34b4ea-b829-9040-ba44-b2ff98a49058" testName="CompareTo_IEntidade" computerName="BRUNO-PC" duration="00:00:00.0160534" startTime="2012-02-12T00:22:38.9299843-02:00" endTime="2012-02-12T00:22:38.9611843-02:00" testType="13cdc9d9-ddb5-4fa4-a97d-d965ccfc6d4b" outcome="Passed" testListId="8c84fa94-04c1-424b-9868-57a2d4851a1d" relativeResultsDirectory="d864ea59-e67c-4832-ae8b-2567d90f7a81">
    </UnitTestResult>
    <UnitTestResult executionId="92a3e698-0f60-4864-92fb-322e738371a7" testId="e5bab2dd-bd5d-15fa-c77b-e3326ef3c0bb" testName="Equals_Object" computerName="BRUNO-PC" duration="00:00:00.0355025" startTime="2012-02-12T00:22:38.9611843-02:00" endTime="2012-02-12T00:22:39.0079844-02:00" testType="13cdc9d9-ddb5-4fa4-a97d-d965ccfc6d4b" outcome="Failed" testListId="8c84fa94-04c1-424b-9868-57a2d4851a1d" relativeResultsDirectory="92a3e698-0f60-4864-92fb-322e738371a7">
      <Output>
        <ErrorInfo>
          <Message>Assert.AreEqual failed. Expected:&lt;0 (System.Int32)&gt;. Actual:&lt;True (System.Boolean)&gt;. </Message>
          <StackTrace>   at TA.Domain.Test.Entity.EntidadeBaseTest.Equals_Object() in C:\projetos\ta\TA\Source\TA.Domain.Test\Entity\EntidadeBaseTest.cs:line 39
</StackTrace>
        </ErrorInfo>
      </Output>
    </UnitTestResult>
  </Results>
</TestRun>