<?xml version="1.0" encoding="UTF-8"?>
<TestRun id="b3a556d0-45f8-4e05-b0ff-ca103bdb9a72" name="Bruno@BRUNO-PC 2012-02-13 20:38:16" runUser="Bruno-PC\Bruno" xmlns="http://microsoft.com/schemas/VisualStudio/TeamTest/2010">
  <TestSettings name="Local" id="ca88e069-f008-4408-aa18-24caa99d89f1">
    <Description>These are default test settings for a local test run.</Description>
    <Deployment enabled="false" runDeploymentRoot="Bruno_BRUNO-PC 2012-02-13 20_38_16">
      <DeploymentItem filename="C:\Program Files\Moq.4.0.10827\NET40\Moq.dll" />
      <DeploymentItem filename="C:\projetos\ta\TA\Source\TA.Domain\bin\Debug\TA.Domain.dll" />
    </Deployment>
    <Execution>
      <TestTypeSpecific />
      <AgentRule name="Execution Agents">
      </AgentRule>
    </Execution>
  </TestSettings>
  <Times creation="2012-02-13T20:38:16.5608474-02:00" queuing="2012-02-13T20:38:19.8368532-02:00" start="2012-02-13T20:38:20.1020537-02:00" finish="2012-02-13T20:38:45.9299575-02:00" />
  <ResultSummary outcome="Completed">
    <Counters total="1" executed="1" passed="1" error="0" failed="0" timeout="0" aborted="0" inconclusive="0" passedButRunAborted="0" notRunnable="0" notExecuted="0" disconnected="0" warning="0" completed="0" inProgress="0" pending="0" />
  </ResultSummary>
  <TestDefinitions>
    <UnitTest name="Anunciar_Automovel_Invalido_Dispara_Exception_3_Erros" storage="c:\projetos\ta\ta\source\ta.domain.test\bin\debug\ta.domain.test.dll" id="ef68b1b6-a8d0-54f4-19c6-53af580a1d02">
      <Execution id="e3ac858f-a6f8-49e8-96b2-b36eaf9ffe2c" />
      <TestMethod codeBase="C:/projetos/ta/TA/Source/TA.Domain.Test/bin/Debug/TA.Domain.Test.DLL" adapterTypeName="Microsoft.VisualStudio.TestTools.TestTypes.Unit.UnitTestAdapter, Microsoft.VisualStudio.QualityTools.Tips.UnitTest.Adapter, Version=10.0.0.0, Culture=neutral, PublicKeyToken=b03f5f7f11d50a3a" className="TA.Domain.Test.Service.ServicoAnuncioTest, TA.Domain.Test, Version=1.0.0.0, Culture=neutral, PublicKeyToken=null" name="Anunciar_Automovel_Invalido_Dispara_Exception_3_Erros" />
    </UnitTest>
  </TestDefinitions>
  <TestLists>
    <TestList name="Results Not in a List" id="8c84fa94-04c1-424b-9868-57a2d4851a1d" />
    <TestList name="All Loaded Results" id="19431567-8539-422a-85d7-44ee4e166bda" />
  </TestLists>
  <TestEntries>
    <TestEntry testId="ef68b1b6-a8d0-54f4-19c6-53af580a1d02" executionId="e3ac858f-a6f8-49e8-96b2-b36eaf9ffe2c" testListId="8c84fa94-04c1-424b-9868-57a2d4851a1d" />
  </TestEntries>
  <Results>
    <UnitTestResult executionId="e3ac858f-a6f8-49e8-96b2-b36eaf9ffe2c" testId="ef68b1b6-a8d0-54f4-19c6-53af580a1d02" testName="Anunciar_Automovel_Invalido_Dispara_Exception_3_Erros" computerName="BRUNO-PC" duration="00:00:24.0275705" startTime="2012-02-13T20:38:20.3360541-02:00" endTime="2012-02-13T20:38:45.7739572-02:00" testType="13cdc9d9-ddb5-4fa4-a97d-d965ccfc6d4b" outcome="Passed" testListId="8c84fa94-04c1-424b-9868-57a2d4851a1d" relativeResultsDirectory="e3ac858f-a6f8-49e8-96b2-b36eaf9ffe2c">
    </UnitTestResult>
  </Results>
</TestRun>