<?xml version="1.0" encoding="UTF-8"?>
<TestRun id="ad0bc40a-bcec-4940-bcb6-19b4b4e658d4" name="Bruno@BRUNO-PC 2012-02-12 00:23:22" runUser="Bruno-PC\Bruno" xmlns="http://microsoft.com/schemas/VisualStudio/TeamTest/2010">
  <TestSettings name="Local" id="ca88e069-f008-4408-aa18-24caa99d89f1">
    <Description>These are default test settings for a local test run.</Description>
    <Deployment enabled="false" runDeploymentRoot="Bruno_BRUNO-PC 2012-02-12 00_23_22">
      <DeploymentItem filename="C:\Program Files\Moq.4.0.10827\NET40\Moq.dll" />
      <DeploymentItem filename="C:\projetos\ta\TA\Source\TA.Domain\bin\Debug\TA.Domain.dll" />
    </Deployment>
    <Execution>
      <TestTypeSpecific />
      <AgentRule name="Execution Agents">
      </AgentRule>
    </Execution>
  </TestSettings>
  <Times creation="2012-02-12T00:23:22.3434992-02:00" queuing="2012-02-12T00:23:23.2951008-02:00" start="2012-02-12T00:23:23.3419009-02:00" finish="2012-02-12T00:23:23.8099017-02:00" />
  <ResultSummary outcome="Completed">
    <Counters total="5" executed="5" passed="5" error="0" failed="0" timeout="0" aborted="0" inconclusive="0" passedButRunAborted="0" notRunnable="0" notExecuted="0" disconnected="0" warning="0" completed="0" inProgress="0" pending="0" />
  </ResultSummary>
  <TestDefinitions>
    <UnitTest name="EntidadeBase_GetHashCode" storage="c:\projetos\ta\ta\source\ta.domain.test\bin\debug\ta.domain.test.dll" id="75e70564-4cca-c887-d143-2c7ba827d467">
      <Execution id="e020d7bb-3d50-4672-867d-f9b3296127e4" />
      <TestMethod codeBase="C:/projetos/ta/TA/Source/TA.Domain.Test/bin/Debug/TA.Domain.Test.DLL" adapterTypeName="Microsoft.VisualStudio.TestTools.TestTypes.Unit.UnitTestAdapter, Microsoft.VisualStudio.QualityTools.Tips.UnitTest.Adapter, Version=10.0.0.0, Culture=neutral, PublicKeyToken=b03f5f7f11d50a3a" className="TA.Domain.Test.Entity.EntidadeBaseTest, TA.Domain.Test, Version=1.0.0.0, Culture=neutral, PublicKeyToken=null" name="EntidadeBase_GetHashCode" />
    </UnitTest>
    <UnitTest name="Equals_Object" storage="c:\projetos\ta\ta\source\ta.domain.test\bin\debug\ta.domain.test.dll" id="e5bab2dd-bd5d-15fa-c77b-e3326ef3c0bb">
      <Execution id="b6b2c651-9924-4f63-ad81-24d132464bca" />
      <TestMethod codeBase="C:/projetos/ta/TA/Source/TA.Domain.Test/bin/Debug/TA.Domain.Test.DLL" adapterTypeName="Microsoft.VisualStudio.TestTools.TestTypes.Unit.UnitTestAdapter, Microsoft.VisualStudio.QualityTools.Tips.UnitTest.Adapter, Version=10.0.0.0, Culture=neutral, PublicKeyToken=b03f5f7f11d50a3a" className="TA.Domain.Test.Entity.EntidadeBaseTest, TA.Domain.Test, Version=1.0.0.0, Culture=neutral, PublicKeyToken=null" name="Equals_Object" />
    </UnitTest>
    <UnitTest name="ToString" storage="c:\projetos\ta\ta\source\ta.domain.test\bin\debug\ta.domain.test.dll" id="b628293b-5ba5-b646-02db-08bcfff5aa31">
      <Execution id="9bf878ea-359d-4803-bf49-5e73259c8690" />
      <TestMethod codeBase="C:/projetos/ta/TA/Source/TA.Domain.Test/bin/Debug/TA.Domain.Test.DLL" adapterTypeName="Microsoft.VisualStudio.TestTools.TestTypes.Unit.UnitTestAdapter, Microsoft.VisualStudio.QualityTools.Tips.UnitTest.Adapter, Version=10.0.0.0, Culture=neutral, PublicKeyToken=b03f5f7f11d50a3a" className="TA.Domain.Test.Entity.EntidadeBaseTest, TA.Domain.Test, Version=1.0.0.0, Culture=neutral, PublicKeyToken=null" name="ToString" />
    </UnitTest>
    <UnitTest name="CompareTo_IEntidade" storage="c:\projetos\ta\ta\source\ta.domain.test\bin\debug\ta.domain.test.dll" id="bc34b4ea-b829-9040-ba44-b2ff98a49058">
      <Execution id="4b804161-0f37-4a3c-950c-50ec7741070e" />
      <TestMethod codeBase="C:/projetos/ta/TA/Source/TA.Domain.Test/bin/Debug/TA.Domain.Test.DLL" adapterTypeName="Microsoft.VisualStudio.TestTools.TestTypes.Unit.UnitTestAdapter, Microsoft.VisualStudio.QualityTools.Tips.UnitTest.Adapter, Version=10.0.0.0, Culture=neutral, PublicKeyToken=b03f5f7f11d50a3a" className="TA.Domain.Test.Entity.EntidadeBaseTest, TA.Domain.Test, Version=1.0.0.0, Culture=neutral, PublicKeyToken=null" name="CompareTo_IEntidade" />
    </UnitTest>
    <UnitTest name="Equals_IEntidade" storage="c:\projetos\ta\ta\source\ta.domain.test\bin\debug\ta.domain.test.dll" id="969da023-8c9f-b875-16db-6921604ffba7">
      <Execution id="26f7f9a1-281e-459f-bc6f-d9205bc47640" />
      <TestMethod codeBase="C:/projetos/ta/TA/Source/TA.Domain.Test/bin/Debug/TA.Domain.Test.DLL" adapterTypeName="Microsoft.VisualStudio.TestTools.TestTypes.Unit.UnitTestAdapter, Microsoft.VisualStudio.QualityTools.Tips.UnitTest.Adapter, Version=10.0.0.0, Culture=neutral, PublicKeyToken=b03f5f7f11d50a3a" className="TA.Domain.Test.Entity.EntidadeBaseTest, TA.Domain.Test, Version=1.0.0.0, Culture=neutral, PublicKeyToken=null" name="Equals_IEntidade" />
    </UnitTest>
  </TestDefinitions>
  <TestLists>
    <TestList name="Results Not in a List" id="8c84fa94-04c1-424b-9868-57a2d4851a1d" />
    <TestList name="All Loaded Results" id="19431567-8539-422a-85d7-44ee4e166bda" />
  </TestLists>
  <TestEntries>
    <TestEntry testId="75e70564-4cca-c887-d143-2c7ba827d467" executionId="e020d7bb-3d50-4672-867d-f9b3296127e4" testListId="8c84fa94-04c1-424b-9868-57a2d4851a1d" />
    <TestEntry testId="969da023-8c9f-b875-16db-6921604ffba7" executionId="26f7f9a1-281e-459f-bc6f-d9205bc47640" testListId="8c84fa94-04c1-424b-9868-57a2d4851a1d" />
    <TestEntry testId="b628293b-5ba5-b646-02db-08bcfff5aa31" executionId="9bf878ea-359d-4803-bf49-5e73259c8690" testListId="8c84fa94-04c1-424b-9868-57a2d4851a1d" />
    <TestEntry testId="bc34b4ea-b829-9040-ba44-b2ff98a49058" executionId="4b804161-0f37-4a3c-950c-50ec7741070e" testListId="8c84fa94-04c1-424b-9868-57a2d4851a1d" />
    <TestEntry testId="e5bab2dd-bd5d-15fa-c77b-e3326ef3c0bb" executionId="b6b2c651-9924-4f63-ad81-24d132464bca" testListId="8c84fa94-04c1-424b-9868-57a2d4851a1d" />
  </TestEntries>
  <Results>
    <UnitTestResult executionId="e020d7bb-3d50-4672-867d-f9b3296127e4" testId="75e70564-4cca-c887-d143-2c7ba827d467" testName="EntidadeBase_GetHashCode" computerName="BRUNO-PC" duration="00:00:00.0185355" startTime="2012-02-12T00:23:23.3575009-02:00" endTime="2012-02-12T00:23:23.6851015-02:00" testType="13cdc9d9-ddb5-4fa4-a97d-d965ccfc6d4b" outcome="Passed" testListId="8c84fa94-04c1-424b-9868-57a2d4851a1d" relativeResultsDirectory="e020d7bb-3d50-4672-867d-f9b3296127e4">
    </UnitTestResult>
    <UnitTestResult executionId="26f7f9a1-281e-459f-bc6f-d9205bc47640" testId="969da023-8c9f-b875-16db-6921604ffba7" testName="Equals_IEntidade" computerName="BRUNO-PC" duration="00:00:00.0065697" startTime="2012-02-12T00:23:23.6851015-02:00" endTime="2012-02-12T00:23:23.7007016-02:00" testType="13cdc9d9-ddb5-4fa4-a97d-d965ccfc6d4b" outcome="Passed" testListId="8c84fa94-04c1-424b-9868-57a2d4851a1d" relativeResultsDirectory="26f7f9a1-281e-459f-bc6f-d9205bc47640">
    </UnitTestResult>
    <UnitTestResult executionId="9bf878ea-359d-4803-bf49-5e73259c8690" testId="b628293b-5ba5-b646-02db-08bcfff5aa31" testName="ToString" computerName="BRUNO-PC" duration="00:00:00.0002925" startTime="2012-02-12T00:23:23.7163016-02:00" endTime="2012-02-12T00:23:23.7319016-02:00" testType="13cdc9d9-ddb5-4fa4-a97d-d965ccfc6d4b" outcome="Passed" testListId="8c84fa94-04c1-424b-9868-57a2d4851a1d" relativeResultsDirectory="9bf878ea-359d-4803-bf49-5e73259c8690">
    </UnitTestResult>
    <UnitTestResult executionId="4b804161-0f37-4a3c-950c-50ec7741070e" testId="bc34b4ea-b829-9040-ba44-b2ff98a49058" testName="CompareTo_IEntidade" computerName="BRUNO-PC" duration="00:00:00.0005127" startTime="2012-02-12T00:23:23.7319016-02:00" endTime="2012-02-12T00:23:23.7475016-02:00" testType="13cdc9d9-ddb5-4fa4-a97d-d965ccfc6d4b" outcome="Passed" testListId="8c84fa94-04c1-424b-9868-57a2d4851a1d" relativeResultsDirectory="4b804161-0f37-4a3c-950c-50ec7741070e">
    </UnitTestResult>
    <UnitTestResult executionId="b6b2c651-9924-4f63-ad81-24d132464bca" testId="e5bab2dd-bd5d-15fa-c77b-e3326ef3c0bb" testName="Equals_Object" computerName="BRUNO-PC" duration="00:00:00.0046917" startTime="2012-02-12T00:23:23.7631017-02:00" endTime="2012-02-12T00:23:23.7787017-02:00" testType="13cdc9d9-ddb5-4fa4-a97d-d965ccfc6d4b" outcome="Passed" testListId="8c84fa94-04c1-424b-9868-57a2d4851a1d" relativeResultsDirectory="b6b2c651-9924-4f63-ad81-24d132464bca">
    </UnitTestResult>
  </Results>
</TestRun>