<?xml version="1.0" encoding="UTF-8"?>
<TestRun id="a9cdb9fc-6a20-4542-8a2a-73014c6905c6" name="Bruno@BRUNO-PC 2012-02-15 14:54:47" runUser="Bruno-PC\Bruno" xmlns="http://microsoft.com/schemas/VisualStudio/TeamTest/2010">
  <TestSettings name="Local" id="ca88e069-f008-4408-aa18-24caa99d89f1">
    <Description>These are default test settings for a local test run.</Description>
    <Deployment enabled="false" runDeploymentRoot="Bruno_BRUNO-PC 2012-02-15 14_54_47">
      <DeploymentItem filename="C:\Program Files\Moq.4.0.10827\NET40\Moq.dll" />
      <DeploymentItem filename="C:\projetos\ta\TA\Source\TA.Domain\bin\Debug\TA.Domain.dll" />
    </Deployment>
    <Execution>
      <TestTypeSpecific />
      <AgentRule name="Execution Agents">
      </AgentRule>
    </Execution>
  </TestSettings>
  <Times creation="2012-02-15T14:54:47.0257450-02:00" queuing="2012-02-15T14:54:48.3517474-02:00" start="2012-02-15T14:54:48.3829474-02:00" finish="2012-02-15T14:54:49.8157576-02:00" />
  <ResultSummary outcome="Completed">
    <Counters total="51" executed="51" passed="51" error="0" failed="0" timeout="0" aborted="0" inconclusive="0" passedButRunAborted="0" notRunnable="0" notExecuted="0" disconnected="0" warning="0" completed="0" inProgress="0" pending="0" />
  </ResultSummary>
  <TestDefinitions>
    <UnitTest name="Anunciar_Anuncio_Invalido_Dispara_Exception_4_Erros" storage="c:\projetos\ta\ta\source\ta.domain.test\bin\debug\ta.domain.test.dll" id="c13275dc-57fc-17ff-ff62-230946f7fbb0">
      <Execution id="7877049a-49a6-406e-860c-5bd04357dae1" />
      <TestMethod codeBase="C:/projetos/ta/TA/Source/TA.Domain.Test/bin/Debug/TA.Domain.Test.DLL" adapterTypeName="Microsoft.VisualStudio.TestTools.TestTypes.Unit.UnitTestAdapter, Microsoft.VisualStudio.QualityTools.Tips.UnitTest.Adapter, Version=10.0.0.0, Culture=neutral, PublicKeyToken=b03f5f7f11d50a3a" className="TA.Domain.Test.Service.ServicoAnuncioTest, TA.Domain.Test, Version=1.0.0.0, Culture=neutral, PublicKeyToken=null" name="Anunciar_Anuncio_Invalido_Dispara_Exception_4_Erros" />
    </UnitTest>
    <UnitTest name="VisualizarAnuncio_Anuncio_Com_Estatistica_Incrementa_VisualizacoesAnuncio_Chama_Repositorio_Incluir_Atualizar" storage="c:\projetos\ta\ta\source\ta.domain.test\bin\debug\ta.domain.test.dll" id="24cb0af8-b82d-486f-625c-642db0efd894">
      <Execution id="84f19649-f44c-491e-94e0-f2c3ec0588d1" />
      <TestMethod codeBase="C:/projetos/ta/TA/Source/TA.Domain.Test/bin/Debug/TA.Domain.Test.DLL" adapterTypeName="Microsoft.VisualStudio.TestTools.TestTypes.Unit.UnitTestAdapter, Microsoft.VisualStudio.QualityTools.Tips.UnitTest.Adapter, Version=10.0.0.0, Culture=neutral, PublicKeyToken=b03f5f7f11d50a3a" className="TA.Domain.Test.Service.ServicoEstatisticaAnuncioTest, TA.Domain.Test, Version=1.0.0.0, Culture=neutral, PublicKeyToken=null" name="VisualizarAnuncio_Anuncio_Com_Estatistica_Incrementa_VisualizacoesAnuncio_Chama_Repositorio_Incluir_Atualizar" />
    </UnitTest>
    <UnitTest name="Atualizar_Anunciante_Nulo_Dispara_ArgumentNullException" storage="c:\projetos\ta\ta\source\ta.domain.test\bin\debug\ta.domain.test.dll" id="3994a0f8-e9a0-5654-df18-010984dd00cb">
      <Execution id="ed4d37d8-bfcb-4132-b3da-8ad7606c0b61" />
      <TestMethod codeBase="C:/projetos/ta/TA/Source/TA.Domain.Test/bin/Debug/TA.Domain.Test.DLL" adapterTypeName="Microsoft.VisualStudio.TestTools.TestTypes.Unit.UnitTestAdapter, Microsoft.VisualStudio.QualityTools.Tips.UnitTest.Adapter, Version=10.0.0.0, Culture=neutral, PublicKeyToken=b03f5f7f11d50a3a" className="TA.Domain.Test.Service.ServicoAnuncianteTest, TA.Domain.Test, Version=1.0.0.0, Culture=neutral, PublicKeyToken=null" name="Atualizar_Anunciante_Nulo_Dispara_ArgumentNullException" />
    </UnitTest>
    <UnitTest name="EntidadeBase_ToString" storage="c:\projetos\ta\ta\source\ta.domain.test\bin\debug\ta.domain.test.dll" id="833bc96c-1bee-8187-11aa-45546ec93852">
      <Execution id="265ec7e4-8794-42de-a8c8-ab5e197cd831" />
      <TestMethod codeBase="C:/projetos/ta/TA/Source/TA.Domain.Test/bin/Debug/TA.Domain.Test.DLL" adapterTypeName="Microsoft.VisualStudio.TestTools.TestTypes.Unit.UnitTestAdapter, Microsoft.VisualStudio.QualityTools.Tips.UnitTest.Adapter, Version=10.0.0.0, Culture=neutral, PublicKeyToken=b03f5f7f11d50a3a" className="TA.Domain.Test.Entity.EntidadeBaseTest, TA.Domain.Test, Version=1.0.0.0, Culture=neutral, PublicKeyToken=null" name="EntidadeBase_ToString" />
    </UnitTest>
    <UnitTest name="ReprovarAnuncios_Anuncios_Nulo_Dispara_ArgumentNullException" storage="c:\projetos\ta\ta\source\ta.domain.test\bin\debug\ta.domain.test.dll" id="76e6d2ab-ab65-20c9-3112-22a9f7a90c63">
      <Execution id="c95228fe-dc52-49cd-988e-22d9bdd1874b" />
      <TestMethod codeBase="C:/projetos/ta/TA/Source/TA.Domain.Test/bin/Debug/TA.Domain.Test.DLL" adapterTypeName="Microsoft.VisualStudio.TestTools.TestTypes.Unit.UnitTestAdapter, Microsoft.VisualStudio.QualityTools.Tips.UnitTest.Adapter, Version=10.0.0.0, Culture=neutral, PublicKeyToken=b03f5f7f11d50a3a" className="TA.Domain.Test.Service.ServicoAnuncioTest, TA.Domain.Test, Version=1.0.0.0, Culture=neutral, PublicKeyToken=null" name="ReprovarAnuncios_Anuncios_Nulo_Dispara_ArgumentNullException" />
    </UnitTest>
    <UnitTest name="Atualizar_Anuncio_Valido_Chama_Servico_Atualizar_Automovel_Repositorio_Atualizar" storage="c:\projetos\ta\ta\source\ta.domain.test\bin\debug\ta.domain.test.dll" id="f132b02f-2c02-0d4a-f583-b0982ad3f9ed">
      <Execution id="d31c79d4-ff03-4dd4-8a5c-cc595f971c2f" />
      <TestMethod codeBase="C:/projetos/ta/TA/Source/TA.Domain.Test/bin/Debug/TA.Domain.Test.DLL" adapterTypeName="Microsoft.VisualStudio.TestTools.TestTypes.Unit.UnitTestAdapter, Microsoft.VisualStudio.QualityTools.Tips.UnitTest.Adapter, Version=10.0.0.0, Culture=neutral, PublicKeyToken=b03f5f7f11d50a3a" className="TA.Domain.Test.Service.ServicoAnuncioTest, TA.Domain.Test, Version=1.0.0.0, Culture=neutral, PublicKeyToken=null" name="Atualizar_Anuncio_Valido_Chama_Servico_Atualizar_Automovel_Repositorio_Atualizar" />
    </UnitTest>
    <UnitTest name="Incluir_Anunciante_Valido_Data_Cadastro_DataAtual_Chama_Repositorio_ObterAnuncianteDeEmail_Incluir" storage="c:\projetos\ta\ta\source\ta.domain.test\bin\debug\ta.domain.test.dll" id="6805ab94-39dd-3cef-bd61-b466da305a09">
      <Execution id="359f3f8f-9dc2-4fc0-909a-2ccf02533908" />
      <TestMethod codeBase="C:/projetos/ta/TA/Source/TA.Domain.Test/bin/Debug/TA.Domain.Test.DLL" adapterTypeName="Microsoft.VisualStudio.TestTools.TestTypes.Unit.UnitTestAdapter, Microsoft.VisualStudio.QualityTools.Tips.UnitTest.Adapter, Version=10.0.0.0, Culture=neutral, PublicKeyToken=b03f5f7f11d50a3a" className="TA.Domain.Test.Service.ServicoAnuncianteTest, TA.Domain.Test, Version=1.0.0.0, Culture=neutral, PublicKeyToken=null" name="Incluir_Anunciante_Valido_Data_Cadastro_DataAtual_Chama_Repositorio_ObterAnuncianteDeEmail_Incluir" />
    </UnitTest>
    <UnitTest name="ObterAnunciosDoAnunciante_Anunciante_Nulo_Dispara_AgumentNullException" storage="c:\projetos\ta\ta\source\ta.domain.test\bin\debug\ta.domain.test.dll" id="035f9c4d-73ce-6334-978c-a1b53f569549">
      <Execution id="221d50ce-aa73-40e4-a53f-4d079189322a" />
      <TestMethod codeBase="C:/projetos/ta/TA/Source/TA.Domain.Test/bin/Debug/TA.Domain.Test.DLL" adapterTypeName="Microsoft.VisualStudio.TestTools.TestTypes.Unit.UnitTestAdapter, Microsoft.VisualStudio.QualityTools.Tips.UnitTest.Adapter, Version=10.0.0.0, Culture=neutral, PublicKeyToken=b03f5f7f11d50a3a" className="TA.Domain.Test.Service.ServicoAnuncioTest, TA.Domain.Test, Version=1.0.0.0, Culture=neutral, PublicKeyToken=null" name="ObterAnunciosDoAnunciante_Anunciante_Nulo_Dispara_AgumentNullException" />
    </UnitTest>
    <UnitTest name="ReprovarAnuncio_Anuncio_Valido_Chama_Atualizar_Automovel_Chama_Repositorio" storage="c:\projetos\ta\ta\source\ta.domain.test\bin\debug\ta.domain.test.dll" id="97229911-b796-dad0-d98d-d029c5aeaddb">
      <Execution id="26a8dfde-b4a7-4c91-b35c-18e92e5847ad" />
      <TestMethod codeBase="C:/projetos/ta/TA/Source/TA.Domain.Test/bin/Debug/TA.Domain.Test.DLL" adapterTypeName="Microsoft.VisualStudio.TestTools.TestTypes.Unit.UnitTestAdapter, Microsoft.VisualStudio.QualityTools.Tips.UnitTest.Adapter, Version=10.0.0.0, Culture=neutral, PublicKeyToken=b03f5f7f11d50a3a" className="TA.Domain.Test.Service.ServicoAnuncioTest, TA.Domain.Test, Version=1.0.0.0, Culture=neutral, PublicKeyToken=null" name="ReprovarAnuncio_Anuncio_Valido_Chama_Atualizar_Automovel_Chama_Repositorio" />
    </UnitTest>
    <UnitTest name="Anunciar_Plano_Do_Anuncio_Nulo_Dispara_ArgumentNullException" storage="c:\projetos\ta\ta\source\ta.domain.test\bin\debug\ta.domain.test.dll" id="2035db37-84cf-1aa6-fac6-f9b8dcd4dbbc">
      <Execution id="1285dd77-023f-4f28-b049-0a0a71104225" />
      <TestMethod codeBase="C:/projetos/ta/TA/Source/TA.Domain.Test/bin/Debug/TA.Domain.Test.DLL" adapterTypeName="Microsoft.VisualStudio.TestTools.TestTypes.Unit.UnitTestAdapter, Microsoft.VisualStudio.QualityTools.Tips.UnitTest.Adapter, Version=10.0.0.0, Culture=neutral, PublicKeyToken=b03f5f7f11d50a3a" className="TA.Domain.Test.Service.ServicoAnuncioTest, TA.Domain.Test, Version=1.0.0.0, Culture=neutral, PublicKeyToken=null" name="Anunciar_Plano_Do_Anuncio_Nulo_Dispara_ArgumentNullException" />
    </UnitTest>
    <UnitTest name="Atualizar_Anunciante_Invalido_Dispara_Exception_5_Erros" storage="c:\projetos\ta\ta\source\ta.domain.test\bin\debug\ta.domain.test.dll" id="317078db-9691-9268-d4c5-016d2ecd56b1">
      <Execution id="f0e5efca-68da-492c-aab2-abd1923f66d5" />
      <TestMethod codeBase="C:/projetos/ta/TA/Source/TA.Domain.Test/bin/Debug/TA.Domain.Test.DLL" adapterTypeName="Microsoft.VisualStudio.TestTools.TestTypes.Unit.UnitTestAdapter, Microsoft.VisualStudio.QualityTools.Tips.UnitTest.Adapter, Version=10.0.0.0, Culture=neutral, PublicKeyToken=b03f5f7f11d50a3a" className="TA.Domain.Test.Service.ServicoAnuncianteTest, TA.Domain.Test, Version=1.0.0.0, Culture=neutral, PublicKeyToken=null" name="Atualizar_Anunciante_Invalido_Dispara_Exception_5_Erros" />
    </UnitTest>
    <UnitTest name="Incluir_Anunciante_Valido_Email_Ja_Existente_Chamar_Repositorio_ObterObterAnuncianteDeEmail_Dispara_Exception" storage="c:\projetos\ta\ta\source\ta.domain.test\bin\debug\ta.domain.test.dll" id="3018ed9d-8fd8-964d-c204-8a82e8357df9">
      <Execution id="c51b1801-5657-47c9-b113-7ce8da240147" />
      <TestMethod codeBase="C:/projetos/ta/TA/Source/TA.Domain.Test/bin/Debug/TA.Domain.Test.DLL" adapterTypeName="Microsoft.VisualStudio.TestTools.TestTypes.Unit.UnitTestAdapter, Microsoft.VisualStudio.QualityTools.Tips.UnitTest.Adapter, Version=10.0.0.0, Culture=neutral, PublicKeyToken=b03f5f7f11d50a3a" className="TA.Domain.Test.Service.ServicoAnuncianteTest, TA.Domain.Test, Version=1.0.0.0, Culture=neutral, PublicKeyToken=null" name="Incluir_Anunciante_Valido_Email_Ja_Existente_Chamar_Repositorio_ObterObterAnuncianteDeEmail_Dispara_Exception" />
    </UnitTest>
    <UnitTest name="Atualizar_Anunciante_Valido_Email_Ja_Existente_Chamar_Repositorio_ObterObterAnuncianteDeEmail_Dispara_Exception" storage="c:\projetos\ta\ta\source\ta.domain.test\bin\debug\ta.domain.test.dll" id="6cfd783d-220b-e901-f190-5ccc7dfa74fb">
      <Execution id="f810530a-94f3-49ba-8df9-e4b690c08509" />
      <TestMethod codeBase="C:/projetos/ta/TA/Source/TA.Domain.Test/bin/Debug/TA.Domain.Test.DLL" adapterTypeName="Microsoft.VisualStudio.TestTools.TestTypes.Unit.UnitTestAdapter, Microsoft.VisualStudio.QualityTools.Tips.UnitTest.Adapter, Version=10.0.0.0, Culture=neutral, PublicKeyToken=b03f5f7f11d50a3a" className="TA.Domain.Test.Service.ServicoAnuncianteTest, TA.Domain.Test, Version=1.0.0.0, Culture=neutral, PublicKeyToken=null" name="Atualizar_Anunciante_Valido_Email_Ja_Existente_Chamar_Repositorio_ObterObterAnuncianteDeEmail_Dispara_Exception" />
    </UnitTest>
    <UnitTest name="ObterAnunciosAguardandoAprovacao_Chama_Repositorio" storage="c:\projetos\ta\ta\source\ta.domain.test\bin\debug\ta.domain.test.dll" id="9c6a0f53-2c17-8b82-a405-7f606c6cb3c7">
      <Execution id="c1755f04-17ec-4881-ad7d-02f00cb075a6" />
      <TestMethod codeBase="C:/projetos/ta/TA/Source/TA.Domain.Test/bin/Debug/TA.Domain.Test.DLL" adapterTypeName="Microsoft.VisualStudio.TestTools.TestTypes.Unit.UnitTestAdapter, Microsoft.VisualStudio.QualityTools.Tips.UnitTest.Adapter, Version=10.0.0.0, Culture=neutral, PublicKeyToken=b03f5f7f11d50a3a" className="TA.Domain.Test.Service.ServicoAnuncioTest, TA.Domain.Test, Version=1.0.0.0, Culture=neutral, PublicKeyToken=null" name="ObterAnunciosAguardandoAprovacao_Chama_Repositorio" />
    </UnitTest>
    <UnitTest name="AprovarAnuncio_Anuncio_Valido_Chama_Atualizar_Automovel_Chama_Repositorio" storage="c:\projetos\ta\ta\source\ta.domain.test\bin\debug\ta.domain.test.dll" id="f521203a-e787-a35b-6759-279fbed2b725">
      <Execution id="e1493804-a879-4c6a-b316-2e24d7b53f12" />
      <TestMethod codeBase="C:/projetos/ta/TA/Source/TA.Domain.Test/bin/Debug/TA.Domain.Test.DLL" adapterTypeName="Microsoft.VisualStudio.TestTools.TestTypes.Unit.UnitTestAdapter, Microsoft.VisualStudio.QualityTools.Tips.UnitTest.Adapter, Version=10.0.0.0, Culture=neutral, PublicKeyToken=b03f5f7f11d50a3a" className="TA.Domain.Test.Service.ServicoAnuncioTest, TA.Domain.Test, Version=1.0.0.0, Culture=neutral, PublicKeyToken=null" name="AprovarAnuncio_Anuncio_Valido_Chama_Atualizar_Automovel_Chama_Repositorio" />
    </UnitTest>
    <UnitTest name="Equals_IEntidade" storage="c:\projetos\ta\ta\source\ta.domain.test\bin\debug\ta.domain.test.dll" id="969da023-8c9f-b875-16db-6921604ffba7">
      <Execution id="fe949e72-5d7c-4d52-b57e-456316ef0bc3" />
      <TestMethod codeBase="C:/projetos/ta/TA/Source/TA.Domain.Test/bin/Debug/TA.Domain.Test.DLL" adapterTypeName="Microsoft.VisualStudio.TestTools.TestTypes.Unit.UnitTestAdapter, Microsoft.VisualStudio.QualityTools.Tips.UnitTest.Adapter, Version=10.0.0.0, Culture=neutral, PublicKeyToken=b03f5f7f11d50a3a" className="TA.Domain.Test.Entity.EntidadeBaseTest, TA.Domain.Test, Version=1.0.0.0, Culture=neutral, PublicKeyToken=null" name="Equals_IEntidade" />
    </UnitTest>
    <UnitTest name="Anunciar_Anuncio_Nulo_Dispara_ArgumentNullException" storage="c:\projetos\ta\ta\source\ta.domain.test\bin\debug\ta.domain.test.dll" id="79d547cc-b0ed-3488-80d5-1657c757509c">
      <Execution id="eea6ac32-d70b-4bbb-b08e-e3d167cbec79" />
      <TestMethod codeBase="C:/projetos/ta/TA/Source/TA.Domain.Test/bin/Debug/TA.Domain.Test.DLL" adapterTypeName="Microsoft.VisualStudio.TestTools.TestTypes.Unit.UnitTestAdapter, Microsoft.VisualStudio.QualityTools.Tips.UnitTest.Adapter, Version=10.0.0.0, Culture=neutral, PublicKeyToken=b03f5f7f11d50a3a" className="TA.Domain.Test.Service.ServicoAnuncioTest, TA.Domain.Test, Version=1.0.0.0, Culture=neutral, PublicKeyToken=null" name="Anunciar_Anuncio_Nulo_Dispara_ArgumentNullException" />
    </UnitTest>
    <UnitTest name="Anunciar_Anuncio_Valido_Chama_Servico_Incluir_Anunciante_Automovel__Estatistica_DataAnuncio_Atual_Status_AguardandoAprovacao" storage="c:\projetos\ta\ta\source\ta.domain.test\bin\debug\ta.domain.test.dll" id="92912957-ce61-5b35-500c-dae18f1ba6ad">
      <Execution id="bdf696c9-f703-4d96-a123-f2e8492e16ee" />
      <TestMethod codeBase="C:/projetos/ta/TA/Source/TA.Domain.Test/bin/Debug/TA.Domain.Test.DLL" adapterTypeName="Microsoft.VisualStudio.TestTools.TestTypes.Unit.UnitTestAdapter, Microsoft.VisualStudio.QualityTools.Tips.UnitTest.Adapter, Version=10.0.0.0, Culture=neutral, PublicKeyToken=b03f5f7f11d50a3a" className="TA.Domain.Test.Service.ServicoAnuncioTest, TA.Domain.Test, Version=1.0.0.0, Culture=neutral, PublicKeyToken=null" name="Anunciar_Anuncio_Valido_Chama_Servico_Incluir_Anunciante_Automovel__Estatistica_DataAnuncio_Atual_Status_AguardandoAprovacao" />
    </UnitTest>
    <UnitTest name="ObterAnuncioPorId_IdAnuncio_Valido_Retorna_Anuncio_Chama_Repositorio_ObterAnuncioPorId" storage="c:\projetos\ta\ta\source\ta.domain.test\bin\debug\ta.domain.test.dll" id="558c8582-095e-bfb9-2f53-2062c3289000">
      <Execution id="65c15986-f649-44d7-a1ca-4285088b94d4" />
      <TestMethod codeBase="C:/projetos/ta/TA/Source/TA.Domain.Test/bin/Debug/TA.Domain.Test.DLL" adapterTypeName="Microsoft.VisualStudio.TestTools.TestTypes.Unit.UnitTestAdapter, Microsoft.VisualStudio.QualityTools.Tips.UnitTest.Adapter, Version=10.0.0.0, Culture=neutral, PublicKeyToken=b03f5f7f11d50a3a" className="TA.Domain.Test.Service.ServicoAnuncioTest, TA.Domain.Test, Version=1.0.0.0, Culture=neutral, PublicKeyToken=null" name="ObterAnuncioPorId_IdAnuncio_Valido_Retorna_Anuncio_Chama_Repositorio_ObterAnuncioPorId" />
    </UnitTest>
    <UnitTest name="ObterEstatisticaDoAnuncio_Anuncio_Valido_Chama_Repositorio_ObterEstatisticaDoAnuncio_Retorna_Estatistica" storage="c:\projetos\ta\ta\source\ta.domain.test\bin\debug\ta.domain.test.dll" id="97e72701-6ec0-80c6-26a0-437460ef934c">
      <Execution id="199c613c-645f-4a19-bce2-0a20d4d5b8a9" />
      <TestMethod codeBase="C:/projetos/ta/TA/Source/TA.Domain.Test/bin/Debug/TA.Domain.Test.DLL" adapterTypeName="Microsoft.VisualStudio.TestTools.TestTypes.Unit.UnitTestAdapter, Microsoft.VisualStudio.QualityTools.Tips.UnitTest.Adapter, Version=10.0.0.0, Culture=neutral, PublicKeyToken=b03f5f7f11d50a3a" className="TA.Domain.Test.Service.ServicoEstatisticaAnuncioTest, TA.Domain.Test, Version=1.0.0.0, Culture=neutral, PublicKeyToken=null" name="ObterEstatisticaDoAnuncio_Anuncio_Valido_Chama_Repositorio_ObterEstatisticaDoAnuncio_Retorna_Estatistica" />
    </UnitTest>
    <UnitTest name="ReprovarAnuncios_Anuncio_Valido_Chama_Atualizar_Automovel_Chama_Repositorio" storage="c:\projetos\ta\ta\source\ta.domain.test\bin\debug\ta.domain.test.dll" id="1050d318-6269-40d8-a181-09fce85cf5fd">
      <Execution id="c9208eaf-07dc-41f4-bc9c-7d608c707a93" />
      <TestMethod codeBase="C:/projetos/ta/TA/Source/TA.Domain.Test/bin/Debug/TA.Domain.Test.DLL" adapterTypeName="Microsoft.VisualStudio.TestTools.TestTypes.Unit.UnitTestAdapter, Microsoft.VisualStudio.QualityTools.Tips.UnitTest.Adapter, Version=10.0.0.0, Culture=neutral, PublicKeyToken=b03f5f7f11d50a3a" className="TA.Domain.Test.Service.ServicoAnuncioTest, TA.Domain.Test, Version=1.0.0.0, Culture=neutral, PublicKeyToken=null" name="ReprovarAnuncios_Anuncio_Valido_Chama_Atualizar_Automovel_Chama_Repositorio" />
    </UnitTest>
    <UnitTest name="VisualizarAnuncio_Anuncio_Sem_Estatistica_Dispara_Exception" storage="c:\projetos\ta\ta\source\ta.domain.test\bin\debug\ta.domain.test.dll" id="94fe36e2-ffc3-cb15-3d2e-0f7a84f3d624">
      <Execution id="457881ef-c87d-4319-9240-e1bb4108f3dc" />
      <TestMethod codeBase="C:/projetos/ta/TA/Source/TA.Domain.Test/bin/Debug/TA.Domain.Test.DLL" adapterTypeName="Microsoft.VisualStudio.TestTools.TestTypes.Unit.UnitTestAdapter, Microsoft.VisualStudio.QualityTools.Tips.UnitTest.Adapter, Version=10.0.0.0, Culture=neutral, PublicKeyToken=b03f5f7f11d50a3a" className="TA.Domain.Test.Service.ServicoEstatisticaAnuncioTest, TA.Domain.Test, Version=1.0.0.0, Culture=neutral, PublicKeyToken=null" name="VisualizarAnuncio_Anuncio_Sem_Estatistica_Dispara_Exception" />
    </UnitTest>
    <UnitTest name="AprovarAnuncio_Anuncio_Nulo_Dispara_ArgumentNullException" storage="c:\projetos\ta\ta\source\ta.domain.test\bin\debug\ta.domain.test.dll" id="1e22ce60-591d-b987-2540-678ed78d9983">
      <Execution id="40c14f52-5e83-41bc-98f8-2a60643dd594" />
      <TestMethod codeBase="C:/projetos/ta/TA/Source/TA.Domain.Test/bin/Debug/TA.Domain.Test.DLL" adapterTypeName="Microsoft.VisualStudio.TestTools.TestTypes.Unit.UnitTestAdapter, Microsoft.VisualStudio.QualityTools.Tips.UnitTest.Adapter, Version=10.0.0.0, Culture=neutral, PublicKeyToken=b03f5f7f11d50a3a" className="TA.Domain.Test.Service.ServicoAnuncioTest, TA.Domain.Test, Version=1.0.0.0, Culture=neutral, PublicKeyToken=null" name="AprovarAnuncio_Anuncio_Nulo_Dispara_ArgumentNullException" />
    </UnitTest>
    <UnitTest name="ObterAnunciosPagosEmDestaque_Chama_Repositorio" storage="c:\projetos\ta\ta\source\ta.domain.test\bin\debug\ta.domain.test.dll" id="f7ada927-d569-b846-f404-de99ea993981">
      <Execution id="af084803-4dc6-4ea0-9416-15e2a36bae96" />
      <TestMethod codeBase="C:/projetos/ta/TA/Source/TA.Domain.Test/bin/Debug/TA.Domain.Test.DLL" adapterTypeName="Microsoft.VisualStudio.TestTools.TestTypes.Unit.UnitTestAdapter, Microsoft.VisualStudio.QualityTools.Tips.UnitTest.Adapter, Version=10.0.0.0, Culture=neutral, PublicKeyToken=b03f5f7f11d50a3a" className="TA.Domain.Test.Service.ServicoAnuncioTest, TA.Domain.Test, Version=1.0.0.0, Culture=neutral, PublicKeyToken=null" name="ObterAnunciosPagosEmDestaque_Chama_Repositorio" />
    </UnitTest>
    <UnitTest name="Excluir_Anuncio_Nulo_Dispara_ArgumentNullException" storage="c:\projetos\ta\ta\source\ta.domain.test\bin\debug\ta.domain.test.dll" id="507bc400-aa75-5aaa-316e-b37eb9fc39ea">
      <Execution id="9182088c-6436-47c9-982c-4be939f697bd" />
      <TestMethod codeBase="C:/projetos/ta/TA/Source/TA.Domain.Test/bin/Debug/TA.Domain.Test.DLL" adapterTypeName="Microsoft.VisualStudio.TestTools.TestTypes.Unit.UnitTestAdapter, Microsoft.VisualStudio.QualityTools.Tips.UnitTest.Adapter, Version=10.0.0.0, Culture=neutral, PublicKeyToken=b03f5f7f11d50a3a" className="TA.Domain.Test.Service.ServicoAnuncioTest, TA.Domain.Test, Version=1.0.0.0, Culture=neutral, PublicKeyToken=null" name="Excluir_Anuncio_Nulo_Dispara_ArgumentNullException" />
    </UnitTest>
    <UnitTest name="Excluir_Anuncio_Valido_Chama_Servico_Excluir_Automovel_Repositorio_Excluir" storage="c:\projetos\ta\ta\source\ta.domain.test\bin\debug\ta.domain.test.dll" id="cad04694-1e02-8d29-bfd2-6e0aeb9a106a">
      <Execution id="cdf3ad77-9047-4635-897b-73ac273e2f18" />
      <TestMethod codeBase="C:/projetos/ta/TA/Source/TA.Domain.Test/bin/Debug/TA.Domain.Test.DLL" adapterTypeName="Microsoft.VisualStudio.TestTools.TestTypes.Unit.UnitTestAdapter, Microsoft.VisualStudio.QualityTools.Tips.UnitTest.Adapter, Version=10.0.0.0, Culture=neutral, PublicKeyToken=b03f5f7f11d50a3a" className="TA.Domain.Test.Service.ServicoAnuncioTest, TA.Domain.Test, Version=1.0.0.0, Culture=neutral, PublicKeyToken=null" name="Excluir_Anuncio_Valido_Chama_Servico_Excluir_Automovel_Repositorio_Excluir" />
    </UnitTest>
    <UnitTest name="Atualizar_Plano_Do_Anuncio_Nulo_Dispara_ArgumentNullException" storage="c:\projetos\ta\ta\source\ta.domain.test\bin\debug\ta.domain.test.dll" id="6e7b0f4f-2497-cd94-9f27-6094ab263fc2">
      <Execution id="178c2469-9496-45b8-9ca5-2831f1533435" />
      <TestMethod codeBase="C:/projetos/ta/TA/Source/TA.Domain.Test/bin/Debug/TA.Domain.Test.DLL" adapterTypeName="Microsoft.VisualStudio.TestTools.TestTypes.Unit.UnitTestAdapter, Microsoft.VisualStudio.QualityTools.Tips.UnitTest.Adapter, Version=10.0.0.0, Culture=neutral, PublicKeyToken=b03f5f7f11d50a3a" className="TA.Domain.Test.Service.ServicoAnuncioTest, TA.Domain.Test, Version=1.0.0.0, Culture=neutral, PublicKeyToken=null" name="Atualizar_Plano_Do_Anuncio_Nulo_Dispara_ArgumentNullException" />
    </UnitTest>
    <UnitTest name="Incluir_Anunciante_Invalido_Dispara_Exception_5_Erros" storage="c:\projetos\ta\ta\source\ta.domain.test\bin\debug\ta.domain.test.dll" id="c52bfc8c-70c9-554f-96a6-b3fe4a1a3858">
      <Execution id="1b22ed53-2139-4e34-9707-4170358df851" />
      <TestMethod codeBase="C:/projetos/ta/TA/Source/TA.Domain.Test/bin/Debug/TA.Domain.Test.DLL" adapterTypeName="Microsoft.VisualStudio.TestTools.TestTypes.Unit.UnitTestAdapter, Microsoft.VisualStudio.QualityTools.Tips.UnitTest.Adapter, Version=10.0.0.0, Culture=neutral, PublicKeyToken=b03f5f7f11d50a3a" className="TA.Domain.Test.Service.ServicoAnuncianteTest, TA.Domain.Test, Version=1.0.0.0, Culture=neutral, PublicKeyToken=null" name="Incluir_Anunciante_Invalido_Dispara_Exception_5_Erros" />
    </UnitTest>
    <UnitTest name="ObterAnunciosDoAnunciante_Anunciante_Valido_Chama_Repositorio" storage="c:\projetos\ta\ta\source\ta.domain.test\bin\debug\ta.domain.test.dll" id="bfa89df2-b89a-55b8-01e4-8fdadba0ffbe">
      <Execution id="34c7cca1-6d3b-4a1d-bf37-5ea138a988e3" />
      <TestMethod codeBase="C:/projetos/ta/TA/Source/TA.Domain.Test/bin/Debug/TA.Domain.Test.DLL" adapterTypeName="Microsoft.VisualStudio.TestTools.TestTypes.Unit.UnitTestAdapter, Microsoft.VisualStudio.QualityTools.Tips.UnitTest.Adapter, Version=10.0.0.0, Culture=neutral, PublicKeyToken=b03f5f7f11d50a3a" className="TA.Domain.Test.Service.ServicoAnuncioTest, TA.Domain.Test, Version=1.0.0.0, Culture=neutral, PublicKeyToken=null" name="ObterAnunciosDoAnunciante_Anunciante_Valido_Chama_Repositorio" />
    </UnitTest>
    <UnitTest name="ObterAnunciosPagosMaisVisitados_Chama_Repositorio" storage="c:\projetos\ta\ta\source\ta.domain.test\bin\debug\ta.domain.test.dll" id="52ef7ad3-9970-2eb4-bb5a-9b5a886a91c8">
      <Execution id="86f99dcb-f663-4a0d-b47a-ab0acef722c0" />
      <TestMethod codeBase="C:/projetos/ta/TA/Source/TA.Domain.Test/bin/Debug/TA.Domain.Test.DLL" adapterTypeName="Microsoft.VisualStudio.TestTools.TestTypes.Unit.UnitTestAdapter, Microsoft.VisualStudio.QualityTools.Tips.UnitTest.Adapter, Version=10.0.0.0, Culture=neutral, PublicKeyToken=b03f5f7f11d50a3a" className="TA.Domain.Test.Service.ServicoAnuncioTest, TA.Domain.Test, Version=1.0.0.0, Culture=neutral, PublicKeyToken=null" name="ObterAnunciosPagosMaisVisitados_Chama_Repositorio" />
    </UnitTest>
    <UnitTest name="Equals_Object" storage="c:\projetos\ta\ta\source\ta.domain.test\bin\debug\ta.domain.test.dll" id="e5bab2dd-bd5d-15fa-c77b-e3326ef3c0bb">
      <Execution id="ba9c831f-c6d6-4d2e-87d7-82846dc0fb55" />
      <TestMethod codeBase="C:/projetos/ta/TA/Source/TA.Domain.Test/bin/Debug/TA.Domain.Test.DLL" adapterTypeName="Microsoft.VisualStudio.TestTools.TestTypes.Unit.UnitTestAdapter, Microsoft.VisualStudio.QualityTools.Tips.UnitTest.Adapter, Version=10.0.0.0, Culture=neutral, PublicKeyToken=b03f5f7f11d50a3a" className="TA.Domain.Test.Entity.EntidadeBaseTest, TA.Domain.Test, Version=1.0.0.0, Culture=neutral, PublicKeyToken=null" name="Equals_Object" />
    </UnitTest>
    <UnitTest name="Incluir_Anunciante_Nulo_Dispara_ArgumentNullException" storage="c:\projetos\ta\ta\source\ta.domain.test\bin\debug\ta.domain.test.dll" id="119dda2e-9bf6-50fb-a1d4-1eba5642b966">
      <Execution id="a71758f5-4c03-4d66-9b00-a9cc4e6545dd" />
      <TestMethod codeBase="C:/projetos/ta/TA/Source/TA.Domain.Test/bin/Debug/TA.Domain.Test.DLL" adapterTypeName="Microsoft.VisualStudio.TestTools.TestTypes.Unit.UnitTestAdapter, Microsoft.VisualStudio.QualityTools.Tips.UnitTest.Adapter, Version=10.0.0.0, Culture=neutral, PublicKeyToken=b03f5f7f11d50a3a" className="TA.Domain.Test.Service.ServicoAnuncianteTest, TA.Domain.Test, Version=1.0.0.0, Culture=neutral, PublicKeyToken=null" name="Incluir_Anunciante_Nulo_Dispara_ArgumentNullException" />
    </UnitTest>
    <UnitTest name="Atualizar_Anuncio_Nulo_Dispara_ArgumentNullException" storage="c:\projetos\ta\ta\source\ta.domain.test\bin\debug\ta.domain.test.dll" id="1f672b39-1806-9c26-6eda-a31d7ae11955">
      <Execution id="704fdae0-6153-43ef-9816-823e2dc36a12" />
      <TestMethod codeBase="C:/projetos/ta/TA/Source/TA.Domain.Test/bin/Debug/TA.Domain.Test.DLL" adapterTypeName="Microsoft.VisualStudio.TestTools.TestTypes.Unit.UnitTestAdapter, Microsoft.VisualStudio.QualityTools.Tips.UnitTest.Adapter, Version=10.0.0.0, Culture=neutral, PublicKeyToken=b03f5f7f11d50a3a" className="TA.Domain.Test.Service.ServicoAnuncioTest, TA.Domain.Test, Version=1.0.0.0, Culture=neutral, PublicKeyToken=null" name="Atualizar_Anuncio_Nulo_Dispara_ArgumentNullException" />
    </UnitTest>
    <UnitTest name="ReprovarAnuncio_Anuncio_Nulo_Dispara_ArgumentNullException" storage="c:\projetos\ta\ta\source\ta.domain.test\bin\debug\ta.domain.test.dll" id="0837304d-2f65-a4ab-d7e4-9f233dfdfcd5">
      <Execution id="d282c65c-b90d-485f-bdcf-716260cb1ba0" />
      <TestMethod codeBase="C:/projetos/ta/TA/Source/TA.Domain.Test/bin/Debug/TA.Domain.Test.DLL" adapterTypeName="Microsoft.VisualStudio.TestTools.TestTypes.Unit.UnitTestAdapter, Microsoft.VisualStudio.QualityTools.Tips.UnitTest.Adapter, Version=10.0.0.0, Culture=neutral, PublicKeyToken=b03f5f7f11d50a3a" className="TA.Domain.Test.Service.ServicoAnuncioTest, TA.Domain.Test, Version=1.0.0.0, Culture=neutral, PublicKeyToken=null" name="ReprovarAnuncio_Anuncio_Nulo_Dispara_ArgumentNullException" />
    </UnitTest>
    <UnitTest name="EntidadeBase_GetHashCode" storage="c:\projetos\ta\ta\source\ta.domain.test\bin\debug\ta.domain.test.dll" id="75e70564-4cca-c887-d143-2c7ba827d467">
      <Execution id="ed1bdf04-d515-4572-b156-86e86043b62c" />
      <TestMethod codeBase="C:/projetos/ta/TA/Source/TA.Domain.Test/bin/Debug/TA.Domain.Test.DLL" adapterTypeName="Microsoft.VisualStudio.TestTools.TestTypes.Unit.UnitTestAdapter, Microsoft.VisualStudio.QualityTools.Tips.UnitTest.Adapter, Version=10.0.0.0, Culture=neutral, PublicKeyToken=b03f5f7f11d50a3a" className="TA.Domain.Test.Entity.EntidadeBaseTest, TA.Domain.Test, Version=1.0.0.0, Culture=neutral, PublicKeyToken=null" name="EntidadeBase_GetHashCode" />
    </UnitTest>
    <UnitTest name="Anunciar_Automovel_Do_Anuncio_Nulo_Dispara_ArgumentNullException" storage="c:\projetos\ta\ta\source\ta.domain.test\bin\debug\ta.domain.test.dll" id="390bbc68-48f5-2f65-9c12-e0d36ebebd78">
      <Execution id="fd62902a-a456-4109-b453-327830143238" />
      <TestMethod codeBase="C:/projetos/ta/TA/Source/TA.Domain.Test/bin/Debug/TA.Domain.Test.DLL" adapterTypeName="Microsoft.VisualStudio.TestTools.TestTypes.Unit.UnitTestAdapter, Microsoft.VisualStudio.QualityTools.Tips.UnitTest.Adapter, Version=10.0.0.0, Culture=neutral, PublicKeyToken=b03f5f7f11d50a3a" className="TA.Domain.Test.Service.ServicoAnuncioTest, TA.Domain.Test, Version=1.0.0.0, Culture=neutral, PublicKeyToken=null" name="Anunciar_Automovel_Do_Anuncio_Nulo_Dispara_ArgumentNullException" />
    </UnitTest>
    <UnitTest name="Atualizar_Anunciante_Valido_Chama_Repositorio_ObterAnuncianteDeEmail_Atualizar" storage="c:\projetos\ta\ta\source\ta.domain.test\bin\debug\ta.domain.test.dll" id="a9e3d1b9-6113-4eed-6424-60b5e638432f">
      <Execution id="15dfbc43-7820-4a72-ade5-d5fb06d89ee6" />
      <TestMethod codeBase="C:/projetos/ta/TA/Source/TA.Domain.Test/bin/Debug/TA.Domain.Test.DLL" adapterTypeName="Microsoft.VisualStudio.TestTools.TestTypes.Unit.UnitTestAdapter, Microsoft.VisualStudio.QualityTools.Tips.UnitTest.Adapter, Version=10.0.0.0, Culture=neutral, PublicKeyToken=b03f5f7f11d50a3a" className="TA.Domain.Test.Service.ServicoAnuncianteTest, TA.Domain.Test, Version=1.0.0.0, Culture=neutral, PublicKeyToken=null" name="Atualizar_Anunciante_Valido_Chama_Repositorio_ObterAnuncianteDeEmail_Atualizar" />
    </UnitTest>
    <UnitTest name="AprovarAnuncios_Anuncio_Valido_Chama_Atualizar_Automovel_Chama_Repositorio" storage="c:\projetos\ta\ta\source\ta.domain.test\bin\debug\ta.domain.test.dll" id="ea9dfc70-6011-3821-52f7-17cda4c753fe">
      <Execution id="61a51ed4-21ce-47f4-b211-445642e2092c" />
      <TestMethod codeBase="C:/projetos/ta/TA/Source/TA.Domain.Test/bin/Debug/TA.Domain.Test.DLL" adapterTypeName="Microsoft.VisualStudio.TestTools.TestTypes.Unit.UnitTestAdapter, Microsoft.VisualStudio.QualityTools.Tips.UnitTest.Adapter, Version=10.0.0.0, Culture=neutral, PublicKeyToken=b03f5f7f11d50a3a" className="TA.Domain.Test.Service.ServicoAnuncioTest, TA.Domain.Test, Version=1.0.0.0, Culture=neutral, PublicKeyToken=null" name="AprovarAnuncios_Anuncio_Valido_Chama_Atualizar_Automovel_Chama_Repositorio" />
    </UnitTest>
    <UnitTest name="Atualizar_Anuncio_Invalido_Dispara_Exception_4_Erros" storage="c:\projetos\ta\ta\source\ta.domain.test\bin\debug\ta.domain.test.dll" id="40efc9ba-5b03-79ea-19e2-a4099dd3d245">
      <Execution id="3c0acf77-f61e-48d1-85fd-b56438ef78fe" />
      <TestMethod codeBase="C:/projetos/ta/TA/Source/TA.Domain.Test/bin/Debug/TA.Domain.Test.DLL" adapterTypeName="Microsoft.VisualStudio.TestTools.TestTypes.Unit.UnitTestAdapter, Microsoft.VisualStudio.QualityTools.Tips.UnitTest.Adapter, Version=10.0.0.0, Culture=neutral, PublicKeyToken=b03f5f7f11d50a3a" className="TA.Domain.Test.Service.ServicoAnuncioTest, TA.Domain.Test, Version=1.0.0.0, Culture=neutral, PublicKeyToken=null" name="Atualizar_Anuncio_Invalido_Dispara_Exception_4_Erros" />
    </UnitTest>
    <UnitTest name="VisualizarTelefoneDoAnuncio_Anuncio_Com_Estatistica_Incrementa_VisualizacoesTelefone_Chama_Repositorio_Incluir_Atualizar" storage="c:\projetos\ta\ta\source\ta.domain.test\bin\debug\ta.domain.test.dll" id="b31beb67-37f4-28f3-bcb3-a2ab7248a710">
      <Execution id="4e9ec682-fa96-4dea-b363-c6a5995d22c6" />
      <TestMethod codeBase="C:/projetos/ta/TA/Source/TA.Domain.Test/bin/Debug/TA.Domain.Test.DLL" adapterTypeName="Microsoft.VisualStudio.TestTools.TestTypes.Unit.UnitTestAdapter, Microsoft.VisualStudio.QualityTools.Tips.UnitTest.Adapter, Version=10.0.0.0, Culture=neutral, PublicKeyToken=b03f5f7f11d50a3a" className="TA.Domain.Test.Service.ServicoEstatisticaAnuncioTest, TA.Domain.Test, Version=1.0.0.0, Culture=neutral, PublicKeyToken=null" name="VisualizarTelefoneDoAnuncio_Anuncio_Com_Estatistica_Incrementa_VisualizacoesTelefone_Chama_Repositorio_Incluir_Atualizar" />
    </UnitTest>
    <UnitTest name="AprovarAnuncios_Anuncios_Nulo_Dispara_ArgumentNullException" storage="c:\projetos\ta\ta\source\ta.domain.test\bin\debug\ta.domain.test.dll" id="ed6c7bd4-5abf-1fa1-b6a1-d0821f49322b">
      <Execution id="8e10eeba-8d84-4e7a-9049-d6c7946aa355" />
      <TestMethod codeBase="C:/projetos/ta/TA/Source/TA.Domain.Test/bin/Debug/TA.Domain.Test.DLL" adapterTypeName="Microsoft.VisualStudio.TestTools.TestTypes.Unit.UnitTestAdapter, Microsoft.VisualStudio.QualityTools.Tips.UnitTest.Adapter, Version=10.0.0.0, Culture=neutral, PublicKeyToken=b03f5f7f11d50a3a" className="TA.Domain.Test.Service.ServicoAnuncioTest, TA.Domain.Test, Version=1.0.0.0, Culture=neutral, PublicKeyToken=null" name="AprovarAnuncios_Anuncios_Nulo_Dispara_ArgumentNullException" />
    </UnitTest>
    <UnitTest name="CompareTo_IEntidade" storage="c:\projetos\ta\ta\source\ta.domain.test\bin\debug\ta.domain.test.dll" id="bc34b4ea-b829-9040-ba44-b2ff98a49058">
      <Execution id="436d8927-f71c-47fe-b8e6-5f2e82f27770" />
      <TestMethod codeBase="C:/projetos/ta/TA/Source/TA.Domain.Test/bin/Debug/TA.Domain.Test.DLL" adapterTypeName="Microsoft.VisualStudio.TestTools.TestTypes.Unit.UnitTestAdapter, Microsoft.VisualStudio.QualityTools.Tips.UnitTest.Adapter, Version=10.0.0.0, Culture=neutral, PublicKeyToken=b03f5f7f11d50a3a" className="TA.Domain.Test.Entity.EntidadeBaseTest, TA.Domain.Test, Version=1.0.0.0, Culture=neutral, PublicKeyToken=null" name="CompareTo_IEntidade" />
    </UnitTest>
    <UnitTest name="VisualizarAnuncio_Anuncio_Nulo_Dispara_ArgumentNullException" storage="c:\projetos\ta\ta\source\ta.domain.test\bin\debug\ta.domain.test.dll" id="29ef24f2-e529-a5e7-b714-462ba0a14230">
      <Execution id="9ff2db11-9a1a-43ff-b001-e0e5d66d0779" />
      <TestMethod codeBase="C:/projetos/ta/TA/Source/TA.Domain.Test/bin/Debug/TA.Domain.Test.DLL" adapterTypeName="Microsoft.VisualStudio.TestTools.TestTypes.Unit.UnitTestAdapter, Microsoft.VisualStudio.QualityTools.Tips.UnitTest.Adapter, Version=10.0.0.0, Culture=neutral, PublicKeyToken=b03f5f7f11d50a3a" className="TA.Domain.Test.Service.ServicoEstatisticaAnuncioTest, TA.Domain.Test, Version=1.0.0.0, Culture=neutral, PublicKeyToken=null" name="VisualizarAnuncio_Anuncio_Nulo_Dispara_ArgumentNullException" />
    </UnitTest>
    <UnitTest name="VisualizarTelefoneDoAnuncio_Anuncio_Nulo_Dispara_ArgumentNullException" storage="c:\projetos\ta\ta\source\ta.domain.test\bin\debug\ta.domain.test.dll" id="1d736319-6bca-5716-23e3-8a08b40761d6">
      <Execution id="27f80b30-fc7a-403c-a53d-993ab77904fe" />
      <TestMethod codeBase="C:/projetos/ta/TA/Source/TA.Domain.Test/bin/Debug/TA.Domain.Test.DLL" adapterTypeName="Microsoft.VisualStudio.TestTools.TestTypes.Unit.UnitTestAdapter, Microsoft.VisualStudio.QualityTools.Tips.UnitTest.Adapter, Version=10.0.0.0, Culture=neutral, PublicKeyToken=b03f5f7f11d50a3a" className="TA.Domain.Test.Service.ServicoEstatisticaAnuncioTest, TA.Domain.Test, Version=1.0.0.0, Culture=neutral, PublicKeyToken=null" name="VisualizarTelefoneDoAnuncio_Anuncio_Nulo_Dispara_ArgumentNullException" />
    </UnitTest>
    <UnitTest name="Incluir_Anunciante_Valido_Menor_18_Anos_Dispara_Exception_1_Erro" storage="c:\projetos\ta\ta\source\ta.domain.test\bin\debug\ta.domain.test.dll" id="3a72f60a-007d-f1f2-9ee4-d1b5cdf2a20d">
      <Execution id="58370fa7-d397-49f0-9361-27224b299b46" />
      <TestMethod codeBase="C:/projetos/ta/TA/Source/TA.Domain.Test/bin/Debug/TA.Domain.Test.DLL" adapterTypeName="Microsoft.VisualStudio.TestTools.TestTypes.Unit.UnitTestAdapter, Microsoft.VisualStudio.QualityTools.Tips.UnitTest.Adapter, Version=10.0.0.0, Culture=neutral, PublicKeyToken=b03f5f7f11d50a3a" className="TA.Domain.Test.Service.ServicoAnuncianteTest, TA.Domain.Test, Version=1.0.0.0, Culture=neutral, PublicKeyToken=null" name="Incluir_Anunciante_Valido_Menor_18_Anos_Dispara_Exception_1_Erro" />
    </UnitTest>
    <UnitTest name="Atualizar_Anunciante_Valido_Menor_18_Anos_Dispara_Exception_1_Erro" storage="c:\projetos\ta\ta\source\ta.domain.test\bin\debug\ta.domain.test.dll" id="a874cf8f-134e-5e5d-928e-76ca64bcc9e8">
      <Execution id="b6b5a3ea-cdad-4f7f-a624-82454ad60dfc" />
      <TestMethod codeBase="C:/projetos/ta/TA/Source/TA.Domain.Test/bin/Debug/TA.Domain.Test.DLL" adapterTypeName="Microsoft.VisualStudio.TestTools.TestTypes.Unit.UnitTestAdapter, Microsoft.VisualStudio.QualityTools.Tips.UnitTest.Adapter, Version=10.0.0.0, Culture=neutral, PublicKeyToken=b03f5f7f11d50a3a" className="TA.Domain.Test.Service.ServicoAnuncianteTest, TA.Domain.Test, Version=1.0.0.0, Culture=neutral, PublicKeyToken=null" name="Atualizar_Anunciante_Valido_Menor_18_Anos_Dispara_Exception_1_Erro" />
    </UnitTest>
    <UnitTest name="ObterAnunciosPagosRecentes_Chama_Repositorio" storage="c:\projetos\ta\ta\source\ta.domain.test\bin\debug\ta.domain.test.dll" id="f63adf85-9dbb-ac1d-3feb-25c3b3f2dcbb">
      <Execution id="30f09eec-dca0-4425-a5af-a9e6dba9a366" />
      <TestMethod codeBase="C:/projetos/ta/TA/Source/TA.Domain.Test/bin/Debug/TA.Domain.Test.DLL" adapterTypeName="Microsoft.VisualStudio.TestTools.TestTypes.Unit.UnitTestAdapter, Microsoft.VisualStudio.QualityTools.Tips.UnitTest.Adapter, Version=10.0.0.0, Culture=neutral, PublicKeyToken=b03f5f7f11d50a3a" className="TA.Domain.Test.Service.ServicoAnuncioTest, TA.Domain.Test, Version=1.0.0.0, Culture=neutral, PublicKeyToken=null" name="ObterAnunciosPagosRecentes_Chama_Repositorio" />
    </UnitTest>
    <UnitTest name="Atualizar_Automovel_Do_Anuncio_Nulo_Dispara_ArgumentNullException" storage="c:\projetos\ta\ta\source\ta.domain.test\bin\debug\ta.domain.test.dll" id="20cd389a-6553-d208-12b3-2bd9c2907e57">
      <Execution id="8c7bf414-d3b2-48d5-a0d5-034bc557fc87" />
      <TestMethod codeBase="C:/projetos/ta/TA/Source/TA.Domain.Test/bin/Debug/TA.Domain.Test.DLL" adapterTypeName="Microsoft.VisualStudio.TestTools.TestTypes.Unit.UnitTestAdapter, Microsoft.VisualStudio.QualityTools.Tips.UnitTest.Adapter, Version=10.0.0.0, Culture=neutral, PublicKeyToken=b03f5f7f11d50a3a" className="TA.Domain.Test.Service.ServicoAnuncioTest, TA.Domain.Test, Version=1.0.0.0, Culture=neutral, PublicKeyToken=null" name="Atualizar_Automovel_Do_Anuncio_Nulo_Dispara_ArgumentNullException" />
    </UnitTest>
    <UnitTest name="VisualizarTelefoneDoAnuncio_Anuncio_Sem_Estatistica_Dispara_Exception" storage="c:\projetos\ta\ta\source\ta.domain.test\bin\debug\ta.domain.test.dll" id="6d23e57b-2288-52d8-b544-ecf2ccb57996">
      <Execution id="15503b11-9a88-4e1f-9927-e99259d8fbf7" />
      <TestMethod codeBase="C:/projetos/ta/TA/Source/TA.Domain.Test/bin/Debug/TA.Domain.Test.DLL" adapterTypeName="Microsoft.VisualStudio.TestTools.TestTypes.Unit.UnitTestAdapter, Microsoft.VisualStudio.QualityTools.Tips.UnitTest.Adapter, Version=10.0.0.0, Culture=neutral, PublicKeyToken=b03f5f7f11d50a3a" className="TA.Domain.Test.Service.ServicoEstatisticaAnuncioTest, TA.Domain.Test, Version=1.0.0.0, Culture=neutral, PublicKeyToken=null" name="VisualizarTelefoneDoAnuncio_Anuncio_Sem_Estatistica_Dispara_Exception" />
    </UnitTest>
    <UnitTest name="ObterEstatisticaDoAnuncio_Anuncio_Nulo_Dispara_ArgumentNullException" storage="c:\projetos\ta\ta\source\ta.domain.test\bin\debug\ta.domain.test.dll" id="a2a42f5b-40f4-79b8-5f7c-f93e8adb71f2">
      <Execution id="59c4e7ed-8c3e-40f7-af0a-7e99df7a29aa" />
      <TestMethod codeBase="C:/projetos/ta/TA/Source/TA.Domain.Test/bin/Debug/TA.Domain.Test.DLL" adapterTypeName="Microsoft.VisualStudio.TestTools.TestTypes.Unit.UnitTestAdapter, Microsoft.VisualStudio.QualityTools.Tips.UnitTest.Adapter, Version=10.0.0.0, Culture=neutral, PublicKeyToken=b03f5f7f11d50a3a" className="TA.Domain.Test.Service.ServicoEstatisticaAnuncioTest, TA.Domain.Test, Version=1.0.0.0, Culture=neutral, PublicKeyToken=null" name="ObterEstatisticaDoAnuncio_Anuncio_Nulo_Dispara_ArgumentNullException" />
    </UnitTest>
    <UnitTest name="ObterAnuncioPorId_IdAnuncio_Invalido_Retorna_Nulo_Chama_Repositorio_ObterAnuncioPorId" storage="c:\projetos\ta\ta\source\ta.domain.test\bin\debug\ta.domain.test.dll" id="2c02e664-5ddb-cb9e-a810-363235a122e5">
      <Execution id="05f8900a-d971-427f-be75-d2814078ff7a" />
      <TestMethod codeBase="C:/projetos/ta/TA/Source/TA.Domain.Test/bin/Debug/TA.Domain.Test.DLL" adapterTypeName="Microsoft.VisualStudio.TestTools.TestTypes.Unit.UnitTestAdapter, Microsoft.VisualStudio.QualityTools.Tips.UnitTest.Adapter, Version=10.0.0.0, Culture=neutral, PublicKeyToken=b03f5f7f11d50a3a" className="TA.Domain.Test.Service.ServicoAnuncioTest, TA.Domain.Test, Version=1.0.0.0, Culture=neutral, PublicKeyToken=null" name="ObterAnuncioPorId_IdAnuncio_Invalido_Retorna_Nulo_Chama_Repositorio_ObterAnuncioPorId" />
    </UnitTest>
  </TestDefinitions>
  <TestLists>
    <TestList name="Results Not in a List" id="8c84fa94-04c1-424b-9868-57a2d4851a1d" />
    <TestList name="All Loaded Results" id="19431567-8539-422a-85d7-44ee4e166bda" />
  </TestLists>
  <TestEntries>
    <TestEntry testId="035f9c4d-73ce-6334-978c-a1b53f569549" executionId="221d50ce-aa73-40e4-a53f-4d079189322a" testListId="8c84fa94-04c1-424b-9868-57a2d4851a1d" />
    <TestEntry testId="0837304d-2f65-a4ab-d7e4-9f233dfdfcd5" executionId="d282c65c-b90d-485f-bdcf-716260cb1ba0" testListId="8c84fa94-04c1-424b-9868-57a2d4851a1d" />
    <TestEntry testId="1050d318-6269-40d8-a181-09fce85cf5fd" executionId="c9208eaf-07dc-41f4-bc9c-7d608c707a93" testListId="8c84fa94-04c1-424b-9868-57a2d4851a1d" />
    <TestEntry testId="119dda2e-9bf6-50fb-a1d4-1eba5642b966" executionId="a71758f5-4c03-4d66-9b00-a9cc4e6545dd" testListId="8c84fa94-04c1-424b-9868-57a2d4851a1d" />
    <TestEntry testId="1d736319-6bca-5716-23e3-8a08b40761d6" executionId="27f80b30-fc7a-403c-a53d-993ab77904fe" testListId="8c84fa94-04c1-424b-9868-57a2d4851a1d" />
    <TestEntry testId="1e22ce60-591d-b987-2540-678ed78d9983" executionId="40c14f52-5e83-41bc-98f8-2a60643dd594" testListId="8c84fa94-04c1-424b-9868-57a2d4851a1d" />
    <TestEntry testId="1f672b39-1806-9c26-6eda-a31d7ae11955" executionId="704fdae0-6153-43ef-9816-823e2dc36a12" testListId="8c84fa94-04c1-424b-9868-57a2d4851a1d" />
    <TestEntry testId="2035db37-84cf-1aa6-fac6-f9b8dcd4dbbc" executionId="1285dd77-023f-4f28-b049-0a0a71104225" testListId="8c84fa94-04c1-424b-9868-57a2d4851a1d" />
    <TestEntry testId="20cd389a-6553-d208-12b3-2bd9c2907e57" executionId="8c7bf414-d3b2-48d5-a0d5-034bc557fc87" testListId="8c84fa94-04c1-424b-9868-57a2d4851a1d" />
    <TestEntry testId="24cb0af8-b82d-486f-625c-642db0efd894" executionId="84f19649-f44c-491e-94e0-f2c3ec0588d1" testListId="8c84fa94-04c1-424b-9868-57a2d4851a1d" />
    <TestEntry testId="29ef24f2-e529-a5e7-b714-462ba0a14230" executionId="9ff2db11-9a1a-43ff-b001-e0e5d66d0779" testListId="8c84fa94-04c1-424b-9868-57a2d4851a1d" />
    <TestEntry testId="2c02e664-5ddb-cb9e-a810-363235a122e5" executionId="05f8900a-d971-427f-be75-d2814078ff7a" testListId="8c84fa94-04c1-424b-9868-57a2d4851a1d" />
    <TestEntry testId="3018ed9d-8fd8-964d-c204-8a82e8357df9" executionId="c51b1801-5657-47c9-b113-7ce8da240147" testListId="8c84fa94-04c1-424b-9868-57a2d4851a1d" />
    <TestEntry testId="317078db-9691-9268-d4c5-016d2ecd56b1" executionId="f0e5efca-68da-492c-aab2-abd1923f66d5" testListId="8c84fa94-04c1-424b-9868-57a2d4851a1d" />
    <TestEntry testId="390bbc68-48f5-2f65-9c12-e0d36ebebd78" executionId="fd62902a-a456-4109-b453-327830143238" testListId="8c84fa94-04c1-424b-9868-57a2d4851a1d" />
    <TestEntry testId="3994a0f8-e9a0-5654-df18-010984dd00cb" executionId="ed4d37d8-bfcb-4132-b3da-8ad7606c0b61" testListId="8c84fa94-04c1-424b-9868-57a2d4851a1d" />
    <TestEntry testId="3a72f60a-007d-f1f2-9ee4-d1b5cdf2a20d" executionId="58370fa7-d397-49f0-9361-27224b299b46" testListId="8c84fa94-04c1-424b-9868-57a2d4851a1d" />
    <TestEntry testId="40efc9ba-5b03-79ea-19e2-a4099dd3d245" executionId="3c0acf77-f61e-48d1-85fd-b56438ef78fe" testListId="8c84fa94-04c1-424b-9868-57a2d4851a1d" />
    <TestEntry testId="507bc400-aa75-5aaa-316e-b37eb9fc39ea" executionId="9182088c-6436-47c9-982c-4be939f697bd" testListId="8c84fa94-04c1-424b-9868-57a2d4851a1d" />
    <TestEntry testId="52ef7ad3-9970-2eb4-bb5a-9b5a886a91c8" executionId="86f99dcb-f663-4a0d-b47a-ab0acef722c0" testListId="8c84fa94-04c1-424b-9868-57a2d4851a1d" />
    <TestEntry testId="558c8582-095e-bfb9-2f53-2062c3289000" executionId="65c15986-f649-44d7-a1ca-4285088b94d4" testListId="8c84fa94-04c1-424b-9868-57a2d4851a1d" />
    <TestEntry testId="6805ab94-39dd-3cef-bd61-b466da305a09" executionId="359f3f8f-9dc2-4fc0-909a-2ccf02533908" testListId="8c84fa94-04c1-424b-9868-57a2d4851a1d" />
    <TestEntry testId="6cfd783d-220b-e901-f190-5ccc7dfa74fb" executionId="f810530a-94f3-49ba-8df9-e4b690c08509" testListId="8c84fa94-04c1-424b-9868-57a2d4851a1d" />
    <TestEntry testId="6d23e57b-2288-52d8-b544-ecf2ccb57996" executionId="15503b11-9a88-4e1f-9927-e99259d8fbf7" testListId="8c84fa94-04c1-424b-9868-57a2d4851a1d" />
    <TestEntry testId="6e7b0f4f-2497-cd94-9f27-6094ab263fc2" executionId="178c2469-9496-45b8-9ca5-2831f1533435" testListId="8c84fa94-04c1-424b-9868-57a2d4851a1d" />
    <TestEntry testId="75e70564-4cca-c887-d143-2c7ba827d467" executionId="ed1bdf04-d515-4572-b156-86e86043b62c" testListId="8c84fa94-04c1-424b-9868-57a2d4851a1d" />
    <TestEntry testId="76e6d2ab-ab65-20c9-3112-22a9f7a90c63" executionId="c95228fe-dc52-49cd-988e-22d9bdd1874b" testListId="8c84fa94-04c1-424b-9868-57a2d4851a1d" />
    <TestEntry testId="79d547cc-b0ed-3488-80d5-1657c757509c" executionId="eea6ac32-d70b-4bbb-b08e-e3d167cbec79" testListId="8c84fa94-04c1-424b-9868-57a2d4851a1d" />
    <TestEntry testId="833bc96c-1bee-8187-11aa-45546ec93852" executionId="265ec7e4-8794-42de-a8c8-ab5e197cd831" testListId="8c84fa94-04c1-424b-9868-57a2d4851a1d" />
    <TestEntry testId="92912957-ce61-5b35-500c-dae18f1ba6ad" executionId="bdf696c9-f703-4d96-a123-f2e8492e16ee" testListId="8c84fa94-04c1-424b-9868-57a2d4851a1d" />
    <TestEntry testId="94fe36e2-ffc3-cb15-3d2e-0f7a84f3d624" executionId="457881ef-c87d-4319-9240-e1bb4108f3dc" testListId="8c84fa94-04c1-424b-9868-57a2d4851a1d" />
    <TestEntry testId="969da023-8c9f-b875-16db-6921604ffba7" executionId="fe949e72-5d7c-4d52-b57e-456316ef0bc3" testListId="8c84fa94-04c1-424b-9868-57a2d4851a1d" />
    <TestEntry testId="97229911-b796-dad0-d98d-d029c5aeaddb" executionId="26a8dfde-b4a7-4c91-b35c-18e92e5847ad" testListId="8c84fa94-04c1-424b-9868-57a2d4851a1d" />
    <TestEntry testId="97e72701-6ec0-80c6-26a0-437460ef934c" executionId="199c613c-645f-4a19-bce2-0a20d4d5b8a9" testListId="8c84fa94-04c1-424b-9868-57a2d4851a1d" />
    <TestEntry testId="9c6a0f53-2c17-8b82-a405-7f606c6cb3c7" executionId="c1755f04-17ec-4881-ad7d-02f00cb075a6" testListId="8c84fa94-04c1-424b-9868-57a2d4851a1d" />
    <TestEntry testId="a2a42f5b-40f4-79b8-5f7c-f93e8adb71f2" executionId="59c4e7ed-8c3e-40f7-af0a-7e99df7a29aa" testListId="8c84fa94-04c1-424b-9868-57a2d4851a1d" />
    <TestEntry testId="a874cf8f-134e-5e5d-928e-76ca64bcc9e8" executionId="b6b5a3ea-cdad-4f7f-a624-82454ad60dfc" testListId="8c84fa94-04c1-424b-9868-57a2d4851a1d" />
    <TestEntry testId="a9e3d1b9-6113-4eed-6424-60b5e638432f" executionId="15dfbc43-7820-4a72-ade5-d5fb06d89ee6" testListId="8c84fa94-04c1-424b-9868-57a2d4851a1d" />
    <TestEntry testId="b31beb67-37f4-28f3-bcb3-a2ab7248a710" executionId="4e9ec682-fa96-4dea-b363-c6a5995d22c6" testListId="8c84fa94-04c1-424b-9868-57a2d4851a1d" />
    <TestEntry testId="bc34b4ea-b829-9040-ba44-b2ff98a49058" executionId="436d8927-f71c-47fe-b8e6-5f2e82f27770" testListId="8c84fa94-04c1-424b-9868-57a2d4851a1d" />
    <TestEntry testId="bfa89df2-b89a-55b8-01e4-8fdadba0ffbe" executionId="34c7cca1-6d3b-4a1d-bf37-5ea138a988e3" testListId="8c84fa94-04c1-424b-9868-57a2d4851a1d" />
    <TestEntry testId="c13275dc-57fc-17ff-ff62-230946f7fbb0" executionId="7877049a-49a6-406e-860c-5bd04357dae1" testListId="8c84fa94-04c1-424b-9868-57a2d4851a1d" />
    <TestEntry testId="c52bfc8c-70c9-554f-96a6-b3fe4a1a3858" executionId="1b22ed53-2139-4e34-9707-4170358df851" testListId="8c84fa94-04c1-424b-9868-57a2d4851a1d" />
    <TestEntry testId="cad04694-1e02-8d29-bfd2-6e0aeb9a106a" executionId="cdf3ad77-9047-4635-897b-73ac273e2f18" testListId="8c84fa94-04c1-424b-9868-57a2d4851a1d" />
    <TestEntry testId="e5bab2dd-bd5d-15fa-c77b-e3326ef3c0bb" executionId="ba9c831f-c6d6-4d2e-87d7-82846dc0fb55" testListId="8c84fa94-04c1-424b-9868-57a2d4851a1d" />
    <TestEntry testId="ea9dfc70-6011-3821-52f7-17cda4c753fe" executionId="61a51ed4-21ce-47f4-b211-445642e2092c" testListId="8c84fa94-04c1-424b-9868-57a2d4851a1d" />
    <TestEntry testId="ed6c7bd4-5abf-1fa1-b6a1-d0821f49322b" executionId="8e10eeba-8d84-4e7a-9049-d6c7946aa355" testListId="8c84fa94-04c1-424b-9868-57a2d4851a1d" />
    <TestEntry testId="f132b02f-2c02-0d4a-f583-b0982ad3f9ed" executionId="d31c79d4-ff03-4dd4-8a5c-cc595f971c2f" testListId="8c84fa94-04c1-424b-9868-57a2d4851a1d" />
    <TestEntry testId="f521203a-e787-a35b-6759-279fbed2b725" executionId="e1493804-a879-4c6a-b316-2e24d7b53f12" testListId="8c84fa94-04c1-424b-9868-57a2d4851a1d" />
    <TestEntry testId="f63adf85-9dbb-ac1d-3feb-25c3b3f2dcbb" executionId="30f09eec-dca0-4425-a5af-a9e6dba9a366" testListId="8c84fa94-04c1-424b-9868-57a2d4851a1d" />
    <TestEntry testId="f7ada927-d569-b846-f404-de99ea993981" executionId="af084803-4dc6-4ea0-9416-15e2a36bae96" testListId="8c84fa94-04c1-424b-9868-57a2d4851a1d" />
  </TestEntries>
  <Results>
    <UnitTestResult executionId="221d50ce-aa73-40e4-a53f-4d079189322a" testId="035f9c4d-73ce-6334-978c-a1b53f569549" testName="ObterAnunciosDoAnunciante_Anunciante_Nulo_Dispara_AgumentNullException" computerName="BRUNO-PC" duration="00:00:00.2526307" startTime="2012-02-15T14:54:48.4297475-02:00" endTime="2012-02-15T14:54:48.9757485-02:00" testType="13cdc9d9-ddb5-4fa4-a97d-d965ccfc6d4b" outcome="Passed" testListId="8c84fa94-04c1-424b-9868-57a2d4851a1d" relativeResultsDirectory="221d50ce-aa73-40e4-a53f-4d079189322a">
    </UnitTestResult>
    <UnitTestResult executionId="d282c65c-b90d-485f-bdcf-716260cb1ba0" testId="0837304d-2f65-a4ab-d7e4-9f233dfdfcd5" testName="ReprovarAnuncio_Anuncio_Nulo_Dispara_ArgumentNullException" computerName="BRUNO-PC" duration="00:00:00.0008740" startTime="2012-02-15T14:54:48.9913485-02:00" endTime="2012-02-15T14:54:48.9913485-02:00" testType="13cdc9d9-ddb5-4fa4-a97d-d965ccfc6d4b" outcome="Passed" testListId="8c84fa94-04c1-424b-9868-57a2d4851a1d" relativeResultsDirectory="d282c65c-b90d-485f-bdcf-716260cb1ba0">
    </UnitTestResult>
    <UnitTestResult executionId="c9208eaf-07dc-41f4-bc9c-7d608c707a93" testId="1050d318-6269-40d8-a181-09fce85cf5fd" testName="ReprovarAnuncios_Anuncio_Valido_Chama_Atualizar_Automovel_Chama_Repositorio" computerName="BRUNO-PC" duration="00:00:00.0423372" startTime="2012-02-15T14:54:48.9913485-02:00" endTime="2012-02-15T14:54:49.0381486-02:00" testType="13cdc9d9-ddb5-4fa4-a97d-d965ccfc6d4b" outcome="Passed" testListId="8c84fa94-04c1-424b-9868-57a2d4851a1d" relativeResultsDirectory="c9208eaf-07dc-41f4-bc9c-7d608c707a93">
    </UnitTestResult>
    <UnitTestResult executionId="a71758f5-4c03-4d66-9b00-a9cc4e6545dd" testId="119dda2e-9bf6-50fb-a1d4-1eba5642b966" testName="Incluir_Anunciante_Nulo_Dispara_ArgumentNullException" computerName="BRUNO-PC" duration="00:00:00.0120992" startTime="2012-02-15T14:54:49.0537486-02:00" endTime="2012-02-15T14:54:49.0693486-02:00" testType="13cdc9d9-ddb5-4fa4-a97d-d965ccfc6d4b" outcome="Passed" testListId="8c84fa94-04c1-424b-9868-57a2d4851a1d" relativeResultsDirectory="a71758f5-4c03-4d66-9b00-a9cc4e6545dd">
    </UnitTestResult>
    <UnitTestResult executionId="27f80b30-fc7a-403c-a53d-993ab77904fe" testId="1d736319-6bca-5716-23e3-8a08b40761d6" testName="VisualizarTelefoneDoAnuncio_Anuncio_Nulo_Dispara_ArgumentNullException" computerName="BRUNO-PC" duration="00:00:00.0011851" startTime="2012-02-15T14:54:49.0693486-02:00" endTime="2012-02-15T14:54:49.0849486-02:00" testType="13cdc9d9-ddb5-4fa4-a97d-d965ccfc6d4b" outcome="Passed" testListId="8c84fa94-04c1-424b-9868-57a2d4851a1d" relativeResultsDirectory="27f80b30-fc7a-403c-a53d-993ab77904fe">
    </UnitTestResult>
    <UnitTestResult executionId="40c14f52-5e83-41bc-98f8-2a60643dd594" testId="1e22ce60-591d-b987-2540-678ed78d9983" testName="AprovarAnuncio_Anuncio_Nulo_Dispara_ArgumentNullException" computerName="BRUNO-PC" duration="00:00:00.0009685" startTime="2012-02-15T14:54:49.0849486-02:00" endTime="2012-02-15T14:54:49.1005487-02:00" testType="13cdc9d9-ddb5-4fa4-a97d-d965ccfc6d4b" outcome="Passed" testListId="8c84fa94-04c1-424b-9868-57a2d4851a1d" relativeResultsDirectory="40c14f52-5e83-41bc-98f8-2a60643dd594">
    </UnitTestResult>
    <UnitTestResult executionId="704fdae0-6153-43ef-9816-823e2dc36a12" testId="1f672b39-1806-9c26-6eda-a31d7ae11955" testName="Atualizar_Anuncio_Nulo_Dispara_ArgumentNullException" computerName="BRUNO-PC" duration="00:00:00.0006759" startTime="2012-02-15T14:54:49.1005487-02:00" endTime="2012-02-15T14:54:49.1005487-02:00" testType="13cdc9d9-ddb5-4fa4-a97d-d965ccfc6d4b" outcome="Passed" testListId="8c84fa94-04c1-424b-9868-57a2d4851a1d" relativeResultsDirectory="704fdae0-6153-43ef-9816-823e2dc36a12">
    </UnitTestResult>
    <UnitTestResult executionId="1285dd77-023f-4f28-b049-0a0a71104225" testId="2035db37-84cf-1aa6-fac6-f9b8dcd4dbbc" testName="Anunciar_Plano_Do_Anuncio_Nulo_Dispara_ArgumentNullException" computerName="BRUNO-PC" duration="00:00:00.0009295" startTime="2012-02-15T14:54:49.1161487-02:00" endTime="2012-02-15T14:54:49.1161487-02:00" testType="13cdc9d9-ddb5-4fa4-a97d-d965ccfc6d4b" outcome="Passed" testListId="8c84fa94-04c1-424b-9868-57a2d4851a1d" relativeResultsDirectory="1285dd77-023f-4f28-b049-0a0a71104225">
    </UnitTestResult>
    <UnitTestResult executionId="8c7bf414-d3b2-48d5-a0d5-034bc557fc87" testId="20cd389a-6553-d208-12b3-2bd9c2907e57" testName="Atualizar_Automovel_Do_Anuncio_Nulo_Dispara_ArgumentNullException" computerName="BRUNO-PC" duration="00:00:00.0007391" startTime="2012-02-15T14:54:49.1161487-02:00" endTime="2012-02-15T14:54:49.1317487-02:00" testType="13cdc9d9-ddb5-4fa4-a97d-d965ccfc6d4b" outcome="Passed" testListId="8c84fa94-04c1-424b-9868-57a2d4851a1d" relativeResultsDirectory="8c7bf414-d3b2-48d5-a0d5-034bc557fc87">
    </UnitTestResult>
    <UnitTestResult executionId="84f19649-f44c-491e-94e0-f2c3ec0588d1" testId="24cb0af8-b82d-486f-625c-642db0efd894" testName="VisualizarAnuncio_Anuncio_Com_Estatistica_Incrementa_VisualizacoesAnuncio_Chama_Repositorio_Incluir_Atualizar" computerName="BRUNO-PC" duration="00:00:00.0470828" startTime="2012-02-15T14:54:49.1317487-02:00" endTime="2012-02-15T14:54:49.1941488-02:00" testType="13cdc9d9-ddb5-4fa4-a97d-d965ccfc6d4b" outcome="Passed" testListId="8c84fa94-04c1-424b-9868-57a2d4851a1d" relativeResultsDirectory="84f19649-f44c-491e-94e0-f2c3ec0588d1">
    </UnitTestResult>
    <UnitTestResult executionId="9ff2db11-9a1a-43ff-b001-e0e5d66d0779" testId="29ef24f2-e529-a5e7-b714-462ba0a14230" testName="VisualizarAnuncio_Anuncio_Nulo_Dispara_ArgumentNullException" computerName="BRUNO-PC" duration="00:00:00.0005794" startTime="2012-02-15T14:54:49.1941488-02:00" endTime="2012-02-15T14:54:49.1941488-02:00" testType="13cdc9d9-ddb5-4fa4-a97d-d965ccfc6d4b" outcome="Passed" testListId="8c84fa94-04c1-424b-9868-57a2d4851a1d" relativeResultsDirectory="9ff2db11-9a1a-43ff-b001-e0e5d66d0779">
    </UnitTestResult>
    <UnitTestResult executionId="05f8900a-d971-427f-be75-d2814078ff7a" testId="2c02e664-5ddb-cb9e-a810-363235a122e5" testName="ObterAnuncioPorId_IdAnuncio_Invalido_Retorna_Nulo_Chama_Repositorio_ObterAnuncioPorId" computerName="BRUNO-PC" duration="00:00:00.0132545" startTime="2012-02-15T14:54:49.2097489-02:00" endTime="2012-02-15T14:54:49.2253489-02:00" testType="13cdc9d9-ddb5-4fa4-a97d-d965ccfc6d4b" outcome="Passed" testListId="8c84fa94-04c1-424b-9868-57a2d4851a1d" relativeResultsDirectory="05f8900a-d971-427f-be75-d2814078ff7a">
    </UnitTestResult>
    <UnitTestResult executionId="c51b1801-5657-47c9-b113-7ce8da240147" testId="3018ed9d-8fd8-964d-c204-8a82e8357df9" testName="Incluir_Anunciante_Valido_Email_Ja_Existente_Chamar_Repositorio_ObterObterAnuncianteDeEmail_Dispara_Exception" computerName="BRUNO-PC" duration="00:00:00.0067186" startTime="2012-02-15T14:54:49.2419490-02:00" endTime="2012-02-15T14:54:49.2569498-02:00" testType="13cdc9d9-ddb5-4fa4-a97d-d965ccfc6d4b" outcome="Passed" testListId="8c84fa94-04c1-424b-9868-57a2d4851a1d" relativeResultsDirectory="c51b1801-5657-47c9-b113-7ce8da240147">
    </UnitTestResult>
    <UnitTestResult executionId="f0e5efca-68da-492c-aab2-abd1923f66d5" testId="317078db-9691-9268-d4c5-016d2ecd56b1" testName="Atualizar_Anunciante_Invalido_Dispara_Exception_5_Erros" computerName="BRUNO-PC" duration="00:00:00.0023979" startTime="2012-02-15T14:54:49.2639502-02:00" endTime="2012-02-15T14:54:49.2719507-02:00" testType="13cdc9d9-ddb5-4fa4-a97d-d965ccfc6d4b" outcome="Passed" testListId="8c84fa94-04c1-424b-9868-57a2d4851a1d" relativeResultsDirectory="f0e5efca-68da-492c-aab2-abd1923f66d5">
    </UnitTestResult>
    <UnitTestResult executionId="fd62902a-a456-4109-b453-327830143238" testId="390bbc68-48f5-2f65-9c12-e0d36ebebd78" testName="Anunciar_Automovel_Do_Anuncio_Nulo_Dispara_ArgumentNullException" computerName="BRUNO-PC" duration="00:00:00.0007021" startTime="2012-02-15T14:54:49.2759509-02:00" endTime="2012-02-15T14:54:49.2849514-02:00" testType="13cdc9d9-ddb5-4fa4-a97d-d965ccfc6d4b" outcome="Passed" testListId="8c84fa94-04c1-424b-9868-57a2d4851a1d" relativeResultsDirectory="fd62902a-a456-4109-b453-327830143238">
    </UnitTestResult>
    <UnitTestResult executionId="ed4d37d8-bfcb-4132-b3da-8ad7606c0b61" testId="3994a0f8-e9a0-5654-df18-010984dd00cb" testName="Atualizar_Anunciante_Nulo_Dispara_ArgumentNullException" computerName="BRUNO-PC" duration="00:00:00.0007899" startTime="2012-02-15T14:54:49.2889517-02:00" endTime="2012-02-15T14:54:49.2979522-02:00" testType="13cdc9d9-ddb5-4fa4-a97d-d965ccfc6d4b" outcome="Passed" testListId="8c84fa94-04c1-424b-9868-57a2d4851a1d" relativeResultsDirectory="ed4d37d8-bfcb-4132-b3da-8ad7606c0b61">
    </UnitTestResult>
    <UnitTestResult executionId="58370fa7-d397-49f0-9361-27224b299b46" testId="3a72f60a-007d-f1f2-9ee4-d1b5cdf2a20d" testName="Incluir_Anunciante_Valido_Menor_18_Anos_Dispara_Exception_1_Erro" computerName="BRUNO-PC" duration="00:00:00.0016362" startTime="2012-02-15T14:54:49.3029525-02:00" endTime="2012-02-15T14:54:49.3149531-02:00" testType="13cdc9d9-ddb5-4fa4-a97d-d965ccfc6d4b" outcome="Passed" testListId="8c84fa94-04c1-424b-9868-57a2d4851a1d" relativeResultsDirectory="58370fa7-d397-49f0-9361-27224b299b46">
    </UnitTestResult>
    <UnitTestResult executionId="3c0acf77-f61e-48d1-85fd-b56438ef78fe" testId="40efc9ba-5b03-79ea-19e2-a4099dd3d245" testName="Atualizar_Anuncio_Invalido_Dispara_Exception_4_Erros" computerName="BRUNO-PC" duration="00:00:00.0016532" startTime="2012-02-15T14:54:49.3229536-02:00" endTime="2012-02-15T14:54:49.3339542-02:00" testType="13cdc9d9-ddb5-4fa4-a97d-d965ccfc6d4b" outcome="Passed" testListId="8c84fa94-04c1-424b-9868-57a2d4851a1d" relativeResultsDirectory="3c0acf77-f61e-48d1-85fd-b56438ef78fe">
    </UnitTestResult>
    <UnitTestResult executionId="9182088c-6436-47c9-982c-4be939f697bd" testId="507bc400-aa75-5aaa-316e-b37eb9fc39ea" testName="Excluir_Anuncio_Nulo_Dispara_ArgumentNullException" computerName="BRUNO-PC" duration="00:00:00.0009505" startTime="2012-02-15T14:54:49.3409546-02:00" endTime="2012-02-15T14:54:49.3519553-02:00" testType="13cdc9d9-ddb5-4fa4-a97d-d965ccfc6d4b" outcome="Passed" testListId="8c84fa94-04c1-424b-9868-57a2d4851a1d" relativeResultsDirectory="9182088c-6436-47c9-982c-4be939f697bd">
    </UnitTestResult>
    <UnitTestResult executionId="86f99dcb-f663-4a0d-b47a-ab0acef722c0" testId="52ef7ad3-9970-2eb4-bb5a-9b5a886a91c8" testName="ObterAnunciosPagosMaisVisitados_Chama_Repositorio" computerName="BRUNO-PC" duration="00:00:00.0028029" startTime="2012-02-15T14:54:49.3609558-02:00" endTime="2012-02-15T14:54:49.3709564-02:00" testType="13cdc9d9-ddb5-4fa4-a97d-d965ccfc6d4b" outcome="Passed" testListId="8c84fa94-04c1-424b-9868-57a2d4851a1d" relativeResultsDirectory="86f99dcb-f663-4a0d-b47a-ab0acef722c0">
    </UnitTestResult>
    <UnitTestResult executionId="65c15986-f649-44d7-a1ca-4285088b94d4" testId="558c8582-095e-bfb9-2f53-2062c3289000" testName="ObterAnuncioPorId_IdAnuncio_Valido_Retorna_Anuncio_Chama_Repositorio_ObterAnuncioPorId" computerName="BRUNO-PC" duration="00:00:00.0042210" startTime="2012-02-15T14:54:49.3749566-02:00" endTime="2012-02-15T14:54:49.3789568-02:00" testType="13cdc9d9-ddb5-4fa4-a97d-d965ccfc6d4b" outcome="Passed" testListId="8c84fa94-04c1-424b-9868-57a2d4851a1d" relativeResultsDirectory="65c15986-f649-44d7-a1ca-4285088b94d4">
    </UnitTestResult>
    <UnitTestResult executionId="359f3f8f-9dc2-4fc0-909a-2ccf02533908" testId="6805ab94-39dd-3cef-bd61-b466da305a09" testName="Incluir_Anunciante_Valido_Data_Cadastro_DataAtual_Chama_Repositorio_ObterAnuncianteDeEmail_Incluir" computerName="BRUNO-PC" duration="00:00:00.0235830" startTime="2012-02-15T14:54:49.3789568-02:00" endTime="2012-02-15T14:54:49.4101569-02:00" testType="13cdc9d9-ddb5-4fa4-a97d-d965ccfc6d4b" outcome="Passed" testListId="8c84fa94-04c1-424b-9868-57a2d4851a1d" relativeResultsDirectory="359f3f8f-9dc2-4fc0-909a-2ccf02533908">
    </UnitTestResult>
    <UnitTestResult executionId="f810530a-94f3-49ba-8df9-e4b690c08509" testId="6cfd783d-220b-e901-f190-5ccc7dfa74fb" testName="Atualizar_Anunciante_Valido_Email_Ja_Existente_Chamar_Repositorio_ObterObterAnuncianteDeEmail_Dispara_Exception" computerName="BRUNO-PC" duration="00:00:00.0036364" startTime="2012-02-15T14:54:49.4101569-02:00" endTime="2012-02-15T14:54:49.4257569-02:00" testType="13cdc9d9-ddb5-4fa4-a97d-d965ccfc6d4b" outcome="Passed" testListId="8c84fa94-04c1-424b-9868-57a2d4851a1d" relativeResultsDirectory="f810530a-94f3-49ba-8df9-e4b690c08509">
    </UnitTestResult>
    <UnitTestResult executionId="15503b11-9a88-4e1f-9927-e99259d8fbf7" testId="6d23e57b-2288-52d8-b544-ecf2ccb57996" testName="VisualizarTelefoneDoAnuncio_Anuncio_Sem_Estatistica_Dispara_Exception" computerName="BRUNO-PC" duration="00:00:00.0005979" startTime="2012-02-15T14:54:49.4413569-02:00" endTime="2012-02-15T14:54:49.4413569-02:00" testType="13cdc9d9-ddb5-4fa4-a97d-d965ccfc6d4b" outcome="Passed" testListId="8c84fa94-04c1-424b-9868-57a2d4851a1d" relativeResultsDirectory="15503b11-9a88-4e1f-9927-e99259d8fbf7">
    </UnitTestResult>
    <UnitTestResult executionId="178c2469-9496-45b8-9ca5-2831f1533435" testId="6e7b0f4f-2497-cd94-9f27-6094ab263fc2" testName="Atualizar_Plano_Do_Anuncio_Nulo_Dispara_ArgumentNullException" computerName="BRUNO-PC" duration="00:00:00.0007868" startTime="2012-02-15T14:54:49.4413569-02:00" endTime="2012-02-15T14:54:49.4569569-02:00" testType="13cdc9d9-ddb5-4fa4-a97d-d965ccfc6d4b" outcome="Passed" testListId="8c84fa94-04c1-424b-9868-57a2d4851a1d" relativeResultsDirectory="178c2469-9496-45b8-9ca5-2831f1533435">
    </UnitTestResult>
    <UnitTestResult executionId="ed1bdf04-d515-4572-b156-86e86043b62c" testId="75e70564-4cca-c887-d143-2c7ba827d467" testName="EntidadeBase_GetHashCode" computerName="BRUNO-PC" duration="00:00:00.0004619" startTime="2012-02-15T14:54:49.4569569-02:00" endTime="2012-02-15T14:54:49.4569569-02:00" testType="13cdc9d9-ddb5-4fa4-a97d-d965ccfc6d4b" outcome="Passed" testListId="8c84fa94-04c1-424b-9868-57a2d4851a1d" relativeResultsDirectory="ed1bdf04-d515-4572-b156-86e86043b62c">
    </UnitTestResult>
    <UnitTestResult executionId="c95228fe-dc52-49cd-988e-22d9bdd1874b" testId="76e6d2ab-ab65-20c9-3112-22a9f7a90c63" testName="ReprovarAnuncios_Anuncios_Nulo_Dispara_ArgumentNullException" computerName="BRUNO-PC" duration="00:00:00.0006302" startTime="2012-02-15T14:54:49.4725570-02:00" endTime="2012-02-15T14:54:49.4725570-02:00" testType="13cdc9d9-ddb5-4fa4-a97d-d965ccfc6d4b" outcome="Passed" testListId="8c84fa94-04c1-424b-9868-57a2d4851a1d" relativeResultsDirectory="c95228fe-dc52-49cd-988e-22d9bdd1874b">
    </UnitTestResult>
    <UnitTestResult executionId="eea6ac32-d70b-4bbb-b08e-e3d167cbec79" testId="79d547cc-b0ed-3488-80d5-1657c757509c" testName="Anunciar_Anuncio_Nulo_Dispara_ArgumentNullException" computerName="BRUNO-PC" duration="00:00:00.0007139" startTime="2012-02-15T14:54:49.4881570-02:00" endTime="2012-02-15T14:54:49.5037570-02:00" testType="13cdc9d9-ddb5-4fa4-a97d-d965ccfc6d4b" outcome="Passed" testListId="8c84fa94-04c1-424b-9868-57a2d4851a1d" relativeResultsDirectory="eea6ac32-d70b-4bbb-b08e-e3d167cbec79">
    </UnitTestResult>
    <UnitTestResult executionId="265ec7e4-8794-42de-a8c8-ab5e197cd831" testId="833bc96c-1bee-8187-11aa-45546ec93852" testName="EntidadeBase_ToString" computerName="BRUNO-PC" duration="00:00:00.0003367" startTime="2012-02-15T14:54:49.5037570-02:00" endTime="2012-02-15T14:54:49.5037570-02:00" testType="13cdc9d9-ddb5-4fa4-a97d-d965ccfc6d4b" outcome="Passed" testListId="8c84fa94-04c1-424b-9868-57a2d4851a1d" relativeResultsDirectory="265ec7e4-8794-42de-a8c8-ab5e197cd831">
    </UnitTestResult>
    <UnitTestResult executionId="bdf696c9-f703-4d96-a123-f2e8492e16ee" testId="92912957-ce61-5b35-500c-dae18f1ba6ad" testName="Anunciar_Anuncio_Valido_Chama_Servico_Incluir_Anunciante_Automovel__Estatistica_DataAnuncio_Atual_Status_AguardandoAprovacao" computerName="BRUNO-PC" duration="00:00:00.0090678" startTime="2012-02-15T14:54:49.5193571-02:00" endTime="2012-02-15T14:54:49.5349571-02:00" testType="13cdc9d9-ddb5-4fa4-a97d-d965ccfc6d4b" outcome="Passed" testListId="8c84fa94-04c1-424b-9868-57a2d4851a1d" relativeResultsDirectory="bdf696c9-f703-4d96-a123-f2e8492e16ee">
    </UnitTestResult>
    <UnitTestResult executionId="457881ef-c87d-4319-9240-e1bb4108f3dc" testId="94fe36e2-ffc3-cb15-3d2e-0f7a84f3d624" testName="VisualizarAnuncio_Anuncio_Sem_Estatistica_Dispara_Exception" computerName="BRUNO-PC" duration="00:00:00.0005645" startTime="2012-02-15T14:54:49.5349571-02:00" endTime="2012-02-15T14:54:49.5349571-02:00" testType="13cdc9d9-ddb5-4fa4-a97d-d965ccfc6d4b" outcome="Passed" testListId="8c84fa94-04c1-424b-9868-57a2d4851a1d" relativeResultsDirectory="457881ef-c87d-4319-9240-e1bb4108f3dc">
    </UnitTestResult>
    <UnitTestResult executionId="fe949e72-5d7c-4d52-b57e-456316ef0bc3" testId="969da023-8c9f-b875-16db-6921604ffba7" testName="Equals_IEntidade" computerName="BRUNO-PC" duration="00:00:00.0012980" startTime="2012-02-15T14:54:49.5505571-02:00" endTime="2012-02-15T14:54:49.5505571-02:00" testType="13cdc9d9-ddb5-4fa4-a97d-d965ccfc6d4b" outcome="Passed" testListId="8c84fa94-04c1-424b-9868-57a2d4851a1d" relativeResultsDirectory="fe949e72-5d7c-4d52-b57e-456316ef0bc3">
    </UnitTestResult>
    <UnitTestResult executionId="26a8dfde-b4a7-4c91-b35c-18e92e5847ad" testId="97229911-b796-dad0-d98d-d029c5aeaddb" testName="ReprovarAnuncio_Anuncio_Valido_Chama_Atualizar_Automovel_Chama_Repositorio" computerName="BRUNO-PC" duration="00:00:00.0034953" startTime="2012-02-15T14:54:49.5505571-02:00" endTime="2012-02-15T14:54:49.5661571-02:00" testType="13cdc9d9-ddb5-4fa4-a97d-d965ccfc6d4b" outcome="Passed" testListId="8c84fa94-04c1-424b-9868-57a2d4851a1d" relativeResultsDirectory="26a8dfde-b4a7-4c91-b35c-18e92e5847ad">
    </UnitTestResult>
    <UnitTestResult executionId="199c613c-645f-4a19-bce2-0a20d4d5b8a9" testId="97e72701-6ec0-80c6-26a0-437460ef934c" testName="ObterEstatisticaDoAnuncio_Anuncio_Valido_Chama_Repositorio_ObterEstatisticaDoAnuncio_Retorna_Estatistica" computerName="BRUNO-PC" duration="00:00:00.0039336" startTime="2012-02-15T14:54:49.5661571-02:00" endTime="2012-02-15T14:54:49.5817572-02:00" testType="13cdc9d9-ddb5-4fa4-a97d-d965ccfc6d4b" outcome="Passed" testListId="8c84fa94-04c1-424b-9868-57a2d4851a1d" relativeResultsDirectory="199c613c-645f-4a19-bce2-0a20d4d5b8a9">
    </UnitTestResult>
    <UnitTestResult executionId="c1755f04-17ec-4881-ad7d-02f00cb075a6" testId="9c6a0f53-2c17-8b82-a405-7f606c6cb3c7" testName="ObterAnunciosAguardandoAprovacao_Chama_Repositorio" computerName="BRUNO-PC" duration="00:00:00.0016804" startTime="2012-02-15T14:54:49.5817572-02:00" endTime="2012-02-15T14:54:49.5973572-02:00" testType="13cdc9d9-ddb5-4fa4-a97d-d965ccfc6d4b" outcome="Passed" testListId="8c84fa94-04c1-424b-9868-57a2d4851a1d" relativeResultsDirectory="c1755f04-17ec-4881-ad7d-02f00cb075a6">
    </UnitTestResult>
    <UnitTestResult executionId="59c4e7ed-8c3e-40f7-af0a-7e99df7a29aa" testId="a2a42f5b-40f4-79b8-5f7c-f93e8adb71f2" testName="ObterEstatisticaDoAnuncio_Anuncio_Nulo_Dispara_ArgumentNullException" computerName="BRUNO-PC" duration="00:00:00.0005681" startTime="2012-02-15T14:54:49.5973572-02:00" endTime="2012-02-15T14:54:49.5973572-02:00" testType="13cdc9d9-ddb5-4fa4-a97d-d965ccfc6d4b" outcome="Passed" testListId="8c84fa94-04c1-424b-9868-57a2d4851a1d" relativeResultsDirectory="59c4e7ed-8c3e-40f7-af0a-7e99df7a29aa">
    </UnitTestResult>
    <UnitTestResult executionId="b6b5a3ea-cdad-4f7f-a624-82454ad60dfc" testId="a874cf8f-134e-5e5d-928e-76ca64bcc9e8" testName="Atualizar_Anunciante_Valido_Menor_18_Anos_Dispara_Exception_1_Erro" computerName="BRUNO-PC" duration="00:00:00.0011348" startTime="2012-02-15T14:54:49.6129572-02:00" endTime="2012-02-15T14:54:49.6129572-02:00" testType="13cdc9d9-ddb5-4fa4-a97d-d965ccfc6d4b" outcome="Passed" testListId="8c84fa94-04c1-424b-9868-57a2d4851a1d" relativeResultsDirectory="b6b5a3ea-cdad-4f7f-a624-82454ad60dfc">
    </UnitTestResult>
    <UnitTestResult executionId="15dfbc43-7820-4a72-ade5-d5fb06d89ee6" testId="a9e3d1b9-6113-4eed-6424-60b5e638432f" testName="Atualizar_Anunciante_Valido_Chama_Repositorio_ObterAnuncianteDeEmail_Atualizar" computerName="BRUNO-PC" duration="00:00:00.0037658" startTime="2012-02-15T14:54:49.6129572-02:00" endTime="2012-02-15T14:54:49.6285572-02:00" testType="13cdc9d9-ddb5-4fa4-a97d-d965ccfc6d4b" outcome="Passed" testListId="8c84fa94-04c1-424b-9868-57a2d4851a1d" relativeResultsDirectory="15dfbc43-7820-4a72-ade5-d5fb06d89ee6">
    </UnitTestResult>
    <UnitTestResult executionId="4e9ec682-fa96-4dea-b363-c6a5995d22c6" testId="b31beb67-37f4-28f3-bcb3-a2ab7248a710" testName="VisualizarTelefoneDoAnuncio_Anuncio_Com_Estatistica_Incrementa_VisualizacoesTelefone_Chama_Repositorio_Incluir_Atualizar" computerName="BRUNO-PC" duration="00:00:00.0052825" startTime="2012-02-15T14:54:49.6285572-02:00" endTime="2012-02-15T14:54:49.6441573-02:00" testType="13cdc9d9-ddb5-4fa4-a97d-d965ccfc6d4b" outcome="Passed" testListId="8c84fa94-04c1-424b-9868-57a2d4851a1d" relativeResultsDirectory="4e9ec682-fa96-4dea-b363-c6a5995d22c6">
    </UnitTestResult>
    <UnitTestResult executionId="436d8927-f71c-47fe-b8e6-5f2e82f27770" testId="bc34b4ea-b829-9040-ba44-b2ff98a49058" testName="CompareTo_IEntidade" computerName="BRUNO-PC" duration="00:00:00.0004886" startTime="2012-02-15T14:54:49.6441573-02:00" endTime="2012-02-15T14:54:49.6597573-02:00" testType="13cdc9d9-ddb5-4fa4-a97d-d965ccfc6d4b" outcome="Passed" testListId="8c84fa94-04c1-424b-9868-57a2d4851a1d" relativeResultsDirectory="436d8927-f71c-47fe-b8e6-5f2e82f27770">
    </UnitTestResult>
    <UnitTestResult executionId="34c7cca1-6d3b-4a1d-bf37-5ea138a988e3" testId="bfa89df2-b89a-55b8-01e4-8fdadba0ffbe" testName="ObterAnunciosDoAnunciante_Anunciante_Valido_Chama_Repositorio" computerName="BRUNO-PC" duration="00:00:00.0024477" startTime="2012-02-15T14:54:49.6597573-02:00" endTime="2012-02-15T14:54:49.6753573-02:00" testType="13cdc9d9-ddb5-4fa4-a97d-d965ccfc6d4b" outcome="Passed" testListId="8c84fa94-04c1-424b-9868-57a2d4851a1d" relativeResultsDirectory="34c7cca1-6d3b-4a1d-bf37-5ea138a988e3">
    </UnitTestResult>
    <UnitTestResult executionId="7877049a-49a6-406e-860c-5bd04357dae1" testId="c13275dc-57fc-17ff-ff62-230946f7fbb0" testName="Anunciar_Anuncio_Invalido_Dispara_Exception_4_Erros" computerName="BRUNO-PC" duration="00:00:00.0011738" startTime="2012-02-15T14:54:49.6753573-02:00" endTime="2012-02-15T14:54:49.6753573-02:00" testType="13cdc9d9-ddb5-4fa4-a97d-d965ccfc6d4b" outcome="Passed" testListId="8c84fa94-04c1-424b-9868-57a2d4851a1d" relativeResultsDirectory="7877049a-49a6-406e-860c-5bd04357dae1">
    </UnitTestResult>
    <UnitTestResult executionId="1b22ed53-2139-4e34-9707-4170358df851" testId="c52bfc8c-70c9-554f-96a6-b3fe4a1a3858" testName="Incluir_Anunciante_Invalido_Dispara_Exception_5_Erros" computerName="BRUNO-PC" duration="00:00:00.0010362" startTime="2012-02-15T14:54:49.6909574-02:00" endTime="2012-02-15T14:54:49.6909574-02:00" testType="13cdc9d9-ddb5-4fa4-a97d-d965ccfc6d4b" outcome="Passed" testListId="8c84fa94-04c1-424b-9868-57a2d4851a1d" relativeResultsDirectory="1b22ed53-2139-4e34-9707-4170358df851">
    </UnitTestResult>
    <UnitTestResult executionId="cdf3ad77-9047-4635-897b-73ac273e2f18" testId="cad04694-1e02-8d29-bfd2-6e0aeb9a106a" testName="Excluir_Anuncio_Valido_Chama_Servico_Excluir_Automovel_Repositorio_Excluir" computerName="BRUNO-PC" duration="00:00:00.0078688" startTime="2012-02-15T14:54:49.6909574-02:00" endTime="2012-02-15T14:54:49.7065574-02:00" testType="13cdc9d9-ddb5-4fa4-a97d-d965ccfc6d4b" outcome="Passed" testListId="8c84fa94-04c1-424b-9868-57a2d4851a1d" relativeResultsDirectory="cdf3ad77-9047-4635-897b-73ac273e2f18">
    </UnitTestResult>
    <UnitTestResult executionId="ba9c831f-c6d6-4d2e-87d7-82846dc0fb55" testId="e5bab2dd-bd5d-15fa-c77b-e3326ef3c0bb" testName="Equals_Object" computerName="BRUNO-PC" duration="00:00:00.0003367" startTime="2012-02-15T14:54:49.7065574-02:00" endTime="2012-02-15T14:54:49.7221574-02:00" testType="13cdc9d9-ddb5-4fa4-a97d-d965ccfc6d4b" outcome="Passed" testListId="8c84fa94-04c1-424b-9868-57a2d4851a1d" relativeResultsDirectory="ba9c831f-c6d6-4d2e-87d7-82846dc0fb55">
    </UnitTestResult>
    <UnitTestResult executionId="61a51ed4-21ce-47f4-b211-445642e2092c" testId="ea9dfc70-6011-3821-52f7-17cda4c753fe" testName="AprovarAnuncios_Anuncio_Valido_Chama_Atualizar_Automovel_Chama_Repositorio" computerName="BRUNO-PC" duration="00:00:00.0037981" startTime="2012-02-15T14:54:49.7221574-02:00" endTime="2012-02-15T14:54:49.7377574-02:00" testType="13cdc9d9-ddb5-4fa4-a97d-d965ccfc6d4b" outcome="Passed" testListId="8c84fa94-04c1-424b-9868-57a2d4851a1d" relativeResultsDirectory="61a51ed4-21ce-47f4-b211-445642e2092c">
    </UnitTestResult>
    <UnitTestResult executionId="8e10eeba-8d84-4e7a-9049-d6c7946aa355" testId="ed6c7bd4-5abf-1fa1-b6a1-d0821f49322b" testName="AprovarAnuncios_Anuncios_Nulo_Dispara_ArgumentNullException" computerName="BRUNO-PC" duration="00:00:00.0007165" startTime="2012-02-15T14:54:49.7377574-02:00" endTime="2012-02-15T14:54:49.7533575-02:00" testType="13cdc9d9-ddb5-4fa4-a97d-d965ccfc6d4b" outcome="Passed" testListId="8c84fa94-04c1-424b-9868-57a2d4851a1d" relativeResultsDirectory="8e10eeba-8d84-4e7a-9049-d6c7946aa355">
    </UnitTestResult>
    <UnitTestResult executionId="d31c79d4-ff03-4dd4-8a5c-cc595f971c2f" testId="f132b02f-2c02-0d4a-f583-b0982ad3f9ed" testName="Atualizar_Anuncio_Valido_Chama_Servico_Atualizar_Automovel_Repositorio_Atualizar" computerName="BRUNO-PC" duration="00:00:00.0033911" startTime="2012-02-15T14:54:49.7533575-02:00" endTime="2012-02-15T14:54:49.7533575-02:00" testType="13cdc9d9-ddb5-4fa4-a97d-d965ccfc6d4b" outcome="Passed" testListId="8c84fa94-04c1-424b-9868-57a2d4851a1d" relativeResultsDirectory="d31c79d4-ff03-4dd4-8a5c-cc595f971c2f">
    </UnitTestResult>
    <UnitTestResult executionId="e1493804-a879-4c6a-b316-2e24d7b53f12" testId="f521203a-e787-a35b-6759-279fbed2b725" testName="AprovarAnuncio_Anuncio_Valido_Chama_Atualizar_Automovel_Chama_Repositorio" computerName="BRUNO-PC" duration="00:00:00.0034121" startTime="2012-02-15T14:54:49.7689575-02:00" endTime="2012-02-15T14:54:49.7689575-02:00" testType="13cdc9d9-ddb5-4fa4-a97d-d965ccfc6d4b" outcome="Passed" testListId="8c84fa94-04c1-424b-9868-57a2d4851a1d" relativeResultsDirectory="e1493804-a879-4c6a-b316-2e24d7b53f12">
    </UnitTestResult>
    <UnitTestResult executionId="30f09eec-dca0-4425-a5af-a9e6dba9a366" testId="f63adf85-9dbb-ac1d-3feb-25c3b3f2dcbb" testName="ObterAnunciosPagosRecentes_Chama_Repositorio" computerName="BRUNO-PC" duration="00:00:00.0016332" startTime="2012-02-15T14:54:49.7845575-02:00" endTime="2012-02-15T14:54:49.7845575-02:00" testType="13cdc9d9-ddb5-4fa4-a97d-d965ccfc6d4b" outcome="Passed" testListId="8c84fa94-04c1-424b-9868-57a2d4851a1d" relativeResultsDirectory="30f09eec-dca0-4425-a5af-a9e6dba9a366">
    </UnitTestResult>
    <UnitTestResult executionId="af084803-4dc6-4ea0-9416-15e2a36bae96" testId="f7ada927-d569-b846-f404-de99ea993981" testName="ObterAnunciosPagosEmDestaque_Chama_Repositorio" computerName="BRUNO-PC" duration="00:00:00.0016439" startTime="2012-02-15T14:54:49.7845575-02:00" endTime="2012-02-15T14:54:49.8001575-02:00" testType="13cdc9d9-ddb5-4fa4-a97d-d965ccfc6d4b" outcome="Passed" testListId="8c84fa94-04c1-424b-9868-57a2d4851a1d" relativeResultsDirectory="af084803-4dc6-4ea0-9416-15e2a36bae96">
    </UnitTestResult>
  </Results>
</TestRun>