<?xml version="1.0" encoding="UTF-8"?>
<TestRun id="4def7940-8e34-43a8-a441-891dbe62dd01" name="Bruno@BRUNO-PC 2012-02-11 23:07:28" runUser="Bruno-PC\Bruno" xmlns="http://microsoft.com/schemas/VisualStudio/TeamTest/2010">
  <TestSettings name="Local" id="ca88e069-f008-4408-aa18-24caa99d89f1">
    <Description>These are default test settings for a local test run.</Description>
    <Deployment enabled="false" runDeploymentRoot="Bruno_BRUNO-PC 2012-02-11 23_07_28">
      <DeploymentItem filename="C:\Program Files\Moq.4.0.10827\NET40\Moq.dll" />
      <DeploymentItem filename="C:\projetos\ta\TA\Source\TA.Domain\bin\Debug\TA.Domain.dll" />
    </Deployment>
    <Execution>
      <TestTypeSpecific />
      <AgentRule name="Execution Agents">
      </AgentRule>
    </Execution>
  </TestSettings>
  <Times creation="2012-02-11T23:07:28.8429245-02:00" queuing="2012-02-11T23:07:28.8629245-02:00" start="2012-02-11T23:07:28.8929245-02:00" finish="2012-02-11T23:07:29.4929254-02:00" />
  <ResultSummary outcome="Completed">
    <Counters total="1" executed="1" passed="1" error="0" failed="0" timeout="0" aborted="0" inconclusive="0" passedButRunAborted="0" notRunnable="0" notExecuted="0" disconnected="0" warning="0" completed="0" inProgress="0" pending="0" />
  </ResultSummary>
  <TestDefinitions>
    <UnitTest name="Anunciar_Plano_Do_Anuncio_Inativo_Dispara_Exception" storage="c:\projetos\ta\ta\source\ta.domain.test\bin\debug\ta.domain.test.dll" id="73791920-c5ea-5802-8f51-42f1ea3c3abe">
      <Execution id="a67cbea8-a69f-4849-9e92-ee95e862df2e" />
      <TestMethod codeBase="C:/projetos/ta/TA/Source/TA.Domain.Test/bin/Debug/TA.Domain.Test.DLL" adapterTypeName="Microsoft.VisualStudio.TestTools.TestTypes.Unit.UnitTestAdapter, Microsoft.VisualStudio.QualityTools.Tips.UnitTest.Adapter, Version=10.0.0.0, Culture=neutral, PublicKeyToken=b03f5f7f11d50a3a" className="TA.Domain.Test.Service.ServicoAnuncioTest, TA.Domain.Test, Version=1.0.0.0, Culture=neutral, PublicKeyToken=null" name="Anunciar_Plano_Do_Anuncio_Inativo_Dispara_Exception" />
    </UnitTest>
  </TestDefinitions>
  <TestLists>
    <TestList name="Results Not in a List" id="8c84fa94-04c1-424b-9868-57a2d4851a1d" />
    <TestList name="All Loaded Results" id="19431567-8539-422a-85d7-44ee4e166bda" />
  </TestLists>
  <TestEntries>
    <TestEntry testId="73791920-c5ea-5802-8f51-42f1ea3c3abe" executionId="a67cbea8-a69f-4849-9e92-ee95e862df2e" testListId="8c84fa94-04c1-424b-9868-57a2d4851a1d" />
  </TestEntries>
  <Results>
    <UnitTestResult executionId="a67cbea8-a69f-4849-9e92-ee95e862df2e" testId="73791920-c5ea-5802-8f51-42f1ea3c3abe" testName="Anunciar_Plano_Do_Anuncio_Inativo_Dispara_Exception" computerName="BRUNO-PC" duration="00:00:00.2722708" startTime="2012-02-11T23:07:28.9129246-02:00" endTime="2012-02-11T23:07:29.4629253-02:00" testType="13cdc9d9-ddb5-4fa4-a97d-d965ccfc6d4b" outcome="Passed" testListId="8c84fa94-04c1-424b-9868-57a2d4851a1d" relativeResultsDirectory="a67cbea8-a69f-4849-9e92-ee95e862df2e">
    </UnitTestResult>
  </Results>
</TestRun>