<?xml version="1.0" encoding="UTF-8"?>
<TestRun id="9eaadb81-e8e2-4638-9030-8e85e8b105ed" name="Bruno@BRUNO-PC 2012-02-13 20:39:00" runUser="Bruno-PC\Bruno" xmlns="http://microsoft.com/schemas/VisualStudio/TeamTest/2010">
  <TestSettings name="Local" id="ca88e069-f008-4408-aa18-24caa99d89f1">
    <Description>These are default test settings for a local test run.</Description>
    <Deployment enabled="false" runDeploymentRoot="Bruno_BRUNO-PC 2012-02-13 20_39_00">
      <DeploymentItem filename="C:\Program Files\Moq.4.0.10827\NET40\Moq.dll" />
      <DeploymentItem filename="C:\projetos\ta\TA\Source\TA.Domain\bin\Debug\TA.Domain.dll" />
    </Deployment>
    <Execution>
      <TestTypeSpecific />
      <AgentRule name="Execution Agents">
      </AgentRule>
    </Execution>
  </TestSettings>
  <Times creation="2012-02-13T20:39:00.1501222-02:00" queuing="2012-02-13T20:39:01.5539826-02:00" start="2012-02-13T20:39:01.6787828-02:00" finish="2012-02-13T20:39:03.2231855-02:00" />
  <ResultSummary outcome="Failed">
    <Counters total="24" executed="24" passed="19" error="0" failed="5" timeout="0" aborted="0" inconclusive="0" passedButRunAborted="0" notRunnable="0" notExecuted="0" disconnected="0" warning="0" completed="0" inProgress="0" pending="0" />
  </ResultSummary>
  <TestDefinitions>
    <UnitTest name="AprovarAnuncios_Anuncios_Nulo_Dispara_ArgumentNullException" storage="c:\projetos\ta\ta\source\ta.domain.test\bin\debug\ta.domain.test.dll" id="ed6c7bd4-5abf-1fa1-b6a1-d0821f49322b">
      <Execution id="44357e0b-89ee-4af6-8583-d43f71b3ecad" />
      <TestMethod codeBase="C:/projetos/ta/TA/Source/TA.Domain.Test/bin/Debug/TA.Domain.Test.DLL" adapterTypeName="Microsoft.VisualStudio.TestTools.TestTypes.Unit.UnitTestAdapter, Microsoft.VisualStudio.QualityTools.Tips.UnitTest.Adapter, Version=10.0.0.0, Culture=neutral, PublicKeyToken=b03f5f7f11d50a3a" className="TA.Domain.Test.Service.ServicoAnuncioTest, TA.Domain.Test, Version=1.0.0.0, Culture=neutral, PublicKeyToken=null" name="AprovarAnuncios_Anuncios_Nulo_Dispara_ArgumentNullException" />
    </UnitTest>
    <UnitTest name="Atualizar_Anuncio_Valido_Chama_Servico_Atualizar_Automovel_Repositorio_Atualizar" storage="c:\projetos\ta\ta\source\ta.domain.test\bin\debug\ta.domain.test.dll" id="f132b02f-2c02-0d4a-f583-b0982ad3f9ed">
      <Execution id="0cb8491e-0412-40aa-a492-c37566b60457" />
      <TestMethod codeBase="C:/projetos/ta/TA/Source/TA.Domain.Test/bin/Debug/TA.Domain.Test.DLL" adapterTypeName="Microsoft.VisualStudio.TestTools.TestTypes.Unit.UnitTestAdapter, Microsoft.VisualStudio.QualityTools.Tips.UnitTest.Adapter, Version=10.0.0.0, Culture=neutral, PublicKeyToken=b03f5f7f11d50a3a" className="TA.Domain.Test.Service.ServicoAnuncioTest, TA.Domain.Test, Version=1.0.0.0, Culture=neutral, PublicKeyToken=null" name="Atualizar_Anuncio_Valido_Chama_Servico_Atualizar_Automovel_Repositorio_Atualizar" />
    </UnitTest>
    <UnitTest name="ReprovarAnuncios_Anuncio_Valido_Chama_Atualizar_Automovel_Chama_Repositorio" storage="c:\projetos\ta\ta\source\ta.domain.test\bin\debug\ta.domain.test.dll" id="1050d318-6269-40d8-a181-09fce85cf5fd">
      <Execution id="cfb4cc06-507e-4c87-a02a-2bf6b11ad1a1" />
      <TestMethod codeBase="C:/projetos/ta/TA/Source/TA.Domain.Test/bin/Debug/TA.Domain.Test.DLL" adapterTypeName="Microsoft.VisualStudio.TestTools.TestTypes.Unit.UnitTestAdapter, Microsoft.VisualStudio.QualityTools.Tips.UnitTest.Adapter, Version=10.0.0.0, Culture=neutral, PublicKeyToken=b03f5f7f11d50a3a" className="TA.Domain.Test.Service.ServicoAnuncioTest, TA.Domain.Test, Version=1.0.0.0, Culture=neutral, PublicKeyToken=null" name="ReprovarAnuncios_Anuncio_Valido_Chama_Atualizar_Automovel_Chama_Repositorio" />
    </UnitTest>
    <UnitTest name="Anunciar_Anuncio_Nulo_Dispara_ArgumentNullException" storage="c:\projetos\ta\ta\source\ta.domain.test\bin\debug\ta.domain.test.dll" id="79d547cc-b0ed-3488-80d5-1657c757509c">
      <Execution id="1abba0d2-e1c5-4c97-a8a4-1d610736726f" />
      <TestMethod codeBase="C:/projetos/ta/TA/Source/TA.Domain.Test/bin/Debug/TA.Domain.Test.DLL" adapterTypeName="Microsoft.VisualStudio.TestTools.TestTypes.Unit.UnitTestAdapter, Microsoft.VisualStudio.QualityTools.Tips.UnitTest.Adapter, Version=10.0.0.0, Culture=neutral, PublicKeyToken=b03f5f7f11d50a3a" className="TA.Domain.Test.Service.ServicoAnuncioTest, TA.Domain.Test, Version=1.0.0.0, Culture=neutral, PublicKeyToken=null" name="Anunciar_Anuncio_Nulo_Dispara_ArgumentNullException" />
    </UnitTest>
    <UnitTest name="ObterAnunciosDoAnunciante_Anunciante_Nulo_Dispara_AgumentNullException" storage="c:\projetos\ta\ta\source\ta.domain.test\bin\debug\ta.domain.test.dll" id="035f9c4d-73ce-6334-978c-a1b53f569549">
      <Execution id="9222bcb0-ded8-4d29-8be7-759aec21ad38" />
      <TestMethod codeBase="C:/projetos/ta/TA/Source/TA.Domain.Test/bin/Debug/TA.Domain.Test.DLL" adapterTypeName="Microsoft.VisualStudio.TestTools.TestTypes.Unit.UnitTestAdapter, Microsoft.VisualStudio.QualityTools.Tips.UnitTest.Adapter, Version=10.0.0.0, Culture=neutral, PublicKeyToken=b03f5f7f11d50a3a" className="TA.Domain.Test.Service.ServicoAnuncioTest, TA.Domain.Test, Version=1.0.0.0, Culture=neutral, PublicKeyToken=null" name="ObterAnunciosDoAnunciante_Anunciante_Nulo_Dispara_AgumentNullException" />
    </UnitTest>
    <UnitTest name="Anunciar_Plano_Do_Anuncio_Inativo_Dispara_Exception" storage="c:\projetos\ta\ta\source\ta.domain.test\bin\debug\ta.domain.test.dll" id="73791920-c5ea-5802-8f51-42f1ea3c3abe">
      <Execution id="cfedf556-700d-4357-8b56-d0b135a0b60a" />
      <TestMethod codeBase="C:/projetos/ta/TA/Source/TA.Domain.Test/bin/Debug/TA.Domain.Test.DLL" adapterTypeName="Microsoft.VisualStudio.TestTools.TestTypes.Unit.UnitTestAdapter, Microsoft.VisualStudio.QualityTools.Tips.UnitTest.Adapter, Version=10.0.0.0, Culture=neutral, PublicKeyToken=b03f5f7f11d50a3a" className="TA.Domain.Test.Service.ServicoAnuncioTest, TA.Domain.Test, Version=1.0.0.0, Culture=neutral, PublicKeyToken=null" name="Anunciar_Plano_Do_Anuncio_Inativo_Dispara_Exception" />
    </UnitTest>
    <UnitTest name="AprovarAnuncios_Anuncio_Valido_Chama_Atualizar_Automovel_Chama_Repositorio" storage="c:\projetos\ta\ta\source\ta.domain.test\bin\debug\ta.domain.test.dll" id="ea9dfc70-6011-3821-52f7-17cda4c753fe">
      <Execution id="ba5e953a-2cf2-4603-b14f-5612c6e99708" />
      <TestMethod codeBase="C:/projetos/ta/TA/Source/TA.Domain.Test/bin/Debug/TA.Domain.Test.DLL" adapterTypeName="Microsoft.VisualStudio.TestTools.TestTypes.Unit.UnitTestAdapter, Microsoft.VisualStudio.QualityTools.Tips.UnitTest.Adapter, Version=10.0.0.0, Culture=neutral, PublicKeyToken=b03f5f7f11d50a3a" className="TA.Domain.Test.Service.ServicoAnuncioTest, TA.Domain.Test, Version=1.0.0.0, Culture=neutral, PublicKeyToken=null" name="AprovarAnuncios_Anuncio_Valido_Chama_Atualizar_Automovel_Chama_Repositorio" />
    </UnitTest>
    <UnitTest name="ObterAnunciosDoAnunciante_Anunciante_Valido_Chama_Repositorio" storage="c:\projetos\ta\ta\source\ta.domain.test\bin\debug\ta.domain.test.dll" id="bfa89df2-b89a-55b8-01e4-8fdadba0ffbe">
      <Execution id="cc66ee21-fb7b-4961-bc63-44004712dd10" />
      <TestMethod codeBase="C:/projetos/ta/TA/Source/TA.Domain.Test/bin/Debug/TA.Domain.Test.DLL" adapterTypeName="Microsoft.VisualStudio.TestTools.TestTypes.Unit.UnitTestAdapter, Microsoft.VisualStudio.QualityTools.Tips.UnitTest.Adapter, Version=10.0.0.0, Culture=neutral, PublicKeyToken=b03f5f7f11d50a3a" className="TA.Domain.Test.Service.ServicoAnuncioTest, TA.Domain.Test, Version=1.0.0.0, Culture=neutral, PublicKeyToken=null" name="ObterAnunciosDoAnunciante_Anunciante_Valido_Chama_Repositorio" />
    </UnitTest>
    <UnitTest name="ObterAnunciosAguardandoAprovacao_Chama_Repositorio" storage="c:\projetos\ta\ta\source\ta.domain.test\bin\debug\ta.domain.test.dll" id="9c6a0f53-2c17-8b82-a405-7f606c6cb3c7">
      <Execution id="20750e47-1f61-43bb-9c8b-39ae5df1b2db" />
      <TestMethod codeBase="C:/projetos/ta/TA/Source/TA.Domain.Test/bin/Debug/TA.Domain.Test.DLL" adapterTypeName="Microsoft.VisualStudio.TestTools.TestTypes.Unit.UnitTestAdapter, Microsoft.VisualStudio.QualityTools.Tips.UnitTest.Adapter, Version=10.0.0.0, Culture=neutral, PublicKeyToken=b03f5f7f11d50a3a" className="TA.Domain.Test.Service.ServicoAnuncioTest, TA.Domain.Test, Version=1.0.0.0, Culture=neutral, PublicKeyToken=null" name="ObterAnunciosAguardandoAprovacao_Chama_Repositorio" />
    </UnitTest>
    <UnitTest name="Anunciar_Automovel_Do_Anuncio_Nulo_Dispara_ArgumentNullException" storage="c:\projetos\ta\ta\source\ta.domain.test\bin\debug\ta.domain.test.dll" id="390bbc68-48f5-2f65-9c12-e0d36ebebd78">
      <Execution id="84ad89ed-5d92-47ac-9e00-67e2255dc668" />
      <TestMethod codeBase="C:/projetos/ta/TA/Source/TA.Domain.Test/bin/Debug/TA.Domain.Test.DLL" adapterTypeName="Microsoft.VisualStudio.TestTools.TestTypes.Unit.UnitTestAdapter, Microsoft.VisualStudio.QualityTools.Tips.UnitTest.Adapter, Version=10.0.0.0, Culture=neutral, PublicKeyToken=b03f5f7f11d50a3a" className="TA.Domain.Test.Service.ServicoAnuncioTest, TA.Domain.Test, Version=1.0.0.0, Culture=neutral, PublicKeyToken=null" name="Anunciar_Automovel_Do_Anuncio_Nulo_Dispara_ArgumentNullException" />
    </UnitTest>
    <UnitTest name="ReprovarAnuncios_Anuncios_Nulo_Dispara_ArgumentNullException" storage="c:\projetos\ta\ta\source\ta.domain.test\bin\debug\ta.domain.test.dll" id="76e6d2ab-ab65-20c9-3112-22a9f7a90c63">
      <Execution id="5075c1a2-0dfc-4f3d-94d6-dd0dc9efc5e3" />
      <TestMethod codeBase="C:/projetos/ta/TA/Source/TA.Domain.Test/bin/Debug/TA.Domain.Test.DLL" adapterTypeName="Microsoft.VisualStudio.TestTools.TestTypes.Unit.UnitTestAdapter, Microsoft.VisualStudio.QualityTools.Tips.UnitTest.Adapter, Version=10.0.0.0, Culture=neutral, PublicKeyToken=b03f5f7f11d50a3a" className="TA.Domain.Test.Service.ServicoAnuncioTest, TA.Domain.Test, Version=1.0.0.0, Culture=neutral, PublicKeyToken=null" name="ReprovarAnuncios_Anuncios_Nulo_Dispara_ArgumentNullException" />
    </UnitTest>
    <UnitTest name="Anunciar_Plano_Do_Anuncio_Nulo_Dispara_ArgumentNullException" storage="c:\projetos\ta\ta\source\ta.domain.test\bin\debug\ta.domain.test.dll" id="2035db37-84cf-1aa6-fac6-f9b8dcd4dbbc">
      <Execution id="16fc9a5c-15d1-440d-b624-3a07e3f4ebab" />
      <TestMethod codeBase="C:/projetos/ta/TA/Source/TA.Domain.Test/bin/Debug/TA.Domain.Test.DLL" adapterTypeName="Microsoft.VisualStudio.TestTools.TestTypes.Unit.UnitTestAdapter, Microsoft.VisualStudio.QualityTools.Tips.UnitTest.Adapter, Version=10.0.0.0, Culture=neutral, PublicKeyToken=b03f5f7f11d50a3a" className="TA.Domain.Test.Service.ServicoAnuncioTest, TA.Domain.Test, Version=1.0.0.0, Culture=neutral, PublicKeyToken=null" name="Anunciar_Plano_Do_Anuncio_Nulo_Dispara_ArgumentNullException" />
    </UnitTest>
    <UnitTest name="ObterAnuncioPorId_IdAnuncio_Valido_Retorna_Anuncio_Chama_Repositorio_ObterAnuncioPorId" storage="c:\projetos\ta\ta\source\ta.domain.test\bin\debug\ta.domain.test.dll" id="558c8582-095e-bfb9-2f53-2062c3289000">
      <Execution id="0a80da2e-e4c3-4f86-912d-a7193b67e269" />
      <TestMethod codeBase="C:/projetos/ta/TA/Source/TA.Domain.Test/bin/Debug/TA.Domain.Test.DLL" adapterTypeName="Microsoft.VisualStudio.TestTools.TestTypes.Unit.UnitTestAdapter, Microsoft.VisualStudio.QualityTools.Tips.UnitTest.Adapter, Version=10.0.0.0, Culture=neutral, PublicKeyToken=b03f5f7f11d50a3a" className="TA.Domain.Test.Service.ServicoAnuncioTest, TA.Domain.Test, Version=1.0.0.0, Culture=neutral, PublicKeyToken=null" name="ObterAnuncioPorId_IdAnuncio_Valido_Retorna_Anuncio_Chama_Repositorio_ObterAnuncioPorId" />
    </UnitTest>
    <UnitTest name="Atualizar_Anuncio_Nulo_Dispara_ArgumentNullException" storage="c:\projetos\ta\ta\source\ta.domain.test\bin\debug\ta.domain.test.dll" id="1f672b39-1806-9c26-6eda-a31d7ae11955">
      <Execution id="2beab820-6b9c-4054-be69-4ed0d5901c86" />
      <TestMethod codeBase="C:/projetos/ta/TA/Source/TA.Domain.Test/bin/Debug/TA.Domain.Test.DLL" adapterTypeName="Microsoft.VisualStudio.TestTools.TestTypes.Unit.UnitTestAdapter, Microsoft.VisualStudio.QualityTools.Tips.UnitTest.Adapter, Version=10.0.0.0, Culture=neutral, PublicKeyToken=b03f5f7f11d50a3a" className="TA.Domain.Test.Service.ServicoAnuncioTest, TA.Domain.Test, Version=1.0.0.0, Culture=neutral, PublicKeyToken=null" name="Atualizar_Anuncio_Nulo_Dispara_ArgumentNullException" />
    </UnitTest>
    <UnitTest name="Anunciar_Automovel_Invalido_Dispara_Exception_3_Erros" storage="c:\projetos\ta\ta\source\ta.domain.test\bin\debug\ta.domain.test.dll" id="ef68b1b6-a8d0-54f4-19c6-53af580a1d02">
      <Execution id="9a7cd2bc-600e-48a8-8e91-2941591f7770" />
      <TestMethod codeBase="C:/projetos/ta/TA/Source/TA.Domain.Test/bin/Debug/TA.Domain.Test.DLL" adapterTypeName="Microsoft.VisualStudio.TestTools.TestTypes.Unit.UnitTestAdapter, Microsoft.VisualStudio.QualityTools.Tips.UnitTest.Adapter, Version=10.0.0.0, Culture=neutral, PublicKeyToken=b03f5f7f11d50a3a" className="TA.Domain.Test.Service.ServicoAnuncioTest, TA.Domain.Test, Version=1.0.0.0, Culture=neutral, PublicKeyToken=null" name="Anunciar_Automovel_Invalido_Dispara_Exception_3_Erros" />
    </UnitTest>
    <UnitTest name="Anunciar_Valido_Chama_Servico_Incluir_Anunciante_Automovel_DataAnuncio_Atual_Status_AguardandoAprovacao" storage="c:\projetos\ta\ta\source\ta.domain.test\bin\debug\ta.domain.test.dll" id="e5ca47f1-220d-fe6b-66c5-80c7f4d15bb6">
      <Execution id="a9ea565d-68ba-4ea6-bef4-35b46558430f" />
      <TestMethod codeBase="C:/projetos/ta/TA/Source/TA.Domain.Test/bin/Debug/TA.Domain.Test.DLL" adapterTypeName="Microsoft.VisualStudio.TestTools.TestTypes.Unit.UnitTestAdapter, Microsoft.VisualStudio.QualityTools.Tips.UnitTest.Adapter, Version=10.0.0.0, Culture=neutral, PublicKeyToken=b03f5f7f11d50a3a" className="TA.Domain.Test.Service.ServicoAnuncioTest, TA.Domain.Test, Version=1.0.0.0, Culture=neutral, PublicKeyToken=null" name="Anunciar_Valido_Chama_Servico_Incluir_Anunciante_Automovel_DataAnuncio_Atual_Status_AguardandoAprovacao" />
    </UnitTest>
    <UnitTest name="ObterAnunciosPagosMaisVisitados_Chama_Repositorio" storage="c:\projetos\ta\ta\source\ta.domain.test\bin\debug\ta.domain.test.dll" id="52ef7ad3-9970-2eb4-bb5a-9b5a886a91c8">
      <Execution id="d5e3c845-45d1-4412-8878-1336811eade4" />
      <TestMethod codeBase="C:/projetos/ta/TA/Source/TA.Domain.Test/bin/Debug/TA.Domain.Test.DLL" adapterTypeName="Microsoft.VisualStudio.TestTools.TestTypes.Unit.UnitTestAdapter, Microsoft.VisualStudio.QualityTools.Tips.UnitTest.Adapter, Version=10.0.0.0, Culture=neutral, PublicKeyToken=b03f5f7f11d50a3a" className="TA.Domain.Test.Service.ServicoAnuncioTest, TA.Domain.Test, Version=1.0.0.0, Culture=neutral, PublicKeyToken=null" name="ObterAnunciosPagosMaisVisitados_Chama_Repositorio" />
    </UnitTest>
    <UnitTest name="ObterAnuncioPorId_IdAnuncio_Invalido_Retorna_Nulo_Chama_Repositorio_ObterAnuncioPorId" storage="c:\projetos\ta\ta\source\ta.domain.test\bin\debug\ta.domain.test.dll" id="2c02e664-5ddb-cb9e-a810-363235a122e5">
      <Execution id="f63e167c-1184-4d29-9268-edfcfd9712b3" />
      <TestMethod codeBase="C:/projetos/ta/TA/Source/TA.Domain.Test/bin/Debug/TA.Domain.Test.DLL" adapterTypeName="Microsoft.VisualStudio.TestTools.TestTypes.Unit.UnitTestAdapter, Microsoft.VisualStudio.QualityTools.Tips.UnitTest.Adapter, Version=10.0.0.0, Culture=neutral, PublicKeyToken=b03f5f7f11d50a3a" className="TA.Domain.Test.Service.ServicoAnuncioTest, TA.Domain.Test, Version=1.0.0.0, Culture=neutral, PublicKeyToken=null" name="ObterAnuncioPorId_IdAnuncio_Invalido_Retorna_Nulo_Chama_Repositorio_ObterAnuncioPorId" />
    </UnitTest>
    <UnitTest name="AprovarAnuncio_Anuncio_Valido_Chama_Atualizar_Automovel_Chama_Repositorio" storage="c:\projetos\ta\ta\source\ta.domain.test\bin\debug\ta.domain.test.dll" id="f521203a-e787-a35b-6759-279fbed2b725">
      <Execution id="56700c12-0d53-451f-8501-71e8b3bc6879" />
      <TestMethod codeBase="C:/projetos/ta/TA/Source/TA.Domain.Test/bin/Debug/TA.Domain.Test.DLL" adapterTypeName="Microsoft.VisualStudio.TestTools.TestTypes.Unit.UnitTestAdapter, Microsoft.VisualStudio.QualityTools.Tips.UnitTest.Adapter, Version=10.0.0.0, Culture=neutral, PublicKeyToken=b03f5f7f11d50a3a" className="TA.Domain.Test.Service.ServicoAnuncioTest, TA.Domain.Test, Version=1.0.0.0, Culture=neutral, PublicKeyToken=null" name="AprovarAnuncio_Anuncio_Valido_Chama_Atualizar_Automovel_Chama_Repositorio" />
    </UnitTest>
    <UnitTest name="Excluir_Anuncio_Valido_Chama_Servico_Excluir_Automovel_Repositorio_Excluir" storage="c:\projetos\ta\ta\source\ta.domain.test\bin\debug\ta.domain.test.dll" id="cad04694-1e02-8d29-bfd2-6e0aeb9a106a">
      <Execution id="18e0f835-6cd7-4213-803f-6e7f4fffec5b" />
      <TestMethod codeBase="C:/projetos/ta/TA/Source/TA.Domain.Test/bin/Debug/TA.Domain.Test.DLL" adapterTypeName="Microsoft.VisualStudio.TestTools.TestTypes.Unit.UnitTestAdapter, Microsoft.VisualStudio.QualityTools.Tips.UnitTest.Adapter, Version=10.0.0.0, Culture=neutral, PublicKeyToken=b03f5f7f11d50a3a" className="TA.Domain.Test.Service.ServicoAnuncioTest, TA.Domain.Test, Version=1.0.0.0, Culture=neutral, PublicKeyToken=null" name="Excluir_Anuncio_Valido_Chama_Servico_Excluir_Automovel_Repositorio_Excluir" />
    </UnitTest>
    <UnitTest name="ObterAnunciosPagosRecentes_Chama_Repositorio" storage="c:\projetos\ta\ta\source\ta.domain.test\bin\debug\ta.domain.test.dll" id="f63adf85-9dbb-ac1d-3feb-25c3b3f2dcbb">
      <Execution id="35de3fda-6fdb-40d6-95db-b43e8c894a32" />
      <TestMethod codeBase="C:/projetos/ta/TA/Source/TA.Domain.Test/bin/Debug/TA.Domain.Test.DLL" adapterTypeName="Microsoft.VisualStudio.TestTools.TestTypes.Unit.UnitTestAdapter, Microsoft.VisualStudio.QualityTools.Tips.UnitTest.Adapter, Version=10.0.0.0, Culture=neutral, PublicKeyToken=b03f5f7f11d50a3a" className="TA.Domain.Test.Service.ServicoAnuncioTest, TA.Domain.Test, Version=1.0.0.0, Culture=neutral, PublicKeyToken=null" name="ObterAnunciosPagosRecentes_Chama_Repositorio" />
    </UnitTest>
    <UnitTest name="Excluir_Anuncio_Nulo_Dispara_ArgumentNullException" storage="c:\projetos\ta\ta\source\ta.domain.test\bin\debug\ta.domain.test.dll" id="507bc400-aa75-5aaa-316e-b37eb9fc39ea">
      <Execution id="6db9d475-38e2-4109-a3ed-e6f215680532" />
      <TestMethod codeBase="C:/projetos/ta/TA/Source/TA.Domain.Test/bin/Debug/TA.Domain.Test.DLL" adapterTypeName="Microsoft.VisualStudio.TestTools.TestTypes.Unit.UnitTestAdapter, Microsoft.VisualStudio.QualityTools.Tips.UnitTest.Adapter, Version=10.0.0.0, Culture=neutral, PublicKeyToken=b03f5f7f11d50a3a" className="TA.Domain.Test.Service.ServicoAnuncioTest, TA.Domain.Test, Version=1.0.0.0, Culture=neutral, PublicKeyToken=null" name="Excluir_Anuncio_Nulo_Dispara_ArgumentNullException" />
    </UnitTest>
    <UnitTest name="AprovarAnuncio_Anuncio_Nulo_Dispara_ArgumentNullException" storage="c:\projetos\ta\ta\source\ta.domain.test\bin\debug\ta.domain.test.dll" id="1e22ce60-591d-b987-2540-678ed78d9983">
      <Execution id="e21a8023-6729-4f2c-9342-78454ff5e876" />
      <TestMethod codeBase="C:/projetos/ta/TA/Source/TA.Domain.Test/bin/Debug/TA.Domain.Test.DLL" adapterTypeName="Microsoft.VisualStudio.TestTools.TestTypes.Unit.UnitTestAdapter, Microsoft.VisualStudio.QualityTools.Tips.UnitTest.Adapter, Version=10.0.0.0, Culture=neutral, PublicKeyToken=b03f5f7f11d50a3a" className="TA.Domain.Test.Service.ServicoAnuncioTest, TA.Domain.Test, Version=1.0.0.0, Culture=neutral, PublicKeyToken=null" name="AprovarAnuncio_Anuncio_Nulo_Dispara_ArgumentNullException" />
    </UnitTest>
    <UnitTest name="ObterAnunciosPagosEmDestaque_Chama_Repositorio" storage="c:\projetos\ta\ta\source\ta.domain.test\bin\debug\ta.domain.test.dll" id="f7ada927-d569-b846-f404-de99ea993981">
      <Execution id="c81a2632-9ad1-48d7-b3dc-122fc45bd7c5" />
      <TestMethod codeBase="C:/projetos/ta/TA/Source/TA.Domain.Test/bin/Debug/TA.Domain.Test.DLL" adapterTypeName="Microsoft.VisualStudio.TestTools.TestTypes.Unit.UnitTestAdapter, Microsoft.VisualStudio.QualityTools.Tips.UnitTest.Adapter, Version=10.0.0.0, Culture=neutral, PublicKeyToken=b03f5f7f11d50a3a" className="TA.Domain.Test.Service.ServicoAnuncioTest, TA.Domain.Test, Version=1.0.0.0, Culture=neutral, PublicKeyToken=null" name="ObterAnunciosPagosEmDestaque_Chama_Repositorio" />
    </UnitTest>
  </TestDefinitions>
  <TestLists>
    <TestList name="Results Not in a List" id="8c84fa94-04c1-424b-9868-57a2d4851a1d" />
    <TestList name="All Loaded Results" id="19431567-8539-422a-85d7-44ee4e166bda" />
  </TestLists>
  <TestEntries>
    <TestEntry testId="035f9c4d-73ce-6334-978c-a1b53f569549" executionId="9222bcb0-ded8-4d29-8be7-759aec21ad38" testListId="8c84fa94-04c1-424b-9868-57a2d4851a1d" />
    <TestEntry testId="1050d318-6269-40d8-a181-09fce85cf5fd" executionId="cfb4cc06-507e-4c87-a02a-2bf6b11ad1a1" testListId="8c84fa94-04c1-424b-9868-57a2d4851a1d" />
    <TestEntry testId="1e22ce60-591d-b987-2540-678ed78d9983" executionId="e21a8023-6729-4f2c-9342-78454ff5e876" testListId="8c84fa94-04c1-424b-9868-57a2d4851a1d" />
    <TestEntry testId="1f672b39-1806-9c26-6eda-a31d7ae11955" executionId="2beab820-6b9c-4054-be69-4ed0d5901c86" testListId="8c84fa94-04c1-424b-9868-57a2d4851a1d" />
    <TestEntry testId="2035db37-84cf-1aa6-fac6-f9b8dcd4dbbc" executionId="16fc9a5c-15d1-440d-b624-3a07e3f4ebab" testListId="8c84fa94-04c1-424b-9868-57a2d4851a1d" />
    <TestEntry testId="2c02e664-5ddb-cb9e-a810-363235a122e5" executionId="f63e167c-1184-4d29-9268-edfcfd9712b3" testListId="8c84fa94-04c1-424b-9868-57a2d4851a1d" />
    <TestEntry testId="390bbc68-48f5-2f65-9c12-e0d36ebebd78" executionId="84ad89ed-5d92-47ac-9e00-67e2255dc668" testListId="8c84fa94-04c1-424b-9868-57a2d4851a1d" />
    <TestEntry testId="507bc400-aa75-5aaa-316e-b37eb9fc39ea" executionId="6db9d475-38e2-4109-a3ed-e6f215680532" testListId="8c84fa94-04c1-424b-9868-57a2d4851a1d" />
    <TestEntry testId="52ef7ad3-9970-2eb4-bb5a-9b5a886a91c8" executionId="d5e3c845-45d1-4412-8878-1336811eade4" testListId="8c84fa94-04c1-424b-9868-57a2d4851a1d" />
    <TestEntry testId="558c8582-095e-bfb9-2f53-2062c3289000" executionId="0a80da2e-e4c3-4f86-912d-a7193b67e269" testListId="8c84fa94-04c1-424b-9868-57a2d4851a1d" />
    <TestEntry testId="73791920-c5ea-5802-8f51-42f1ea3c3abe" executionId="cfedf556-700d-4357-8b56-d0b135a0b60a" testListId="8c84fa94-04c1-424b-9868-57a2d4851a1d" />
    <TestEntry testId="76e6d2ab-ab65-20c9-3112-22a9f7a90c63" executionId="5075c1a2-0dfc-4f3d-94d6-dd0dc9efc5e3" testListId="8c84fa94-04c1-424b-9868-57a2d4851a1d" />
    <TestEntry testId="79d547cc-b0ed-3488-80d5-1657c757509c" executionId="1abba0d2-e1c5-4c97-a8a4-1d610736726f" testListId="8c84fa94-04c1-424b-9868-57a2d4851a1d" />
    <TestEntry testId="9c6a0f53-2c17-8b82-a405-7f606c6cb3c7" executionId="20750e47-1f61-43bb-9c8b-39ae5df1b2db" testListId="8c84fa94-04c1-424b-9868-57a2d4851a1d" />
    <TestEntry testId="bfa89df2-b89a-55b8-01e4-8fdadba0ffbe" executionId="cc66ee21-fb7b-4961-bc63-44004712dd10" testListId="8c84fa94-04c1-424b-9868-57a2d4851a1d" />
    <TestEntry testId="cad04694-1e02-8d29-bfd2-6e0aeb9a106a" executionId="18e0f835-6cd7-4213-803f-6e7f4fffec5b" testListId="8c84fa94-04c1-424b-9868-57a2d4851a1d" />
    <TestEntry testId="e5ca47f1-220d-fe6b-66c5-80c7f4d15bb6" executionId="a9ea565d-68ba-4ea6-bef4-35b46558430f" testListId="8c84fa94-04c1-424b-9868-57a2d4851a1d" />
    <TestEntry testId="ea9dfc70-6011-3821-52f7-17cda4c753fe" executionId="ba5e953a-2cf2-4603-b14f-5612c6e99708" testListId="8c84fa94-04c1-424b-9868-57a2d4851a1d" />
    <TestEntry testId="ed6c7bd4-5abf-1fa1-b6a1-d0821f49322b" executionId="44357e0b-89ee-4af6-8583-d43f71b3ecad" testListId="8c84fa94-04c1-424b-9868-57a2d4851a1d" />
    <TestEntry testId="ef68b1b6-a8d0-54f4-19c6-53af580a1d02" executionId="9a7cd2bc-600e-48a8-8e91-2941591f7770" testListId="8c84fa94-04c1-424b-9868-57a2d4851a1d" />
    <TestEntry testId="f132b02f-2c02-0d4a-f583-b0982ad3f9ed" executionId="0cb8491e-0412-40aa-a492-c37566b60457" testListId="8c84fa94-04c1-424b-9868-57a2d4851a1d" />
    <TestEntry testId="f521203a-e787-a35b-6759-279fbed2b725" executionId="56700c12-0d53-451f-8501-71e8b3bc6879" testListId="8c84fa94-04c1-424b-9868-57a2d4851a1d" />
    <TestEntry testId="f63adf85-9dbb-ac1d-3feb-25c3b3f2dcbb" executionId="35de3fda-6fdb-40d6-95db-b43e8c894a32" testListId="8c84fa94-04c1-424b-9868-57a2d4851a1d" />
    <TestEntry testId="f7ada927-d569-b846-f404-de99ea993981" executionId="c81a2632-9ad1-48d7-b3dc-122fc45bd7c5" testListId="8c84fa94-04c1-424b-9868-57a2d4851a1d" />
  </TestEntries>
  <Results>
    <UnitTestResult executionId="9222bcb0-ded8-4d29-8be7-759aec21ad38" testId="035f9c4d-73ce-6334-978c-a1b53f569549" testName="ObterAnunciosDoAnunciante_Anunciante_Nulo_Dispara_AgumentNullException" computerName="BRUNO-PC" duration="00:00:00.4112328" startTime="2012-02-13T20:39:01.6943829-02:00" endTime="2012-02-13T20:39:02.5523844-02:00" testType="13cdc9d9-ddb5-4fa4-a97d-d965ccfc6d4b" outcome="Passed" testListId="8c84fa94-04c1-424b-9868-57a2d4851a1d" relativeResultsDirectory="9222bcb0-ded8-4d29-8be7-759aec21ad38">
    </UnitTestResult>
    <UnitTestResult executionId="cfb4cc06-507e-4c87-a02a-2bf6b11ad1a1" testId="1050d318-6269-40d8-a181-09fce85cf5fd" testName="ReprovarAnuncios_Anuncio_Valido_Chama_Atualizar_Automovel_Chama_Repositorio" computerName="BRUNO-PC" duration="00:00:00.0283738" startTime="2012-02-13T20:39:02.5523844-02:00" endTime="2012-02-13T20:39:02.5835844-02:00" testType="13cdc9d9-ddb5-4fa4-a97d-d965ccfc6d4b" outcome="Failed" testListId="8c84fa94-04c1-424b-9868-57a2d4851a1d" relativeResultsDirectory="cfb4cc06-507e-4c87-a02a-2bf6b11ad1a1">
      <Output>
        <ErrorInfo>
          <Message>Test method TA.Domain.Test.Service.ServicoAnuncioTest.ReprovarAnuncios_Anuncio_Valido_Chama_Atualizar_Automovel_Chama_Repositorio threw exception: 
System.Exception: Valor de parcela inválida.
Parcelas restantes inválidas.
Modelo inválido.
</Message>
          <StackTrace>    at TA.Domain.Service.ServicoAnuncio.ValidaAutomovel(Automovel automovel) in C:\projetos\ta\TA\Source\TA.Domain\Service\ServicoAnuncio.cs:line 46
   at TA.Domain.Service.ServicoAnuncio.Atualizar(Anuncio anuncio) in C:\projetos\ta\TA\Source\TA.Domain\Service\ServicoAnuncio.cs:line 82
   at TA.Domain.Service.ServicoAnuncio.ReprovarAnuncio(Anuncio anuncio) in C:\projetos\ta\TA\Source\TA.Domain\Service\ServicoAnuncio.cs:line 161
   at TA.Domain.Service.ServicoAnuncio.&lt;ReprovarAnuncios&gt;b__1(Anuncio e) in C:\projetos\ta\TA\Source\TA.Domain\Service\ServicoAnuncio.cs:line 171
   at System.Collections.Generic.List`1.ForEach(Action`1 action)
   at TA.Domain.Service.ServicoAnuncio.ReprovarAnuncios(List`1 anuncios) in C:\projetos\ta\TA\Source\TA.Domain\Service\ServicoAnuncio.cs:line 171
   at TA.Domain.Test.Service.ServicoAnuncioTest.ReprovarAnuncios_Anuncio_Valido_Chama_Atualizar_Automovel_Chama_Repositorio() in C:\projetos\ta\TA\Source\TA.Domain.Test\Service\ServicoAnuncioTest.cs:line 289
</StackTrace>
        </ErrorInfo>
      </Output>
    </UnitTestResult>
    <UnitTestResult executionId="e21a8023-6729-4f2c-9342-78454ff5e876" testId="1e22ce60-591d-b987-2540-678ed78d9983" testName="AprovarAnuncio_Anuncio_Nulo_Dispara_ArgumentNullException" computerName="BRUNO-PC" duration="00:00:00.0062012" startTime="2012-02-13T20:39:02.5991845-02:00" endTime="2012-02-13T20:39:02.6147845-02:00" testType="13cdc9d9-ddb5-4fa4-a97d-d965ccfc6d4b" outcome="Passed" testListId="8c84fa94-04c1-424b-9868-57a2d4851a1d" relativeResultsDirectory="e21a8023-6729-4f2c-9342-78454ff5e876">
    </UnitTestResult>
    <UnitTestResult executionId="2beab820-6b9c-4054-be69-4ed0d5901c86" testId="1f672b39-1806-9c26-6eda-a31d7ae11955" testName="Atualizar_Anuncio_Nulo_Dispara_ArgumentNullException" computerName="BRUNO-PC" duration="00:00:00.0006056" startTime="2012-02-13T20:39:02.6147845-02:00" endTime="2012-02-13T20:39:02.6147845-02:00" testType="13cdc9d9-ddb5-4fa4-a97d-d965ccfc6d4b" outcome="Passed" testListId="8c84fa94-04c1-424b-9868-57a2d4851a1d" relativeResultsDirectory="2beab820-6b9c-4054-be69-4ed0d5901c86">
    </UnitTestResult>
    <UnitTestResult executionId="16fc9a5c-15d1-440d-b624-3a07e3f4ebab" testId="2035db37-84cf-1aa6-fac6-f9b8dcd4dbbc" testName="Anunciar_Plano_Do_Anuncio_Nulo_Dispara_ArgumentNullException" computerName="BRUNO-PC" duration="00:00:00.0010106" startTime="2012-02-13T20:39:02.6303845-02:00" endTime="2012-02-13T20:39:02.6303845-02:00" testType="13cdc9d9-ddb5-4fa4-a97d-d965ccfc6d4b" outcome="Passed" testListId="8c84fa94-04c1-424b-9868-57a2d4851a1d" relativeResultsDirectory="16fc9a5c-15d1-440d-b624-3a07e3f4ebab">
    </UnitTestResult>
    <UnitTestResult executionId="f63e167c-1184-4d29-9268-edfcfd9712b3" testId="2c02e664-5ddb-cb9e-a810-363235a122e5" testName="ObterAnuncioPorId_IdAnuncio_Invalido_Retorna_Nulo_Chama_Repositorio_ObterAnuncioPorId" computerName="BRUNO-PC" duration="00:00:00.0801771" startTime="2012-02-13T20:39:02.6303845-02:00" endTime="2012-02-13T20:39:02.7239847-02:00" testType="13cdc9d9-ddb5-4fa4-a97d-d965ccfc6d4b" outcome="Passed" testListId="8c84fa94-04c1-424b-9868-57a2d4851a1d" relativeResultsDirectory="f63e167c-1184-4d29-9268-edfcfd9712b3">
    </UnitTestResult>
    <UnitTestResult executionId="84ad89ed-5d92-47ac-9e00-67e2255dc668" testId="390bbc68-48f5-2f65-9c12-e0d36ebebd78" testName="Anunciar_Automovel_Do_Anuncio_Nulo_Dispara_ArgumentNullException" computerName="BRUNO-PC" duration="00:00:00.0006492" startTime="2012-02-13T20:39:02.7239847-02:00" endTime="2012-02-13T20:39:02.7395847-02:00" testType="13cdc9d9-ddb5-4fa4-a97d-d965ccfc6d4b" outcome="Passed" testListId="8c84fa94-04c1-424b-9868-57a2d4851a1d" relativeResultsDirectory="84ad89ed-5d92-47ac-9e00-67e2255dc668">
    </UnitTestResult>
    <UnitTestResult executionId="6db9d475-38e2-4109-a3ed-e6f215680532" testId="507bc400-aa75-5aaa-316e-b37eb9fc39ea" testName="Excluir_Anuncio_Nulo_Dispara_ArgumentNullException" computerName="BRUNO-PC" duration="00:00:00.0007924" startTime="2012-02-13T20:39:02.7395847-02:00" endTime="2012-02-13T20:39:02.7395847-02:00" testType="13cdc9d9-ddb5-4fa4-a97d-d965ccfc6d4b" outcome="Passed" testListId="8c84fa94-04c1-424b-9868-57a2d4851a1d" relativeResultsDirectory="6db9d475-38e2-4109-a3ed-e6f215680532">
    </UnitTestResult>
    <UnitTestResult executionId="d5e3c845-45d1-4412-8878-1336811eade4" testId="52ef7ad3-9970-2eb4-bb5a-9b5a886a91c8" testName="ObterAnunciosPagosMaisVisitados_Chama_Repositorio" computerName="BRUNO-PC" duration="00:00:00.0027777" startTime="2012-02-13T20:39:02.7551847-02:00" endTime="2012-02-13T20:39:02.7551847-02:00" testType="13cdc9d9-ddb5-4fa4-a97d-d965ccfc6d4b" outcome="Passed" testListId="8c84fa94-04c1-424b-9868-57a2d4851a1d" relativeResultsDirectory="d5e3c845-45d1-4412-8878-1336811eade4">
    </UnitTestResult>
    <UnitTestResult executionId="0a80da2e-e4c3-4f86-912d-a7193b67e269" testId="558c8582-095e-bfb9-2f53-2062c3289000" testName="ObterAnuncioPorId_IdAnuncio_Valido_Retorna_Anuncio_Chama_Repositorio_ObterAnuncioPorId" computerName="BRUNO-PC" duration="00:00:00.0080264" startTime="2012-02-13T20:39:02.7551847-02:00" endTime="2012-02-13T20:39:02.7707848-02:00" testType="13cdc9d9-ddb5-4fa4-a97d-d965ccfc6d4b" outcome="Passed" testListId="8c84fa94-04c1-424b-9868-57a2d4851a1d" relativeResultsDirectory="0a80da2e-e4c3-4f86-912d-a7193b67e269">
    </UnitTestResult>
    <UnitTestResult executionId="cfedf556-700d-4357-8b56-d0b135a0b60a" testId="73791920-c5ea-5802-8f51-42f1ea3c3abe" testName="Anunciar_Plano_Do_Anuncio_Inativo_Dispara_Exception" computerName="BRUNO-PC" duration="00:00:00.0146465" startTime="2012-02-13T20:39:02.7863848-02:00" endTime="2012-02-13T20:39:02.8019848-02:00" testType="13cdc9d9-ddb5-4fa4-a97d-d965ccfc6d4b" outcome="Failed" testListId="8c84fa94-04c1-424b-9868-57a2d4851a1d" relativeResultsDirectory="cfedf556-700d-4357-8b56-d0b135a0b60a">
      <Output>
        <ErrorInfo>
          <Message>Test method TA.Domain.Test.Service.ServicoAnuncioTest.Anunciar_Plano_Do_Anuncio_Inativo_Dispara_Exception threw exception System.ArgumentNullException, but exception System.Exception was expected. Exception message: System.ArgumentNullException: Value cannot be null.</Message>
          <StackTrace>    at TA.Domain.Service.ServicoAnuncio.Anunciar(Anuncio anuncio) in C:\projetos\ta\TA\Source\TA.Domain\Service\ServicoAnuncio.cs:line 56
   at TA.Domain.Test.Service.ServicoAnuncioTest.Anunciar_Plano_Do_Anuncio_Inativo_Dispara_Exception() in C:\projetos\ta\TA\Source\TA.Domain.Test\Service\ServicoAnuncioTest.cs:line 51
</StackTrace>
        </ErrorInfo>
      </Output>
    </UnitTestResult>
    <UnitTestResult executionId="5075c1a2-0dfc-4f3d-94d6-dd0dc9efc5e3" testId="76e6d2ab-ab65-20c9-3112-22a9f7a90c63" testName="ReprovarAnuncios_Anuncios_Nulo_Dispara_ArgumentNullException" computerName="BRUNO-PC" duration="00:00:00.0008309" startTime="2012-02-13T20:39:02.8019848-02:00" endTime="2012-02-13T20:39:02.8175848-02:00" testType="13cdc9d9-ddb5-4fa4-a97d-d965ccfc6d4b" outcome="Passed" testListId="8c84fa94-04c1-424b-9868-57a2d4851a1d" relativeResultsDirectory="5075c1a2-0dfc-4f3d-94d6-dd0dc9efc5e3">
    </UnitTestResult>
    <UnitTestResult executionId="1abba0d2-e1c5-4c97-a8a4-1d610736726f" testId="79d547cc-b0ed-3488-80d5-1657c757509c" testName="Anunciar_Anuncio_Nulo_Dispara_ArgumentNullException" computerName="BRUNO-PC" duration="00:00:00.0008140" startTime="2012-02-13T20:39:02.8331849-02:00" endTime="2012-02-13T20:39:02.8331849-02:00" testType="13cdc9d9-ddb5-4fa4-a97d-d965ccfc6d4b" outcome="Passed" testListId="8c84fa94-04c1-424b-9868-57a2d4851a1d" relativeResultsDirectory="1abba0d2-e1c5-4c97-a8a4-1d610736726f">
    </UnitTestResult>
    <UnitTestResult executionId="20750e47-1f61-43bb-9c8b-39ae5df1b2db" testId="9c6a0f53-2c17-8b82-a405-7f606c6cb3c7" testName="ObterAnunciosAguardandoAprovacao_Chama_Repositorio" computerName="BRUNO-PC" duration="00:00:00.0023959" startTime="2012-02-13T20:39:02.8487849-02:00" endTime="2012-02-13T20:39:02.8643849-02:00" testType="13cdc9d9-ddb5-4fa4-a97d-d965ccfc6d4b" outcome="Passed" testListId="8c84fa94-04c1-424b-9868-57a2d4851a1d" relativeResultsDirectory="20750e47-1f61-43bb-9c8b-39ae5df1b2db">
    </UnitTestResult>
    <UnitTestResult executionId="cc66ee21-fb7b-4961-bc63-44004712dd10" testId="bfa89df2-b89a-55b8-01e4-8fdadba0ffbe" testName="ObterAnunciosDoAnunciante_Anunciante_Valido_Chama_Repositorio" computerName="BRUNO-PC" duration="00:00:00.0037473" startTime="2012-02-13T20:39:02.8643849-02:00" endTime="2012-02-13T20:39:02.8799849-02:00" testType="13cdc9d9-ddb5-4fa4-a97d-d965ccfc6d4b" outcome="Passed" testListId="8c84fa94-04c1-424b-9868-57a2d4851a1d" relativeResultsDirectory="cc66ee21-fb7b-4961-bc63-44004712dd10">
    </UnitTestResult>
    <UnitTestResult executionId="18e0f835-6cd7-4213-803f-6e7f4fffec5b" testId="cad04694-1e02-8d29-bfd2-6e0aeb9a106a" testName="Excluir_Anuncio_Valido_Chama_Servico_Excluir_Automovel_Repositorio_Excluir" computerName="BRUNO-PC" duration="00:00:00.0067212" startTime="2012-02-13T20:39:02.8799849-02:00" endTime="2012-02-13T20:39:02.8955850-02:00" testType="13cdc9d9-ddb5-4fa4-a97d-d965ccfc6d4b" outcome="Passed" testListId="8c84fa94-04c1-424b-9868-57a2d4851a1d" relativeResultsDirectory="18e0f835-6cd7-4213-803f-6e7f4fffec5b">
    </UnitTestResult>
    <UnitTestResult executionId="a9ea565d-68ba-4ea6-bef4-35b46558430f" testId="e5ca47f1-220d-fe6b-66c5-80c7f4d15bb6" testName="Anunciar_Valido_Chama_Servico_Incluir_Anunciante_Automovel_DataAnuncio_Atual_Status_AguardandoAprovacao" computerName="BRUNO-PC" duration="00:00:00.0801150" startTime="2012-02-13T20:39:02.8955850-02:00" endTime="2012-02-13T20:39:02.9891851-02:00" testType="13cdc9d9-ddb5-4fa4-a97d-d965ccfc6d4b" outcome="Passed" testListId="8c84fa94-04c1-424b-9868-57a2d4851a1d" relativeResultsDirectory="a9ea565d-68ba-4ea6-bef4-35b46558430f">
    </UnitTestResult>
    <UnitTestResult executionId="ba5e953a-2cf2-4603-b14f-5612c6e99708" testId="ea9dfc70-6011-3821-52f7-17cda4c753fe" testName="AprovarAnuncios_Anuncio_Valido_Chama_Atualizar_Automovel_Chama_Repositorio" computerName="BRUNO-PC" duration="00:00:00.0060267" startTime="2012-02-13T20:39:02.9891851-02:00" endTime="2012-02-13T20:39:03.0203852-02:00" testType="13cdc9d9-ddb5-4fa4-a97d-d965ccfc6d4b" outcome="Failed" testListId="8c84fa94-04c1-424b-9868-57a2d4851a1d" relativeResultsDirectory="ba5e953a-2cf2-4603-b14f-5612c6e99708">
      <Output>
        <ErrorInfo>
          <Message>Test method TA.Domain.Test.Service.ServicoAnuncioTest.AprovarAnuncios_Anuncio_Valido_Chama_Atualizar_Automovel_Chama_Repositorio threw exception: 
System.Exception: Valor de parcela inválida.
Parcelas restantes inválidas.
Modelo inválido.
</Message>
          <StackTrace>    at TA.Domain.Service.ServicoAnuncio.ValidaAutomovel(Automovel automovel) in C:\projetos\ta\TA\Source\TA.Domain\Service\ServicoAnuncio.cs:line 46
   at TA.Domain.Service.ServicoAnuncio.Atualizar(Anuncio anuncio) in C:\projetos\ta\TA\Source\TA.Domain\Service\ServicoAnuncio.cs:line 82
   at TA.Domain.Service.ServicoAnuncio.AprovarAnuncio(Anuncio anuncio) in C:\projetos\ta\TA\Source\TA.Domain\Service\ServicoAnuncio.cs:line 139
   at TA.Domain.Service.ServicoAnuncio.&lt;AprovarAnuncios&gt;b__0(Anuncio e) in C:\projetos\ta\TA\Source\TA.Domain\Service\ServicoAnuncio.cs:line 149
   at System.Collections.Generic.List`1.ForEach(Action`1 action)
   at TA.Domain.Service.ServicoAnuncio.AprovarAnuncios(List`1 anuncios) in C:\projetos\ta\TA\Source\TA.Domain\Service\ServicoAnuncio.cs:line 149
   at TA.Domain.Test.Service.ServicoAnuncioTest.AprovarAnuncios_Anuncio_Valido_Chama_Atualizar_Automovel_Chama_Repositorio() in C:\projetos\ta\TA\Source\TA.Domain.Test\Service\ServicoAnuncioTest.cs:line 263
</StackTrace>
        </ErrorInfo>
      </Output>
    </UnitTestResult>
    <UnitTestResult executionId="44357e0b-89ee-4af6-8583-d43f71b3ecad" testId="ed6c7bd4-5abf-1fa1-b6a1-d0821f49322b" testName="AprovarAnuncios_Anuncios_Nulo_Dispara_ArgumentNullException" computerName="BRUNO-PC" duration="00:00:00.0005979" startTime="2012-02-13T20:39:03.0203852-02:00" endTime="2012-02-13T20:39:03.0359852-02:00" testType="13cdc9d9-ddb5-4fa4-a97d-d965ccfc6d4b" outcome="Passed" testListId="8c84fa94-04c1-424b-9868-57a2d4851a1d" relativeResultsDirectory="44357e0b-89ee-4af6-8583-d43f71b3ecad">
    </UnitTestResult>
    <UnitTestResult executionId="9a7cd2bc-600e-48a8-8e91-2941591f7770" testId="ef68b1b6-a8d0-54f4-19c6-53af580a1d02" testName="Anunciar_Automovel_Invalido_Dispara_Exception_3_Erros" computerName="BRUNO-PC" duration="00:00:00.0009777" startTime="2012-02-13T20:39:03.0359852-02:00" endTime="2012-02-13T20:39:03.0359852-02:00" testType="13cdc9d9-ddb5-4fa4-a97d-d965ccfc6d4b" outcome="Passed" testListId="8c84fa94-04c1-424b-9868-57a2d4851a1d" relativeResultsDirectory="9a7cd2bc-600e-48a8-8e91-2941591f7770">
    </UnitTestResult>
    <UnitTestResult executionId="0cb8491e-0412-40aa-a492-c37566b60457" testId="f132b02f-2c02-0d4a-f583-b0982ad3f9ed" testName="Atualizar_Anuncio_Valido_Chama_Servico_Atualizar_Automovel_Repositorio_Atualizar" computerName="BRUNO-PC" duration="00:00:00.0029020" startTime="2012-02-13T20:39:03.0515852-02:00" endTime="2012-02-13T20:39:03.0515852-02:00" testType="13cdc9d9-ddb5-4fa4-a97d-d965ccfc6d4b" outcome="Failed" testListId="8c84fa94-04c1-424b-9868-57a2d4851a1d" relativeResultsDirectory="0cb8491e-0412-40aa-a492-c37566b60457">
      <Output>
        <ErrorInfo>
          <Message>Test method TA.Domain.Test.Service.ServicoAnuncioTest.Atualizar_Anuncio_Valido_Chama_Servico_Atualizar_Automovel_Repositorio_Atualizar threw exception: 
System.Exception: Valor de parcela inválida.
Parcelas restantes inválidas.
Modelo inválido.
</Message>
          <StackTrace>    at TA.Domain.Service.ServicoAnuncio.ValidaAutomovel(Automovel automovel) in C:\projetos\ta\TA\Source\TA.Domain\Service\ServicoAnuncio.cs:line 46
   at TA.Domain.Service.ServicoAnuncio.Atualizar(Anuncio anuncio) in C:\projetos\ta\TA\Source\TA.Domain\Service\ServicoAnuncio.cs:line 82
   at TA.Domain.Test.Service.ServicoAnuncioTest.Atualizar_Anuncio_Valido_Chama_Servico_Atualizar_Automovel_Repositorio_Atualizar() in C:\projetos\ta\TA\Source\TA.Domain.Test\Service\ServicoAnuncioTest.cs:line 124
</StackTrace>
        </ErrorInfo>
      </Output>
    </UnitTestResult>
    <UnitTestResult executionId="56700c12-0d53-451f-8501-71e8b3bc6879" testId="f521203a-e787-a35b-6759-279fbed2b725" testName="AprovarAnuncio_Anuncio_Valido_Chama_Atualizar_Automovel_Chama_Repositorio" computerName="BRUNO-PC" duration="00:00:00.0030672" startTime="2012-02-13T20:39:03.0671853-02:00" endTime="2012-02-13T20:39:03.0827853-02:00" testType="13cdc9d9-ddb5-4fa4-a97d-d965ccfc6d4b" outcome="Failed" testListId="8c84fa94-04c1-424b-9868-57a2d4851a1d" relativeResultsDirectory="56700c12-0d53-451f-8501-71e8b3bc6879">
      <Output>
        <ErrorInfo>
          <Message>Test method TA.Domain.Test.Service.ServicoAnuncioTest.AprovarAnuncio_Anuncio_Valido_Chama_Atualizar_Automovel_Chama_Repositorio threw exception: 
System.Exception: Valor de parcela inválida.
Parcelas restantes inválidas.
Modelo inválido.
</Message>
          <StackTrace>    at TA.Domain.Service.ServicoAnuncio.ValidaAutomovel(Automovel automovel) in C:\projetos\ta\TA\Source\TA.Domain\Service\ServicoAnuncio.cs:line 46
   at TA.Domain.Service.ServicoAnuncio.Atualizar(Anuncio anuncio) in C:\projetos\ta\TA\Source\TA.Domain\Service\ServicoAnuncio.cs:line 82
   at TA.Domain.Service.ServicoAnuncio.AprovarAnuncio(Anuncio anuncio) in C:\projetos\ta\TA\Source\TA.Domain\Service\ServicoAnuncio.cs:line 139
   at TA.Domain.Test.Service.ServicoAnuncioTest.AprovarAnuncio_Anuncio_Valido_Chama_Atualizar_Automovel_Chama_Repositorio() in C:\projetos\ta\TA\Source\TA.Domain.Test\Service\ServicoAnuncioTest.cs:line 237
</StackTrace>
        </ErrorInfo>
      </Output>
    </UnitTestResult>
    <UnitTestResult executionId="35de3fda-6fdb-40d6-95db-b43e8c894a32" testId="f63adf85-9dbb-ac1d-3feb-25c3b3f2dcbb" testName="ObterAnunciosPagosRecentes_Chama_Repositorio" computerName="BRUNO-PC" duration="00:00:00.0016291" startTime="2012-02-13T20:39:03.0827853-02:00" endTime="2012-02-13T20:39:03.0983853-02:00" testType="13cdc9d9-ddb5-4fa4-a97d-d965ccfc6d4b" outcome="Passed" testListId="8c84fa94-04c1-424b-9868-57a2d4851a1d" relativeResultsDirectory="35de3fda-6fdb-40d6-95db-b43e8c894a32">
    </UnitTestResult>
    <UnitTestResult executionId="c81a2632-9ad1-48d7-b3dc-122fc45bd7c5" testId="f7ada927-d569-b846-f404-de99ea993981" testName="ObterAnunciosPagosEmDestaque_Chama_Repositorio" computerName="BRUNO-PC" duration="00:00:00.0016429" startTime="2012-02-13T20:39:03.0983853-02:00" endTime="2012-02-13T20:39:03.0983853-02:00" testType="13cdc9d9-ddb5-4fa4-a97d-d965ccfc6d4b" outcome="Passed" testListId="8c84fa94-04c1-424b-9868-57a2d4851a1d" relativeResultsDirectory="c81a2632-9ad1-48d7-b3dc-122fc45bd7c5">
    </UnitTestResult>
  </Results>
</TestRun>