<?xml version="1.0" encoding="UTF-8"?>
<TestRun id="55a369d3-79c0-4383-b5a8-32f06ed95778" name="Bruno@BRUNO-PC 2012-02-12 00:22:51" runUser="Bruno-PC\Bruno" xmlns="http://microsoft.com/schemas/VisualStudio/TeamTest/2010">
  <TestSettings name="Local" id="ca88e069-f008-4408-aa18-24caa99d89f1">
    <Description>These are default test settings for a local test run.</Description>
    <Deployment enabled="false" runDeploymentRoot="Bruno_BRUNO-PC 2012-02-12 00_22_51">
      <DeploymentItem filename="C:\Program Files\Moq.4.0.10827\NET40\Moq.dll" />
      <DeploymentItem filename="C:\projetos\ta\TA\Source\TA.Domain\bin\Debug\TA.Domain.dll" />
    </Deployment>
    <Execution>
      <TestTypeSpecific />
      <AgentRule name="Execution Agents">
      </AgentRule>
    </Execution>
  </TestSettings>
  <Times creation="2012-02-12T00:22:51.9446619-02:00" queuing="2012-02-12T00:22:55.8602687-02:00" start="2012-02-12T00:22:56.1878693-02:00" finish="2012-02-12T00:23:06.3902872-02:00" />
  <ResultSummary outcome="Error">
    <Counters total="1" executed="1" error="0" failed="0" timeout="0" aborted="1" inconclusive="0" passedButRunAborted="0" notRunnable="0" notExecuted="0" disconnected="0" warning="0" passed="0" completed="0" inProgress="0" pending="0" />
    <RunInfos>
      <RunInfo computerName="BRUNO-PC" outcome="Error" timestamp="2012-02-12T00:23:06.3746872-02:00">
        <Text>Test host process exited unexpectedly.</Text>
      </RunInfo>
    </RunInfos>
  </ResultSummary>
  <TestDefinitions>
    <UnitTest name="Equals_Object" storage="c:\projetos\ta\ta\source\ta.domain.test\bin\debug\ta.domain.test.dll" id="e5bab2dd-bd5d-15fa-c77b-e3326ef3c0bb">
      <Execution id="3ecbbd63-505f-4e4b-8c55-964f958214b6" />
      <TestMethod codeBase="C:/projetos/ta/TA/Source/TA.Domain.Test/bin/Debug/TA.Domain.Test.DLL" adapterTypeName="Microsoft.VisualStudio.TestTools.TestTypes.Unit.UnitTestAdapter, Microsoft.VisualStudio.QualityTools.Tips.UnitTest.Adapter, Version=10.0.0.0, Culture=neutral, PublicKeyToken=b03f5f7f11d50a3a" className="TA.Domain.Test.Entity.EntidadeBaseTest, TA.Domain.Test, Version=1.0.0.0, Culture=neutral, PublicKeyToken=null" name="Equals_Object" />
    </UnitTest>
  </TestDefinitions>
  <TestLists>
    <TestList name="Results Not in a List" id="8c84fa94-04c1-424b-9868-57a2d4851a1d" />
    <TestList name="All Loaded Results" id="19431567-8539-422a-85d7-44ee4e166bda" />
  </TestLists>
  <TestEntries>
    <TestEntry testId="e5bab2dd-bd5d-15fa-c77b-e3326ef3c0bb" executionId="3ecbbd63-505f-4e4b-8c55-964f958214b6" testListId="8c84fa94-04c1-424b-9868-57a2d4851a1d" />
  </TestEntries>
  <Results>
    <UnitTestResult executionId="3ecbbd63-505f-4e4b-8c55-964f958214b6" testId="e5bab2dd-bd5d-15fa-c77b-e3326ef3c0bb" testName="Equals_Object" computerName="BRUNO-PC" duration="00:00:09.9840175" startTime="2012-02-12T00:22:56.4062697-02:00" endTime="2012-02-12T00:23:06.3902872-02:00" testType="13cdc9d9-ddb5-4fa4-a97d-d965ccfc6d4b" outcome="Aborted" testListId="8c84fa94-04c1-424b-9868-57a2d4851a1d" relativeResultsDirectory="3ecbbd63-505f-4e4b-8c55-964f958214b6">
    </UnitTestResult>
  </Results>
</TestRun>