<?xml version="1.0" encoding="UTF-8"?>
<TestRun id="c4a7efca-f541-4475-a2f3-083671a8029d" name="Bruno@BRUNO-PC 2012-02-11 23:42:34" runUser="Bruno-PC\Bruno" xmlns="http://microsoft.com/schemas/VisualStudio/TeamTest/2010">
  <TestSettings name="Local" id="ca88e069-f008-4408-aa18-24caa99d89f1">
    <Description>These are default test settings for a local test run.</Description>
    <Deployment enabled="false" runDeploymentRoot="Bruno_BRUNO-PC 2012-02-11 23_42_34">
      <DeploymentItem filename="C:\Program Files\Moq.4.0.10827\NET40\Moq.dll" />
      <DeploymentItem filename="C:\projetos\ta\TA\Source\TA.Domain\bin\Debug\TA.Domain.dll" />
    </Deployment>
    <Execution>
      <TestTypeSpecific />
      <AgentRule name="Execution Agents">
      </AgentRule>
    </Execution>
  </TestSettings>
  <Times creation="2012-02-11T23:42:34.3805638-02:00" queuing="2012-02-11T23:42:36.7891840-02:00" start="2012-02-11T23:42:36.8511875-02:00" finish="2012-02-11T23:42:37.7408245-02:00" />
  <ResultSummary outcome="Failed">
    <Counters total="1" executed="1" error="0" failed="1" timeout="0" aborted="0" inconclusive="0" passedButRunAborted="0" notRunnable="0" notExecuted="0" disconnected="0" warning="0" passed="0" completed="0" inProgress="0" pending="0" />
  </ResultSummary>
  <TestDefinitions>
    <UnitTest name="IncrementarVisitasDoAnuncio_idAnuncio_Valido_Retorna_Anuncio_Com_Visitas_Incrementadas_E_Atualizado" storage="c:\projetos\ta\ta\source\ta.domain.test\bin\debug\ta.domain.test.dll" id="51a80586-3bac-2ca1-5627-80ae47d391c3">
      <Execution id="5556c25f-321b-438e-afe6-2d08511b0a4b" />
      <TestMethod codeBase="C:/projetos/ta/TA/Source/TA.Domain.Test/bin/Debug/TA.Domain.Test.DLL" adapterTypeName="Microsoft.VisualStudio.TestTools.TestTypes.Unit.UnitTestAdapter, Microsoft.VisualStudio.QualityTools.Tips.UnitTest.Adapter, Version=10.0.0.0, Culture=neutral, PublicKeyToken=b03f5f7f11d50a3a" className="TA.Domain.Test.Service.ServicoAnuncioTest, TA.Domain.Test, Version=1.0.0.0, Culture=neutral, PublicKeyToken=null" name="IncrementarVisitasDoAnuncio_idAnuncio_Valido_Retorna_Anuncio_Com_Visitas_Incrementadas_E_Atualizado" />
    </UnitTest>
  </TestDefinitions>
  <TestLists>
    <TestList name="Results Not in a List" id="8c84fa94-04c1-424b-9868-57a2d4851a1d" />
    <TestList name="All Loaded Results" id="19431567-8539-422a-85d7-44ee4e166bda" />
  </TestLists>
  <TestEntries>
    <TestEntry testId="51a80586-3bac-2ca1-5627-80ae47d391c3" executionId="5556c25f-321b-438e-afe6-2d08511b0a4b" testListId="8c84fa94-04c1-424b-9868-57a2d4851a1d" />
  </TestEntries>
  <Results>
    <UnitTestResult executionId="5556c25f-321b-438e-afe6-2d08511b0a4b" testId="51a80586-3bac-2ca1-5627-80ae47d391c3" testName="IncrementarVisitasDoAnuncio_idAnuncio_Valido_Retorna_Anuncio_Com_Visitas_Incrementadas_E_Atualizado" computerName="BRUNO-PC" duration="00:00:00.3507675" startTime="2012-02-11T23:42:36.8731888-02:00" endTime="2012-02-11T23:42:37.6472244-02:00" testType="13cdc9d9-ddb5-4fa4-a97d-d965ccfc6d4b" outcome="Failed" testListId="8c84fa94-04c1-424b-9868-57a2d4851a1d" relativeResultsDirectory="5556c25f-321b-438e-afe6-2d08511b0a4b">
      <Output>
        <ErrorInfo>
          <Message>Assert.AreEqual failed. Expected:&lt;10&gt;. Actual:&lt;11&gt;. </Message>
          <StackTrace>   at TA.Domain.Test.Service.ServicoAnuncioTest.IncrementarVisitasDoAnuncio_idAnuncio_Valido_Retorna_Anuncio_Com_Visitas_Incrementadas_E_Atualizado() in C:\projetos\ta\TA\Source\TA.Domain.Test\Service\ServicoAnuncioTest.cs:line 177
</StackTrace>
        </ErrorInfo>
      </Output>
    </UnitTestResult>
  </Results>
</TestRun>