<?xml version="1.0" encoding="UTF-8"?>
<TestRun id="0ac478e7-c294-42be-a4b5-b66e28d70c93" name="Bruno@BRUNO-PC 2012-01-31 12:57:25" runUser="Bruno-PC\Bruno" xmlns="http://microsoft.com/schemas/VisualStudio/TeamTest/2010">
  <TestSettings name="Local" id="ca88e069-f008-4408-aa18-24caa99d89f1">
    <Description>These are default test settings for a local test run.</Description>
    <Deployment enabled="false" runDeploymentRoot="Bruno_BRUNO-PC 2012-01-31 12_57_25">
      <DeploymentItem filename="C:\Program Files\Moq.4.0.10827\NET40\Moq.dll" />
      <DeploymentItem filename="C:\projetos\ta\TA\Source\TA.Domain\bin\Debug\TA.Domain.dll" />
    </Deployment>
    <Execution>
      <TestTypeSpecific />
      <AgentRule name="Execution Agents">
      </AgentRule>
    </Execution>
  </TestSettings>
  <Times creation="2012-01-31T12:57:25.2994187-02:00" queuing="2012-01-31T12:57:27.8877347-02:00" start="2012-01-31T12:57:28.1847517-02:00" finish="2012-01-31T12:57:47.1742164-02:00" />
  <ResultSummary outcome="Completed">
    <Counters total="1" executed="1" passed="1" error="0" failed="0" timeout="0" aborted="0" inconclusive="0" passedButRunAborted="0" notRunnable="0" notExecuted="0" disconnected="0" warning="0" completed="0" inProgress="0" pending="0" />
  </ResultSummary>
  <TestDefinitions>
    <UnitTest name="Anuciar_Deve_Chamar_Anunciar_Do_Repositorio" storage="c:\projetos\ta\ta\source\ta.domain.test\bin\debug\ta.domain.test.dll" id="5da67bbd-f769-8769-97c1-7356d234ece4">
      <Execution id="eb65c901-aa0f-4649-8cb0-8211ca3603df" />
      <TestMethod codeBase="C:/projetos/ta/TA/Source/TA.Domain.Test/bin/Debug/TA.Domain.Test.DLL" adapterTypeName="Microsoft.VisualStudio.TestTools.TestTypes.Unit.UnitTestAdapter, Microsoft.VisualStudio.QualityTools.Tips.UnitTest.Adapter, Version=10.0.0.0, Culture=neutral, PublicKeyToken=b03f5f7f11d50a3a" className="TA.Domain.Test.Service.ServicoAnuncioTest, TA.Domain.Test, Version=1.0.0.0, Culture=neutral, PublicKeyToken=null" name="Anuciar_Deve_Chamar_Anunciar_Do_Repositorio" />
    </UnitTest>
  </TestDefinitions>
  <TestLists>
    <TestList name="Results Not in a List" id="8c84fa94-04c1-424b-9868-57a2d4851a1d" />
    <TestList name="All Loaded Results" id="19431567-8539-422a-85d7-44ee4e166bda" />
  </TestLists>
  <TestEntries>
    <TestEntry testId="5da67bbd-f769-8769-97c1-7356d234ece4" executionId="eb65c901-aa0f-4649-8cb0-8211ca3603df" testListId="8c84fa94-04c1-424b-9868-57a2d4851a1d" />
  </TestEntries>
  <Results>
    <UnitTestResult executionId="eb65c901-aa0f-4649-8cb0-8211ca3603df" testId="5da67bbd-f769-8769-97c1-7356d234ece4" testName="Anuciar_Deve_Chamar_Anunciar_Do_Repositorio" computerName="BRUNO-PC" duration="00:00:15.8441687" startTime="2012-01-31T12:57:28.3937550-02:00" endTime="2012-01-31T12:57:46.4181732-02:00" testType="13cdc9d9-ddb5-4fa4-a97d-d965ccfc6d4b" outcome="Passed" testListId="8c84fa94-04c1-424b-9868-57a2d4851a1d" relativeResultsDirectory="eb65c901-aa0f-4649-8cb0-8211ca3603df">
    </UnitTestResult>
  </Results>
</TestRun>