<?xml version="1.0" encoding="UTF-8"?>
<TestRun id="82847d39-db27-409c-b1c7-a219e2b2d5ea" name="Bruno@BRUNO-PC 2012-02-12 11:24:35" runUser="Bruno-PC\Bruno" xmlns="http://microsoft.com/schemas/VisualStudio/TeamTest/2010">
  <TestSettings name="Local" id="ca88e069-f008-4408-aa18-24caa99d89f1">
    <Description>These are default test settings for a local test run.</Description>
    <Deployment enabled="false" runDeploymentRoot="Bruno_BRUNO-PC 2012-02-12 11_24_35">
      <DeploymentItem filename="C:\Program Files\Moq.4.0.10827\NET40\Moq.dll" />
      <DeploymentItem filename="C:\projetos\ta\TA\Source\TA.Domain\bin\Debug\TA.Domain.dll" />
    </Deployment>
    <Execution>
      <TestTypeSpecific />
      <AgentRule name="Execution Agents">
      </AgentRule>
    </Execution>
  </TestSettings>
  <Times creation="2012-02-12T11:24:35.7890500-02:00" queuing="2012-02-12T11:24:37.0058521-02:00" start="2012-02-12T11:24:37.0526522-02:00" finish="2012-02-12T11:24:37.7858535-02:00" />
  <ResultSummary outcome="Completed">
    <Counters total="1" executed="1" passed="1" error="0" failed="0" timeout="0" aborted="0" inconclusive="0" passedButRunAborted="0" notRunnable="0" notExecuted="0" disconnected="0" warning="0" completed="0" inProgress="0" pending="0" />
  </ResultSummary>
  <TestDefinitions>
    <UnitTest name="IncrementarVisitasDoAnuncio_IdAnuncio_Invalido_Dispara_Exception" storage="c:\projetos\ta\ta\source\ta.domain.test\bin\debug\ta.domain.test.dll" id="d95409cf-8eb4-ea34-1e5b-22ab2fe0d908">
      <Execution id="08fd8b60-da74-423a-9cce-6607db0dcd48" />
      <TestMethod codeBase="C:/projetos/ta/TA/Source/TA.Domain.Test/bin/Debug/TA.Domain.Test.DLL" adapterTypeName="Microsoft.VisualStudio.TestTools.TestTypes.Unit.UnitTestAdapter, Microsoft.VisualStudio.QualityTools.Tips.UnitTest.Adapter, Version=10.0.0.0, Culture=neutral, PublicKeyToken=b03f5f7f11d50a3a" className="TA.Domain.Test.Service.ServicoAnuncioTest, TA.Domain.Test, Version=1.0.0.0, Culture=neutral, PublicKeyToken=null" name="IncrementarVisitasDoAnuncio_IdAnuncio_Invalido_Dispara_Exception" />
    </UnitTest>
  </TestDefinitions>
  <TestLists>
    <TestList name="Results Not in a List" id="8c84fa94-04c1-424b-9868-57a2d4851a1d" />
    <TestList name="All Loaded Results" id="19431567-8539-422a-85d7-44ee4e166bda" />
  </TestLists>
  <TestEntries>
    <TestEntry testId="d95409cf-8eb4-ea34-1e5b-22ab2fe0d908" executionId="08fd8b60-da74-423a-9cce-6607db0dcd48" testListId="8c84fa94-04c1-424b-9868-57a2d4851a1d" />
  </TestEntries>
  <Results>
    <UnitTestResult executionId="08fd8b60-da74-423a-9cce-6607db0dcd48" testId="d95409cf-8eb4-ea34-1e5b-22ab2fe0d908" testName="IncrementarVisitasDoAnuncio_IdAnuncio_Invalido_Dispara_Exception" computerName="BRUNO-PC" duration="00:00:00.3245612" startTime="2012-02-12T11:24:37.0682522-02:00" endTime="2012-02-12T11:24:37.6922533-02:00" testType="13cdc9d9-ddb5-4fa4-a97d-d965ccfc6d4b" outcome="Passed" testListId="8c84fa94-04c1-424b-9868-57a2d4851a1d" relativeResultsDirectory="08fd8b60-da74-423a-9cce-6607db0dcd48">
    </UnitTestResult>
  </Results>
</TestRun>