<?xml version="1.0" encoding="UTF-8"?>
<TestRun id="764f71d9-924f-4201-8b6d-484b8be1da8f" name="Bruno@BRUNO-PC 2012-02-15 14:50:28" runUser="Bruno-PC\Bruno" xmlns="http://microsoft.com/schemas/VisualStudio/TeamTest/2010">
  <TestSettings name="Local" id="ca88e069-f008-4408-aa18-24caa99d89f1">
    <Description>These are default test settings for a local test run.</Description>
    <Deployment enabled="false" runDeploymentRoot="Bruno_BRUNO-PC 2012-02-15 14_50_28">
      <DeploymentItem filename="C:\Program Files\Moq.4.0.10827\NET40\Moq.dll" />
      <DeploymentItem filename="C:\projetos\ta\TA\Source\TA.Domain\bin\Debug\TA.Domain.dll" />
    </Deployment>
    <Execution>
      <TestTypeSpecific />
      <AgentRule name="Execution Agents">
      </AgentRule>
    </Execution>
  </TestSettings>
  <Times creation="2012-02-15T14:50:28.4747514-02:00" queuing="2012-02-15T14:50:43.4985779-02:00" start="2012-02-15T14:50:43.7637783-02:00" finish="2012-02-15T14:51:19.0978404-02:00" />
  <ResultSummary outcome="Completed">
    <Counters total="1" executed="1" passed="1" error="0" failed="0" timeout="0" aborted="0" inconclusive="0" passedButRunAborted="0" notRunnable="0" notExecuted="0" disconnected="0" warning="0" completed="0" inProgress="0" pending="0" />
  </ResultSummary>
  <TestDefinitions>
    <UnitTest name="VisualizarAnuncio_Anuncio_Com_Estatistica_Incrementa_VisualizacoesAnuncio_Chama_Repositorio_Incluir_Atualizar" storage="c:\projetos\ta\ta\source\ta.domain.test\bin\debug\ta.domain.test.dll" id="24cb0af8-b82d-486f-625c-642db0efd894">
      <Execution id="44c1c00a-9ef1-4002-8d09-84824da82f94" />
      <TestMethod codeBase="C:/projetos/ta/TA/Source/TA.Domain.Test/bin/Debug/TA.Domain.Test.DLL" adapterTypeName="Microsoft.VisualStudio.TestTools.TestTypes.Unit.UnitTestAdapter, Microsoft.VisualStudio.QualityTools.Tips.UnitTest.Adapter, Version=10.0.0.0, Culture=neutral, PublicKeyToken=b03f5f7f11d50a3a" className="TA.Domain.Test.Service.ServicoEstatisticaAnuncioTest, TA.Domain.Test, Version=1.0.0.0, Culture=neutral, PublicKeyToken=null" name="VisualizarAnuncio_Anuncio_Com_Estatistica_Incrementa_VisualizacoesAnuncio_Chama_Repositorio_Incluir_Atualizar" />
    </UnitTest>
  </TestDefinitions>
  <TestLists>
    <TestList name="Results Not in a List" id="8c84fa94-04c1-424b-9868-57a2d4851a1d" />
    <TestList name="All Loaded Results" id="19431567-8539-422a-85d7-44ee4e166bda" />
  </TestLists>
  <TestEntries>
    <TestEntry testId="24cb0af8-b82d-486f-625c-642db0efd894" executionId="44c1c00a-9ef1-4002-8d09-84824da82f94" testListId="8c84fa94-04c1-424b-9868-57a2d4851a1d" />
  </TestEntries>
  <Results>
    <UnitTestResult executionId="44c1c00a-9ef1-4002-8d09-84824da82f94" testId="24cb0af8-b82d-486f-625c-642db0efd894" testName="VisualizarAnuncio_Anuncio_Com_Estatistica_Incrementa_VisualizacoesAnuncio_Chama_Repositorio_Incluir_Atualizar" computerName="BRUNO-PC" duration="00:00:33.7911667" startTime="2012-02-15T14:50:44.0133788-02:00" endTime="2012-02-15T14:51:18.9886402-02:00" testType="13cdc9d9-ddb5-4fa4-a97d-d965ccfc6d4b" outcome="Passed" testListId="8c84fa94-04c1-424b-9868-57a2d4851a1d" relativeResultsDirectory="44c1c00a-9ef1-4002-8d09-84824da82f94">
    </UnitTestResult>
  </Results>
</TestRun>