<?xml version="1.0" encoding="UTF-8"?>
<TestRun id="11fce23b-72fc-4389-a690-2d3bc23ff1ae" name="Bruno@BRUNO-PC 2012-02-14 11:10:13" runUser="Bruno-PC\Bruno" xmlns="http://microsoft.com/schemas/VisualStudio/TeamTest/2010">
  <TestSettings name="Local" id="ca88e069-f008-4408-aa18-24caa99d89f1">
    <Description>These are default test settings for a local test run.</Description>
    <Deployment enabled="false" runDeploymentRoot="Bruno_BRUNO-PC 2012-02-14 11_10_13">
      <DeploymentItem filename="C:\Program Files\Moq.4.0.10827\NET40\Moq.dll" />
      <DeploymentItem filename="C:\projetos\ta\TA\Source\TA.Domain\bin\Debug\TA.Domain.dll" />
    </Deployment>
    <Execution>
      <TestTypeSpecific />
      <AgentRule name="Execution Agents">
      </AgentRule>
    </Execution>
  </TestSettings>
  <Times creation="2012-02-14T11:10:13.2610883-02:00" queuing="2012-02-14T11:10:14.4622904-02:00" start="2012-02-14T11:10:14.6026906-02:00" finish="2012-02-14T11:10:15.9130929-02:00" />
  <ResultSummary outcome="Completed">
    <Counters total="28" executed="28" passed="28" error="0" failed="0" timeout="0" aborted="0" inconclusive="0" passedButRunAborted="0" notRunnable="0" notExecuted="0" disconnected="0" warning="0" completed="0" inProgress="0" pending="0" />
  </ResultSummary>
  <TestDefinitions>
    <UnitTest name="Anunciar_Anuncio_Invalido_Dispara_Exception_4_Erros" storage="c:\projetos\ta\ta\source\ta.domain.test\bin\debug\ta.domain.test.dll" id="c13275dc-57fc-17ff-ff62-230946f7fbb0">
      <Execution id="c230472d-9e85-470f-aaa7-97d96366724b" />
      <TestMethod codeBase="C:/projetos/ta/TA/Source/TA.Domain.Test/bin/Debug/TA.Domain.Test.DLL" adapterTypeName="Microsoft.VisualStudio.TestTools.TestTypes.Unit.UnitTestAdapter, Microsoft.VisualStudio.QualityTools.Tips.UnitTest.Adapter, Version=10.0.0.0, Culture=neutral, PublicKeyToken=b03f5f7f11d50a3a" className="TA.Domain.Test.Service.ServicoAnuncioTest, TA.Domain.Test, Version=1.0.0.0, Culture=neutral, PublicKeyToken=null" name="Anunciar_Anuncio_Invalido_Dispara_Exception_4_Erros" />
    </UnitTest>
    <UnitTest name="ReprovarAnuncios_Anuncios_Nulo_Dispara_ArgumentNullException" storage="c:\projetos\ta\ta\source\ta.domain.test\bin\debug\ta.domain.test.dll" id="76e6d2ab-ab65-20c9-3112-22a9f7a90c63">
      <Execution id="f962d949-ad86-4aeb-91a6-7123c06e5805" />
      <TestMethod codeBase="C:/projetos/ta/TA/Source/TA.Domain.Test/bin/Debug/TA.Domain.Test.DLL" adapterTypeName="Microsoft.VisualStudio.TestTools.TestTypes.Unit.UnitTestAdapter, Microsoft.VisualStudio.QualityTools.Tips.UnitTest.Adapter, Version=10.0.0.0, Culture=neutral, PublicKeyToken=b03f5f7f11d50a3a" className="TA.Domain.Test.Service.ServicoAnuncioTest, TA.Domain.Test, Version=1.0.0.0, Culture=neutral, PublicKeyToken=null" name="ReprovarAnuncios_Anuncios_Nulo_Dispara_ArgumentNullException" />
    </UnitTest>
    <UnitTest name="Atualizar_Plano_Do_Anuncio_Nulo_Dispara_ArgumentNullException" storage="c:\projetos\ta\ta\source\ta.domain.test\bin\debug\ta.domain.test.dll" id="6e7b0f4f-2497-cd94-9f27-6094ab263fc2">
      <Execution id="f71d7e05-1c42-47b7-96dc-1254dfc0e49e" />
      <TestMethod codeBase="C:/projetos/ta/TA/Source/TA.Domain.Test/bin/Debug/TA.Domain.Test.DLL" adapterTypeName="Microsoft.VisualStudio.TestTools.TestTypes.Unit.UnitTestAdapter, Microsoft.VisualStudio.QualityTools.Tips.UnitTest.Adapter, Version=10.0.0.0, Culture=neutral, PublicKeyToken=b03f5f7f11d50a3a" className="TA.Domain.Test.Service.ServicoAnuncioTest, TA.Domain.Test, Version=1.0.0.0, Culture=neutral, PublicKeyToken=null" name="Atualizar_Plano_Do_Anuncio_Nulo_Dispara_ArgumentNullException" />
    </UnitTest>
    <UnitTest name="ObterAnunciosDoAnunciante_Anunciante_Nulo_Dispara_AgumentNullException" storage="c:\projetos\ta\ta\source\ta.domain.test\bin\debug\ta.domain.test.dll" id="035f9c4d-73ce-6334-978c-a1b53f569549">
      <Execution id="b161283a-c2f5-472c-9de3-0e4e8140b2d8" />
      <TestMethod codeBase="C:/projetos/ta/TA/Source/TA.Domain.Test/bin/Debug/TA.Domain.Test.DLL" adapterTypeName="Microsoft.VisualStudio.TestTools.TestTypes.Unit.UnitTestAdapter, Microsoft.VisualStudio.QualityTools.Tips.UnitTest.Adapter, Version=10.0.0.0, Culture=neutral, PublicKeyToken=b03f5f7f11d50a3a" className="TA.Domain.Test.Service.ServicoAnuncioTest, TA.Domain.Test, Version=1.0.0.0, Culture=neutral, PublicKeyToken=null" name="ObterAnunciosDoAnunciante_Anunciante_Nulo_Dispara_AgumentNullException" />
    </UnitTest>
    <UnitTest name="ReprovarAnuncio_Anuncio_Valido_Chama_Atualizar_Automovel_Chama_Repositorio" storage="c:\projetos\ta\ta\source\ta.domain.test\bin\debug\ta.domain.test.dll" id="97229911-b796-dad0-d98d-d029c5aeaddb">
      <Execution id="738adc3d-a16c-4403-b5d1-1a2fd6e586a4" />
      <TestMethod codeBase="C:/projetos/ta/TA/Source/TA.Domain.Test/bin/Debug/TA.Domain.Test.DLL" adapterTypeName="Microsoft.VisualStudio.TestTools.TestTypes.Unit.UnitTestAdapter, Microsoft.VisualStudio.QualityTools.Tips.UnitTest.Adapter, Version=10.0.0.0, Culture=neutral, PublicKeyToken=b03f5f7f11d50a3a" className="TA.Domain.Test.Service.ServicoAnuncioTest, TA.Domain.Test, Version=1.0.0.0, Culture=neutral, PublicKeyToken=null" name="ReprovarAnuncio_Anuncio_Valido_Chama_Atualizar_Automovel_Chama_Repositorio" />
    </UnitTest>
    <UnitTest name="Anunciar_Plano_Do_Anuncio_Nulo_Dispara_ArgumentNullException" storage="c:\projetos\ta\ta\source\ta.domain.test\bin\debug\ta.domain.test.dll" id="2035db37-84cf-1aa6-fac6-f9b8dcd4dbbc">
      <Execution id="796ace7e-7504-4ae6-8641-e5b642340043" />
      <TestMethod codeBase="C:/projetos/ta/TA/Source/TA.Domain.Test/bin/Debug/TA.Domain.Test.DLL" adapterTypeName="Microsoft.VisualStudio.TestTools.TestTypes.Unit.UnitTestAdapter, Microsoft.VisualStudio.QualityTools.Tips.UnitTest.Adapter, Version=10.0.0.0, Culture=neutral, PublicKeyToken=b03f5f7f11d50a3a" className="TA.Domain.Test.Service.ServicoAnuncioTest, TA.Domain.Test, Version=1.0.0.0, Culture=neutral, PublicKeyToken=null" name="Anunciar_Plano_Do_Anuncio_Nulo_Dispara_ArgumentNullException" />
    </UnitTest>
    <UnitTest name="Atualizar_Anuncio_Nulo_Dispara_ArgumentNullException" storage="c:\projetos\ta\ta\source\ta.domain.test\bin\debug\ta.domain.test.dll" id="1f672b39-1806-9c26-6eda-a31d7ae11955">
      <Execution id="7716565a-432e-4e82-a014-c990ddd95a10" />
      <TestMethod codeBase="C:/projetos/ta/TA/Source/TA.Domain.Test/bin/Debug/TA.Domain.Test.DLL" adapterTypeName="Microsoft.VisualStudio.TestTools.TestTypes.Unit.UnitTestAdapter, Microsoft.VisualStudio.QualityTools.Tips.UnitTest.Adapter, Version=10.0.0.0, Culture=neutral, PublicKeyToken=b03f5f7f11d50a3a" className="TA.Domain.Test.Service.ServicoAnuncioTest, TA.Domain.Test, Version=1.0.0.0, Culture=neutral, PublicKeyToken=null" name="Atualizar_Anuncio_Nulo_Dispara_ArgumentNullException" />
    </UnitTest>
    <UnitTest name="AprovarAnuncio_Anuncio_Valido_Chama_Atualizar_Automovel_Chama_Repositorio" storage="c:\projetos\ta\ta\source\ta.domain.test\bin\debug\ta.domain.test.dll" id="f521203a-e787-a35b-6759-279fbed2b725">
      <Execution id="20e0ca17-ea21-4da4-9b50-e6cd5e50f762" />
      <TestMethod codeBase="C:/projetos/ta/TA/Source/TA.Domain.Test/bin/Debug/TA.Domain.Test.DLL" adapterTypeName="Microsoft.VisualStudio.TestTools.TestTypes.Unit.UnitTestAdapter, Microsoft.VisualStudio.QualityTools.Tips.UnitTest.Adapter, Version=10.0.0.0, Culture=neutral, PublicKeyToken=b03f5f7f11d50a3a" className="TA.Domain.Test.Service.ServicoAnuncioTest, TA.Domain.Test, Version=1.0.0.0, Culture=neutral, PublicKeyToken=null" name="AprovarAnuncio_Anuncio_Valido_Chama_Atualizar_Automovel_Chama_Repositorio" />
    </UnitTest>
    <UnitTest name="Anunciar_Anuncio_Nulo_Dispara_ArgumentNullException" storage="c:\projetos\ta\ta\source\ta.domain.test\bin\debug\ta.domain.test.dll" id="79d547cc-b0ed-3488-80d5-1657c757509c">
      <Execution id="a61710f5-4091-45ef-8db2-e59a01ab6db2" />
      <TestMethod codeBase="C:/projetos/ta/TA/Source/TA.Domain.Test/bin/Debug/TA.Domain.Test.DLL" adapterTypeName="Microsoft.VisualStudio.TestTools.TestTypes.Unit.UnitTestAdapter, Microsoft.VisualStudio.QualityTools.Tips.UnitTest.Adapter, Version=10.0.0.0, Culture=neutral, PublicKeyToken=b03f5f7f11d50a3a" className="TA.Domain.Test.Service.ServicoAnuncioTest, TA.Domain.Test, Version=1.0.0.0, Culture=neutral, PublicKeyToken=null" name="Anunciar_Anuncio_Nulo_Dispara_ArgumentNullException" />
    </UnitTest>
    <UnitTest name="ObterAnuncioPorId_IdAnuncio_Valido_Retorna_Anuncio_Chama_Repositorio_ObterAnuncioPorId" storage="c:\projetos\ta\ta\source\ta.domain.test\bin\debug\ta.domain.test.dll" id="558c8582-095e-bfb9-2f53-2062c3289000">
      <Execution id="953d4da5-6a6a-484c-a7f7-1105a27ee3e8" />
      <TestMethod codeBase="C:/projetos/ta/TA/Source/TA.Domain.Test/bin/Debug/TA.Domain.Test.DLL" adapterTypeName="Microsoft.VisualStudio.TestTools.TestTypes.Unit.UnitTestAdapter, Microsoft.VisualStudio.QualityTools.Tips.UnitTest.Adapter, Version=10.0.0.0, Culture=neutral, PublicKeyToken=b03f5f7f11d50a3a" className="TA.Domain.Test.Service.ServicoAnuncioTest, TA.Domain.Test, Version=1.0.0.0, Culture=neutral, PublicKeyToken=null" name="ObterAnuncioPorId_IdAnuncio_Valido_Retorna_Anuncio_Chama_Repositorio_ObterAnuncioPorId" />
    </UnitTest>
    <UnitTest name="ReprovarAnuncios_Anuncio_Valido_Chama_Atualizar_Automovel_Chama_Repositorio" storage="c:\projetos\ta\ta\source\ta.domain.test\bin\debug\ta.domain.test.dll" id="1050d318-6269-40d8-a181-09fce85cf5fd">
      <Execution id="7d1e14ef-5bb7-4703-b868-0ca74017a68a" />
      <TestMethod codeBase="C:/projetos/ta/TA/Source/TA.Domain.Test/bin/Debug/TA.Domain.Test.DLL" adapterTypeName="Microsoft.VisualStudio.TestTools.TestTypes.Unit.UnitTestAdapter, Microsoft.VisualStudio.QualityTools.Tips.UnitTest.Adapter, Version=10.0.0.0, Culture=neutral, PublicKeyToken=b03f5f7f11d50a3a" className="TA.Domain.Test.Service.ServicoAnuncioTest, TA.Domain.Test, Version=1.0.0.0, Culture=neutral, PublicKeyToken=null" name="ReprovarAnuncios_Anuncio_Valido_Chama_Atualizar_Automovel_Chama_Repositorio" />
    </UnitTest>
    <UnitTest name="AprovarAnuncio_Anuncio_Nulo_Dispara_ArgumentNullException" storage="c:\projetos\ta\ta\source\ta.domain.test\bin\debug\ta.domain.test.dll" id="1e22ce60-591d-b987-2540-678ed78d9983">
      <Execution id="61df3d86-28f9-427a-a6e0-8492605a9c8f" />
      <TestMethod codeBase="C:/projetos/ta/TA/Source/TA.Domain.Test/bin/Debug/TA.Domain.Test.DLL" adapterTypeName="Microsoft.VisualStudio.TestTools.TestTypes.Unit.UnitTestAdapter, Microsoft.VisualStudio.QualityTools.Tips.UnitTest.Adapter, Version=10.0.0.0, Culture=neutral, PublicKeyToken=b03f5f7f11d50a3a" className="TA.Domain.Test.Service.ServicoAnuncioTest, TA.Domain.Test, Version=1.0.0.0, Culture=neutral, PublicKeyToken=null" name="AprovarAnuncio_Anuncio_Nulo_Dispara_ArgumentNullException" />
    </UnitTest>
    <UnitTest name="ObterAnunciosPagosEmDestaque_Chama_Repositorio" storage="c:\projetos\ta\ta\source\ta.domain.test\bin\debug\ta.domain.test.dll" id="f7ada927-d569-b846-f404-de99ea993981">
      <Execution id="66a271cf-040e-465f-9ba8-dca2eaccddd1" />
      <TestMethod codeBase="C:/projetos/ta/TA/Source/TA.Domain.Test/bin/Debug/TA.Domain.Test.DLL" adapterTypeName="Microsoft.VisualStudio.TestTools.TestTypes.Unit.UnitTestAdapter, Microsoft.VisualStudio.QualityTools.Tips.UnitTest.Adapter, Version=10.0.0.0, Culture=neutral, PublicKeyToken=b03f5f7f11d50a3a" className="TA.Domain.Test.Service.ServicoAnuncioTest, TA.Domain.Test, Version=1.0.0.0, Culture=neutral, PublicKeyToken=null" name="ObterAnunciosPagosEmDestaque_Chama_Repositorio" />
    </UnitTest>
    <UnitTest name="Excluir_Anuncio_Nulo_Dispara_ArgumentNullException" storage="c:\projetos\ta\ta\source\ta.domain.test\bin\debug\ta.domain.test.dll" id="507bc400-aa75-5aaa-316e-b37eb9fc39ea">
      <Execution id="45bec507-2579-4804-bbfb-c0a28884369a" />
      <TestMethod codeBase="C:/projetos/ta/TA/Source/TA.Domain.Test/bin/Debug/TA.Domain.Test.DLL" adapterTypeName="Microsoft.VisualStudio.TestTools.TestTypes.Unit.UnitTestAdapter, Microsoft.VisualStudio.QualityTools.Tips.UnitTest.Adapter, Version=10.0.0.0, Culture=neutral, PublicKeyToken=b03f5f7f11d50a3a" className="TA.Domain.Test.Service.ServicoAnuncioTest, TA.Domain.Test, Version=1.0.0.0, Culture=neutral, PublicKeyToken=null" name="Excluir_Anuncio_Nulo_Dispara_ArgumentNullException" />
    </UnitTest>
    <UnitTest name="Excluir_Anuncio_Valido_Chama_Servico_Excluir_Automovel_Repositorio_Excluir" storage="c:\projetos\ta\ta\source\ta.domain.test\bin\debug\ta.domain.test.dll" id="cad04694-1e02-8d29-bfd2-6e0aeb9a106a">
      <Execution id="a5441916-f9aa-4747-a702-56734cffd0e2" />
      <TestMethod codeBase="C:/projetos/ta/TA/Source/TA.Domain.Test/bin/Debug/TA.Domain.Test.DLL" adapterTypeName="Microsoft.VisualStudio.TestTools.TestTypes.Unit.UnitTestAdapter, Microsoft.VisualStudio.QualityTools.Tips.UnitTest.Adapter, Version=10.0.0.0, Culture=neutral, PublicKeyToken=b03f5f7f11d50a3a" className="TA.Domain.Test.Service.ServicoAnuncioTest, TA.Domain.Test, Version=1.0.0.0, Culture=neutral, PublicKeyToken=null" name="Excluir_Anuncio_Valido_Chama_Servico_Excluir_Automovel_Repositorio_Excluir" />
    </UnitTest>
    <UnitTest name="ObterAnunciosAguardandoAprovacao_Chama_Repositorio" storage="c:\projetos\ta\ta\source\ta.domain.test\bin\debug\ta.domain.test.dll" id="9c6a0f53-2c17-8b82-a405-7f606c6cb3c7">
      <Execution id="51c9b2a9-6fd5-4a12-8102-0f9d7b113bed" />
      <TestMethod codeBase="C:/projetos/ta/TA/Source/TA.Domain.Test/bin/Debug/TA.Domain.Test.DLL" adapterTypeName="Microsoft.VisualStudio.TestTools.TestTypes.Unit.UnitTestAdapter, Microsoft.VisualStudio.QualityTools.Tips.UnitTest.Adapter, Version=10.0.0.0, Culture=neutral, PublicKeyToken=b03f5f7f11d50a3a" className="TA.Domain.Test.Service.ServicoAnuncioTest, TA.Domain.Test, Version=1.0.0.0, Culture=neutral, PublicKeyToken=null" name="ObterAnunciosAguardandoAprovacao_Chama_Repositorio" />
    </UnitTest>
    <UnitTest name="AprovarAnuncios_Anuncio_Valido_Chama_Atualizar_Automovel_Chama_Repositorio" storage="c:\projetos\ta\ta\source\ta.domain.test\bin\debug\ta.domain.test.dll" id="ea9dfc70-6011-3821-52f7-17cda4c753fe">
      <Execution id="14fc8e81-64d3-418c-9207-936268a0666c" />
      <TestMethod codeBase="C:/projetos/ta/TA/Source/TA.Domain.Test/bin/Debug/TA.Domain.Test.DLL" adapterTypeName="Microsoft.VisualStudio.TestTools.TestTypes.Unit.UnitTestAdapter, Microsoft.VisualStudio.QualityTools.Tips.UnitTest.Adapter, Version=10.0.0.0, Culture=neutral, PublicKeyToken=b03f5f7f11d50a3a" className="TA.Domain.Test.Service.ServicoAnuncioTest, TA.Domain.Test, Version=1.0.0.0, Culture=neutral, PublicKeyToken=null" name="AprovarAnuncios_Anuncio_Valido_Chama_Atualizar_Automovel_Chama_Repositorio" />
    </UnitTest>
    <UnitTest name="ObterAnunciosDoAnunciante_Anunciante_Valido_Chama_Repositorio" storage="c:\projetos\ta\ta\source\ta.domain.test\bin\debug\ta.domain.test.dll" id="bfa89df2-b89a-55b8-01e4-8fdadba0ffbe">
      <Execution id="c031d246-d393-4576-936d-a410de48dc8b" />
      <TestMethod codeBase="C:/projetos/ta/TA/Source/TA.Domain.Test/bin/Debug/TA.Domain.Test.DLL" adapterTypeName="Microsoft.VisualStudio.TestTools.TestTypes.Unit.UnitTestAdapter, Microsoft.VisualStudio.QualityTools.Tips.UnitTest.Adapter, Version=10.0.0.0, Culture=neutral, PublicKeyToken=b03f5f7f11d50a3a" className="TA.Domain.Test.Service.ServicoAnuncioTest, TA.Domain.Test, Version=1.0.0.0, Culture=neutral, PublicKeyToken=null" name="ObterAnunciosDoAnunciante_Anunciante_Valido_Chama_Repositorio" />
    </UnitTest>
    <UnitTest name="ObterAnunciosPagosMaisVisitados_Chama_Repositorio" storage="c:\projetos\ta\ta\source\ta.domain.test\bin\debug\ta.domain.test.dll" id="52ef7ad3-9970-2eb4-bb5a-9b5a886a91c8">
      <Execution id="635979c5-0ad6-43de-bf41-f3d378a89ee4" />
      <TestMethod codeBase="C:/projetos/ta/TA/Source/TA.Domain.Test/bin/Debug/TA.Domain.Test.DLL" adapterTypeName="Microsoft.VisualStudio.TestTools.TestTypes.Unit.UnitTestAdapter, Microsoft.VisualStudio.QualityTools.Tips.UnitTest.Adapter, Version=10.0.0.0, Culture=neutral, PublicKeyToken=b03f5f7f11d50a3a" className="TA.Domain.Test.Service.ServicoAnuncioTest, TA.Domain.Test, Version=1.0.0.0, Culture=neutral, PublicKeyToken=null" name="ObterAnunciosPagosMaisVisitados_Chama_Repositorio" />
    </UnitTest>
    <UnitTest name="Atualizar_Anuncio_Valido_Chama_Servico_Atualizar_Automovel_Repositorio_Atualizar" storage="c:\projetos\ta\ta\source\ta.domain.test\bin\debug\ta.domain.test.dll" id="f132b02f-2c02-0d4a-f583-b0982ad3f9ed">
      <Execution id="5e8e3e5b-cdbe-4c47-b77a-0d7d30ccb862" />
      <TestMethod codeBase="C:/projetos/ta/TA/Source/TA.Domain.Test/bin/Debug/TA.Domain.Test.DLL" adapterTypeName="Microsoft.VisualStudio.TestTools.TestTypes.Unit.UnitTestAdapter, Microsoft.VisualStudio.QualityTools.Tips.UnitTest.Adapter, Version=10.0.0.0, Culture=neutral, PublicKeyToken=b03f5f7f11d50a3a" className="TA.Domain.Test.Service.ServicoAnuncioTest, TA.Domain.Test, Version=1.0.0.0, Culture=neutral, PublicKeyToken=null" name="Atualizar_Anuncio_Valido_Chama_Servico_Atualizar_Automovel_Repositorio_Atualizar" />
    </UnitTest>
    <UnitTest name="ReprovarAnuncio_Anuncio_Nulo_Dispara_ArgumentNullException" storage="c:\projetos\ta\ta\source\ta.domain.test\bin\debug\ta.domain.test.dll" id="0837304d-2f65-a4ab-d7e4-9f233dfdfcd5">
      <Execution id="d912ab8f-31ca-4447-9fce-9d3b95b6a64a" />
      <TestMethod codeBase="C:/projetos/ta/TA/Source/TA.Domain.Test/bin/Debug/TA.Domain.Test.DLL" adapterTypeName="Microsoft.VisualStudio.TestTools.TestTypes.Unit.UnitTestAdapter, Microsoft.VisualStudio.QualityTools.Tips.UnitTest.Adapter, Version=10.0.0.0, Culture=neutral, PublicKeyToken=b03f5f7f11d50a3a" className="TA.Domain.Test.Service.ServicoAnuncioTest, TA.Domain.Test, Version=1.0.0.0, Culture=neutral, PublicKeyToken=null" name="ReprovarAnuncio_Anuncio_Nulo_Dispara_ArgumentNullException" />
    </UnitTest>
    <UnitTest name="Anunciar_Automovel_Do_Anuncio_Nulo_Dispara_ArgumentNullException" storage="c:\projetos\ta\ta\source\ta.domain.test\bin\debug\ta.domain.test.dll" id="390bbc68-48f5-2f65-9c12-e0d36ebebd78">
      <Execution id="bed80622-bd88-4555-9de6-0dba75ee0c31" />
      <TestMethod codeBase="C:/projetos/ta/TA/Source/TA.Domain.Test/bin/Debug/TA.Domain.Test.DLL" adapterTypeName="Microsoft.VisualStudio.TestTools.TestTypes.Unit.UnitTestAdapter, Microsoft.VisualStudio.QualityTools.Tips.UnitTest.Adapter, Version=10.0.0.0, Culture=neutral, PublicKeyToken=b03f5f7f11d50a3a" className="TA.Domain.Test.Service.ServicoAnuncioTest, TA.Domain.Test, Version=1.0.0.0, Culture=neutral, PublicKeyToken=null" name="Anunciar_Automovel_Do_Anuncio_Nulo_Dispara_ArgumentNullException" />
    </UnitTest>
    <UnitTest name="AprovarAnuncios_Anuncios_Nulo_Dispara_ArgumentNullException" storage="c:\projetos\ta\ta\source\ta.domain.test\bin\debug\ta.domain.test.dll" id="ed6c7bd4-5abf-1fa1-b6a1-d0821f49322b">
      <Execution id="b8f36eaf-701c-463f-8f3a-54207b799f40" />
      <TestMethod codeBase="C:/projetos/ta/TA/Source/TA.Domain.Test/bin/Debug/TA.Domain.Test.DLL" adapterTypeName="Microsoft.VisualStudio.TestTools.TestTypes.Unit.UnitTestAdapter, Microsoft.VisualStudio.QualityTools.Tips.UnitTest.Adapter, Version=10.0.0.0, Culture=neutral, PublicKeyToken=b03f5f7f11d50a3a" className="TA.Domain.Test.Service.ServicoAnuncioTest, TA.Domain.Test, Version=1.0.0.0, Culture=neutral, PublicKeyToken=null" name="AprovarAnuncios_Anuncios_Nulo_Dispara_ArgumentNullException" />
    </UnitTest>
    <UnitTest name="Anunciar_Anuncio_Valido_Chama_Servico_Incluir_Anunciante_Automovel_DataAnuncio_Atual_Status_AguardandoAprovacao" storage="c:\projetos\ta\ta\source\ta.domain.test\bin\debug\ta.domain.test.dll" id="18397db8-d02f-301c-3828-e90c3b345068">
      <Execution id="86d36eb7-ebec-4b29-ba2f-4dc5b4bababd" />
      <TestMethod codeBase="C:/projetos/ta/TA/Source/TA.Domain.Test/bin/Debug/TA.Domain.Test.DLL" adapterTypeName="Microsoft.VisualStudio.TestTools.TestTypes.Unit.UnitTestAdapter, Microsoft.VisualStudio.QualityTools.Tips.UnitTest.Adapter, Version=10.0.0.0, Culture=neutral, PublicKeyToken=b03f5f7f11d50a3a" className="TA.Domain.Test.Service.ServicoAnuncioTest, TA.Domain.Test, Version=1.0.0.0, Culture=neutral, PublicKeyToken=null" name="Anunciar_Anuncio_Valido_Chama_Servico_Incluir_Anunciante_Automovel_DataAnuncio_Atual_Status_AguardandoAprovacao" />
    </UnitTest>
    <UnitTest name="Atualizar_Anuncio_Invalido_Dispara_Exception_4_Erros" storage="c:\projetos\ta\ta\source\ta.domain.test\bin\debug\ta.domain.test.dll" id="40efc9ba-5b03-79ea-19e2-a4099dd3d245">
      <Execution id="b9cfc71d-e99e-4cbb-b357-635509f8605b" />
      <TestMethod codeBase="C:/projetos/ta/TA/Source/TA.Domain.Test/bin/Debug/TA.Domain.Test.DLL" adapterTypeName="Microsoft.VisualStudio.TestTools.TestTypes.Unit.UnitTestAdapter, Microsoft.VisualStudio.QualityTools.Tips.UnitTest.Adapter, Version=10.0.0.0, Culture=neutral, PublicKeyToken=b03f5f7f11d50a3a" className="TA.Domain.Test.Service.ServicoAnuncioTest, TA.Domain.Test, Version=1.0.0.0, Culture=neutral, PublicKeyToken=null" name="Atualizar_Anuncio_Invalido_Dispara_Exception_4_Erros" />
    </UnitTest>
    <UnitTest name="ObterAnunciosPagosRecentes_Chama_Repositorio" storage="c:\projetos\ta\ta\source\ta.domain.test\bin\debug\ta.domain.test.dll" id="f63adf85-9dbb-ac1d-3feb-25c3b3f2dcbb">
      <Execution id="d7cf4b08-42d5-4963-a511-cf1272a0c84d" />
      <TestMethod codeBase="C:/projetos/ta/TA/Source/TA.Domain.Test/bin/Debug/TA.Domain.Test.DLL" adapterTypeName="Microsoft.VisualStudio.TestTools.TestTypes.Unit.UnitTestAdapter, Microsoft.VisualStudio.QualityTools.Tips.UnitTest.Adapter, Version=10.0.0.0, Culture=neutral, PublicKeyToken=b03f5f7f11d50a3a" className="TA.Domain.Test.Service.ServicoAnuncioTest, TA.Domain.Test, Version=1.0.0.0, Culture=neutral, PublicKeyToken=null" name="ObterAnunciosPagosRecentes_Chama_Repositorio" />
    </UnitTest>
    <UnitTest name="Atualizar_Automovel_Do_Anuncio_Nulo_Dispara_ArgumentNullException" storage="c:\projetos\ta\ta\source\ta.domain.test\bin\debug\ta.domain.test.dll" id="20cd389a-6553-d208-12b3-2bd9c2907e57">
      <Execution id="6f7aeb3d-e1f4-41d1-b494-43704ba0a1fe" />
      <TestMethod codeBase="C:/projetos/ta/TA/Source/TA.Domain.Test/bin/Debug/TA.Domain.Test.DLL" adapterTypeName="Microsoft.VisualStudio.TestTools.TestTypes.Unit.UnitTestAdapter, Microsoft.VisualStudio.QualityTools.Tips.UnitTest.Adapter, Version=10.0.0.0, Culture=neutral, PublicKeyToken=b03f5f7f11d50a3a" className="TA.Domain.Test.Service.ServicoAnuncioTest, TA.Domain.Test, Version=1.0.0.0, Culture=neutral, PublicKeyToken=null" name="Atualizar_Automovel_Do_Anuncio_Nulo_Dispara_ArgumentNullException" />
    </UnitTest>
    <UnitTest name="ObterAnuncioPorId_IdAnuncio_Invalido_Retorna_Nulo_Chama_Repositorio_ObterAnuncioPorId" storage="c:\projetos\ta\ta\source\ta.domain.test\bin\debug\ta.domain.test.dll" id="2c02e664-5ddb-cb9e-a810-363235a122e5">
      <Execution id="f5f4b91b-a13c-459b-a0e4-18b29ae19102" />
      <TestMethod codeBase="C:/projetos/ta/TA/Source/TA.Domain.Test/bin/Debug/TA.Domain.Test.DLL" adapterTypeName="Microsoft.VisualStudio.TestTools.TestTypes.Unit.UnitTestAdapter, Microsoft.VisualStudio.QualityTools.Tips.UnitTest.Adapter, Version=10.0.0.0, Culture=neutral, PublicKeyToken=b03f5f7f11d50a3a" className="TA.Domain.Test.Service.ServicoAnuncioTest, TA.Domain.Test, Version=1.0.0.0, Culture=neutral, PublicKeyToken=null" name="ObterAnuncioPorId_IdAnuncio_Invalido_Retorna_Nulo_Chama_Repositorio_ObterAnuncioPorId" />
    </UnitTest>
  </TestDefinitions>
  <TestLists>
    <TestList name="Results Not in a List" id="8c84fa94-04c1-424b-9868-57a2d4851a1d" />
    <TestList name="All Loaded Results" id="19431567-8539-422a-85d7-44ee4e166bda" />
  </TestLists>
  <TestEntries>
    <TestEntry testId="035f9c4d-73ce-6334-978c-a1b53f569549" executionId="b161283a-c2f5-472c-9de3-0e4e8140b2d8" testListId="8c84fa94-04c1-424b-9868-57a2d4851a1d" />
    <TestEntry testId="0837304d-2f65-a4ab-d7e4-9f233dfdfcd5" executionId="d912ab8f-31ca-4447-9fce-9d3b95b6a64a" testListId="8c84fa94-04c1-424b-9868-57a2d4851a1d" />
    <TestEntry testId="1050d318-6269-40d8-a181-09fce85cf5fd" executionId="7d1e14ef-5bb7-4703-b868-0ca74017a68a" testListId="8c84fa94-04c1-424b-9868-57a2d4851a1d" />
    <TestEntry testId="18397db8-d02f-301c-3828-e90c3b345068" executionId="86d36eb7-ebec-4b29-ba2f-4dc5b4bababd" testListId="8c84fa94-04c1-424b-9868-57a2d4851a1d" />
    <TestEntry testId="1e22ce60-591d-b987-2540-678ed78d9983" executionId="61df3d86-28f9-427a-a6e0-8492605a9c8f" testListId="8c84fa94-04c1-424b-9868-57a2d4851a1d" />
    <TestEntry testId="1f672b39-1806-9c26-6eda-a31d7ae11955" executionId="7716565a-432e-4e82-a014-c990ddd95a10" testListId="8c84fa94-04c1-424b-9868-57a2d4851a1d" />
    <TestEntry testId="2035db37-84cf-1aa6-fac6-f9b8dcd4dbbc" executionId="796ace7e-7504-4ae6-8641-e5b642340043" testListId="8c84fa94-04c1-424b-9868-57a2d4851a1d" />
    <TestEntry testId="20cd389a-6553-d208-12b3-2bd9c2907e57" executionId="6f7aeb3d-e1f4-41d1-b494-43704ba0a1fe" testListId="8c84fa94-04c1-424b-9868-57a2d4851a1d" />
    <TestEntry testId="2c02e664-5ddb-cb9e-a810-363235a122e5" executionId="f5f4b91b-a13c-459b-a0e4-18b29ae19102" testListId="8c84fa94-04c1-424b-9868-57a2d4851a1d" />
    <TestEntry testId="390bbc68-48f5-2f65-9c12-e0d36ebebd78" executionId="bed80622-bd88-4555-9de6-0dba75ee0c31" testListId="8c84fa94-04c1-424b-9868-57a2d4851a1d" />
    <TestEntry testId="40efc9ba-5b03-79ea-19e2-a4099dd3d245" executionId="b9cfc71d-e99e-4cbb-b357-635509f8605b" testListId="8c84fa94-04c1-424b-9868-57a2d4851a1d" />
    <TestEntry testId="507bc400-aa75-5aaa-316e-b37eb9fc39ea" executionId="45bec507-2579-4804-bbfb-c0a28884369a" testListId="8c84fa94-04c1-424b-9868-57a2d4851a1d" />
    <TestEntry testId="52ef7ad3-9970-2eb4-bb5a-9b5a886a91c8" executionId="635979c5-0ad6-43de-bf41-f3d378a89ee4" testListId="8c84fa94-04c1-424b-9868-57a2d4851a1d" />
    <TestEntry testId="558c8582-095e-bfb9-2f53-2062c3289000" executionId="953d4da5-6a6a-484c-a7f7-1105a27ee3e8" testListId="8c84fa94-04c1-424b-9868-57a2d4851a1d" />
    <TestEntry testId="6e7b0f4f-2497-cd94-9f27-6094ab263fc2" executionId="f71d7e05-1c42-47b7-96dc-1254dfc0e49e" testListId="8c84fa94-04c1-424b-9868-57a2d4851a1d" />
    <TestEntry testId="76e6d2ab-ab65-20c9-3112-22a9f7a90c63" executionId="f962d949-ad86-4aeb-91a6-7123c06e5805" testListId="8c84fa94-04c1-424b-9868-57a2d4851a1d" />
    <TestEntry testId="79d547cc-b0ed-3488-80d5-1657c757509c" executionId="a61710f5-4091-45ef-8db2-e59a01ab6db2" testListId="8c84fa94-04c1-424b-9868-57a2d4851a1d" />
    <TestEntry testId="97229911-b796-dad0-d98d-d029c5aeaddb" executionId="738adc3d-a16c-4403-b5d1-1a2fd6e586a4" testListId="8c84fa94-04c1-424b-9868-57a2d4851a1d" />
    <TestEntry testId="9c6a0f53-2c17-8b82-a405-7f606c6cb3c7" executionId="51c9b2a9-6fd5-4a12-8102-0f9d7b113bed" testListId="8c84fa94-04c1-424b-9868-57a2d4851a1d" />
    <TestEntry testId="bfa89df2-b89a-55b8-01e4-8fdadba0ffbe" executionId="c031d246-d393-4576-936d-a410de48dc8b" testListId="8c84fa94-04c1-424b-9868-57a2d4851a1d" />
    <TestEntry testId="c13275dc-57fc-17ff-ff62-230946f7fbb0" executionId="c230472d-9e85-470f-aaa7-97d96366724b" testListId="8c84fa94-04c1-424b-9868-57a2d4851a1d" />
    <TestEntry testId="cad04694-1e02-8d29-bfd2-6e0aeb9a106a" executionId="a5441916-f9aa-4747-a702-56734cffd0e2" testListId="8c84fa94-04c1-424b-9868-57a2d4851a1d" />
    <TestEntry testId="ea9dfc70-6011-3821-52f7-17cda4c753fe" executionId="14fc8e81-64d3-418c-9207-936268a0666c" testListId="8c84fa94-04c1-424b-9868-57a2d4851a1d" />
    <TestEntry testId="ed6c7bd4-5abf-1fa1-b6a1-d0821f49322b" executionId="b8f36eaf-701c-463f-8f3a-54207b799f40" testListId="8c84fa94-04c1-424b-9868-57a2d4851a1d" />
    <TestEntry testId="f132b02f-2c02-0d4a-f583-b0982ad3f9ed" executionId="5e8e3e5b-cdbe-4c47-b77a-0d7d30ccb862" testListId="8c84fa94-04c1-424b-9868-57a2d4851a1d" />
    <TestEntry testId="f521203a-e787-a35b-6759-279fbed2b725" executionId="20e0ca17-ea21-4da4-9b50-e6cd5e50f762" testListId="8c84fa94-04c1-424b-9868-57a2d4851a1d" />
    <TestEntry testId="f63adf85-9dbb-ac1d-3feb-25c3b3f2dcbb" executionId="d7cf4b08-42d5-4963-a511-cf1272a0c84d" testListId="8c84fa94-04c1-424b-9868-57a2d4851a1d" />
    <TestEntry testId="f7ada927-d569-b846-f404-de99ea993981" executionId="66a271cf-040e-465f-9ba8-dca2eaccddd1" testListId="8c84fa94-04c1-424b-9868-57a2d4851a1d" />
  </TestEntries>
  <Results>
    <UnitTestResult executionId="b161283a-c2f5-472c-9de3-0e4e8140b2d8" testId="035f9c4d-73ce-6334-978c-a1b53f569549" testName="ObterAnunciosDoAnunciante_Anunciante_Nulo_Dispara_AgumentNullException" computerName="BRUNO-PC" duration="00:00:00.2209371" startTime="2012-02-14T11:10:14.7118908-02:00" endTime="2012-02-14T11:10:15.2890919-02:00" testType="13cdc9d9-ddb5-4fa4-a97d-d965ccfc6d4b" outcome="Passed" testListId="8c84fa94-04c1-424b-9868-57a2d4851a1d" relativeResultsDirectory="b161283a-c2f5-472c-9de3-0e4e8140b2d8">
    </UnitTestResult>
    <UnitTestResult executionId="d912ab8f-31ca-4447-9fce-9d3b95b6a64a" testId="0837304d-2f65-a4ab-d7e4-9f233dfdfcd5" testName="ReprovarAnuncio_Anuncio_Nulo_Dispara_ArgumentNullException" computerName="BRUNO-PC" duration="00:00:00.0008145" startTime="2012-02-14T11:10:15.3046919-02:00" endTime="2012-02-14T11:10:15.3046919-02:00" testType="13cdc9d9-ddb5-4fa4-a97d-d965ccfc6d4b" outcome="Passed" testListId="8c84fa94-04c1-424b-9868-57a2d4851a1d" relativeResultsDirectory="d912ab8f-31ca-4447-9fce-9d3b95b6a64a">
    </UnitTestResult>
    <UnitTestResult executionId="7d1e14ef-5bb7-4703-b868-0ca74017a68a" testId="1050d318-6269-40d8-a181-09fce85cf5fd" testName="ReprovarAnuncios_Anuncio_Valido_Chama_Atualizar_Automovel_Chama_Repositorio" computerName="BRUNO-PC" duration="00:00:00.0428566" startTime="2012-02-14T11:10:15.3046919-02:00" endTime="2012-02-14T11:10:15.3514920-02:00" testType="13cdc9d9-ddb5-4fa4-a97d-d965ccfc6d4b" outcome="Passed" testListId="8c84fa94-04c1-424b-9868-57a2d4851a1d" relativeResultsDirectory="7d1e14ef-5bb7-4703-b868-0ca74017a68a">
    </UnitTestResult>
    <UnitTestResult executionId="86d36eb7-ebec-4b29-ba2f-4dc5b4bababd" testId="18397db8-d02f-301c-3828-e90c3b345068" testName="Anunciar_Anuncio_Valido_Chama_Servico_Incluir_Anunciante_Automovel_DataAnuncio_Atual_Status_AguardandoAprovacao" computerName="BRUNO-PC" duration="00:00:00.0080741" startTime="2012-02-14T11:10:15.3670920-02:00" endTime="2012-02-14T11:10:15.3826920-02:00" testType="13cdc9d9-ddb5-4fa4-a97d-d965ccfc6d4b" outcome="Passed" testListId="8c84fa94-04c1-424b-9868-57a2d4851a1d" relativeResultsDirectory="86d36eb7-ebec-4b29-ba2f-4dc5b4bababd">
    </UnitTestResult>
    <UnitTestResult executionId="61df3d86-28f9-427a-a6e0-8492605a9c8f" testId="1e22ce60-591d-b987-2540-678ed78d9983" testName="AprovarAnuncio_Anuncio_Nulo_Dispara_ArgumentNullException" computerName="BRUNO-PC" duration="00:00:00.0007678" startTime="2012-02-14T11:10:15.3826920-02:00" endTime="2012-02-14T11:10:15.3982920-02:00" testType="13cdc9d9-ddb5-4fa4-a97d-d965ccfc6d4b" outcome="Passed" testListId="8c84fa94-04c1-424b-9868-57a2d4851a1d" relativeResultsDirectory="61df3d86-28f9-427a-a6e0-8492605a9c8f">
    </UnitTestResult>
    <UnitTestResult executionId="7716565a-432e-4e82-a014-c990ddd95a10" testId="1f672b39-1806-9c26-6eda-a31d7ae11955" testName="Atualizar_Anuncio_Nulo_Dispara_ArgumentNullException" computerName="BRUNO-PC" duration="00:00:00.0006220" startTime="2012-02-14T11:10:15.3982920-02:00" endTime="2012-02-14T11:10:15.3982920-02:00" testType="13cdc9d9-ddb5-4fa4-a97d-d965ccfc6d4b" outcome="Passed" testListId="8c84fa94-04c1-424b-9868-57a2d4851a1d" relativeResultsDirectory="7716565a-432e-4e82-a014-c990ddd95a10">
    </UnitTestResult>
    <UnitTestResult executionId="796ace7e-7504-4ae6-8641-e5b642340043" testId="2035db37-84cf-1aa6-fac6-f9b8dcd4dbbc" testName="Anunciar_Plano_Do_Anuncio_Nulo_Dispara_ArgumentNullException" computerName="BRUNO-PC" duration="00:00:00.0006379" startTime="2012-02-14T11:10:15.3982920-02:00" endTime="2012-02-14T11:10:15.4138921-02:00" testType="13cdc9d9-ddb5-4fa4-a97d-d965ccfc6d4b" outcome="Passed" testListId="8c84fa94-04c1-424b-9868-57a2d4851a1d" relativeResultsDirectory="796ace7e-7504-4ae6-8641-e5b642340043">
    </UnitTestResult>
    <UnitTestResult executionId="6f7aeb3d-e1f4-41d1-b494-43704ba0a1fe" testId="20cd389a-6553-d208-12b3-2bd9c2907e57" testName="Atualizar_Automovel_Do_Anuncio_Nulo_Dispara_ArgumentNullException" computerName="BRUNO-PC" duration="00:00:00.0006282" startTime="2012-02-14T11:10:15.4138921-02:00" endTime="2012-02-14T11:10:15.4294921-02:00" testType="13cdc9d9-ddb5-4fa4-a97d-d965ccfc6d4b" outcome="Passed" testListId="8c84fa94-04c1-424b-9868-57a2d4851a1d" relativeResultsDirectory="6f7aeb3d-e1f4-41d1-b494-43704ba0a1fe">
    </UnitTestResult>
    <UnitTestResult executionId="f5f4b91b-a13c-459b-a0e4-18b29ae19102" testId="2c02e664-5ddb-cb9e-a810-363235a122e5" testName="ObterAnuncioPorId_IdAnuncio_Invalido_Retorna_Nulo_Chama_Repositorio_ObterAnuncioPorId" computerName="BRUNO-PC" duration="00:00:00.0421878" startTime="2012-02-14T11:10:15.4294921-02:00" endTime="2012-02-14T11:10:15.4762922-02:00" testType="13cdc9d9-ddb5-4fa4-a97d-d965ccfc6d4b" outcome="Passed" testListId="8c84fa94-04c1-424b-9868-57a2d4851a1d" relativeResultsDirectory="f5f4b91b-a13c-459b-a0e4-18b29ae19102">
    </UnitTestResult>
    <UnitTestResult executionId="bed80622-bd88-4555-9de6-0dba75ee0c31" testId="390bbc68-48f5-2f65-9c12-e0d36ebebd78" testName="Anunciar_Automovel_Do_Anuncio_Nulo_Dispara_ArgumentNullException" computerName="BRUNO-PC" duration="00:00:00.0006338" startTime="2012-02-14T11:10:15.4762922-02:00" endTime="2012-02-14T11:10:15.4918922-02:00" testType="13cdc9d9-ddb5-4fa4-a97d-d965ccfc6d4b" outcome="Passed" testListId="8c84fa94-04c1-424b-9868-57a2d4851a1d" relativeResultsDirectory="bed80622-bd88-4555-9de6-0dba75ee0c31">
    </UnitTestResult>
    <UnitTestResult executionId="b9cfc71d-e99e-4cbb-b357-635509f8605b" testId="40efc9ba-5b03-79ea-19e2-a4099dd3d245" testName="Atualizar_Anuncio_Invalido_Dispara_Exception_4_Erros" computerName="BRUNO-PC" duration="00:00:00.0012195" startTime="2012-02-14T11:10:15.4918922-02:00" endTime="2012-02-14T11:10:15.4918922-02:00" testType="13cdc9d9-ddb5-4fa4-a97d-d965ccfc6d4b" outcome="Passed" testListId="8c84fa94-04c1-424b-9868-57a2d4851a1d" relativeResultsDirectory="b9cfc71d-e99e-4cbb-b357-635509f8605b">
    </UnitTestResult>
    <UnitTestResult executionId="45bec507-2579-4804-bbfb-c0a28884369a" testId="507bc400-aa75-5aaa-316e-b37eb9fc39ea" testName="Excluir_Anuncio_Nulo_Dispara_ArgumentNullException" computerName="BRUNO-PC" duration="00:00:00.0007817" startTime="2012-02-14T11:10:15.5074922-02:00" endTime="2012-02-14T11:10:15.5074922-02:00" testType="13cdc9d9-ddb5-4fa4-a97d-d965ccfc6d4b" outcome="Passed" testListId="8c84fa94-04c1-424b-9868-57a2d4851a1d" relativeResultsDirectory="45bec507-2579-4804-bbfb-c0a28884369a">
    </UnitTestResult>
    <UnitTestResult executionId="635979c5-0ad6-43de-bf41-f3d378a89ee4" testId="52ef7ad3-9970-2eb4-bb5a-9b5a886a91c8" testName="ObterAnunciosPagosMaisVisitados_Chama_Repositorio" computerName="BRUNO-PC" duration="00:00:00.0029877" startTime="2012-02-14T11:10:15.5074922-02:00" endTime="2012-02-14T11:10:15.5230923-02:00" testType="13cdc9d9-ddb5-4fa4-a97d-d965ccfc6d4b" outcome="Passed" testListId="8c84fa94-04c1-424b-9868-57a2d4851a1d" relativeResultsDirectory="635979c5-0ad6-43de-bf41-f3d378a89ee4">
    </UnitTestResult>
    <UnitTestResult executionId="953d4da5-6a6a-484c-a7f7-1105a27ee3e8" testId="558c8582-095e-bfb9-2f53-2062c3289000" testName="ObterAnuncioPorId_IdAnuncio_Valido_Retorna_Anuncio_Chama_Repositorio_ObterAnuncioPorId" computerName="BRUNO-PC" duration="00:00:00.0077328" startTime="2012-02-14T11:10:15.5230923-02:00" endTime="2012-02-14T11:10:15.5386923-02:00" testType="13cdc9d9-ddb5-4fa4-a97d-d965ccfc6d4b" outcome="Passed" testListId="8c84fa94-04c1-424b-9868-57a2d4851a1d" relativeResultsDirectory="953d4da5-6a6a-484c-a7f7-1105a27ee3e8">
    </UnitTestResult>
    <UnitTestResult executionId="f71d7e05-1c42-47b7-96dc-1254dfc0e49e" testId="6e7b0f4f-2497-cd94-9f27-6094ab263fc2" testName="Atualizar_Plano_Do_Anuncio_Nulo_Dispara_ArgumentNullException" computerName="BRUNO-PC" duration="00:00:00.0007565" startTime="2012-02-14T11:10:15.5386923-02:00" endTime="2012-02-14T11:10:15.5542923-02:00" testType="13cdc9d9-ddb5-4fa4-a97d-d965ccfc6d4b" outcome="Passed" testListId="8c84fa94-04c1-424b-9868-57a2d4851a1d" relativeResultsDirectory="f71d7e05-1c42-47b7-96dc-1254dfc0e49e">
    </UnitTestResult>
    <UnitTestResult executionId="f962d949-ad86-4aeb-91a6-7123c06e5805" testId="76e6d2ab-ab65-20c9-3112-22a9f7a90c63" testName="ReprovarAnuncios_Anuncios_Nulo_Dispara_ArgumentNullException" computerName="BRUNO-PC" duration="00:00:00.0005969" startTime="2012-02-14T11:10:15.5542923-02:00" endTime="2012-02-14T11:10:15.5698923-02:00" testType="13cdc9d9-ddb5-4fa4-a97d-d965ccfc6d4b" outcome="Passed" testListId="8c84fa94-04c1-424b-9868-57a2d4851a1d" relativeResultsDirectory="f962d949-ad86-4aeb-91a6-7123c06e5805">
    </UnitTestResult>
    <UnitTestResult executionId="a61710f5-4091-45ef-8db2-e59a01ab6db2" testId="79d547cc-b0ed-3488-80d5-1657c757509c" testName="Anunciar_Anuncio_Nulo_Dispara_ArgumentNullException" computerName="BRUNO-PC" duration="00:00:00.0008361" startTime="2012-02-14T11:10:15.5698923-02:00" endTime="2012-02-14T11:10:15.5854924-02:00" testType="13cdc9d9-ddb5-4fa4-a97d-d965ccfc6d4b" outcome="Passed" testListId="8c84fa94-04c1-424b-9868-57a2d4851a1d" relativeResultsDirectory="a61710f5-4091-45ef-8db2-e59a01ab6db2">
    </UnitTestResult>
    <UnitTestResult executionId="738adc3d-a16c-4403-b5d1-1a2fd6e586a4" testId="97229911-b796-dad0-d98d-d029c5aeaddb" testName="ReprovarAnuncio_Anuncio_Valido_Chama_Atualizar_Automovel_Chama_Repositorio" computerName="BRUNO-PC" duration="00:00:00.0057665" startTime="2012-02-14T11:10:15.5854924-02:00" endTime="2012-02-14T11:10:15.6010924-02:00" testType="13cdc9d9-ddb5-4fa4-a97d-d965ccfc6d4b" outcome="Passed" testListId="8c84fa94-04c1-424b-9868-57a2d4851a1d" relativeResultsDirectory="738adc3d-a16c-4403-b5d1-1a2fd6e586a4">
    </UnitTestResult>
    <UnitTestResult executionId="51c9b2a9-6fd5-4a12-8102-0f9d7b113bed" testId="9c6a0f53-2c17-8b82-a405-7f606c6cb3c7" testName="ObterAnunciosAguardandoAprovacao_Chama_Repositorio" computerName="BRUNO-PC" duration="00:00:00.0027680" startTime="2012-02-14T11:10:15.6010924-02:00" endTime="2012-02-14T11:10:15.6166924-02:00" testType="13cdc9d9-ddb5-4fa4-a97d-d965ccfc6d4b" outcome="Passed" testListId="8c84fa94-04c1-424b-9868-57a2d4851a1d" relativeResultsDirectory="51c9b2a9-6fd5-4a12-8102-0f9d7b113bed">
    </UnitTestResult>
    <UnitTestResult executionId="c031d246-d393-4576-936d-a410de48dc8b" testId="bfa89df2-b89a-55b8-01e4-8fdadba0ffbe" testName="ObterAnunciosDoAnunciante_Anunciante_Valido_Chama_Repositorio" computerName="BRUNO-PC" duration="00:00:00.0077297" startTime="2012-02-14T11:10:15.6322925-02:00" endTime="2012-02-14T11:10:15.6478925-02:00" testType="13cdc9d9-ddb5-4fa4-a97d-d965ccfc6d4b" outcome="Passed" testListId="8c84fa94-04c1-424b-9868-57a2d4851a1d" relativeResultsDirectory="c031d246-d393-4576-936d-a410de48dc8b">
    </UnitTestResult>
    <UnitTestResult executionId="c230472d-9e85-470f-aaa7-97d96366724b" testId="c13275dc-57fc-17ff-ff62-230946f7fbb0" testName="Anunciar_Anuncio_Invalido_Dispara_Exception_4_Erros" computerName="BRUNO-PC" duration="00:00:00.0017877" startTime="2012-02-14T11:10:15.6790925-02:00" endTime="2012-02-14T11:10:15.6946926-02:00" testType="13cdc9d9-ddb5-4fa4-a97d-d965ccfc6d4b" outcome="Passed" testListId="8c84fa94-04c1-424b-9868-57a2d4851a1d" relativeResultsDirectory="c230472d-9e85-470f-aaa7-97d96366724b">
    </UnitTestResult>
    <UnitTestResult executionId="a5441916-f9aa-4747-a702-56734cffd0e2" testId="cad04694-1e02-8d29-bfd2-6e0aeb9a106a" testName="Excluir_Anuncio_Valido_Chama_Servico_Excluir_Automovel_Repositorio_Excluir" computerName="BRUNO-PC" duration="00:00:00.0069573" startTime="2012-02-14T11:10:15.6946926-02:00" endTime="2012-02-14T11:10:15.7102926-02:00" testType="13cdc9d9-ddb5-4fa4-a97d-d965ccfc6d4b" outcome="Passed" testListId="8c84fa94-04c1-424b-9868-57a2d4851a1d" relativeResultsDirectory="a5441916-f9aa-4747-a702-56734cffd0e2">
    </UnitTestResult>
    <UnitTestResult executionId="14fc8e81-64d3-418c-9207-936268a0666c" testId="ea9dfc70-6011-3821-52f7-17cda4c753fe" testName="AprovarAnuncios_Anuncio_Valido_Chama_Atualizar_Automovel_Chama_Repositorio" computerName="BRUNO-PC" duration="00:00:00.0060898" startTime="2012-02-14T11:10:15.7102926-02:00" endTime="2012-02-14T11:10:15.7258926-02:00" testType="13cdc9d9-ddb5-4fa4-a97d-d965ccfc6d4b" outcome="Passed" testListId="8c84fa94-04c1-424b-9868-57a2d4851a1d" relativeResultsDirectory="14fc8e81-64d3-418c-9207-936268a0666c">
    </UnitTestResult>
    <UnitTestResult executionId="b8f36eaf-701c-463f-8f3a-54207b799f40" testId="ed6c7bd4-5abf-1fa1-b6a1-d0821f49322b" testName="AprovarAnuncios_Anuncios_Nulo_Dispara_ArgumentNullException" computerName="BRUNO-PC" duration="00:00:00.0008997" startTime="2012-02-14T11:10:15.7414926-02:00" endTime="2012-02-14T11:10:15.7414926-02:00" testType="13cdc9d9-ddb5-4fa4-a97d-d965ccfc6d4b" outcome="Passed" testListId="8c84fa94-04c1-424b-9868-57a2d4851a1d" relativeResultsDirectory="b8f36eaf-701c-463f-8f3a-54207b799f40">
    </UnitTestResult>
    <UnitTestResult executionId="5e8e3e5b-cdbe-4c47-b77a-0d7d30ccb862" testId="f132b02f-2c02-0d4a-f583-b0982ad3f9ed" testName="Atualizar_Anuncio_Valido_Chama_Servico_Atualizar_Automovel_Repositorio_Atualizar" computerName="BRUNO-PC" duration="00:00:00.0054046" startTime="2012-02-14T11:10:15.7570927-02:00" endTime="2012-02-14T11:10:15.7726927-02:00" testType="13cdc9d9-ddb5-4fa4-a97d-d965ccfc6d4b" outcome="Passed" testListId="8c84fa94-04c1-424b-9868-57a2d4851a1d" relativeResultsDirectory="5e8e3e5b-cdbe-4c47-b77a-0d7d30ccb862">
    </UnitTestResult>
    <UnitTestResult executionId="20e0ca17-ea21-4da4-9b50-e6cd5e50f762" testId="f521203a-e787-a35b-6759-279fbed2b725" testName="AprovarAnuncio_Anuncio_Valido_Chama_Atualizar_Automovel_Chama_Repositorio" computerName="BRUNO-PC" duration="00:00:00.0035610" startTime="2012-02-14T11:10:15.7726927-02:00" endTime="2012-02-14T11:10:15.7882927-02:00" testType="13cdc9d9-ddb5-4fa4-a97d-d965ccfc6d4b" outcome="Passed" testListId="8c84fa94-04c1-424b-9868-57a2d4851a1d" relativeResultsDirectory="20e0ca17-ea21-4da4-9b50-e6cd5e50f762">
    </UnitTestResult>
    <UnitTestResult executionId="d7cf4b08-42d5-4963-a511-cf1272a0c84d" testId="f63adf85-9dbb-ac1d-3feb-25c3b3f2dcbb" testName="ObterAnunciosPagosRecentes_Chama_Repositorio" computerName="BRUNO-PC" duration="00:00:00.0015798" startTime="2012-02-14T11:10:15.7882927-02:00" endTime="2012-02-14T11:10:15.8038928-02:00" testType="13cdc9d9-ddb5-4fa4-a97d-d965ccfc6d4b" outcome="Passed" testListId="8c84fa94-04c1-424b-9868-57a2d4851a1d" relativeResultsDirectory="d7cf4b08-42d5-4963-a511-cf1272a0c84d">
    </UnitTestResult>
    <UnitTestResult executionId="66a271cf-040e-465f-9ba8-dca2eaccddd1" testId="f7ada927-d569-b846-f404-de99ea993981" testName="ObterAnunciosPagosEmDestaque_Chama_Repositorio" computerName="BRUNO-PC" duration="00:00:00.0015721" startTime="2012-02-14T11:10:15.8038928-02:00" endTime="2012-02-14T11:10:15.8038928-02:00" testType="13cdc9d9-ddb5-4fa4-a97d-d965ccfc6d4b" outcome="Passed" testListId="8c84fa94-04c1-424b-9868-57a2d4851a1d" relativeResultsDirectory="66a271cf-040e-465f-9ba8-dca2eaccddd1">
    </UnitTestResult>
  </Results>
</TestRun>