<?xml version="1.0" encoding="UTF-8"?>
<TestRun id="b7fb1dc1-b9e7-47c4-8a76-63f4cb695233" name="Bruno@BRUNO-PC 2012-01-31 11:59:16" runUser="Bruno-PC\Bruno" xmlns="http://microsoft.com/schemas/VisualStudio/TeamTest/2010">
  <TestSettings name="Local" id="ca88e069-f008-4408-aa18-24caa99d89f1">
    <Description>These are default test settings for a local test run.</Description>
    <Deployment enabled="false" runDeploymentRoot="Bruno_BRUNO-PC 2012-01-31 11_59_16">
      <DeploymentItem filename="C:\Program Files\Moq.4.0.10827\NET40\Moq.dll" />
      <DeploymentItem filename="C:\projetos\ta\TA\Source\TA.Domain\bin\Debug\TA.Domain.dll" />
    </Deployment>
    <Execution>
      <TestTypeSpecific />
      <AgentRule name="Execution Agents">
      </AgentRule>
    </Execution>
  </TestSettings>
  <Times creation="2012-01-31T11:59:16.4321557-02:00" queuing="2012-01-31T11:59:18.2918309-02:00" start="2012-01-31T11:59:18.5684415-02:00" finish="2012-01-31T12:00:26.4514934-02:00" />
  <ResultSummary outcome="Error">
    <Counters total="1" executed="1" error="0" failed="0" timeout="0" aborted="1" inconclusive="0" passedButRunAborted="0" notRunnable="0" notExecuted="0" disconnected="0" warning="0" passed="0" completed="0" inProgress="0" pending="0" />
    <RunInfos>
      <RunInfo computerName="BRUNO-PC" outcome="Error" timestamp="2012-01-31T12:00:26.4464931-02:00">
        <Text>Test host process exited unexpectedly.</Text>
      </RunInfo>
    </RunInfos>
  </ResultSummary>
  <TestDefinitions>
    <UnitTest name="Anuciar_Deve_Chamar_Anunciar_Do_Repositorio" storage="c:\projetos\ta\ta\source\ta.domain.test\bin\debug\ta.domain.test.dll" id="5da67bbd-f769-8769-97c1-7356d234ece4">
      <Execution id="9b2d101b-9638-4bc1-ab1f-78beece65935" />
      <TestMethod codeBase="C:/projetos/ta/TA/Source/TA.Domain.Test/bin/Debug/TA.Domain.Test.DLL" adapterTypeName="Microsoft.VisualStudio.TestTools.TestTypes.Unit.UnitTestAdapter, Microsoft.VisualStudio.QualityTools.Tips.UnitTest.Adapter, Version=10.0.0.0, Culture=neutral, PublicKeyToken=b03f5f7f11d50a3a" className="TA.Domain.Test.Service.ServicoAnuncioTest, TA.Domain.Test, Version=1.0.0.0, Culture=neutral, PublicKeyToken=null" name="Anuciar_Deve_Chamar_Anunciar_Do_Repositorio" />
    </UnitTest>
  </TestDefinitions>
  <TestLists>
    <TestList name="Results Not in a List" id="8c84fa94-04c1-424b-9868-57a2d4851a1d" />
    <TestList name="All Loaded Results" id="19431567-8539-422a-85d7-44ee4e166bda" />
  </TestLists>
  <TestEntries>
    <TestEntry testId="5da67bbd-f769-8769-97c1-7356d234ece4" executionId="9b2d101b-9638-4bc1-ab1f-78beece65935" testListId="8c84fa94-04c1-424b-9868-57a2d4851a1d" />
  </TestEntries>
  <Results>
    <UnitTestResult executionId="9b2d101b-9638-4bc1-ab1f-78beece65935" testId="5da67bbd-f769-8769-97c1-7356d234ece4" testName="Anuciar_Deve_Chamar_Anunciar_Do_Repositorio" computerName="BRUNO-PC" duration="00:01:07.6650394" startTime="2012-01-31T11:59:18.7864540-02:00" endTime="2012-01-31T12:00:26.4514934-02:00" testType="13cdc9d9-ddb5-4fa4-a97d-d965ccfc6d4b" outcome="Aborted" testListId="8c84fa94-04c1-424b-9868-57a2d4851a1d" relativeResultsDirectory="9b2d101b-9638-4bc1-ab1f-78beece65935">
    </UnitTestResult>
  </Results>
</TestRun>