<?xml version="1.0" encoding="UTF-8"?>
<TestRun id="0d13fe7c-3ccf-4792-a257-396ca19c928f" name="Bruno@BRUNO-PC 2012-01-31 13:21:36" runUser="Bruno-PC\Bruno" xmlns="http://microsoft.com/schemas/VisualStudio/TeamTest/2010">
  <TestSettings name="Local" id="ca88e069-f008-4408-aa18-24caa99d89f1">
    <Description>These are default test settings for a local test run.</Description>
    <Deployment enabled="false" runDeploymentRoot="Bruno_BRUNO-PC 2012-01-31 13_21_36">
      <DeploymentItem filename="C:\Program Files\Moq.4.0.10827\NET40\Moq.dll" />
      <DeploymentItem filename="C:\projetos\ta\TA\Source\TA.Domain\bin\Debug\TA.Domain.dll" />
    </Deployment>
    <Execution>
      <TestTypeSpecific />
      <AgentRule name="Execution Agents">
      </AgentRule>
    </Execution>
  </TestSettings>
  <Times creation="2012-01-31T13:21:36.7926673-02:00" queuing="2012-01-31T13:21:38.6583299-02:00" start="2012-01-31T13:21:38.9307421-02:00" finish="2012-01-31T13:22:08.4716713-02:00" />
  <ResultSummary outcome="Error">
    <Counters total="1" executed="1" error="0" failed="0" timeout="0" aborted="1" inconclusive="0" passedButRunAborted="0" notRunnable="0" notExecuted="0" disconnected="0" warning="0" passed="0" completed="0" inProgress="0" pending="0" />
    <RunInfos>
      <RunInfo computerName="BRUNO-PC" outcome="Error" timestamp="2012-01-31T13:22:08.4646709-02:00">
        <Text>Test host process exited unexpectedly.</Text>
      </RunInfo>
    </RunInfos>
  </ResultSummary>
  <TestDefinitions>
    <UnitTest name="Detalhar_Anuncio_Por_Id_Valido_Deve_Incrementar_Visitas_E_Atualizar" storage="c:\projetos\ta\ta\source\ta.domain.test\bin\debug\ta.domain.test.dll" id="545b5dcf-154a-9648-206c-84498f583e11">
      <Execution id="4f68513f-0077-45bf-874c-0a22b1c098d3" />
      <TestMethod codeBase="C:/projetos/ta/TA/Source/TA.Domain.Test/bin/Debug/TA.Domain.Test.DLL" adapterTypeName="Microsoft.VisualStudio.TestTools.TestTypes.Unit.UnitTestAdapter, Microsoft.VisualStudio.QualityTools.Tips.UnitTest.Adapter, Version=10.0.0.0, Culture=neutral, PublicKeyToken=b03f5f7f11d50a3a" className="TA.Domain.Test.Service.ServicoAnuncioTest, TA.Domain.Test, Version=1.0.0.0, Culture=neutral, PublicKeyToken=null" name="Detalhar_Anuncio_Por_Id_Valido_Deve_Incrementar_Visitas_E_Atualizar" />
    </UnitTest>
  </TestDefinitions>
  <TestLists>
    <TestList name="Results Not in a List" id="8c84fa94-04c1-424b-9868-57a2d4851a1d" />
    <TestList name="All Loaded Results" id="19431567-8539-422a-85d7-44ee4e166bda" />
  </TestLists>
  <TestEntries>
    <TestEntry testId="545b5dcf-154a-9648-206c-84498f583e11" executionId="4f68513f-0077-45bf-874c-0a22b1c098d3" testListId="8c84fa94-04c1-424b-9868-57a2d4851a1d" />
  </TestEntries>
  <Results>
    <UnitTestResult executionId="4f68513f-0077-45bf-874c-0a22b1c098d3" testId="545b5dcf-154a-9648-206c-84498f583e11" testName="Detalhar_Anuncio_Por_Id_Valido_Deve_Incrementar_Visitas_E_Atualizar" computerName="BRUNO-PC" duration="00:00:29.3229168" startTime="2012-01-31T13:21:39.1487545-02:00" endTime="2012-01-31T13:22:08.4716713-02:00" testType="13cdc9d9-ddb5-4fa4-a97d-d965ccfc6d4b" outcome="Aborted" testListId="8c84fa94-04c1-424b-9868-57a2d4851a1d" relativeResultsDirectory="4f68513f-0077-45bf-874c-0a22b1c098d3">
    </UnitTestResult>
  </Results>
</TestRun>