<?xml version="1.0" encoding="UTF-8"?>
<TestRun id="ee727783-576c-45a8-9907-9cdcea12e255" name="Bruno@BRUNO-PC 2012-02-13 20:41:18" runUser="Bruno-PC\Bruno" xmlns="http://microsoft.com/schemas/VisualStudio/TeamTest/2010">
  <TestSettings name="Local" id="ca88e069-f008-4408-aa18-24caa99d89f1">
    <Description>These are default test settings for a local test run.</Description>
    <Deployment enabled="false" runDeploymentRoot="Bruno_BRUNO-PC 2012-02-13 20_41_18">
      <DeploymentItem filename="C:\Program Files\Moq.4.0.10827\NET40\Moq.dll" />
      <DeploymentItem filename="C:\projetos\ta\TA\Source\TA.Domain\bin\Debug\TA.Domain.dll" />
    </Deployment>
    <Execution>
      <TestTypeSpecific />
      <AgentRule name="Execution Agents">
      </AgentRule>
    </Execution>
  </TestSettings>
  <Times creation="2012-02-13T20:41:18.5740292-02:00" queuing="2012-02-13T20:41:19.7752313-02:00" start="2012-02-13T20:41:19.8064313-02:00" finish="2012-02-13T20:41:20.9296333-02:00" />
  <ResultSummary outcome="Failed">
    <Counters total="24" executed="24" passed="20" error="0" failed="4" timeout="0" aborted="0" inconclusive="0" passedButRunAborted="0" notRunnable="0" notExecuted="0" disconnected="0" warning="0" completed="0" inProgress="0" pending="0" />
  </ResultSummary>
  <TestDefinitions>
    <UnitTest name="AprovarAnuncios_Anuncios_Nulo_Dispara_ArgumentNullException" storage="c:\projetos\ta\ta\source\ta.domain.test\bin\debug\ta.domain.test.dll" id="ed6c7bd4-5abf-1fa1-b6a1-d0821f49322b">
      <Execution id="f666dd99-28c0-4a80-a560-c7cb5bf980ec" />
      <TestMethod codeBase="C:/projetos/ta/TA/Source/TA.Domain.Test/bin/Debug/TA.Domain.Test.DLL" adapterTypeName="Microsoft.VisualStudio.TestTools.TestTypes.Unit.UnitTestAdapter, Microsoft.VisualStudio.QualityTools.Tips.UnitTest.Adapter, Version=10.0.0.0, Culture=neutral, PublicKeyToken=b03f5f7f11d50a3a" className="TA.Domain.Test.Service.ServicoAnuncioTest, TA.Domain.Test, Version=1.0.0.0, Culture=neutral, PublicKeyToken=null" name="AprovarAnuncios_Anuncios_Nulo_Dispara_ArgumentNullException" />
    </UnitTest>
    <UnitTest name="Atualizar_Anuncio_Valido_Chama_Servico_Atualizar_Automovel_Repositorio_Atualizar" storage="c:\projetos\ta\ta\source\ta.domain.test\bin\debug\ta.domain.test.dll" id="f132b02f-2c02-0d4a-f583-b0982ad3f9ed">
      <Execution id="5278905b-d8e3-4657-9f39-e34e33152c0b" />
      <TestMethod codeBase="C:/projetos/ta/TA/Source/TA.Domain.Test/bin/Debug/TA.Domain.Test.DLL" adapterTypeName="Microsoft.VisualStudio.TestTools.TestTypes.Unit.UnitTestAdapter, Microsoft.VisualStudio.QualityTools.Tips.UnitTest.Adapter, Version=10.0.0.0, Culture=neutral, PublicKeyToken=b03f5f7f11d50a3a" className="TA.Domain.Test.Service.ServicoAnuncioTest, TA.Domain.Test, Version=1.0.0.0, Culture=neutral, PublicKeyToken=null" name="Atualizar_Anuncio_Valido_Chama_Servico_Atualizar_Automovel_Repositorio_Atualizar" />
    </UnitTest>
    <UnitTest name="ReprovarAnuncios_Anuncio_Valido_Chama_Atualizar_Automovel_Chama_Repositorio" storage="c:\projetos\ta\ta\source\ta.domain.test\bin\debug\ta.domain.test.dll" id="1050d318-6269-40d8-a181-09fce85cf5fd">
      <Execution id="437270de-91d1-427b-835e-4bf652034eed" />
      <TestMethod codeBase="C:/projetos/ta/TA/Source/TA.Domain.Test/bin/Debug/TA.Domain.Test.DLL" adapterTypeName="Microsoft.VisualStudio.TestTools.TestTypes.Unit.UnitTestAdapter, Microsoft.VisualStudio.QualityTools.Tips.UnitTest.Adapter, Version=10.0.0.0, Culture=neutral, PublicKeyToken=b03f5f7f11d50a3a" className="TA.Domain.Test.Service.ServicoAnuncioTest, TA.Domain.Test, Version=1.0.0.0, Culture=neutral, PublicKeyToken=null" name="ReprovarAnuncios_Anuncio_Valido_Chama_Atualizar_Automovel_Chama_Repositorio" />
    </UnitTest>
    <UnitTest name="Anunciar_Anuncio_Nulo_Dispara_ArgumentNullException" storage="c:\projetos\ta\ta\source\ta.domain.test\bin\debug\ta.domain.test.dll" id="79d547cc-b0ed-3488-80d5-1657c757509c">
      <Execution id="f04b4ce6-259c-46f7-9074-67372ee96a5c" />
      <TestMethod codeBase="C:/projetos/ta/TA/Source/TA.Domain.Test/bin/Debug/TA.Domain.Test.DLL" adapterTypeName="Microsoft.VisualStudio.TestTools.TestTypes.Unit.UnitTestAdapter, Microsoft.VisualStudio.QualityTools.Tips.UnitTest.Adapter, Version=10.0.0.0, Culture=neutral, PublicKeyToken=b03f5f7f11d50a3a" className="TA.Domain.Test.Service.ServicoAnuncioTest, TA.Domain.Test, Version=1.0.0.0, Culture=neutral, PublicKeyToken=null" name="Anunciar_Anuncio_Nulo_Dispara_ArgumentNullException" />
    </UnitTest>
    <UnitTest name="ObterAnunciosDoAnunciante_Anunciante_Nulo_Dispara_AgumentNullException" storage="c:\projetos\ta\ta\source\ta.domain.test\bin\debug\ta.domain.test.dll" id="035f9c4d-73ce-6334-978c-a1b53f569549">
      <Execution id="6905a362-845c-4c9f-abf7-10315e686eb8" />
      <TestMethod codeBase="C:/projetos/ta/TA/Source/TA.Domain.Test/bin/Debug/TA.Domain.Test.DLL" adapterTypeName="Microsoft.VisualStudio.TestTools.TestTypes.Unit.UnitTestAdapter, Microsoft.VisualStudio.QualityTools.Tips.UnitTest.Adapter, Version=10.0.0.0, Culture=neutral, PublicKeyToken=b03f5f7f11d50a3a" className="TA.Domain.Test.Service.ServicoAnuncioTest, TA.Domain.Test, Version=1.0.0.0, Culture=neutral, PublicKeyToken=null" name="ObterAnunciosDoAnunciante_Anunciante_Nulo_Dispara_AgumentNullException" />
    </UnitTest>
    <UnitTest name="Anunciar_Plano_Do_Anuncio_Inativo_Dispara_Exception" storage="c:\projetos\ta\ta\source\ta.domain.test\bin\debug\ta.domain.test.dll" id="73791920-c5ea-5802-8f51-42f1ea3c3abe">
      <Execution id="f9541058-6c30-4ade-803f-899c3a61dcab" />
      <TestMethod codeBase="C:/projetos/ta/TA/Source/TA.Domain.Test/bin/Debug/TA.Domain.Test.DLL" adapterTypeName="Microsoft.VisualStudio.TestTools.TestTypes.Unit.UnitTestAdapter, Microsoft.VisualStudio.QualityTools.Tips.UnitTest.Adapter, Version=10.0.0.0, Culture=neutral, PublicKeyToken=b03f5f7f11d50a3a" className="TA.Domain.Test.Service.ServicoAnuncioTest, TA.Domain.Test, Version=1.0.0.0, Culture=neutral, PublicKeyToken=null" name="Anunciar_Plano_Do_Anuncio_Inativo_Dispara_Exception" />
    </UnitTest>
    <UnitTest name="AprovarAnuncios_Anuncio_Valido_Chama_Atualizar_Automovel_Chama_Repositorio" storage="c:\projetos\ta\ta\source\ta.domain.test\bin\debug\ta.domain.test.dll" id="ea9dfc70-6011-3821-52f7-17cda4c753fe">
      <Execution id="e35684f1-8b11-4962-bbdd-b19f6dc3d2f7" />
      <TestMethod codeBase="C:/projetos/ta/TA/Source/TA.Domain.Test/bin/Debug/TA.Domain.Test.DLL" adapterTypeName="Microsoft.VisualStudio.TestTools.TestTypes.Unit.UnitTestAdapter, Microsoft.VisualStudio.QualityTools.Tips.UnitTest.Adapter, Version=10.0.0.0, Culture=neutral, PublicKeyToken=b03f5f7f11d50a3a" className="TA.Domain.Test.Service.ServicoAnuncioTest, TA.Domain.Test, Version=1.0.0.0, Culture=neutral, PublicKeyToken=null" name="AprovarAnuncios_Anuncio_Valido_Chama_Atualizar_Automovel_Chama_Repositorio" />
    </UnitTest>
    <UnitTest name="ObterAnunciosDoAnunciante_Anunciante_Valido_Chama_Repositorio" storage="c:\projetos\ta\ta\source\ta.domain.test\bin\debug\ta.domain.test.dll" id="bfa89df2-b89a-55b8-01e4-8fdadba0ffbe">
      <Execution id="9daa2d1f-3006-4225-bed8-ea132fe5e2b0" />
      <TestMethod codeBase="C:/projetos/ta/TA/Source/TA.Domain.Test/bin/Debug/TA.Domain.Test.DLL" adapterTypeName="Microsoft.VisualStudio.TestTools.TestTypes.Unit.UnitTestAdapter, Microsoft.VisualStudio.QualityTools.Tips.UnitTest.Adapter, Version=10.0.0.0, Culture=neutral, PublicKeyToken=b03f5f7f11d50a3a" className="TA.Domain.Test.Service.ServicoAnuncioTest, TA.Domain.Test, Version=1.0.0.0, Culture=neutral, PublicKeyToken=null" name="ObterAnunciosDoAnunciante_Anunciante_Valido_Chama_Repositorio" />
    </UnitTest>
    <UnitTest name="ObterAnunciosAguardandoAprovacao_Chama_Repositorio" storage="c:\projetos\ta\ta\source\ta.domain.test\bin\debug\ta.domain.test.dll" id="9c6a0f53-2c17-8b82-a405-7f606c6cb3c7">
      <Execution id="e015ecb5-6776-4e42-8f3b-f33f43099fea" />
      <TestMethod codeBase="C:/projetos/ta/TA/Source/TA.Domain.Test/bin/Debug/TA.Domain.Test.DLL" adapterTypeName="Microsoft.VisualStudio.TestTools.TestTypes.Unit.UnitTestAdapter, Microsoft.VisualStudio.QualityTools.Tips.UnitTest.Adapter, Version=10.0.0.0, Culture=neutral, PublicKeyToken=b03f5f7f11d50a3a" className="TA.Domain.Test.Service.ServicoAnuncioTest, TA.Domain.Test, Version=1.0.0.0, Culture=neutral, PublicKeyToken=null" name="ObterAnunciosAguardandoAprovacao_Chama_Repositorio" />
    </UnitTest>
    <UnitTest name="Anunciar_Automovel_Do_Anuncio_Nulo_Dispara_ArgumentNullException" storage="c:\projetos\ta\ta\source\ta.domain.test\bin\debug\ta.domain.test.dll" id="390bbc68-48f5-2f65-9c12-e0d36ebebd78">
      <Execution id="15e30ca5-c6fa-4ca7-bd07-b5752b20e046" />
      <TestMethod codeBase="C:/projetos/ta/TA/Source/TA.Domain.Test/bin/Debug/TA.Domain.Test.DLL" adapterTypeName="Microsoft.VisualStudio.TestTools.TestTypes.Unit.UnitTestAdapter, Microsoft.VisualStudio.QualityTools.Tips.UnitTest.Adapter, Version=10.0.0.0, Culture=neutral, PublicKeyToken=b03f5f7f11d50a3a" className="TA.Domain.Test.Service.ServicoAnuncioTest, TA.Domain.Test, Version=1.0.0.0, Culture=neutral, PublicKeyToken=null" name="Anunciar_Automovel_Do_Anuncio_Nulo_Dispara_ArgumentNullException" />
    </UnitTest>
    <UnitTest name="ReprovarAnuncios_Anuncios_Nulo_Dispara_ArgumentNullException" storage="c:\projetos\ta\ta\source\ta.domain.test\bin\debug\ta.domain.test.dll" id="76e6d2ab-ab65-20c9-3112-22a9f7a90c63">
      <Execution id="1582b9f9-8135-428b-9339-9403a0ace9f9" />
      <TestMethod codeBase="C:/projetos/ta/TA/Source/TA.Domain.Test/bin/Debug/TA.Domain.Test.DLL" adapterTypeName="Microsoft.VisualStudio.TestTools.TestTypes.Unit.UnitTestAdapter, Microsoft.VisualStudio.QualityTools.Tips.UnitTest.Adapter, Version=10.0.0.0, Culture=neutral, PublicKeyToken=b03f5f7f11d50a3a" className="TA.Domain.Test.Service.ServicoAnuncioTest, TA.Domain.Test, Version=1.0.0.0, Culture=neutral, PublicKeyToken=null" name="ReprovarAnuncios_Anuncios_Nulo_Dispara_ArgumentNullException" />
    </UnitTest>
    <UnitTest name="Anunciar_Plano_Do_Anuncio_Nulo_Dispara_ArgumentNullException" storage="c:\projetos\ta\ta\source\ta.domain.test\bin\debug\ta.domain.test.dll" id="2035db37-84cf-1aa6-fac6-f9b8dcd4dbbc">
      <Execution id="ed3d80cc-1d32-4130-b191-bd30abc6fd39" />
      <TestMethod codeBase="C:/projetos/ta/TA/Source/TA.Domain.Test/bin/Debug/TA.Domain.Test.DLL" adapterTypeName="Microsoft.VisualStudio.TestTools.TestTypes.Unit.UnitTestAdapter, Microsoft.VisualStudio.QualityTools.Tips.UnitTest.Adapter, Version=10.0.0.0, Culture=neutral, PublicKeyToken=b03f5f7f11d50a3a" className="TA.Domain.Test.Service.ServicoAnuncioTest, TA.Domain.Test, Version=1.0.0.0, Culture=neutral, PublicKeyToken=null" name="Anunciar_Plano_Do_Anuncio_Nulo_Dispara_ArgumentNullException" />
    </UnitTest>
    <UnitTest name="ObterAnuncioPorId_IdAnuncio_Valido_Retorna_Anuncio_Chama_Repositorio_ObterAnuncioPorId" storage="c:\projetos\ta\ta\source\ta.domain.test\bin\debug\ta.domain.test.dll" id="558c8582-095e-bfb9-2f53-2062c3289000">
      <Execution id="4c60a062-ca44-40c3-9234-aa93d35faec8" />
      <TestMethod codeBase="C:/projetos/ta/TA/Source/TA.Domain.Test/bin/Debug/TA.Domain.Test.DLL" adapterTypeName="Microsoft.VisualStudio.TestTools.TestTypes.Unit.UnitTestAdapter, Microsoft.VisualStudio.QualityTools.Tips.UnitTest.Adapter, Version=10.0.0.0, Culture=neutral, PublicKeyToken=b03f5f7f11d50a3a" className="TA.Domain.Test.Service.ServicoAnuncioTest, TA.Domain.Test, Version=1.0.0.0, Culture=neutral, PublicKeyToken=null" name="ObterAnuncioPorId_IdAnuncio_Valido_Retorna_Anuncio_Chama_Repositorio_ObterAnuncioPorId" />
    </UnitTest>
    <UnitTest name="Atualizar_Anuncio_Nulo_Dispara_ArgumentNullException" storage="c:\projetos\ta\ta\source\ta.domain.test\bin\debug\ta.domain.test.dll" id="1f672b39-1806-9c26-6eda-a31d7ae11955">
      <Execution id="3b8d3158-ae05-4baf-bae1-208f432cf0bf" />
      <TestMethod codeBase="C:/projetos/ta/TA/Source/TA.Domain.Test/bin/Debug/TA.Domain.Test.DLL" adapterTypeName="Microsoft.VisualStudio.TestTools.TestTypes.Unit.UnitTestAdapter, Microsoft.VisualStudio.QualityTools.Tips.UnitTest.Adapter, Version=10.0.0.0, Culture=neutral, PublicKeyToken=b03f5f7f11d50a3a" className="TA.Domain.Test.Service.ServicoAnuncioTest, TA.Domain.Test, Version=1.0.0.0, Culture=neutral, PublicKeyToken=null" name="Atualizar_Anuncio_Nulo_Dispara_ArgumentNullException" />
    </UnitTest>
    <UnitTest name="Anunciar_Automovel_Invalido_Dispara_Exception_3_Erros" storage="c:\projetos\ta\ta\source\ta.domain.test\bin\debug\ta.domain.test.dll" id="ef68b1b6-a8d0-54f4-19c6-53af580a1d02">
      <Execution id="311f4479-3c3b-4d4c-a5cb-825956483126" />
      <TestMethod codeBase="C:/projetos/ta/TA/Source/TA.Domain.Test/bin/Debug/TA.Domain.Test.DLL" adapterTypeName="Microsoft.VisualStudio.TestTools.TestTypes.Unit.UnitTestAdapter, Microsoft.VisualStudio.QualityTools.Tips.UnitTest.Adapter, Version=10.0.0.0, Culture=neutral, PublicKeyToken=b03f5f7f11d50a3a" className="TA.Domain.Test.Service.ServicoAnuncioTest, TA.Domain.Test, Version=1.0.0.0, Culture=neutral, PublicKeyToken=null" name="Anunciar_Automovel_Invalido_Dispara_Exception_3_Erros" />
    </UnitTest>
    <UnitTest name="Anunciar_Valido_Chama_Servico_Incluir_Anunciante_Automovel_DataAnuncio_Atual_Status_AguardandoAprovacao" storage="c:\projetos\ta\ta\source\ta.domain.test\bin\debug\ta.domain.test.dll" id="e5ca47f1-220d-fe6b-66c5-80c7f4d15bb6">
      <Execution id="d0dde4a9-be22-4e02-8f23-6db370bcac92" />
      <TestMethod codeBase="C:/projetos/ta/TA/Source/TA.Domain.Test/bin/Debug/TA.Domain.Test.DLL" adapterTypeName="Microsoft.VisualStudio.TestTools.TestTypes.Unit.UnitTestAdapter, Microsoft.VisualStudio.QualityTools.Tips.UnitTest.Adapter, Version=10.0.0.0, Culture=neutral, PublicKeyToken=b03f5f7f11d50a3a" className="TA.Domain.Test.Service.ServicoAnuncioTest, TA.Domain.Test, Version=1.0.0.0, Culture=neutral, PublicKeyToken=null" name="Anunciar_Valido_Chama_Servico_Incluir_Anunciante_Automovel_DataAnuncio_Atual_Status_AguardandoAprovacao" />
    </UnitTest>
    <UnitTest name="ObterAnunciosPagosMaisVisitados_Chama_Repositorio" storage="c:\projetos\ta\ta\source\ta.domain.test\bin\debug\ta.domain.test.dll" id="52ef7ad3-9970-2eb4-bb5a-9b5a886a91c8">
      <Execution id="8690ee42-665c-4ec6-88fb-d45b42e1fa67" />
      <TestMethod codeBase="C:/projetos/ta/TA/Source/TA.Domain.Test/bin/Debug/TA.Domain.Test.DLL" adapterTypeName="Microsoft.VisualStudio.TestTools.TestTypes.Unit.UnitTestAdapter, Microsoft.VisualStudio.QualityTools.Tips.UnitTest.Adapter, Version=10.0.0.0, Culture=neutral, PublicKeyToken=b03f5f7f11d50a3a" className="TA.Domain.Test.Service.ServicoAnuncioTest, TA.Domain.Test, Version=1.0.0.0, Culture=neutral, PublicKeyToken=null" name="ObterAnunciosPagosMaisVisitados_Chama_Repositorio" />
    </UnitTest>
    <UnitTest name="ObterAnuncioPorId_IdAnuncio_Invalido_Retorna_Nulo_Chama_Repositorio_ObterAnuncioPorId" storage="c:\projetos\ta\ta\source\ta.domain.test\bin\debug\ta.domain.test.dll" id="2c02e664-5ddb-cb9e-a810-363235a122e5">
      <Execution id="ef721e14-a10f-4022-8f48-14309c739c1f" />
      <TestMethod codeBase="C:/projetos/ta/TA/Source/TA.Domain.Test/bin/Debug/TA.Domain.Test.DLL" adapterTypeName="Microsoft.VisualStudio.TestTools.TestTypes.Unit.UnitTestAdapter, Microsoft.VisualStudio.QualityTools.Tips.UnitTest.Adapter, Version=10.0.0.0, Culture=neutral, PublicKeyToken=b03f5f7f11d50a3a" className="TA.Domain.Test.Service.ServicoAnuncioTest, TA.Domain.Test, Version=1.0.0.0, Culture=neutral, PublicKeyToken=null" name="ObterAnuncioPorId_IdAnuncio_Invalido_Retorna_Nulo_Chama_Repositorio_ObterAnuncioPorId" />
    </UnitTest>
    <UnitTest name="AprovarAnuncio_Anuncio_Valido_Chama_Atualizar_Automovel_Chama_Repositorio" storage="c:\projetos\ta\ta\source\ta.domain.test\bin\debug\ta.domain.test.dll" id="f521203a-e787-a35b-6759-279fbed2b725">
      <Execution id="78c9ad6f-2ca7-404c-b3a8-f1b33e2a3545" />
      <TestMethod codeBase="C:/projetos/ta/TA/Source/TA.Domain.Test/bin/Debug/TA.Domain.Test.DLL" adapterTypeName="Microsoft.VisualStudio.TestTools.TestTypes.Unit.UnitTestAdapter, Microsoft.VisualStudio.QualityTools.Tips.UnitTest.Adapter, Version=10.0.0.0, Culture=neutral, PublicKeyToken=b03f5f7f11d50a3a" className="TA.Domain.Test.Service.ServicoAnuncioTest, TA.Domain.Test, Version=1.0.0.0, Culture=neutral, PublicKeyToken=null" name="AprovarAnuncio_Anuncio_Valido_Chama_Atualizar_Automovel_Chama_Repositorio" />
    </UnitTest>
    <UnitTest name="Excluir_Anuncio_Valido_Chama_Servico_Excluir_Automovel_Repositorio_Excluir" storage="c:\projetos\ta\ta\source\ta.domain.test\bin\debug\ta.domain.test.dll" id="cad04694-1e02-8d29-bfd2-6e0aeb9a106a">
      <Execution id="281b737f-d3c2-4633-a449-1f8e4931dcdb" />
      <TestMethod codeBase="C:/projetos/ta/TA/Source/TA.Domain.Test/bin/Debug/TA.Domain.Test.DLL" adapterTypeName="Microsoft.VisualStudio.TestTools.TestTypes.Unit.UnitTestAdapter, Microsoft.VisualStudio.QualityTools.Tips.UnitTest.Adapter, Version=10.0.0.0, Culture=neutral, PublicKeyToken=b03f5f7f11d50a3a" className="TA.Domain.Test.Service.ServicoAnuncioTest, TA.Domain.Test, Version=1.0.0.0, Culture=neutral, PublicKeyToken=null" name="Excluir_Anuncio_Valido_Chama_Servico_Excluir_Automovel_Repositorio_Excluir" />
    </UnitTest>
    <UnitTest name="ObterAnunciosPagosRecentes_Chama_Repositorio" storage="c:\projetos\ta\ta\source\ta.domain.test\bin\debug\ta.domain.test.dll" id="f63adf85-9dbb-ac1d-3feb-25c3b3f2dcbb">
      <Execution id="90a3d1b2-4d10-472f-aad6-2701709aa821" />
      <TestMethod codeBase="C:/projetos/ta/TA/Source/TA.Domain.Test/bin/Debug/TA.Domain.Test.DLL" adapterTypeName="Microsoft.VisualStudio.TestTools.TestTypes.Unit.UnitTestAdapter, Microsoft.VisualStudio.QualityTools.Tips.UnitTest.Adapter, Version=10.0.0.0, Culture=neutral, PublicKeyToken=b03f5f7f11d50a3a" className="TA.Domain.Test.Service.ServicoAnuncioTest, TA.Domain.Test, Version=1.0.0.0, Culture=neutral, PublicKeyToken=null" name="ObterAnunciosPagosRecentes_Chama_Repositorio" />
    </UnitTest>
    <UnitTest name="Excluir_Anuncio_Nulo_Dispara_ArgumentNullException" storage="c:\projetos\ta\ta\source\ta.domain.test\bin\debug\ta.domain.test.dll" id="507bc400-aa75-5aaa-316e-b37eb9fc39ea">
      <Execution id="a84bcb8c-ba7c-4e85-abc5-62aa975a154f" />
      <TestMethod codeBase="C:/projetos/ta/TA/Source/TA.Domain.Test/bin/Debug/TA.Domain.Test.DLL" adapterTypeName="Microsoft.VisualStudio.TestTools.TestTypes.Unit.UnitTestAdapter, Microsoft.VisualStudio.QualityTools.Tips.UnitTest.Adapter, Version=10.0.0.0, Culture=neutral, PublicKeyToken=b03f5f7f11d50a3a" className="TA.Domain.Test.Service.ServicoAnuncioTest, TA.Domain.Test, Version=1.0.0.0, Culture=neutral, PublicKeyToken=null" name="Excluir_Anuncio_Nulo_Dispara_ArgumentNullException" />
    </UnitTest>
    <UnitTest name="AprovarAnuncio_Anuncio_Nulo_Dispara_ArgumentNullException" storage="c:\projetos\ta\ta\source\ta.domain.test\bin\debug\ta.domain.test.dll" id="1e22ce60-591d-b987-2540-678ed78d9983">
      <Execution id="e12719e7-854d-48fb-8aa5-0994d687ae4f" />
      <TestMethod codeBase="C:/projetos/ta/TA/Source/TA.Domain.Test/bin/Debug/TA.Domain.Test.DLL" adapterTypeName="Microsoft.VisualStudio.TestTools.TestTypes.Unit.UnitTestAdapter, Microsoft.VisualStudio.QualityTools.Tips.UnitTest.Adapter, Version=10.0.0.0, Culture=neutral, PublicKeyToken=b03f5f7f11d50a3a" className="TA.Domain.Test.Service.ServicoAnuncioTest, TA.Domain.Test, Version=1.0.0.0, Culture=neutral, PublicKeyToken=null" name="AprovarAnuncio_Anuncio_Nulo_Dispara_ArgumentNullException" />
    </UnitTest>
    <UnitTest name="ObterAnunciosPagosEmDestaque_Chama_Repositorio" storage="c:\projetos\ta\ta\source\ta.domain.test\bin\debug\ta.domain.test.dll" id="f7ada927-d569-b846-f404-de99ea993981">
      <Execution id="ea2ca42a-dba4-46c1-ba8a-c0356f26012e" />
      <TestMethod codeBase="C:/projetos/ta/TA/Source/TA.Domain.Test/bin/Debug/TA.Domain.Test.DLL" adapterTypeName="Microsoft.VisualStudio.TestTools.TestTypes.Unit.UnitTestAdapter, Microsoft.VisualStudio.QualityTools.Tips.UnitTest.Adapter, Version=10.0.0.0, Culture=neutral, PublicKeyToken=b03f5f7f11d50a3a" className="TA.Domain.Test.Service.ServicoAnuncioTest, TA.Domain.Test, Version=1.0.0.0, Culture=neutral, PublicKeyToken=null" name="ObterAnunciosPagosEmDestaque_Chama_Repositorio" />
    </UnitTest>
  </TestDefinitions>
  <TestLists>
    <TestList name="Results Not in a List" id="8c84fa94-04c1-424b-9868-57a2d4851a1d" />
    <TestList name="All Loaded Results" id="19431567-8539-422a-85d7-44ee4e166bda" />
  </TestLists>
  <TestEntries>
    <TestEntry testId="035f9c4d-73ce-6334-978c-a1b53f569549" executionId="6905a362-845c-4c9f-abf7-10315e686eb8" testListId="8c84fa94-04c1-424b-9868-57a2d4851a1d" />
    <TestEntry testId="1050d318-6269-40d8-a181-09fce85cf5fd" executionId="437270de-91d1-427b-835e-4bf652034eed" testListId="8c84fa94-04c1-424b-9868-57a2d4851a1d" />
    <TestEntry testId="1e22ce60-591d-b987-2540-678ed78d9983" executionId="e12719e7-854d-48fb-8aa5-0994d687ae4f" testListId="8c84fa94-04c1-424b-9868-57a2d4851a1d" />
    <TestEntry testId="1f672b39-1806-9c26-6eda-a31d7ae11955" executionId="3b8d3158-ae05-4baf-bae1-208f432cf0bf" testListId="8c84fa94-04c1-424b-9868-57a2d4851a1d" />
    <TestEntry testId="2035db37-84cf-1aa6-fac6-f9b8dcd4dbbc" executionId="ed3d80cc-1d32-4130-b191-bd30abc6fd39" testListId="8c84fa94-04c1-424b-9868-57a2d4851a1d" />
    <TestEntry testId="2c02e664-5ddb-cb9e-a810-363235a122e5" executionId="ef721e14-a10f-4022-8f48-14309c739c1f" testListId="8c84fa94-04c1-424b-9868-57a2d4851a1d" />
    <TestEntry testId="390bbc68-48f5-2f65-9c12-e0d36ebebd78" executionId="15e30ca5-c6fa-4ca7-bd07-b5752b20e046" testListId="8c84fa94-04c1-424b-9868-57a2d4851a1d" />
    <TestEntry testId="507bc400-aa75-5aaa-316e-b37eb9fc39ea" executionId="a84bcb8c-ba7c-4e85-abc5-62aa975a154f" testListId="8c84fa94-04c1-424b-9868-57a2d4851a1d" />
    <TestEntry testId="52ef7ad3-9970-2eb4-bb5a-9b5a886a91c8" executionId="8690ee42-665c-4ec6-88fb-d45b42e1fa67" testListId="8c84fa94-04c1-424b-9868-57a2d4851a1d" />
    <TestEntry testId="558c8582-095e-bfb9-2f53-2062c3289000" executionId="4c60a062-ca44-40c3-9234-aa93d35faec8" testListId="8c84fa94-04c1-424b-9868-57a2d4851a1d" />
    <TestEntry testId="73791920-c5ea-5802-8f51-42f1ea3c3abe" executionId="f9541058-6c30-4ade-803f-899c3a61dcab" testListId="8c84fa94-04c1-424b-9868-57a2d4851a1d" />
    <TestEntry testId="76e6d2ab-ab65-20c9-3112-22a9f7a90c63" executionId="1582b9f9-8135-428b-9339-9403a0ace9f9" testListId="8c84fa94-04c1-424b-9868-57a2d4851a1d" />
    <TestEntry testId="79d547cc-b0ed-3488-80d5-1657c757509c" executionId="f04b4ce6-259c-46f7-9074-67372ee96a5c" testListId="8c84fa94-04c1-424b-9868-57a2d4851a1d" />
    <TestEntry testId="9c6a0f53-2c17-8b82-a405-7f606c6cb3c7" executionId="e015ecb5-6776-4e42-8f3b-f33f43099fea" testListId="8c84fa94-04c1-424b-9868-57a2d4851a1d" />
    <TestEntry testId="bfa89df2-b89a-55b8-01e4-8fdadba0ffbe" executionId="9daa2d1f-3006-4225-bed8-ea132fe5e2b0" testListId="8c84fa94-04c1-424b-9868-57a2d4851a1d" />
    <TestEntry testId="cad04694-1e02-8d29-bfd2-6e0aeb9a106a" executionId="281b737f-d3c2-4633-a449-1f8e4931dcdb" testListId="8c84fa94-04c1-424b-9868-57a2d4851a1d" />
    <TestEntry testId="e5ca47f1-220d-fe6b-66c5-80c7f4d15bb6" executionId="d0dde4a9-be22-4e02-8f23-6db370bcac92" testListId="8c84fa94-04c1-424b-9868-57a2d4851a1d" />
    <TestEntry testId="ea9dfc70-6011-3821-52f7-17cda4c753fe" executionId="e35684f1-8b11-4962-bbdd-b19f6dc3d2f7" testListId="8c84fa94-04c1-424b-9868-57a2d4851a1d" />
    <TestEntry testId="ed6c7bd4-5abf-1fa1-b6a1-d0821f49322b" executionId="f666dd99-28c0-4a80-a560-c7cb5bf980ec" testListId="8c84fa94-04c1-424b-9868-57a2d4851a1d" />
    <TestEntry testId="ef68b1b6-a8d0-54f4-19c6-53af580a1d02" executionId="311f4479-3c3b-4d4c-a5cb-825956483126" testListId="8c84fa94-04c1-424b-9868-57a2d4851a1d" />
    <TestEntry testId="f132b02f-2c02-0d4a-f583-b0982ad3f9ed" executionId="5278905b-d8e3-4657-9f39-e34e33152c0b" testListId="8c84fa94-04c1-424b-9868-57a2d4851a1d" />
    <TestEntry testId="f521203a-e787-a35b-6759-279fbed2b725" executionId="78c9ad6f-2ca7-404c-b3a8-f1b33e2a3545" testListId="8c84fa94-04c1-424b-9868-57a2d4851a1d" />
    <TestEntry testId="f63adf85-9dbb-ac1d-3feb-25c3b3f2dcbb" executionId="90a3d1b2-4d10-472f-aad6-2701709aa821" testListId="8c84fa94-04c1-424b-9868-57a2d4851a1d" />
    <TestEntry testId="f7ada927-d569-b846-f404-de99ea993981" executionId="ea2ca42a-dba4-46c1-ba8a-c0356f26012e" testListId="8c84fa94-04c1-424b-9868-57a2d4851a1d" />
  </TestEntries>
  <Results>
    <UnitTestResult executionId="6905a362-845c-4c9f-abf7-10315e686eb8" testId="035f9c4d-73ce-6334-978c-a1b53f569549" testName="ObterAnunciosDoAnunciante_Anunciante_Nulo_Dispara_AgumentNullException" computerName="BRUNO-PC" duration="00:00:00.2850788" startTime="2012-02-13T20:41:19.8376314-02:00" endTime="2012-02-13T20:41:20.4148324-02:00" testType="13cdc9d9-ddb5-4fa4-a97d-d965ccfc6d4b" outcome="Passed" testListId="8c84fa94-04c1-424b-9868-57a2d4851a1d" relativeResultsDirectory="6905a362-845c-4c9f-abf7-10315e686eb8">
    </UnitTestResult>
    <UnitTestResult executionId="437270de-91d1-427b-835e-4bf652034eed" testId="1050d318-6269-40d8-a181-09fce85cf5fd" testName="ReprovarAnuncios_Anuncio_Valido_Chama_Atualizar_Automovel_Chama_Repositorio" computerName="BRUNO-PC" duration="00:00:00.0250791" startTime="2012-02-13T20:41:20.4304324-02:00" endTime="2012-02-13T20:41:20.4616325-02:00" testType="13cdc9d9-ddb5-4fa4-a97d-d965ccfc6d4b" outcome="Failed" testListId="8c84fa94-04c1-424b-9868-57a2d4851a1d" relativeResultsDirectory="437270de-91d1-427b-835e-4bf652034eed">
      <Output>
        <ErrorInfo>
          <Message>Test method TA.Domain.Test.Service.ServicoAnuncioTest.ReprovarAnuncios_Anuncio_Valido_Chama_Atualizar_Automovel_Chama_Repositorio threw exception: 
System.Exception: Valor de parcela inválida.
Parcelas restantes inválidas.
Modelo inválido.
</Message>
          <StackTrace>    at TA.Domain.Service.ServicoAnuncio.ValidaAutomovel(Automovel automovel) in C:\projetos\ta\TA\Source\TA.Domain\Service\ServicoAnuncio.cs:line 46
   at TA.Domain.Service.ServicoAnuncio.Atualizar(Anuncio anuncio) in C:\projetos\ta\TA\Source\TA.Domain\Service\ServicoAnuncio.cs:line 82
   at TA.Domain.Service.ServicoAnuncio.ReprovarAnuncio(Anuncio anuncio) in C:\projetos\ta\TA\Source\TA.Domain\Service\ServicoAnuncio.cs:line 161
   at TA.Domain.Service.ServicoAnuncio.&lt;ReprovarAnuncios&gt;b__1(Anuncio e) in C:\projetos\ta\TA\Source\TA.Domain\Service\ServicoAnuncio.cs:line 171
   at System.Collections.Generic.List`1.ForEach(Action`1 action)
   at TA.Domain.Service.ServicoAnuncio.ReprovarAnuncios(List`1 anuncios) in C:\projetos\ta\TA\Source\TA.Domain\Service\ServicoAnuncio.cs:line 171
   at TA.Domain.Test.Service.ServicoAnuncioTest.ReprovarAnuncios_Anuncio_Valido_Chama_Atualizar_Automovel_Chama_Repositorio() in C:\projetos\ta\TA\Source\TA.Domain.Test\Service\ServicoAnuncioTest.cs:line 293
</StackTrace>
        </ErrorInfo>
      </Output>
    </UnitTestResult>
    <UnitTestResult executionId="e12719e7-854d-48fb-8aa5-0994d687ae4f" testId="1e22ce60-591d-b987-2540-678ed78d9983" testName="AprovarAnuncio_Anuncio_Nulo_Dispara_ArgumentNullException" computerName="BRUNO-PC" duration="00:00:00.0106517" startTime="2012-02-13T20:41:20.4616325-02:00" endTime="2012-02-13T20:41:20.4928326-02:00" testType="13cdc9d9-ddb5-4fa4-a97d-d965ccfc6d4b" outcome="Passed" testListId="8c84fa94-04c1-424b-9868-57a2d4851a1d" relativeResultsDirectory="e12719e7-854d-48fb-8aa5-0994d687ae4f">
    </UnitTestResult>
    <UnitTestResult executionId="3b8d3158-ae05-4baf-bae1-208f432cf0bf" testId="1f672b39-1806-9c26-6eda-a31d7ae11955" testName="Atualizar_Anuncio_Nulo_Dispara_ArgumentNullException" computerName="BRUNO-PC" duration="00:00:00.0005974" startTime="2012-02-13T20:41:20.4928326-02:00" endTime="2012-02-13T20:41:20.4928326-02:00" testType="13cdc9d9-ddb5-4fa4-a97d-d965ccfc6d4b" outcome="Passed" testListId="8c84fa94-04c1-424b-9868-57a2d4851a1d" relativeResultsDirectory="3b8d3158-ae05-4baf-bae1-208f432cf0bf">
    </UnitTestResult>
    <UnitTestResult executionId="ed3d80cc-1d32-4130-b191-bd30abc6fd39" testId="2035db37-84cf-1aa6-fac6-f9b8dcd4dbbc" testName="Anunciar_Plano_Do_Anuncio_Nulo_Dispara_ArgumentNullException" computerName="BRUNO-PC" duration="00:00:00.0010270" startTime="2012-02-13T20:41:20.4928326-02:00" endTime="2012-02-13T20:41:20.5084326-02:00" testType="13cdc9d9-ddb5-4fa4-a97d-d965ccfc6d4b" outcome="Passed" testListId="8c84fa94-04c1-424b-9868-57a2d4851a1d" relativeResultsDirectory="ed3d80cc-1d32-4130-b191-bd30abc6fd39">
    </UnitTestResult>
    <UnitTestResult executionId="ef721e14-a10f-4022-8f48-14309c739c1f" testId="2c02e664-5ddb-cb9e-a810-363235a122e5" testName="ObterAnuncioPorId_IdAnuncio_Invalido_Retorna_Nulo_Chama_Repositorio_ObterAnuncioPorId" computerName="BRUNO-PC" duration="00:00:00.0795017" startTime="2012-02-13T20:41:20.5084326-02:00" endTime="2012-02-13T20:41:20.5864327-02:00" testType="13cdc9d9-ddb5-4fa4-a97d-d965ccfc6d4b" outcome="Passed" testListId="8c84fa94-04c1-424b-9868-57a2d4851a1d" relativeResultsDirectory="ef721e14-a10f-4022-8f48-14309c739c1f">
    </UnitTestResult>
    <UnitTestResult executionId="15e30ca5-c6fa-4ca7-bd07-b5752b20e046" testId="390bbc68-48f5-2f65-9c12-e0d36ebebd78" testName="Anunciar_Automovel_Do_Anuncio_Nulo_Dispara_ArgumentNullException" computerName="BRUNO-PC" duration="00:00:00.0006420" startTime="2012-02-13T20:41:20.6020327-02:00" endTime="2012-02-13T20:41:20.6020327-02:00" testType="13cdc9d9-ddb5-4fa4-a97d-d965ccfc6d4b" outcome="Passed" testListId="8c84fa94-04c1-424b-9868-57a2d4851a1d" relativeResultsDirectory="15e30ca5-c6fa-4ca7-bd07-b5752b20e046">
    </UnitTestResult>
    <UnitTestResult executionId="a84bcb8c-ba7c-4e85-abc5-62aa975a154f" testId="507bc400-aa75-5aaa-316e-b37eb9fc39ea" testName="Excluir_Anuncio_Nulo_Dispara_ArgumentNullException" computerName="BRUNO-PC" duration="00:00:00.0007781" startTime="2012-02-13T20:41:20.6020327-02:00" endTime="2012-02-13T20:41:20.6176328-02:00" testType="13cdc9d9-ddb5-4fa4-a97d-d965ccfc6d4b" outcome="Passed" testListId="8c84fa94-04c1-424b-9868-57a2d4851a1d" relativeResultsDirectory="a84bcb8c-ba7c-4e85-abc5-62aa975a154f">
    </UnitTestResult>
    <UnitTestResult executionId="8690ee42-665c-4ec6-88fb-d45b42e1fa67" testId="52ef7ad3-9970-2eb4-bb5a-9b5a886a91c8" testName="ObterAnunciosPagosMaisVisitados_Chama_Repositorio" computerName="BRUNO-PC" duration="00:00:00.0027829" startTime="2012-02-13T20:41:20.6176328-02:00" endTime="2012-02-13T20:41:20.6332328-02:00" testType="13cdc9d9-ddb5-4fa4-a97d-d965ccfc6d4b" outcome="Passed" testListId="8c84fa94-04c1-424b-9868-57a2d4851a1d" relativeResultsDirectory="8690ee42-665c-4ec6-88fb-d45b42e1fa67">
    </UnitTestResult>
    <UnitTestResult executionId="4c60a062-ca44-40c3-9234-aa93d35faec8" testId="558c8582-095e-bfb9-2f53-2062c3289000" testName="ObterAnuncioPorId_IdAnuncio_Valido_Retorna_Anuncio_Chama_Repositorio_ObterAnuncioPorId" computerName="BRUNO-PC" duration="00:00:00.0077800" startTime="2012-02-13T20:41:20.6332328-02:00" endTime="2012-02-13T20:41:20.6488328-02:00" testType="13cdc9d9-ddb5-4fa4-a97d-d965ccfc6d4b" outcome="Passed" testListId="8c84fa94-04c1-424b-9868-57a2d4851a1d" relativeResultsDirectory="4c60a062-ca44-40c3-9234-aa93d35faec8">
    </UnitTestResult>
    <UnitTestResult executionId="f9541058-6c30-4ade-803f-899c3a61dcab" testId="73791920-c5ea-5802-8f51-42f1ea3c3abe" testName="Anunciar_Plano_Do_Anuncio_Inativo_Dispara_Exception" computerName="BRUNO-PC" duration="00:00:00.0008027" startTime="2012-02-13T20:41:20.6488328-02:00" endTime="2012-02-13T20:41:20.6644329-02:00" testType="13cdc9d9-ddb5-4fa4-a97d-d965ccfc6d4b" outcome="Passed" testListId="8c84fa94-04c1-424b-9868-57a2d4851a1d" relativeResultsDirectory="f9541058-6c30-4ade-803f-899c3a61dcab">
    </UnitTestResult>
    <UnitTestResult executionId="1582b9f9-8135-428b-9339-9403a0ace9f9" testId="76e6d2ab-ab65-20c9-3112-22a9f7a90c63" testName="ReprovarAnuncios_Anuncios_Nulo_Dispara_ArgumentNullException" computerName="BRUNO-PC" duration="00:00:00.0005959" startTime="2012-02-13T20:41:20.6644329-02:00" endTime="2012-02-13T20:41:20.6800329-02:00" testType="13cdc9d9-ddb5-4fa4-a97d-d965ccfc6d4b" outcome="Passed" testListId="8c84fa94-04c1-424b-9868-57a2d4851a1d" relativeResultsDirectory="1582b9f9-8135-428b-9339-9403a0ace9f9">
    </UnitTestResult>
    <UnitTestResult executionId="f04b4ce6-259c-46f7-9074-67372ee96a5c" testId="79d547cc-b0ed-3488-80d5-1657c757509c" testName="Anunciar_Anuncio_Nulo_Dispara_ArgumentNullException" computerName="BRUNO-PC" duration="00:00:00.0005933" startTime="2012-02-13T20:41:20.6800329-02:00" endTime="2012-02-13T20:41:20.6956329-02:00" testType="13cdc9d9-ddb5-4fa4-a97d-d965ccfc6d4b" outcome="Passed" testListId="8c84fa94-04c1-424b-9868-57a2d4851a1d" relativeResultsDirectory="f04b4ce6-259c-46f7-9074-67372ee96a5c">
    </UnitTestResult>
    <UnitTestResult executionId="e015ecb5-6776-4e42-8f3b-f33f43099fea" testId="9c6a0f53-2c17-8b82-a405-7f606c6cb3c7" testName="ObterAnunciosAguardandoAprovacao_Chama_Repositorio" computerName="BRUNO-PC" duration="00:00:00.0016742" startTime="2012-02-13T20:41:20.6956329-02:00" endTime="2012-02-13T20:41:20.7112329-02:00" testType="13cdc9d9-ddb5-4fa4-a97d-d965ccfc6d4b" outcome="Passed" testListId="8c84fa94-04c1-424b-9868-57a2d4851a1d" relativeResultsDirectory="e015ecb5-6776-4e42-8f3b-f33f43099fea">
    </UnitTestResult>
    <UnitTestResult executionId="9daa2d1f-3006-4225-bed8-ea132fe5e2b0" testId="bfa89df2-b89a-55b8-01e4-8fdadba0ffbe" testName="ObterAnunciosDoAnunciante_Anunciante_Valido_Chama_Repositorio" computerName="BRUNO-PC" duration="00:00:00.0027777" startTime="2012-02-13T20:41:20.7112329-02:00" endTime="2012-02-13T20:41:20.7268330-02:00" testType="13cdc9d9-ddb5-4fa4-a97d-d965ccfc6d4b" outcome="Passed" testListId="8c84fa94-04c1-424b-9868-57a2d4851a1d" relativeResultsDirectory="9daa2d1f-3006-4225-bed8-ea132fe5e2b0">
    </UnitTestResult>
    <UnitTestResult executionId="281b737f-d3c2-4633-a449-1f8e4931dcdb" testId="cad04694-1e02-8d29-bfd2-6e0aeb9a106a" testName="Excluir_Anuncio_Valido_Chama_Servico_Excluir_Automovel_Repositorio_Excluir" computerName="BRUNO-PC" duration="00:00:00.0077985" startTime="2012-02-13T20:41:20.7268330-02:00" endTime="2012-02-13T20:41:20.7424330-02:00" testType="13cdc9d9-ddb5-4fa4-a97d-d965ccfc6d4b" outcome="Passed" testListId="8c84fa94-04c1-424b-9868-57a2d4851a1d" relativeResultsDirectory="281b737f-d3c2-4633-a449-1f8e4931dcdb">
    </UnitTestResult>
    <UnitTestResult executionId="d0dde4a9-be22-4e02-8f23-6db370bcac92" testId="e5ca47f1-220d-fe6b-66c5-80c7f4d15bb6" testName="Anunciar_Valido_Chama_Servico_Incluir_Anunciante_Automovel_DataAnuncio_Atual_Status_AguardandoAprovacao" computerName="BRUNO-PC" duration="00:00:00.0129347" startTime="2012-02-13T20:41:20.7424330-02:00" endTime="2012-02-13T20:41:20.7736330-02:00" testType="13cdc9d9-ddb5-4fa4-a97d-d965ccfc6d4b" outcome="Passed" testListId="8c84fa94-04c1-424b-9868-57a2d4851a1d" relativeResultsDirectory="d0dde4a9-be22-4e02-8f23-6db370bcac92">
    </UnitTestResult>
    <UnitTestResult executionId="e35684f1-8b11-4962-bbdd-b19f6dc3d2f7" testId="ea9dfc70-6011-3821-52f7-17cda4c753fe" testName="AprovarAnuncios_Anuncio_Valido_Chama_Atualizar_Automovel_Chama_Repositorio" computerName="BRUNO-PC" duration="00:00:00.0052512" startTime="2012-02-13T20:41:20.7892331-02:00" endTime="2012-02-13T20:41:20.8048331-02:00" testType="13cdc9d9-ddb5-4fa4-a97d-d965ccfc6d4b" outcome="Failed" testListId="8c84fa94-04c1-424b-9868-57a2d4851a1d" relativeResultsDirectory="e35684f1-8b11-4962-bbdd-b19f6dc3d2f7">
      <Output>
        <ErrorInfo>
          <Message>Test method TA.Domain.Test.Service.ServicoAnuncioTest.AprovarAnuncios_Anuncio_Valido_Chama_Atualizar_Automovel_Chama_Repositorio threw exception: 
System.Exception: Valor de parcela inválida.
Parcelas restantes inválidas.
Modelo inválido.
</Message>
          <StackTrace>    at TA.Domain.Service.ServicoAnuncio.ValidaAutomovel(Automovel automovel) in C:\projetos\ta\TA\Source\TA.Domain\Service\ServicoAnuncio.cs:line 46
   at TA.Domain.Service.ServicoAnuncio.Atualizar(Anuncio anuncio) in C:\projetos\ta\TA\Source\TA.Domain\Service\ServicoAnuncio.cs:line 82
   at TA.Domain.Service.ServicoAnuncio.AprovarAnuncio(Anuncio anuncio) in C:\projetos\ta\TA\Source\TA.Domain\Service\ServicoAnuncio.cs:line 139
   at TA.Domain.Service.ServicoAnuncio.&lt;AprovarAnuncios&gt;b__0(Anuncio e) in C:\projetos\ta\TA\Source\TA.Domain\Service\ServicoAnuncio.cs:line 149
   at System.Collections.Generic.List`1.ForEach(Action`1 action)
   at TA.Domain.Service.ServicoAnuncio.AprovarAnuncios(List`1 anuncios) in C:\projetos\ta\TA\Source\TA.Domain\Service\ServicoAnuncio.cs:line 149
   at TA.Domain.Test.Service.ServicoAnuncioTest.AprovarAnuncios_Anuncio_Valido_Chama_Atualizar_Automovel_Chama_Repositorio() in C:\projetos\ta\TA\Source\TA.Domain.Test\Service\ServicoAnuncioTest.cs:line 267
</StackTrace>
        </ErrorInfo>
      </Output>
    </UnitTestResult>
    <UnitTestResult executionId="f666dd99-28c0-4a80-a560-c7cb5bf980ec" testId="ed6c7bd4-5abf-1fa1-b6a1-d0821f49322b" testName="AprovarAnuncios_Anuncios_Nulo_Dispara_ArgumentNullException" computerName="BRUNO-PC" duration="00:00:00.0006020" startTime="2012-02-13T20:41:20.8048331-02:00" endTime="2012-02-13T20:41:20.8204331-02:00" testType="13cdc9d9-ddb5-4fa4-a97d-d965ccfc6d4b" outcome="Passed" testListId="8c84fa94-04c1-424b-9868-57a2d4851a1d" relativeResultsDirectory="f666dd99-28c0-4a80-a560-c7cb5bf980ec">
    </UnitTestResult>
    <UnitTestResult executionId="311f4479-3c3b-4d4c-a5cb-825956483126" testId="ef68b1b6-a8d0-54f4-19c6-53af580a1d02" testName="Anunciar_Automovel_Invalido_Dispara_Exception_3_Erros" computerName="BRUNO-PC" duration="00:00:00.0009433" startTime="2012-02-13T20:41:20.8204331-02:00" endTime="2012-02-13T20:41:20.8360332-02:00" testType="13cdc9d9-ddb5-4fa4-a97d-d965ccfc6d4b" outcome="Passed" testListId="8c84fa94-04c1-424b-9868-57a2d4851a1d" relativeResultsDirectory="311f4479-3c3b-4d4c-a5cb-825956483126">
    </UnitTestResult>
    <UnitTestResult executionId="5278905b-d8e3-4657-9f39-e34e33152c0b" testId="f132b02f-2c02-0d4a-f583-b0982ad3f9ed" testName="Atualizar_Anuncio_Valido_Chama_Servico_Atualizar_Automovel_Repositorio_Atualizar" computerName="BRUNO-PC" duration="00:00:00.0028440" startTime="2012-02-13T20:41:20.8360332-02:00" endTime="2012-02-13T20:41:20.8516332-02:00" testType="13cdc9d9-ddb5-4fa4-a97d-d965ccfc6d4b" outcome="Failed" testListId="8c84fa94-04c1-424b-9868-57a2d4851a1d" relativeResultsDirectory="5278905b-d8e3-4657-9f39-e34e33152c0b">
      <Output>
        <ErrorInfo>
          <Message>Test method TA.Domain.Test.Service.ServicoAnuncioTest.Atualizar_Anuncio_Valido_Chama_Servico_Atualizar_Automovel_Repositorio_Atualizar threw exception: 
System.Exception: Valor de parcela inválida.
Parcelas restantes inválidas.
Modelo inválido.
</Message>
          <StackTrace>    at TA.Domain.Service.ServicoAnuncio.ValidaAutomovel(Automovel automovel) in C:\projetos\ta\TA\Source\TA.Domain\Service\ServicoAnuncio.cs:line 46
   at TA.Domain.Service.ServicoAnuncio.Atualizar(Anuncio anuncio) in C:\projetos\ta\TA\Source\TA.Domain\Service\ServicoAnuncio.cs:line 82
   at TA.Domain.Test.Service.ServicoAnuncioTest.Atualizar_Anuncio_Valido_Chama_Servico_Atualizar_Automovel_Repositorio_Atualizar() in C:\projetos\ta\TA\Source\TA.Domain.Test\Service\ServicoAnuncioTest.cs:line 128
</StackTrace>
        </ErrorInfo>
      </Output>
    </UnitTestResult>
    <UnitTestResult executionId="78c9ad6f-2ca7-404c-b3a8-f1b33e2a3545" testId="f521203a-e787-a35b-6759-279fbed2b725" testName="AprovarAnuncio_Anuncio_Valido_Chama_Atualizar_Automovel_Chama_Repositorio" computerName="BRUNO-PC" duration="00:00:00.0033213" startTime="2012-02-13T20:41:20.8516332-02:00" endTime="2012-02-13T20:41:20.8672332-02:00" testType="13cdc9d9-ddb5-4fa4-a97d-d965ccfc6d4b" outcome="Failed" testListId="8c84fa94-04c1-424b-9868-57a2d4851a1d" relativeResultsDirectory="78c9ad6f-2ca7-404c-b3a8-f1b33e2a3545">
      <Output>
        <ErrorInfo>
          <Message>Test method TA.Domain.Test.Service.ServicoAnuncioTest.AprovarAnuncio_Anuncio_Valido_Chama_Atualizar_Automovel_Chama_Repositorio threw exception: 
System.Exception: Valor de parcela inválida.
Parcelas restantes inválidas.
Modelo inválido.
</Message>
          <StackTrace>    at TA.Domain.Service.ServicoAnuncio.ValidaAutomovel(Automovel automovel) in C:\projetos\ta\TA\Source\TA.Domain\Service\ServicoAnuncio.cs:line 46
   at TA.Domain.Service.ServicoAnuncio.Atualizar(Anuncio anuncio) in C:\projetos\ta\TA\Source\TA.Domain\Service\ServicoAnuncio.cs:line 82
   at TA.Domain.Service.ServicoAnuncio.AprovarAnuncio(Anuncio anuncio) in C:\projetos\ta\TA\Source\TA.Domain\Service\ServicoAnuncio.cs:line 139
   at TA.Domain.Test.Service.ServicoAnuncioTest.AprovarAnuncio_Anuncio_Valido_Chama_Atualizar_Automovel_Chama_Repositorio() in C:\projetos\ta\TA\Source\TA.Domain.Test\Service\ServicoAnuncioTest.cs:line 241
</StackTrace>
        </ErrorInfo>
      </Output>
    </UnitTestResult>
    <UnitTestResult executionId="90a3d1b2-4d10-472f-aad6-2701709aa821" testId="f63adf85-9dbb-ac1d-3feb-25c3b3f2dcbb" testName="ObterAnunciosPagosRecentes_Chama_Repositorio" computerName="BRUNO-PC" duration="00:00:00.0018333" startTime="2012-02-13T20:41:20.8672332-02:00" endTime="2012-02-13T20:41:20.8828332-02:00" testType="13cdc9d9-ddb5-4fa4-a97d-d965ccfc6d4b" outcome="Passed" testListId="8c84fa94-04c1-424b-9868-57a2d4851a1d" relativeResultsDirectory="90a3d1b2-4d10-472f-aad6-2701709aa821">
    </UnitTestResult>
    <UnitTestResult executionId="ea2ca42a-dba4-46c1-ba8a-c0356f26012e" testId="f7ada927-d569-b846-f404-de99ea993981" testName="ObterAnunciosPagosEmDestaque_Chama_Repositorio" computerName="BRUNO-PC" duration="00:00:00.0018138" startTime="2012-02-13T20:41:20.8984333-02:00" endTime="2012-02-13T20:41:20.8984333-02:00" testType="13cdc9d9-ddb5-4fa4-a97d-d965ccfc6d4b" outcome="Passed" testListId="8c84fa94-04c1-424b-9868-57a2d4851a1d" relativeResultsDirectory="ea2ca42a-dba4-46c1-ba8a-c0356f26012e">
    </UnitTestResult>
  </Results>
</TestRun>