<?xml version="1.0" encoding="UTF-8"?>
<TestRun id="cabf863c-2a90-4469-9466-92c6d5f2053c" name="Bruno@BRUNO-PC 2012-02-11 23:55:49" runUser="Bruno-PC\Bruno" xmlns="http://microsoft.com/schemas/VisualStudio/TeamTest/2010">
  <TestSettings name="Local" id="ca88e069-f008-4408-aa18-24caa99d89f1">
    <Description>These are default test settings for a local test run.</Description>
    <Deployment enabled="false" runDeploymentRoot="Bruno_BRUNO-PC 2012-02-11 23_55_49">
      <DeploymentItem filename="C:\Program Files\Moq.4.0.10827\NET40\Moq.dll" />
      <DeploymentItem filename="C:\projetos\ta\TA\Source\TA.Domain\bin\Debug\TA.Domain.dll" />
    </Deployment>
    <Execution>
      <TestTypeSpecific />
      <AgentRule name="Execution Agents">
      </AgentRule>
    </Execution>
  </TestSettings>
  <Times creation="2012-02-11T23:55:49.7231391-02:00" queuing="2012-02-11T23:55:51.4512379-02:00" start="2012-02-11T23:55:51.5802453-02:00" finish="2012-02-11T23:55:52.4112928-02:00" />
  <ResultSummary outcome="Completed">
    <Counters total="1" executed="1" passed="1" error="0" failed="0" timeout="0" aborted="0" inconclusive="0" passedButRunAborted="0" notRunnable="0" notExecuted="0" disconnected="0" warning="0" completed="0" inProgress="0" pending="0" />
  </ResultSummary>
  <TestDefinitions>
    <UnitTest name="AprovarAnuncio_Anuncio_Valido_Chama_Atualizar_Automovel" storage="c:\projetos\ta\ta\source\ta.domain.test\bin\debug\ta.domain.test.dll" id="a2504e1c-c4b4-057d-8273-c74034e1af30">
      <Execution id="2577803b-6c8a-4b68-9128-8d0c69d20663" />
      <TestMethod codeBase="C:/projetos/ta/TA/Source/TA.Domain.Test/bin/Debug/TA.Domain.Test.DLL" adapterTypeName="Microsoft.VisualStudio.TestTools.TestTypes.Unit.UnitTestAdapter, Microsoft.VisualStudio.QualityTools.Tips.UnitTest.Adapter, Version=10.0.0.0, Culture=neutral, PublicKeyToken=b03f5f7f11d50a3a" className="TA.Domain.Test.Service.ServicoAnuncioTest, TA.Domain.Test, Version=1.0.0.0, Culture=neutral, PublicKeyToken=null" name="AprovarAnuncio_Anuncio_Valido_Chama_Atualizar_Automovel" />
    </UnitTest>
  </TestDefinitions>
  <TestLists>
    <TestList name="Results Not in a List" id="8c84fa94-04c1-424b-9868-57a2d4851a1d" />
    <TestList name="All Loaded Results" id="19431567-8539-422a-85d7-44ee4e166bda" />
  </TestLists>
  <TestEntries>
    <TestEntry testId="a2504e1c-c4b4-057d-8273-c74034e1af30" executionId="2577803b-6c8a-4b68-9128-8d0c69d20663" testListId="8c84fa94-04c1-424b-9868-57a2d4851a1d" />
  </TestEntries>
  <Results>
    <UnitTestResult executionId="2577803b-6c8a-4b68-9128-8d0c69d20663" testId="a2504e1c-c4b4-057d-8273-c74034e1af30" testName="AprovarAnuncio_Anuncio_Valido_Chama_Atualizar_Automovel" computerName="BRUNO-PC" duration="00:00:00.2883119" startTime="2012-02-11T23:55:51.5892458-02:00" endTime="2012-02-11T23:55:52.3122872-02:00" testType="13cdc9d9-ddb5-4fa4-a97d-d965ccfc6d4b" outcome="Passed" testListId="8c84fa94-04c1-424b-9868-57a2d4851a1d" relativeResultsDirectory="2577803b-6c8a-4b68-9128-8d0c69d20663">
    </UnitTestResult>
  </Results>
</TestRun>