<?xml version="1.0" encoding="UTF-8"?>
<TestRun id="25873534-1eb0-4d54-aff3-17be228c9d50" name="Bruno@BRUNO-PC 2012-01-31 13:11:05" runUser="Bruno-PC\Bruno" xmlns="http://microsoft.com/schemas/VisualStudio/TeamTest/2010">
  <TestSettings name="Local" id="ca88e069-f008-4408-aa18-24caa99d89f1">
    <Description>These are default test settings for a local test run.</Description>
    <Deployment enabled="false" runDeploymentRoot="Bruno_BRUNO-PC 2012-01-31 13_11_05">
      <DeploymentItem filename="C:\Program Files\Moq.4.0.10827\NET40\Moq.dll" />
      <DeploymentItem filename="C:\projetos\ta\TA\Source\TA.Domain\bin\Debug\TA.Domain.dll" />
    </Deployment>
    <Execution>
      <TestTypeSpecific />
      <AgentRule name="Execution Agents">
      </AgentRule>
    </Execution>
  </TestSettings>
  <Times creation="2012-01-31T13:11:05.9521456-02:00" queuing="2012-01-31T13:11:07.8896486-02:00" start="2012-01-31T13:11:08.1878596-02:00" finish="2012-01-31T13:11:59.3863636-02:00" />
  <ResultSummary outcome="Error">
    <Counters total="1" executed="1" error="0" failed="0" timeout="0" aborted="1" inconclusive="0" passedButRunAborted="0" notRunnable="0" notExecuted="0" disconnected="0" warning="0" passed="0" completed="0" inProgress="0" pending="0" />
    <RunInfos>
      <RunInfo computerName="BRUNO-PC" outcome="Error" timestamp="2012-01-31T13:11:59.3707635-02:00">
        <Text>Test host process exited unexpectedly.</Text>
      </RunInfo>
    </RunInfos>
  </ResultSummary>
  <TestDefinitions>
    <UnitTest name="Detalhar_Anuncio_Por_Id_Deve_Incrementar_Visitas" storage="c:\projetos\ta\ta\source\ta.domain.test\bin\debug\ta.domain.test.dll" id="017ce8b4-b90f-395c-2dcc-8e16c856b5ea">
      <Execution id="6c97375c-6fba-403f-8293-efea5f40f96f" />
      <TestMethod codeBase="C:/projetos/ta/TA/Source/TA.Domain.Test/bin/Debug/TA.Domain.Test.DLL" adapterTypeName="Microsoft.VisualStudio.TestTools.TestTypes.Unit.UnitTestAdapter, Microsoft.VisualStudio.QualityTools.Tips.UnitTest.Adapter, Version=10.0.0.0, Culture=neutral, PublicKeyToken=b03f5f7f11d50a3a" className="TA.Domain.Test.Service.ServicoAnuncioTest, TA.Domain.Test, Version=1.0.0.0, Culture=neutral, PublicKeyToken=null" name="Detalhar_Anuncio_Por_Id_Deve_Incrementar_Visitas" />
    </UnitTest>
  </TestDefinitions>
  <TestLists>
    <TestList name="Results Not in a List" id="8c84fa94-04c1-424b-9868-57a2d4851a1d" />
    <TestList name="All Loaded Results" id="19431567-8539-422a-85d7-44ee4e166bda" />
  </TestLists>
  <TestEntries>
    <TestEntry testId="017ce8b4-b90f-395c-2dcc-8e16c856b5ea" executionId="6c97375c-6fba-403f-8293-efea5f40f96f" testListId="8c84fa94-04c1-424b-9868-57a2d4851a1d" />
  </TestEntries>
  <Results>
    <UnitTestResult executionId="6c97375c-6fba-403f-8293-efea5f40f96f" testId="017ce8b4-b90f-395c-2dcc-8e16c856b5ea" testName="Detalhar_Anuncio_Por_Id_Deve_Incrementar_Visitas" computerName="BRUNO-PC" duration="00:00:50.9801036" startTime="2012-01-31T13:11:08.4062600-02:00" endTime="2012-01-31T13:11:59.3863636-02:00" testType="13cdc9d9-ddb5-4fa4-a97d-d965ccfc6d4b" outcome="Aborted" testListId="8c84fa94-04c1-424b-9868-57a2d4851a1d" relativeResultsDirectory="6c97375c-6fba-403f-8293-efea5f40f96f">
    </UnitTestResult>
  </Results>
</TestRun>